	Command being timed: "srun python3 main_comparaison.py -s --n_samples_s 20 --loss_func_name square_loss --name_dataset gaussian_graph --name_algo e_gromov --pickle_name 2 --epsilon 0.005 --param1 0.005"
	User time (seconds): 0.19
	System time (seconds): 0.01
	Percent of CPU this job got: 0%
	Elapsed (wall clock) time (h:mm:ss or m:ss): 1:42.73
	Average shared text size (kbytes): 0
	Average unshared data size (kbytes): 0
	Average stack size (kbytes): 0
	Average total size (kbytes): 0
	Maximum resident set size (kbytes): 9956
	Average resident set size (kbytes): 0
	Major (requiring I/O) page faults: 0
	Minor (reclaiming a frame) page faults: 2816
	Voluntary context switches: 68
	Involuntary context switches: 4
	Swaps: 0
	File system inputs: 0
	File system outputs: 32
	Socket messages sent: 0
	Socket messages received: 0
	Signals delivered: 0
	Page size (bytes): 4096
	Exit status: 0
