---------------------------------------
Begin Slurm Prolog: Jun-05-2023 15:29:44
Job ID:    2359697
User ID:   klapborisuth3
Account:   gts-saluru8-coda20
Job name:  e_gromov_KL_gaussian_graph_100_1_loss_0.01
Partition: cpu-small
QOS:       inferno
---------------------------------------
Namespace(KL=1, alpha_experiment=False, barycenter=False, batch_size=None, clique_size_s=50, clique_size_t=50, constraint=True, cross_val=False, dimension=2, dimension_s=20, dimension_t=10, enough_space=True, entropy_experiment=False, epsilon=0.01, epsilon_min=0.0, from_graphs='', iter_epsilon=1000, iter_max=1, learning_step=0.8, loss_func_name='1_loss', n_iter_algo=10, n_neighbors=5, n_samples_s=100, n_samples_t=100, name_algo='e_gromov_KL', name_dataset='gaussian_graph', nb_iter_batch=1, nb_iter_update_Y=400, noise_graph=0.1, p_in_s=0.5, p_in_t=0.5, param1='0.01', param2='', pickle_name='2', pickle_path='pickle_compare', plot=False, ps_out_s=0.1, ps_out_t=0.1, rdm_seed=12345, repeat=True, same_space=False, save_pickle=True, sparse_graph=True, to_graphs='', value_graph=True, variance_s=5, variance_t=5, verbose=False)
The method as not converged. Return last stable T. Nb iter : 6
The method as not converged. Return last stable T. Nb iter : 6
The method as not converged. Return last stable T. Nb iter : 6
The method as not converged. Return last stable T. Nb iter : 6
The method as not converged. Return last stable T. Nb iter : 6
The method as not converged. Return last stable T. Nb iter : 6
The method as not converged. Return last stable T. Nb iter : 6
The method as not converged. Return last stable T. Nb iter : 6
The method as not converged. Return last stable T. Nb iter : 6
The method as not converged. Return last stable T. Nb iter : 6
Mean Wasserstein distance 0.6793961105319603
Mean Wasserstein distance approximated 0.6793961105319603
Mean computational time for finding T 7.214708399772644
Mean computational time for the approximated Wasserstein distance 3.1948089599609376e-06
Mean computational time for the real Wasserstein distance 0.4525869369506836
Namespace(KL=1, alpha_experiment=False, barycenter=False, batch_size=None, clique_size_s=50, clique_size_t=50, constraint=True, cross_val=False, dimension=2, dimension_s=20, dimension_t=10, enough_space=True, entropy_experiment=False, epsilon=0.01, epsilon_min=0.0, from_graphs='', iter_epsilon=1000, iter_max=1, learning_step=0.8, loss_func_name='1_loss', n_iter_algo=10, n_neighbors=5, n_samples_s=100, n_samples_t=100, name_algo='e_gromov_KL', name_dataset='gaussian_graph', nb_iter_batch=1, nb_iter_update_Y=400, noise_graph=0.1, p_in_s=0.5, p_in_t=0.5, param1='0.01', param2='', pickle_name='2', pickle_path='pickle_compare', plot=False, ps_out_s=0.1, ps_out_t=0.1, rdm_seed=12345, repeat=True, same_space=False, save_pickle=True, sparse_graph=True, to_graphs='', value_graph=True, variance_s=5, variance_t=5, verbose=False)
The method as not converged. Return last stable T. Nb iter : 6
The method as not converged. Return last stable T. Nb iter : 6
The method as not converged. Return last stable T. Nb iter : 6
The method as not converged. Return last stable T. Nb iter : 6
The method as not converged. Return last stable T. Nb iter : 6
The method as not converged. Return last stable T. Nb iter : 6
The method as not converged. Return last stable T. Nb iter : 6
The method as not converged. Return last stable T. Nb iter : 6
The method as not converged. Return last stable T. Nb iter : 6
The method as not converged. Return last stable T. Nb iter : 6
Mean Wasserstein distance 0.6793961105319603
Mean Wasserstein distance approximated 0.6793961105319603
Mean computational time for finding T 7.238123917579651
Mean computational time for the approximated Wasserstein distance 3.0040740966796874e-06
Mean computational time for the real Wasserstein distance 0.45245287418365476
Namespace(KL=1, alpha_experiment=False, barycenter=False, batch_size=None, clique_size_s=50, clique_size_t=50, constraint=True, cross_val=False, dimension=2, dimension_s=20, dimension_t=10, enough_space=True, entropy_experiment=False, epsilon=0.01, epsilon_min=0.0, from_graphs='', iter_epsilon=1000, iter_max=1, learning_step=0.8, loss_func_name='1_loss', n_iter_algo=10, n_neighbors=5, n_samples_s=100, n_samples_t=100, name_algo='e_gromov_KL', name_dataset='gaussian_graph', nb_iter_batch=1, nb_iter_update_Y=400, noise_graph=0.1, p_in_s=0.5, p_in_t=0.5, param1='0.01', param2='', pickle_name='2', pickle_path='pickle_compare', plot=False, ps_out_s=0.1, ps_out_t=0.1, rdm_seed=12345, repeat=True, same_space=False, save_pickle=True, sparse_graph=True, to_graphs='', value_graph=True, variance_s=5, variance_t=5, verbose=False)
The method as not converged. Return last stable T. Nb iter : 6
The method as not converged. Return last stable T. Nb iter : 6
The method as not converged. Return last stable T. Nb iter : 6
The method as not converged. Return last stable T. Nb iter : 6
The method as not converged. Return last stable T. Nb iter : 6
The method as not converged. Return last stable T. Nb iter : 6
The method as not converged. Return last stable T. Nb iter : 6
The method as not converged. Return last stable T. Nb iter : 6
The method as not converged. Return last stable T. Nb iter : 6
The method as not converged. Return last stable T. Nb iter : 6
Mean Wasserstein distance 0.6793961105319603
Mean Wasserstein distance approximated 0.6793961105319603
Mean computational time for finding T 7.277152895927429
Mean computational time for the approximated Wasserstein distance 2.5510787963867186e-06
Mean computational time for the real Wasserstein distance 0.43217978477478025
Namespace(KL=1, alpha_experiment=False, barycenter=False, batch_size=None, clique_size_s=50, clique_size_t=50, constraint=True, cross_val=False, dimension=2, dimension_s=20, dimension_t=10, enough_space=True, entropy_experiment=False, epsilon=0.01, epsilon_min=0.0, from_graphs='', iter_epsilon=1000, iter_max=1, learning_step=0.8, loss_func_name='1_loss', n_iter_algo=10, n_neighbors=5, n_samples_s=100, n_samples_t=100, name_algo='e_gromov_KL', name_dataset='gaussian_graph', nb_iter_batch=1, nb_iter_update_Y=400, noise_graph=0.1, p_in_s=0.5, p_in_t=0.5, param1='0.01', param2='', pickle_name='2', pickle_path='pickle_compare', plot=False, ps_out_s=0.1, ps_out_t=0.1, rdm_seed=12345, repeat=True, same_space=False, save_pickle=True, sparse_graph=True, to_graphs='', value_graph=True, variance_s=5, variance_t=5, verbose=False)
The method as not converged. Return last stable T. Nb iter : 6
The method as not converged. Return last stable T. Nb iter : 6
The method as not converged. Return last stable T. Nb iter : 6
The method as not converged. Return last stable T. Nb iter : 6
The method as not converged. Return last stable T. Nb iter : 6
The method as not converged. Return last stable T. Nb iter : 6
The method as not converged. Return last stable T. Nb iter : 6
The method as not converged. Return last stable T. Nb iter : 6
The method as not converged. Return last stable T. Nb iter : 6
The method as not converged. Return last stable T. Nb iter : 6
Mean Wasserstein distance 0.6793961105319603
Mean Wasserstein distance approximated 0.6793961105319603
Mean computational time for finding T 7.279029822349548
Mean computational time for the approximated Wasserstein distance 2.408027648925781e-06
Mean computational time for the real Wasserstein distance 0.4308495044708252
Namespace(KL=1, alpha_experiment=False, barycenter=False, batch_size=None, clique_size_s=50, clique_size_t=50, constraint=True, cross_val=False, dimension=2, dimension_s=20, dimension_t=10, enough_space=True, entropy_experiment=False, epsilon=0.01, epsilon_min=0.0, from_graphs='', iter_epsilon=1000, iter_max=1, learning_step=0.8, loss_func_name='1_loss', n_iter_algo=10, n_neighbors=5, n_samples_s=100, n_samples_t=100, name_algo='e_gromov_KL', name_dataset='gaussian_graph', nb_iter_batch=1, nb_iter_update_Y=400, noise_graph=0.1, p_in_s=0.5, p_in_t=0.5, param1='0.01', param2='', pickle_name='2', pickle_path='pickle_compare', plot=False, ps_out_s=0.1, ps_out_t=0.1, rdm_seed=12345, repeat=True, same_space=False, save_pickle=True, sparse_graph=True, to_graphs='', value_graph=True, variance_s=5, variance_t=5, verbose=False)
The method as not converged. Return last stable T. Nb iter : 6
The method as not converged. Return last stable T. Nb iter : 6
The method as not converged. Return last stable T. Nb iter : 6
The method as not converged. Return last stable T. Nb iter : 6
The method as not converged. Return last stable T. Nb iter : 6
The method as not converged. Return last stable T. Nb iter : 6
The method as not converged. Return last stable T. Nb iter : 6
The method as not converged. Return last stable T. Nb iter : 6
The method as not converged. Return last stable T. Nb iter : 6
The method as not converged. Return last stable T. Nb iter : 6
Mean Wasserstein distance 0.6793961105319603
Mean Wasserstein distance approximated 0.6793961105319603
Mean computational time for finding T 7.296988248825073
Mean computational time for the approximated Wasserstein distance 2.9087066650390623e-06
Mean computational time for the real Wasserstein distance 0.43859860897064207
Namespace(KL=1, alpha_experiment=False, barycenter=False, batch_size=None, clique_size_s=50, clique_size_t=50, constraint=True, cross_val=False, dimension=2, dimension_s=20, dimension_t=10, enough_space=True, entropy_experiment=False, epsilon=0.01, epsilon_min=0.0, from_graphs='', iter_epsilon=1000, iter_max=1, learning_step=0.8, loss_func_name='1_loss', n_iter_algo=10, n_neighbors=5, n_samples_s=100, n_samples_t=100, name_algo='e_gromov_KL', name_dataset='gaussian_graph', nb_iter_batch=1, nb_iter_update_Y=400, noise_graph=0.1, p_in_s=0.5, p_in_t=0.5, param1='0.01', param2='', pickle_name='2', pickle_path='pickle_compare', plot=False, ps_out_s=0.1, ps_out_t=0.1, rdm_seed=12345, repeat=True, same_space=False, save_pickle=True, sparse_graph=True, to_graphs='', value_graph=True, variance_s=5, variance_t=5, verbose=False)
The method as not converged. Return last stable T. Nb iter : 6
The method as not converged. Return last stable T. Nb iter : 6
The method as not converged. Return last stable T. Nb iter : 6
The method as not converged. Return last stable T. Nb iter : 6
The method as not converged. Return last stable T. Nb iter : 6
The method as not converged. Return last stable T. Nb iter : 6
The method as not converged. Return last stable T. Nb iter : 6
The method as not converged. Return last stable T. Nb iter : 6
The method as not converged. Return last stable T. Nb iter : 6
The method as not converged. Return last stable T. Nb iter : 6
Mean Wasserstein distance 0.6793961105319603
Mean Wasserstein distance approximated 0.6793961105319603
Mean computational time for finding T 7.323938846588135
Mean computational time for the approximated Wasserstein distance 2.884864807128906e-06
Mean computational time for the real Wasserstein distance 0.4387102842330933
Namespace(KL=1, alpha_experiment=False, barycenter=False, batch_size=None, clique_size_s=50, clique_size_t=50, constraint=True, cross_val=False, dimension=2, dimension_s=20, dimension_t=10, enough_space=True, entropy_experiment=False, epsilon=0.01, epsilon_min=0.0, from_graphs='', iter_epsilon=1000, iter_max=1, learning_step=0.8, loss_func_name='1_loss', n_iter_algo=10, n_neighbors=5, n_samples_s=100, n_samples_t=100, name_algo='e_gromov_KL', name_dataset='gaussian_graph', nb_iter_batch=1, nb_iter_update_Y=400, noise_graph=0.1, p_in_s=0.5, p_in_t=0.5, param1='0.01', param2='', pickle_name='2', pickle_path='pickle_compare', plot=False, ps_out_s=0.1, ps_out_t=0.1, rdm_seed=12345, repeat=True, same_space=False, save_pickle=True, sparse_graph=True, to_graphs='', value_graph=True, variance_s=5, variance_t=5, verbose=False)
The method as not converged. Return last stable T. Nb iter : 6
The method as not converged. Return last stable T. Nb iter : 6
The method as not converged. Return last stable T. Nb iter : 6
The method as not converged. Return last stable T. Nb iter : 6
The method as not converged. Return last stable T. Nb iter : 6
The method as not converged. Return last stable T. Nb iter : 6
The method as not converged. Return last stable T. Nb iter : 6
The method as not converged. Return last stable T. Nb iter : 6
The method as not converged. Return last stable T. Nb iter : 6
The method as not converged. Return last stable T. Nb iter : 6
Mean Wasserstein distance 0.6793961105319603
Mean Wasserstein distance approximated 0.6793961105319603
Mean computational time for finding T 7.356604266166687
Mean computational time for the approximated Wasserstein distance 3.528594970703125e-06
Mean computational time for the real Wasserstein distance 0.4336109638214111
Namespace(KL=1, alpha_experiment=False, barycenter=False, batch_size=None, clique_size_s=50, clique_size_t=50, constraint=True, cross_val=False, dimension=2, dimension_s=20, dimension_t=10, enough_space=True, entropy_experiment=False, epsilon=0.01, epsilon_min=0.0, from_graphs='', iter_epsilon=1000, iter_max=1, learning_step=0.8, loss_func_name='1_loss', n_iter_algo=10, n_neighbors=5, n_samples_s=100, n_samples_t=100, name_algo='e_gromov_KL', name_dataset='gaussian_graph', nb_iter_batch=1, nb_iter_update_Y=400, noise_graph=0.1, p_in_s=0.5, p_in_t=0.5, param1='0.01', param2='', pickle_name='2', pickle_path='pickle_compare', plot=False, ps_out_s=0.1, ps_out_t=0.1, rdm_seed=12345, repeat=True, same_space=False, save_pickle=True, sparse_graph=True, to_graphs='', value_graph=True, variance_s=5, variance_t=5, verbose=False)
The method as not converged. Return last stable T. Nb iter : 6
The method as not converged. Return last stable T. Nb iter : 6
The method as not converged. Return last stable T. Nb iter : 6
The method as not converged. Return last stable T. Nb iter : 6
The method as not converged. Return last stable T. Nb iter : 6
The method as not converged. Return last stable T. Nb iter : 6
The method as not converged. Return last stable T. Nb iter : 6
The method as not converged. Return last stable T. Nb iter : 6
The method as not converged. Return last stable T. Nb iter : 6
The method as not converged. Return last stable T. Nb iter : 6
Mean Wasserstein distance 0.6793961105319603
Mean Wasserstein distance approximated 0.6793961105319603
Mean computational time for finding T 7.40533983707428
Mean computational time for the approximated Wasserstein distance 3.862380981445312e-06
Mean computational time for the real Wasserstein distance 0.4675725221633911
---------------------------------------
Begin Slurm Epilog: Jun-05-2023 15:32:47
Job ID:        2359697
Array Job ID:  _4294967294
User ID:       klapborisuth3
Account:       gts-saluru8-coda20
Job name:      e_gromov_KL_gaussian_graph_100_1_loss_0.01
Resources:     cpu=8,mem=64G,node=1
Rsrc Used:     cput=00:24:32,vmem=17416K,walltime=00:03:04,mem=8528K,energy_used=0
Partition:     cpu-small
QOS:           inferno
Nodes:         atl1-1-02-007-1-2
---------------------------------------
