---------------------------------------
Begin Slurm Prolog: Jun-06-2023 08:51:47
Job ID:    2367769
User ID:   klapborisuth3
Account:   gts-saluru8-coda20
Job name:  sampled_gromov_sliced_gaussian_graph_100_1_loss_10_100
Partition: cpu-medium
QOS:       inferno
---------------------------------------
Namespace(KL=1, alpha_experiment=False, barycenter=False, batch_size=[[10, None], [1, None]], clique_size_s=50, clique_size_t=50, constraint=True, cross_val=False, dimension=2, dimension_s=20, dimension_t=10, enough_space=True, entropy_experiment=False, epsilon=1.0, epsilon_min=0.0, from_graphs='', iter_epsilon=100, iter_max=1, learning_step=0.8, loss_func_name='1_loss', n_iter_algo=10, n_neighbors=5, n_samples_s=100, n_samples_t=100, name_algo='sampled_gromov_sliced', name_dataset='gaussian_graph', nb_iter_batch=1, nb_iter_update_Y=400, noise_graph=0.1, p_in_s=0.5, p_in_t=0.5, param1='10', param2='100', pickle_name='2', pickle_path='pickle_compare', plot=False, ps_out_s=0.1, ps_out_t=0.1, rdm_seed=12345, repeat=True, same_space=False, save_pickle=True, sparse_graph=True, to_graphs='', value_graph=True, variance_s=5, variance_t=5, verbose=False)
Mean Wasserstein distance 0.8342675893177667
Mean Wasserstein distance approximated 0.8349968682402986
Mean computational time for finding T 0.3058485984802246
Mean computational time for the approximated Wasserstein distance 0.009372448921203614
Mean computational time for the real Wasserstein distance 0.5040210723876953
Namespace(KL=1, alpha_experiment=False, barycenter=False, batch_size=[[10, None], [1, None]], clique_size_s=50, clique_size_t=50, constraint=True, cross_val=False, dimension=2, dimension_s=20, dimension_t=10, enough_space=True, entropy_experiment=False, epsilon=1.0, epsilon_min=0.0, from_graphs='', iter_epsilon=100, iter_max=1, learning_step=0.8, loss_func_name='1_loss', n_iter_algo=10, n_neighbors=5, n_samples_s=100, n_samples_t=100, name_algo='sampled_gromov_sliced', name_dataset='gaussian_graph', nb_iter_batch=1, nb_iter_update_Y=400, noise_graph=0.1, p_in_s=0.5, p_in_t=0.5, param1='10', param2='100', pickle_name='2', pickle_path='pickle_compare', plot=False, ps_out_s=0.1, ps_out_t=0.1, rdm_seed=12345, repeat=True, same_space=False, save_pickle=True, sparse_graph=True, to_graphs='', value_graph=True, variance_s=5, variance_t=5, verbose=False)
Mean Wasserstein distance 0.8342675893177667
Mean Wasserstein distance approximated 0.8349968682402986
Mean computational time for finding T 0.3070021629333496
Mean computational time for the approximated Wasserstein distance 0.009408259391784668
Mean computational time for the real Wasserstein distance 0.5039640903472901
Namespace(KL=1, alpha_experiment=False, barycenter=False, batch_size=[[10, None], [1, None]], clique_size_s=50, clique_size_t=50, constraint=True, cross_val=False, dimension=2, dimension_s=20, dimension_t=10, enough_space=True, entropy_experiment=False, epsilon=1.0, epsilon_min=0.0, from_graphs='', iter_epsilon=100, iter_max=1, learning_step=0.8, loss_func_name='1_loss', n_iter_algo=10, n_neighbors=5, n_samples_s=100, n_samples_t=100, name_algo='sampled_gromov_sliced', name_dataset='gaussian_graph', nb_iter_batch=1, nb_iter_update_Y=400, noise_graph=0.1, p_in_s=0.5, p_in_t=0.5, param1='10', param2='100', pickle_name='2', pickle_path='pickle_compare', plot=False, ps_out_s=0.1, ps_out_t=0.1, rdm_seed=12345, repeat=True, same_space=False, save_pickle=True, sparse_graph=True, to_graphs='', value_graph=True, variance_s=5, variance_t=5, verbose=False)
Mean Wasserstein distance 0.8342675893177667
Mean Wasserstein distance approximated 0.8349968682402986
Mean computational time for finding T 0.30707435607910155
Mean computational time for the approximated Wasserstein distance 0.009383726119995116
Mean computational time for the real Wasserstein distance 0.505795931816101
Namespace(KL=1, alpha_experiment=False, barycenter=False, batch_size=[[10, None], [1, None]], clique_size_s=50, clique_size_t=50, constraint=True, cross_val=False, dimension=2, dimension_s=20, dimension_t=10, enough_space=True, entropy_experiment=False, epsilon=1.0, epsilon_min=0.0, from_graphs='', iter_epsilon=100, iter_max=1, learning_step=0.8, loss_func_name='1_loss', n_iter_algo=10, n_neighbors=5, n_samples_s=100, n_samples_t=100, name_algo='sampled_gromov_sliced', name_dataset='gaussian_graph', nb_iter_batch=1, nb_iter_update_Y=400, noise_graph=0.1, p_in_s=0.5, p_in_t=0.5, param1='10', param2='100', pickle_name='2', pickle_path='pickle_compare', plot=False, ps_out_s=0.1, ps_out_t=0.1, rdm_seed=12345, repeat=True, same_space=False, save_pickle=True, sparse_graph=True, to_graphs='', value_graph=True, variance_s=5, variance_t=5, verbose=False)
Mean Wasserstein distance 0.8342675893177667
Mean Wasserstein distance approximated 0.8349968682402986
Mean computational time for finding T 0.3077843427658081
Mean computational time for the approximated Wasserstein distance 0.00946352481842041
Mean computational time for the real Wasserstein distance 0.506051754951477
Namespace(KL=1, alpha_experiment=False, barycenter=False, batch_size=[[10, None], [1, None]], clique_size_s=50, clique_size_t=50, constraint=True, cross_val=False, dimension=2, dimension_s=20, dimension_t=10, enough_space=True, entropy_experiment=False, epsilon=1.0, epsilon_min=0.0, from_graphs='', iter_epsilon=100, iter_max=1, learning_step=0.8, loss_func_name='1_loss', n_iter_algo=10, n_neighbors=5, n_samples_s=100, n_samples_t=100, name_algo='sampled_gromov_sliced', name_dataset='gaussian_graph', nb_iter_batch=1, nb_iter_update_Y=400, noise_graph=0.1, p_in_s=0.5, p_in_t=0.5, param1='10', param2='100', pickle_name='2', pickle_path='pickle_compare', plot=False, ps_out_s=0.1, ps_out_t=0.1, rdm_seed=12345, repeat=True, same_space=False, save_pickle=True, sparse_graph=True, to_graphs='', value_graph=True, variance_s=5, variance_t=5, verbose=False)
Mean Wasserstein distance 0.8342675893177667
Mean Wasserstein distance approximated 0.8349968682402986
Mean computational time for finding T 0.30705597400665285
Mean computational time for the approximated Wasserstein distance 0.009426498413085937
Mean computational time for the real Wasserstein distance 0.5082765817642212
Namespace(KL=1, alpha_experiment=False, barycenter=False, batch_size=[[10, None], [1, None]], clique_size_s=50, clique_size_t=50, constraint=True, cross_val=False, dimension=2, dimension_s=20, dimension_t=10, enough_space=True, entropy_experiment=False, epsilon=1.0, epsilon_min=0.0, from_graphs='', iter_epsilon=100, iter_max=1, learning_step=0.8, loss_func_name='1_loss', n_iter_algo=10, n_neighbors=5, n_samples_s=100, n_samples_t=100, name_algo='sampled_gromov_sliced', name_dataset='gaussian_graph', nb_iter_batch=1, nb_iter_update_Y=400, noise_graph=0.1, p_in_s=0.5, p_in_t=0.5, param1='10', param2='100', pickle_name='2', pickle_path='pickle_compare', plot=False, ps_out_s=0.1, ps_out_t=0.1, rdm_seed=12345, repeat=True, same_space=False, save_pickle=True, sparse_graph=True, to_graphs='', value_graph=True, variance_s=5, variance_t=5, verbose=False)
Mean Wasserstein distance 0.8342675893177667
Mean Wasserstein distance approximated 0.8349968682402986
Mean computational time for finding T 0.30837087631225585
Mean computational time for the approximated Wasserstein distance 0.009393763542175294
Mean computational time for the real Wasserstein distance 0.5070206642150878
Namespace(KL=1, alpha_experiment=False, barycenter=False, batch_size=[[10, None], [1, None]], clique_size_s=50, clique_size_t=50, constraint=True, cross_val=False, dimension=2, dimension_s=20, dimension_t=10, enough_space=True, entropy_experiment=False, epsilon=1.0, epsilon_min=0.0, from_graphs='', iter_epsilon=100, iter_max=1, learning_step=0.8, loss_func_name='1_loss', n_iter_algo=10, n_neighbors=5, n_samples_s=100, n_samples_t=100, name_algo='sampled_gromov_sliced', name_dataset='gaussian_graph', nb_iter_batch=1, nb_iter_update_Y=400, noise_graph=0.1, p_in_s=0.5, p_in_t=0.5, param1='10', param2='100', pickle_name='2', pickle_path='pickle_compare', plot=False, ps_out_s=0.1, ps_out_t=0.1, rdm_seed=12345, repeat=True, same_space=False, save_pickle=True, sparse_graph=True, to_graphs='', value_graph=True, variance_s=5, variance_t=5, verbose=False)
Mean Wasserstein distance 0.8342675893177667
Mean Wasserstein distance approximated 0.8349968682402986
Mean computational time for finding T 0.3095409631729126
Mean computational time for the approximated Wasserstein distance 0.009572601318359375
Mean computational time for the real Wasserstein distance 0.5065922260284423
Namespace(KL=1, alpha_experiment=False, barycenter=False, batch_size=[[10, None], [1, None]], clique_size_s=50, clique_size_t=50, constraint=True, cross_val=False, dimension=2, dimension_s=20, dimension_t=10, enough_space=True, entropy_experiment=False, epsilon=1.0, epsilon_min=0.0, from_graphs='', iter_epsilon=100, iter_max=1, learning_step=0.8, loss_func_name='1_loss', n_iter_algo=10, n_neighbors=5, n_samples_s=100, n_samples_t=100, name_algo='sampled_gromov_sliced', name_dataset='gaussian_graph', nb_iter_batch=1, nb_iter_update_Y=400, noise_graph=0.1, p_in_s=0.5, p_in_t=0.5, param1='10', param2='100', pickle_name='2', pickle_path='pickle_compare', plot=False, ps_out_s=0.1, ps_out_t=0.1, rdm_seed=12345, repeat=True, same_space=False, save_pickle=True, sparse_graph=True, to_graphs='', value_graph=True, variance_s=5, variance_t=5, verbose=False)
Mean Wasserstein distance 0.8342675893177667
Mean Wasserstein distance approximated 0.8349968682402986
Mean computational time for finding T 0.3082479953765869
Mean computational time for the approximated Wasserstein distance 0.009442687034606934
Mean computational time for the real Wasserstein distance 0.5094143867492675
---------------------------------------
Begin Slurm Epilog: Jun-06-2023 08:52:17
Job ID:        2367769
Array Job ID:  _4294967294
User ID:       klapborisuth3
Account:       gts-saluru8-coda20
Job name:      sampled_gromov_sliced_gaussian_graph_100_1_loss_10_100
Resources:     cpu=8,mem=128G,node=1
Rsrc Used:     cput=00:04:00,vmem=560K,walltime=00:00:30,mem=0,energy_used=0
Partition:     cpu-medium
QOS:           inferno
Nodes:         atl1-1-02-003-21-2
---------------------------------------
