---------------------------------------
Begin Slurm Prolog: Jun-06-2023 08:51:55
Job ID:    2367806
User ID:   klapborisuth3
Account:   gts-saluru8-coda20
Job name:  sampled_gromov_sliced_gaussian_graph_100_square_loss_1000_10
Partition: cpu-medium
QOS:       inferno
---------------------------------------
Namespace(KL=1, alpha_experiment=False, barycenter=False, batch_size=[[1000, None], [1, None]], clique_size_s=50, clique_size_t=50, constraint=True, cross_val=False, dimension=2, dimension_s=20, dimension_t=10, enough_space=True, entropy_experiment=False, epsilon=1.0, epsilon_min=0.0, from_graphs='', iter_epsilon=10, iter_max=1, learning_step=0.8, loss_func_name='square_loss', n_iter_algo=10, n_neighbors=5, n_samples_s=100, n_samples_t=100, name_algo='sampled_gromov_sliced', name_dataset='gaussian_graph', nb_iter_batch=1, nb_iter_update_Y=400, noise_graph=0.1, p_in_s=0.5, p_in_t=0.5, param1='1000', param2='10', pickle_name='2', pickle_path='pickle_compare', plot=False, ps_out_s=0.1, ps_out_t=0.1, rdm_seed=12345, repeat=True, same_space=False, save_pickle=True, sparse_graph=True, to_graphs='', value_graph=True, variance_s=5, variance_t=5, verbose=False)
Mean Wasserstein distance 1.3753133121481818
Mean Wasserstein distance approximated 1.368850508053901
Mean computational time for finding T 1.086984348297119
Mean computational time for the approximated Wasserstein distance 0.009280252456665038
Mean computational time for the real Wasserstein distance 0.5064387559890747
Namespace(KL=1, alpha_experiment=False, barycenter=False, batch_size=[[1000, None], [1, None]], clique_size_s=50, clique_size_t=50, constraint=True, cross_val=False, dimension=2, dimension_s=20, dimension_t=10, enough_space=True, entropy_experiment=False, epsilon=1.0, epsilon_min=0.0, from_graphs='', iter_epsilon=10, iter_max=1, learning_step=0.8, loss_func_name='square_loss', n_iter_algo=10, n_neighbors=5, n_samples_s=100, n_samples_t=100, name_algo='sampled_gromov_sliced', name_dataset='gaussian_graph', nb_iter_batch=1, nb_iter_update_Y=400, noise_graph=0.1, p_in_s=0.5, p_in_t=0.5, param1='1000', param2='10', pickle_name='2', pickle_path='pickle_compare', plot=False, ps_out_s=0.1, ps_out_t=0.1, rdm_seed=12345, repeat=True, same_space=False, save_pickle=True, sparse_graph=True, to_graphs='', value_graph=True, variance_s=5, variance_t=5, verbose=False)
Mean Wasserstein distance 1.3753133121481818
Mean Wasserstein distance approximated 1.368850508053901
Mean computational time for finding T 1.0859037399291993
Mean computational time for the approximated Wasserstein distance 0.009290719032287597
Mean computational time for the real Wasserstein distance 0.5081404209136963
Namespace(KL=1, alpha_experiment=False, barycenter=False, batch_size=[[1000, None], [1, None]], clique_size_s=50, clique_size_t=50, constraint=True, cross_val=False, dimension=2, dimension_s=20, dimension_t=10, enough_space=True, entropy_experiment=False, epsilon=1.0, epsilon_min=0.0, from_graphs='', iter_epsilon=10, iter_max=1, learning_step=0.8, loss_func_name='square_loss', n_iter_algo=10, n_neighbors=5, n_samples_s=100, n_samples_t=100, name_algo='sampled_gromov_sliced', name_dataset='gaussian_graph', nb_iter_batch=1, nb_iter_update_Y=400, noise_graph=0.1, p_in_s=0.5, p_in_t=0.5, param1='1000', param2='10', pickle_name='2', pickle_path='pickle_compare', plot=False, ps_out_s=0.1, ps_out_t=0.1, rdm_seed=12345, repeat=True, same_space=False, save_pickle=True, sparse_graph=True, to_graphs='', value_graph=True, variance_s=5, variance_t=5, verbose=False)
Mean Wasserstein distance 1.3753133121481818
Mean Wasserstein distance approximated 1.368850508053901
Mean computational time for finding T 1.0879295587539672
Mean computational time for the approximated Wasserstein distance 0.009290432929992676
Mean computational time for the real Wasserstein distance 0.5071580171585083
Namespace(KL=1, alpha_experiment=False, barycenter=False, batch_size=[[1000, None], [1, None]], clique_size_s=50, clique_size_t=50, constraint=True, cross_val=False, dimension=2, dimension_s=20, dimension_t=10, enough_space=True, entropy_experiment=False, epsilon=1.0, epsilon_min=0.0, from_graphs='', iter_epsilon=10, iter_max=1, learning_step=0.8, loss_func_name='square_loss', n_iter_algo=10, n_neighbors=5, n_samples_s=100, n_samples_t=100, name_algo='sampled_gromov_sliced', name_dataset='gaussian_graph', nb_iter_batch=1, nb_iter_update_Y=400, noise_graph=0.1, p_in_s=0.5, p_in_t=0.5, param1='1000', param2='10', pickle_name='2', pickle_path='pickle_compare', plot=False, ps_out_s=0.1, ps_out_t=0.1, rdm_seed=12345, repeat=True, same_space=False, save_pickle=True, sparse_graph=True, to_graphs='', value_graph=True, variance_s=5, variance_t=5, verbose=False)
Mean Wasserstein distance 1.3753133121481818
Mean Wasserstein distance approximated 1.368850508053901
Mean computational time for finding T 1.0881773948669433
Mean computational time for the approximated Wasserstein distance 0.009252548217773438
Mean computational time for the real Wasserstein distance 0.5081767082214356
Namespace(KL=1, alpha_experiment=False, barycenter=False, batch_size=[[1000, None], [1, None]], clique_size_s=50, clique_size_t=50, constraint=True, cross_val=False, dimension=2, dimension_s=20, dimension_t=10, enough_space=True, entropy_experiment=False, epsilon=1.0, epsilon_min=0.0, from_graphs='', iter_epsilon=10, iter_max=1, learning_step=0.8, loss_func_name='square_loss', n_iter_algo=10, n_neighbors=5, n_samples_s=100, n_samples_t=100, name_algo='sampled_gromov_sliced', name_dataset='gaussian_graph', nb_iter_batch=1, nb_iter_update_Y=400, noise_graph=0.1, p_in_s=0.5, p_in_t=0.5, param1='1000', param2='10', pickle_name='2', pickle_path='pickle_compare', plot=False, ps_out_s=0.1, ps_out_t=0.1, rdm_seed=12345, repeat=True, same_space=False, save_pickle=True, sparse_graph=True, to_graphs='', value_graph=True, variance_s=5, variance_t=5, verbose=False)
Mean Wasserstein distance 1.3753133121481818
Mean Wasserstein distance approximated 1.368850508053901
Mean computational time for finding T 1.0876940965652466
Mean computational time for the approximated Wasserstein distance 0.009383201599121094
Mean computational time for the real Wasserstein distance 0.5085394859313965
Namespace(KL=1, alpha_experiment=False, barycenter=False, batch_size=[[1000, None], [1, None]], clique_size_s=50, clique_size_t=50, constraint=True, cross_val=False, dimension=2, dimension_s=20, dimension_t=10, enough_space=True, entropy_experiment=False, epsilon=1.0, epsilon_min=0.0, from_graphs='', iter_epsilon=10, iter_max=1, learning_step=0.8, loss_func_name='square_loss', n_iter_algo=10, n_neighbors=5, n_samples_s=100, n_samples_t=100, name_algo='sampled_gromov_sliced', name_dataset='gaussian_graph', nb_iter_batch=1, nb_iter_update_Y=400, noise_graph=0.1, p_in_s=0.5, p_in_t=0.5, param1='1000', param2='10', pickle_name='2', pickle_path='pickle_compare', plot=False, ps_out_s=0.1, ps_out_t=0.1, rdm_seed=12345, repeat=True, same_space=False, save_pickle=True, sparse_graph=True, to_graphs='', value_graph=True, variance_s=5, variance_t=5, verbose=False)
Mean Wasserstein distance 1.3753133121481818
Mean Wasserstein distance approximated 1.368850508053901
Mean computational time for finding T 1.0881958961486817
Mean computational time for the approximated Wasserstein distance 0.009291291236877441
Mean computational time for the real Wasserstein distance 0.5091335773468018
Namespace(KL=1, alpha_experiment=False, barycenter=False, batch_size=[[1000, None], [1, None]], clique_size_s=50, clique_size_t=50, constraint=True, cross_val=False, dimension=2, dimension_s=20, dimension_t=10, enough_space=True, entropy_experiment=False, epsilon=1.0, epsilon_min=0.0, from_graphs='', iter_epsilon=10, iter_max=1, learning_step=0.8, loss_func_name='square_loss', n_iter_algo=10, n_neighbors=5, n_samples_s=100, n_samples_t=100, name_algo='sampled_gromov_sliced', name_dataset='gaussian_graph', nb_iter_batch=1, nb_iter_update_Y=400, noise_graph=0.1, p_in_s=0.5, p_in_t=0.5, param1='1000', param2='10', pickle_name='2', pickle_path='pickle_compare', plot=False, ps_out_s=0.1, ps_out_t=0.1, rdm_seed=12345, repeat=True, same_space=False, save_pickle=True, sparse_graph=True, to_graphs='', value_graph=True, variance_s=5, variance_t=5, verbose=False)
Mean Wasserstein distance 1.3753133121481818
Mean Wasserstein distance approximated 1.368850508053901
Mean computational time for finding T 1.091599464416504
Mean computational time for the approximated Wasserstein distance 0.009312009811401368
Mean computational time for the real Wasserstein distance 0.5091339111328125
Namespace(KL=1, alpha_experiment=False, barycenter=False, batch_size=[[1000, None], [1, None]], clique_size_s=50, clique_size_t=50, constraint=True, cross_val=False, dimension=2, dimension_s=20, dimension_t=10, enough_space=True, entropy_experiment=False, epsilon=1.0, epsilon_min=0.0, from_graphs='', iter_epsilon=10, iter_max=1, learning_step=0.8, loss_func_name='square_loss', n_iter_algo=10, n_neighbors=5, n_samples_s=100, n_samples_t=100, name_algo='sampled_gromov_sliced', name_dataset='gaussian_graph', nb_iter_batch=1, nb_iter_update_Y=400, noise_graph=0.1, p_in_s=0.5, p_in_t=0.5, param1='1000', param2='10', pickle_name='2', pickle_path='pickle_compare', plot=False, ps_out_s=0.1, ps_out_t=0.1, rdm_seed=12345, repeat=True, same_space=False, save_pickle=True, sparse_graph=True, to_graphs='', value_graph=True, variance_s=5, variance_t=5, verbose=False)
Mean Wasserstein distance 1.3753133121481818
Mean Wasserstein distance approximated 1.368850508053901
Mean computational time for finding T 1.0913694381713868
Mean computational time for the approximated Wasserstein distance 0.009284901618957519
Mean computational time for the real Wasserstein distance 0.5121413230895996
---------------------------------------
Begin Slurm Epilog: Jun-06-2023 08:52:25
Job ID:        2367806
Array Job ID:  _4294967294
User ID:       klapborisuth3
Account:       gts-saluru8-coda20
Job name:      sampled_gromov_sliced_gaussian_graph_100_square_loss_1000_10
Resources:     cpu=8,mem=128G,node=1
Rsrc Used:     cput=00:04:00,vmem=10520K,walltime=00:00:30,mem=0,energy_used=0
Partition:     cpu-medium
QOS:           inferno
Nodes:         atl1-1-01-003-1-2
---------------------------------------
