---------------------------------------
Begin Slurm Prolog: Jun-06-2023 08:52:13
Job ID:    2367951
User ID:   klapborisuth3
Account:   gts-saluru8-coda20
Job name:  sampled_gromov_sliced_gaussian_graph_500_1_loss_100_500
Partition: cpu-medium
QOS:       inferno
---------------------------------------
Namespace(KL=1, alpha_experiment=False, barycenter=False, batch_size=[[100, None], [1, None]], clique_size_s=200, clique_size_t=200, constraint=True, cross_val=False, dimension=2, dimension_s=20, dimension_t=10, enough_space=True, entropy_experiment=False, epsilon=1.0, epsilon_min=0.0, from_graphs='', iter_epsilon=500, iter_max=1, learning_step=0.8, loss_func_name='1_loss', n_iter_algo=10, n_neighbors=5, n_samples_s=500, n_samples_t=500, name_algo='sampled_gromov_sliced', name_dataset='gaussian_graph', nb_iter_batch=1, nb_iter_update_Y=400, noise_graph=0.1, p_in_s=0.5, p_in_t=0.5, param1='100', param2='500', pickle_name='2', pickle_path='pickle_compare', plot=False, ps_out_s=0.1, ps_out_t=0.1, rdm_seed=12345, repeat=True, same_space=False, save_pickle=True, sparse_graph=True, to_graphs='', value_graph=True, variance_s=5, variance_t=5, verbose=False)
Mean Wasserstein distance 0.7112065300600524
Mean Wasserstein distance approximated 0.7111503144446811
Mean computational time for finding T 164.42750778198243
Mean computational time for the approximated Wasserstein distance 0.09634218215942383
Mean computational time for the real Wasserstein distance 843.3817568302154
Namespace(KL=1, alpha_experiment=False, barycenter=False, batch_size=[[100, None], [1, None]], clique_size_s=200, clique_size_t=200, constraint=True, cross_val=False, dimension=2, dimension_s=20, dimension_t=10, enough_space=True, entropy_experiment=False, epsilon=1.0, epsilon_min=0.0, from_graphs='', iter_epsilon=500, iter_max=1, learning_step=0.8, loss_func_name='1_loss', n_iter_algo=10, n_neighbors=5, n_samples_s=500, n_samples_t=500, name_algo='sampled_gromov_sliced', name_dataset='gaussian_graph', nb_iter_batch=1, nb_iter_update_Y=400, noise_graph=0.1, p_in_s=0.5, p_in_t=0.5, param1='100', param2='500', pickle_name='2', pickle_path='pickle_compare', plot=False, ps_out_s=0.1, ps_out_t=0.1, rdm_seed=12345, repeat=True, same_space=False, save_pickle=True, sparse_graph=True, to_graphs='', value_graph=True, variance_s=5, variance_t=5, verbose=False)
Mean Wasserstein distance 0.7112065300600524
Mean Wasserstein distance approximated 0.7111503144446811
Mean computational time for finding T 164.16293354034423
Mean computational time for the approximated Wasserstein distance 0.0958773136138916
Mean computational time for the real Wasserstein distance 843.7860659599304
Namespace(KL=1, alpha_experiment=False, barycenter=False, batch_size=[[100, None], [1, None]], clique_size_s=200, clique_size_t=200, constraint=True, cross_val=False, dimension=2, dimension_s=20, dimension_t=10, enough_space=True, entropy_experiment=False, epsilon=1.0, epsilon_min=0.0, from_graphs='', iter_epsilon=500, iter_max=1, learning_step=0.8, loss_func_name='1_loss', n_iter_algo=10, n_neighbors=5, n_samples_s=500, n_samples_t=500, name_algo='sampled_gromov_sliced', name_dataset='gaussian_graph', nb_iter_batch=1, nb_iter_update_Y=400, noise_graph=0.1, p_in_s=0.5, p_in_t=0.5, param1='100', param2='500', pickle_name='2', pickle_path='pickle_compare', plot=False, ps_out_s=0.1, ps_out_t=0.1, rdm_seed=12345, repeat=True, same_space=False, save_pickle=True, sparse_graph=True, to_graphs='', value_graph=True, variance_s=5, variance_t=5, verbose=False)
Mean Wasserstein distance 0.7112065300600524
Mean Wasserstein distance approximated 0.7111503144446811
Mean computational time for finding T 164.2461408853531
Mean computational time for the approximated Wasserstein distance 0.09797496795654297
Mean computational time for the real Wasserstein distance 844.0976904869079
Namespace(KL=1, alpha_experiment=False, barycenter=False, batch_size=[[100, None], [1, None]], clique_size_s=200, clique_size_t=200, constraint=True, cross_val=False, dimension=2, dimension_s=20, dimension_t=10, enough_space=True, entropy_experiment=False, epsilon=1.0, epsilon_min=0.0, from_graphs='', iter_epsilon=500, iter_max=1, learning_step=0.8, loss_func_name='1_loss', n_iter_algo=10, n_neighbors=5, n_samples_s=500, n_samples_t=500, name_algo='sampled_gromov_sliced', name_dataset='gaussian_graph', nb_iter_batch=1, nb_iter_update_Y=400, noise_graph=0.1, p_in_s=0.5, p_in_t=0.5, param1='100', param2='500', pickle_name='2', pickle_path='pickle_compare', plot=False, ps_out_s=0.1, ps_out_t=0.1, rdm_seed=12345, repeat=True, same_space=False, save_pickle=True, sparse_graph=True, to_graphs='', value_graph=True, variance_s=5, variance_t=5, verbose=False)
Mean Wasserstein distance 0.7112065300600524
Mean Wasserstein distance approximated 0.7111503144446811
Mean computational time for finding T 164.65022957324982
Mean computational time for the approximated Wasserstein distance 0.09482758045196533
Mean computational time for the real Wasserstein distance 843.9749446392059
Namespace(KL=1, alpha_experiment=False, barycenter=False, batch_size=[[100, None], [1, None]], clique_size_s=200, clique_size_t=200, constraint=True, cross_val=False, dimension=2, dimension_s=20, dimension_t=10, enough_space=True, entropy_experiment=False, epsilon=1.0, epsilon_min=0.0, from_graphs='', iter_epsilon=500, iter_max=1, learning_step=0.8, loss_func_name='1_loss', n_iter_algo=10, n_neighbors=5, n_samples_s=500, n_samples_t=500, name_algo='sampled_gromov_sliced', name_dataset='gaussian_graph', nb_iter_batch=1, nb_iter_update_Y=400, noise_graph=0.1, p_in_s=0.5, p_in_t=0.5, param1='100', param2='500', pickle_name='2', pickle_path='pickle_compare', plot=False, ps_out_s=0.1, ps_out_t=0.1, rdm_seed=12345, repeat=True, same_space=False, save_pickle=True, sparse_graph=True, to_graphs='', value_graph=True, variance_s=5, variance_t=5, verbose=False)
Mean Wasserstein distance 0.7112065300600524
Mean Wasserstein distance approximated 0.7111503144446811
Mean computational time for finding T 164.8299643278122
Mean computational time for the approximated Wasserstein distance 0.09514443874359131
Mean computational time for the real Wasserstein distance 843.7541037797928
Namespace(KL=1, alpha_experiment=False, barycenter=False, batch_size=[[100, None], [1, None]], clique_size_s=200, clique_size_t=200, constraint=True, cross_val=False, dimension=2, dimension_s=20, dimension_t=10, enough_space=True, entropy_experiment=False, epsilon=1.0, epsilon_min=0.0, from_graphs='', iter_epsilon=500, iter_max=1, learning_step=0.8, loss_func_name='1_loss', n_iter_algo=10, n_neighbors=5, n_samples_s=500, n_samples_t=500, name_algo='sampled_gromov_sliced', name_dataset='gaussian_graph', nb_iter_batch=1, nb_iter_update_Y=400, noise_graph=0.1, p_in_s=0.5, p_in_t=0.5, param1='100', param2='500', pickle_name='2', pickle_path='pickle_compare', plot=False, ps_out_s=0.1, ps_out_t=0.1, rdm_seed=12345, repeat=True, same_space=False, save_pickle=True, sparse_graph=True, to_graphs='', value_graph=True, variance_s=5, variance_t=5, verbose=False)
Mean Wasserstein distance 0.7112065300600524
Mean Wasserstein distance approximated 0.7111503144446811
Mean computational time for finding T 166.02341046333314
Mean computational time for the approximated Wasserstein distance 0.0962662935256958
Mean computational time for the real Wasserstein distance 843.0926367521286
Namespace(KL=1, alpha_experiment=False, barycenter=False, batch_size=[[100, None], [1, None]], clique_size_s=200, clique_size_t=200, constraint=True, cross_val=False, dimension=2, dimension_s=20, dimension_t=10, enough_space=True, entropy_experiment=False, epsilon=1.0, epsilon_min=0.0, from_graphs='', iter_epsilon=500, iter_max=1, learning_step=0.8, loss_func_name='1_loss', n_iter_algo=10, n_neighbors=5, n_samples_s=500, n_samples_t=500, name_algo='sampled_gromov_sliced', name_dataset='gaussian_graph', nb_iter_batch=1, nb_iter_update_Y=400, noise_graph=0.1, p_in_s=0.5, p_in_t=0.5, param1='100', param2='500', pickle_name='2', pickle_path='pickle_compare', plot=False, ps_out_s=0.1, ps_out_t=0.1, rdm_seed=12345, repeat=True, same_space=False, save_pickle=True, sparse_graph=True, to_graphs='', value_graph=True, variance_s=5, variance_t=5, verbose=False)
Mean Wasserstein distance 0.7112065300600524
Mean Wasserstein distance approximated 0.7111503144446811
Mean computational time for finding T 169.91215939521788
Mean computational time for the approximated Wasserstein distance 0.09628007411956788
Mean computational time for the real Wasserstein distance 840.8196558952332
Namespace(KL=1, alpha_experiment=False, barycenter=False, batch_size=[[100, None], [1, None]], clique_size_s=200, clique_size_t=200, constraint=True, cross_val=False, dimension=2, dimension_s=20, dimension_t=10, enough_space=True, entropy_experiment=False, epsilon=1.0, epsilon_min=0.0, from_graphs='', iter_epsilon=500, iter_max=1, learning_step=0.8, loss_func_name='1_loss', n_iter_algo=10, n_neighbors=5, n_samples_s=500, n_samples_t=500, name_algo='sampled_gromov_sliced', name_dataset='gaussian_graph', nb_iter_batch=1, nb_iter_update_Y=400, noise_graph=0.1, p_in_s=0.5, p_in_t=0.5, param1='100', param2='500', pickle_name='2', pickle_path='pickle_compare', plot=False, ps_out_s=0.1, ps_out_t=0.1, rdm_seed=12345, repeat=True, same_space=False, save_pickle=True, sparse_graph=True, to_graphs='', value_graph=True, variance_s=5, variance_t=5, verbose=False)
Mean Wasserstein distance 0.7112065300600524
Mean Wasserstein distance approximated 0.7111503144446811
Mean computational time for finding T 170.32171115875244
Mean computational time for the approximated Wasserstein distance 0.09543612003326415
Mean computational time for the real Wasserstein distance 840.5873151063919
