---------------------------------------
Begin Slurm Prolog: Jun-06-2023 08:51:45
Job ID:    2367711
User ID:   klapborisuth3
Account:   gts-saluru8-coda20
Job name:  sampled_gromov_sliced_gaussian_graph_50_1_loss_100_500
Partition: cpu-medium
QOS:       inferno
---------------------------------------
Namespace(KL=1, alpha_experiment=False, barycenter=False, batch_size=[[100, None], [1, None]], clique_size_s=25, clique_size_t=25, constraint=True, cross_val=False, dimension=2, dimension_s=20, dimension_t=10, enough_space=True, entropy_experiment=False, epsilon=1.0, epsilon_min=0.0, from_graphs='', iter_epsilon=500, iter_max=1, learning_step=0.8, loss_func_name='1_loss', n_iter_algo=10, n_neighbors=5, n_samples_s=50, n_samples_t=50, name_algo='sampled_gromov_sliced', name_dataset='gaussian_graph', nb_iter_batch=1, nb_iter_update_Y=400, noise_graph=0.1, p_in_s=0.5, p_in_t=0.5, param1='100', param2='500', pickle_name='2', pickle_path='pickle_compare', plot=False, ps_out_s=0.1, ps_out_t=0.1, rdm_seed=12345, repeat=True, same_space=False, save_pickle=True, sparse_graph=True, to_graphs='', value_graph=True, variance_s=5, variance_t=5, verbose=False)
Mean Wasserstein distance 0.686390891794039
Mean Wasserstein distance approximated 0.6841333614940897
Mean computational time for finding T 4.228035140037536
Mean computational time for the approximated Wasserstein distance 0.004075455665588379
Mean computational time for the real Wasserstein distance 0.07327008247375488
Namespace(KL=1, alpha_experiment=False, barycenter=False, batch_size=[[100, None], [1, None]], clique_size_s=25, clique_size_t=25, constraint=True, cross_val=False, dimension=2, dimension_s=20, dimension_t=10, enough_space=True, entropy_experiment=False, epsilon=1.0, epsilon_min=0.0, from_graphs='', iter_epsilon=500, iter_max=1, learning_step=0.8, loss_func_name='1_loss', n_iter_algo=10, n_neighbors=5, n_samples_s=50, n_samples_t=50, name_algo='sampled_gromov_sliced', name_dataset='gaussian_graph', nb_iter_batch=1, nb_iter_update_Y=400, noise_graph=0.1, p_in_s=0.5, p_in_t=0.5, param1='100', param2='500', pickle_name='2', pickle_path='pickle_compare', plot=False, ps_out_s=0.1, ps_out_t=0.1, rdm_seed=12345, repeat=True, same_space=False, save_pickle=True, sparse_graph=True, to_graphs='', value_graph=True, variance_s=5, variance_t=5, verbose=False)
Mean Wasserstein distance 0.686390891794039
Mean Wasserstein distance approximated 0.6841333614940897
Mean computational time for finding T 4.228467035293579
Mean computational time for the approximated Wasserstein distance 0.004091715812683106
Mean computational time for the real Wasserstein distance 0.07319996356964112
Namespace(KL=1, alpha_experiment=False, barycenter=False, batch_size=[[100, None], [1, None]], clique_size_s=25, clique_size_t=25, constraint=True, cross_val=False, dimension=2, dimension_s=20, dimension_t=10, enough_space=True, entropy_experiment=False, epsilon=1.0, epsilon_min=0.0, from_graphs='', iter_epsilon=500, iter_max=1, learning_step=0.8, loss_func_name='1_loss', n_iter_algo=10, n_neighbors=5, n_samples_s=50, n_samples_t=50, name_algo='sampled_gromov_sliced', name_dataset='gaussian_graph', nb_iter_batch=1, nb_iter_update_Y=400, noise_graph=0.1, p_in_s=0.5, p_in_t=0.5, param1='100', param2='500', pickle_name='2', pickle_path='pickle_compare', plot=False, ps_out_s=0.1, ps_out_t=0.1, rdm_seed=12345, repeat=True, same_space=False, save_pickle=True, sparse_graph=True, to_graphs='', value_graph=True, variance_s=5, variance_t=5, verbose=False)
Mean Wasserstein distance 0.686390891794039
Mean Wasserstein distance approximated 0.6841333614940897
Mean computational time for finding T 4.236063313484192
Mean computational time for the approximated Wasserstein distance 0.004092741012573242
Mean computational time for the real Wasserstein distance 0.07317018508911133
Namespace(KL=1, alpha_experiment=False, barycenter=False, batch_size=[[100, None], [1, None]], clique_size_s=25, clique_size_t=25, constraint=True, cross_val=False, dimension=2, dimension_s=20, dimension_t=10, enough_space=True, entropy_experiment=False, epsilon=1.0, epsilon_min=0.0, from_graphs='', iter_epsilon=500, iter_max=1, learning_step=0.8, loss_func_name='1_loss', n_iter_algo=10, n_neighbors=5, n_samples_s=50, n_samples_t=50, name_algo='sampled_gromov_sliced', name_dataset='gaussian_graph', nb_iter_batch=1, nb_iter_update_Y=400, noise_graph=0.1, p_in_s=0.5, p_in_t=0.5, param1='100', param2='500', pickle_name='2', pickle_path='pickle_compare', plot=False, ps_out_s=0.1, ps_out_t=0.1, rdm_seed=12345, repeat=True, same_space=False, save_pickle=True, sparse_graph=True, to_graphs='', value_graph=True, variance_s=5, variance_t=5, verbose=False)
Mean Wasserstein distance 0.686390891794039
Mean Wasserstein distance approximated 0.6841333614940897
Mean computational time for finding T 4.237593388557434
Mean computational time for the approximated Wasserstein distance 0.004082822799682617
Mean computational time for the real Wasserstein distance 0.07330350875854492
Namespace(KL=1, alpha_experiment=False, barycenter=False, batch_size=[[100, None], [1, None]], clique_size_s=25, clique_size_t=25, constraint=True, cross_val=False, dimension=2, dimension_s=20, dimension_t=10, enough_space=True, entropy_experiment=False, epsilon=1.0, epsilon_min=0.0, from_graphs='', iter_epsilon=500, iter_max=1, learning_step=0.8, loss_func_name='1_loss', n_iter_algo=10, n_neighbors=5, n_samples_s=50, n_samples_t=50, name_algo='sampled_gromov_sliced', name_dataset='gaussian_graph', nb_iter_batch=1, nb_iter_update_Y=400, noise_graph=0.1, p_in_s=0.5, p_in_t=0.5, param1='100', param2='500', pickle_name='2', pickle_path='pickle_compare', plot=False, ps_out_s=0.1, ps_out_t=0.1, rdm_seed=12345, repeat=True, same_space=False, save_pickle=True, sparse_graph=True, to_graphs='', value_graph=True, variance_s=5, variance_t=5, verbose=False)
Mean Wasserstein distance 0.686390891794039
Mean Wasserstein distance approximated 0.6841333614940897
Mean computational time for finding T 4.239662384986877
Mean computational time for the approximated Wasserstein distance 0.00407862663269043
Mean computational time for the real Wasserstein distance 0.07322051525115966
Namespace(KL=1, alpha_experiment=False, barycenter=False, batch_size=[[100, None], [1, None]], clique_size_s=25, clique_size_t=25, constraint=True, cross_val=False, dimension=2, dimension_s=20, dimension_t=10, enough_space=True, entropy_experiment=False, epsilon=1.0, epsilon_min=0.0, from_graphs='', iter_epsilon=500, iter_max=1, learning_step=0.8, loss_func_name='1_loss', n_iter_algo=10, n_neighbors=5, n_samples_s=50, n_samples_t=50, name_algo='sampled_gromov_sliced', name_dataset='gaussian_graph', nb_iter_batch=1, nb_iter_update_Y=400, noise_graph=0.1, p_in_s=0.5, p_in_t=0.5, param1='100', param2='500', pickle_name='2', pickle_path='pickle_compare', plot=False, ps_out_s=0.1, ps_out_t=0.1, rdm_seed=12345, repeat=True, same_space=False, save_pickle=True, sparse_graph=True, to_graphs='', value_graph=True, variance_s=5, variance_t=5, verbose=False)
Mean Wasserstein distance 0.686390891794039
Mean Wasserstein distance approximated 0.6841333614940897
Mean computational time for finding T 4.244138598442078
Mean computational time for the approximated Wasserstein distance 0.004110169410705566
Mean computational time for the real Wasserstein distance 0.07312479019165039
Namespace(KL=1, alpha_experiment=False, barycenter=False, batch_size=[[100, None], [1, None]], clique_size_s=25, clique_size_t=25, constraint=True, cross_val=False, dimension=2, dimension_s=20, dimension_t=10, enough_space=True, entropy_experiment=False, epsilon=1.0, epsilon_min=0.0, from_graphs='', iter_epsilon=500, iter_max=1, learning_step=0.8, loss_func_name='1_loss', n_iter_algo=10, n_neighbors=5, n_samples_s=50, n_samples_t=50, name_algo='sampled_gromov_sliced', name_dataset='gaussian_graph', nb_iter_batch=1, nb_iter_update_Y=400, noise_graph=0.1, p_in_s=0.5, p_in_t=0.5, param1='100', param2='500', pickle_name='2', pickle_path='pickle_compare', plot=False, ps_out_s=0.1, ps_out_t=0.1, rdm_seed=12345, repeat=True, same_space=False, save_pickle=True, sparse_graph=True, to_graphs='', value_graph=True, variance_s=5, variance_t=5, verbose=False)
Mean Wasserstein distance 0.686390891794039
Mean Wasserstein distance approximated 0.6841333614940897
Mean computational time for finding T 4.244464707374573
Mean computational time for the approximated Wasserstein distance 0.004106545448303222
Mean computational time for the real Wasserstein distance 0.07340736389160156
Namespace(KL=1, alpha_experiment=False, barycenter=False, batch_size=[[100, None], [1, None]], clique_size_s=25, clique_size_t=25, constraint=True, cross_val=False, dimension=2, dimension_s=20, dimension_t=10, enough_space=True, entropy_experiment=False, epsilon=1.0, epsilon_min=0.0, from_graphs='', iter_epsilon=500, iter_max=1, learning_step=0.8, loss_func_name='1_loss', n_iter_algo=10, n_neighbors=5, n_samples_s=50, n_samples_t=50, name_algo='sampled_gromov_sliced', name_dataset='gaussian_graph', nb_iter_batch=1, nb_iter_update_Y=400, noise_graph=0.1, p_in_s=0.5, p_in_t=0.5, param1='100', param2='500', pickle_name='2', pickle_path='pickle_compare', plot=False, ps_out_s=0.1, ps_out_t=0.1, rdm_seed=12345, repeat=True, same_space=False, save_pickle=True, sparse_graph=True, to_graphs='', value_graph=True, variance_s=5, variance_t=5, verbose=False)
Mean Wasserstein distance 0.686390891794039
Mean Wasserstein distance approximated 0.6841333614940897
Mean computational time for finding T 4.251199102401733
Mean computational time for the approximated Wasserstein distance 0.004097676277160645
Mean computational time for the real Wasserstein distance 0.0732473611831665
---------------------------------------
Begin Slurm Epilog: Jun-06-2023 08:52:52
Job ID:        2367711
Array Job ID:  _4294967294
User ID:       klapborisuth3
Account:       gts-saluru8-coda20
Job name:      sampled_gromov_sliced_gaussian_graph_50_1_loss_100_500
Resources:     cpu=8,mem=128G,node=1
Rsrc Used:     cput=00:08:56,vmem=9432K,walltime=00:01:07,mem=8524K,energy_used=0
Partition:     cpu-medium
QOS:           inferno
Nodes:         atl1-1-01-005-28-1
---------------------------------------
