---------------------------------------
Begin Slurm Prolog: Jun-05-2023 15:29:44
Job ID:    2359691
User ID:   klapborisuth3
Account:   gts-saluru8-coda20
Job name:  e_gromov_KL_gaussian_point_graph_100_1_loss_0.001
Partition: cpu-small
QOS:       inferno
---------------------------------------
Namespace(KL=1, alpha_experiment=False, barycenter=False, batch_size=None, clique_size_s=50, clique_size_t=50, constraint=True, cross_val=False, dimension=2, dimension_s=20, dimension_t=10, enough_space=True, entropy_experiment=False, epsilon=0.001, epsilon_min=0.0, from_graphs='', iter_epsilon=1000, iter_max=1, learning_step=0.8, loss_func_name='1_loss', n_iter_algo=10, n_neighbors=5, n_samples_s=100, n_samples_t=100, name_algo='e_gromov_KL', name_dataset='gaussian_point_graph', nb_iter_batch=1, nb_iter_update_Y=400, noise_graph=0.1, p_in_s=0.5, p_in_t=0.5, param1='0.001', param2='', pickle_name='2', pickle_path='pickle_compare', plot=False, ps_out_s=0.1, ps_out_t=0.1, rdm_seed=12345, repeat=True, same_space=False, save_pickle=True, sparse_graph=True, to_graphs='', value_graph=True, variance_s=5, variance_t=5, verbose=False)
The method as not converged. Return last stable T. Nb iter : 0
The method as not converged. Return last stable T. Nb iter : 0
The method as not converged. Return last stable T. Nb iter : 0
The method as not converged. Return last stable T. Nb iter : 0
The method as not converged. Return last stable T. Nb iter : 0
The method as not converged. Return last stable T. Nb iter : 0
The method as not converged. Return last stable T. Nb iter : 0
The method as not converged. Return last stable T. Nb iter : 0
The method as not converged. Return last stable T. Nb iter : 0
The method as not converged. Return last stable T. Nb iter : 0
Mean Wasserstein distance 240.79977688131922
Mean Wasserstein distance approximated 240.79977688131936
Mean computational time for finding T 1.7911093950271606
Mean computational time for the approximated Wasserstein distance 2.932548522949219e-06
Mean computational time for the real Wasserstein distance 0.42179343700408933
Namespace(KL=1, alpha_experiment=False, barycenter=False, batch_size=None, clique_size_s=50, clique_size_t=50, constraint=True, cross_val=False, dimension=2, dimension_s=20, dimension_t=10, enough_space=True, entropy_experiment=False, epsilon=0.001, epsilon_min=0.0, from_graphs='', iter_epsilon=1000, iter_max=1, learning_step=0.8, loss_func_name='1_loss', n_iter_algo=10, n_neighbors=5, n_samples_s=100, n_samples_t=100, name_algo='e_gromov_KL', name_dataset='gaussian_point_graph', nb_iter_batch=1, nb_iter_update_Y=400, noise_graph=0.1, p_in_s=0.5, p_in_t=0.5, param1='0.001', param2='', pickle_name='2', pickle_path='pickle_compare', plot=False, ps_out_s=0.1, ps_out_t=0.1, rdm_seed=12345, repeat=True, same_space=False, save_pickle=True, sparse_graph=True, to_graphs='', value_graph=True, variance_s=5, variance_t=5, verbose=False)
The method as not converged. Return last stable T. Nb iter : 0
The method as not converged. Return last stable T. Nb iter : 0
The method as not converged. Return last stable T. Nb iter : 0
The method as not converged. Return last stable T. Nb iter : 0
The method as not converged. Return last stable T. Nb iter : 0
The method as not converged. Return last stable T. Nb iter : 0
The method as not converged. Return last stable T. Nb iter : 0
The method as not converged. Return last stable T. Nb iter : 0
The method as not converged. Return last stable T. Nb iter : 0
The method as not converged. Return last stable T. Nb iter : 0
Mean Wasserstein distance 240.79977688131922
Mean Wasserstein distance approximated 240.79977688131936
Mean computational time for finding T 1.8037728548049927
Mean computational time for the approximated Wasserstein distance 2.384185791015625e-06
Mean computational time for the real Wasserstein distance 0.41747925281524656
Namespace(KL=1, alpha_experiment=False, barycenter=False, batch_size=None, clique_size_s=50, clique_size_t=50, constraint=True, cross_val=False, dimension=2, dimension_s=20, dimension_t=10, enough_space=True, entropy_experiment=False, epsilon=0.001, epsilon_min=0.0, from_graphs='', iter_epsilon=1000, iter_max=1, learning_step=0.8, loss_func_name='1_loss', n_iter_algo=10, n_neighbors=5, n_samples_s=100, n_samples_t=100, name_algo='e_gromov_KL', name_dataset='gaussian_point_graph', nb_iter_batch=1, nb_iter_update_Y=400, noise_graph=0.1, p_in_s=0.5, p_in_t=0.5, param1='0.001', param2='', pickle_name='2', pickle_path='pickle_compare', plot=False, ps_out_s=0.1, ps_out_t=0.1, rdm_seed=12345, repeat=True, same_space=False, save_pickle=True, sparse_graph=True, to_graphs='', value_graph=True, variance_s=5, variance_t=5, verbose=False)
The method as not converged. Return last stable T. Nb iter : 0
The method as not converged. Return last stable T. Nb iter : 0
The method as not converged. Return last stable T. Nb iter : 0
The method as not converged. Return last stable T. Nb iter : 0
The method as not converged. Return last stable T. Nb iter : 0
The method as not converged. Return last stable T. Nb iter : 0
The method as not converged. Return last stable T. Nb iter : 0
The method as not converged. Return last stable T. Nb iter : 0
The method as not converged. Return last stable T. Nb iter : 0
The method as not converged. Return last stable T. Nb iter : 0
Mean Wasserstein distance 240.79977688131922
Mean Wasserstein distance approximated 240.79977688131936
Mean computational time for finding T 1.8073811531066895
Mean computational time for the approximated Wasserstein distance 2.09808349609375e-06
Mean computational time for the real Wasserstein distance 0.417656683921814
Namespace(KL=1, alpha_experiment=False, barycenter=False, batch_size=None, clique_size_s=50, clique_size_t=50, constraint=True, cross_val=False, dimension=2, dimension_s=20, dimension_t=10, enough_space=True, entropy_experiment=False, epsilon=0.001, epsilon_min=0.0, from_graphs='', iter_epsilon=1000, iter_max=1, learning_step=0.8, loss_func_name='1_loss', n_iter_algo=10, n_neighbors=5, n_samples_s=100, n_samples_t=100, name_algo='e_gromov_KL', name_dataset='gaussian_point_graph', nb_iter_batch=1, nb_iter_update_Y=400, noise_graph=0.1, p_in_s=0.5, p_in_t=0.5, param1='0.001', param2='', pickle_name='2', pickle_path='pickle_compare', plot=False, ps_out_s=0.1, ps_out_t=0.1, rdm_seed=12345, repeat=True, same_space=False, save_pickle=True, sparse_graph=True, to_graphs='', value_graph=True, variance_s=5, variance_t=5, verbose=False)
The method as not converged. Return last stable T. Nb iter : 0
The method as not converged. Return last stable T. Nb iter : 0
The method as not converged. Return last stable T. Nb iter : 0
The method as not converged. Return last stable T. Nb iter : 0
The method as not converged. Return last stable T. Nb iter : 0
The method as not converged. Return last stable T. Nb iter : 0
The method as not converged. Return last stable T. Nb iter : 0
The method as not converged. Return last stable T. Nb iter : 0
The method as not converged. Return last stable T. Nb iter : 0
The method as not converged. Return last stable T. Nb iter : 0
Mean Wasserstein distance 240.79977688131922
Mean Wasserstein distance approximated 240.79977688131936
Mean computational time for finding T 1.8053381204605103
Mean computational time for the approximated Wasserstein distance 3.0279159545898436e-06
Mean computational time for the real Wasserstein distance 0.4229413986206055
Namespace(KL=1, alpha_experiment=False, barycenter=False, batch_size=None, clique_size_s=50, clique_size_t=50, constraint=True, cross_val=False, dimension=2, dimension_s=20, dimension_t=10, enough_space=True, entropy_experiment=False, epsilon=0.001, epsilon_min=0.0, from_graphs='', iter_epsilon=1000, iter_max=1, learning_step=0.8, loss_func_name='1_loss', n_iter_algo=10, n_neighbors=5, n_samples_s=100, n_samples_t=100, name_algo='e_gromov_KL', name_dataset='gaussian_point_graph', nb_iter_batch=1, nb_iter_update_Y=400, noise_graph=0.1, p_in_s=0.5, p_in_t=0.5, param1='0.001', param2='', pickle_name='2', pickle_path='pickle_compare', plot=False, ps_out_s=0.1, ps_out_t=0.1, rdm_seed=12345, repeat=True, same_space=False, save_pickle=True, sparse_graph=True, to_graphs='', value_graph=True, variance_s=5, variance_t=5, verbose=False)
The method as not converged. Return last stable T. Nb iter : 0
The method as not converged. Return last stable T. Nb iter : 0
The method as not converged. Return last stable T. Nb iter : 0
The method as not converged. Return last stable T. Nb iter : 0
The method as not converged. Return last stable T. Nb iter : 0
The method as not converged. Return last stable T. Nb iter : 0
The method as not converged. Return last stable T. Nb iter : 0
The method as not converged. Return last stable T. Nb iter : 0
The method as not converged. Return last stable T. Nb iter : 0
The method as not converged. Return last stable T. Nb iter : 0
Mean Wasserstein distance 240.79977688131922
Mean Wasserstein distance approximated 240.79977688131936
Mean computational time for finding T 1.8097399473190308
Mean computational time for the approximated Wasserstein distance 2.002716064453125e-06
Mean computational time for the real Wasserstein distance 0.41993839740753175
Namespace(KL=1, alpha_experiment=False, barycenter=False, batch_size=None, clique_size_s=50, clique_size_t=50, constraint=True, cross_val=False, dimension=2, dimension_s=20, dimension_t=10, enough_space=True, entropy_experiment=False, epsilon=0.001, epsilon_min=0.0, from_graphs='', iter_epsilon=1000, iter_max=1, learning_step=0.8, loss_func_name='1_loss', n_iter_algo=10, n_neighbors=5, n_samples_s=100, n_samples_t=100, name_algo='e_gromov_KL', name_dataset='gaussian_point_graph', nb_iter_batch=1, nb_iter_update_Y=400, noise_graph=0.1, p_in_s=0.5, p_in_t=0.5, param1='0.001', param2='', pickle_name='2', pickle_path='pickle_compare', plot=False, ps_out_s=0.1, ps_out_t=0.1, rdm_seed=12345, repeat=True, same_space=False, save_pickle=True, sparse_graph=True, to_graphs='', value_graph=True, variance_s=5, variance_t=5, verbose=False)
The method as not converged. Return last stable T. Nb iter : 0
The method as not converged. Return last stable T. Nb iter : 0
The method as not converged. Return last stable T. Nb iter : 0
The method as not converged. Return last stable T. Nb iter : 0
The method as not converged. Return last stable T. Nb iter : 0
The method as not converged. Return last stable T. Nb iter : 0
The method as not converged. Return last stable T. Nb iter : 0
The method as not converged. Return last stable T. Nb iter : 0
The method as not converged. Return last stable T. Nb iter : 0
The method as not converged. Return last stable T. Nb iter : 0
Mean Wasserstein distance 240.79977688131922
Mean Wasserstein distance approximated 240.79977688131936
Mean computational time for finding T 1.809436273574829
Mean computational time for the approximated Wasserstein distance 2.0742416381835936e-06
Mean computational time for the real Wasserstein distance 0.4244546413421631
Namespace(KL=1, alpha_experiment=False, barycenter=False, batch_size=None, clique_size_s=50, clique_size_t=50, constraint=True, cross_val=False, dimension=2, dimension_s=20, dimension_t=10, enough_space=True, entropy_experiment=False, epsilon=0.001, epsilon_min=0.0, from_graphs='', iter_epsilon=1000, iter_max=1, learning_step=0.8, loss_func_name='1_loss', n_iter_algo=10, n_neighbors=5, n_samples_s=100, n_samples_t=100, name_algo='e_gromov_KL', name_dataset='gaussian_point_graph', nb_iter_batch=1, nb_iter_update_Y=400, noise_graph=0.1, p_in_s=0.5, p_in_t=0.5, param1='0.001', param2='', pickle_name='2', pickle_path='pickle_compare', plot=False, ps_out_s=0.1, ps_out_t=0.1, rdm_seed=12345, repeat=True, same_space=False, save_pickle=True, sparse_graph=True, to_graphs='', value_graph=True, variance_s=5, variance_t=5, verbose=False)
The method as not converged. Return last stable T. Nb iter : 0
The method as not converged. Return last stable T. Nb iter : 0
The method as not converged. Return last stable T. Nb iter : 0
The method as not converged. Return last stable T. Nb iter : 0
The method as not converged. Return last stable T. Nb iter : 0
The method as not converged. Return last stable T. Nb iter : 0
The method as not converged. Return last stable T. Nb iter : 0
The method as not converged. Return last stable T. Nb iter : 0
The method as not converged. Return last stable T. Nb iter : 0
The method as not converged. Return last stable T. Nb iter : 0
Mean Wasserstein distance 240.79977688131922
Mean Wasserstein distance approximated 240.79977688131936
Mean computational time for finding T 1.8175697326660156
Mean computational time for the approximated Wasserstein distance 2.0265579223632812e-06
Mean computational time for the real Wasserstein distance 0.42207894325256345
Namespace(KL=1, alpha_experiment=False, barycenter=False, batch_size=None, clique_size_s=50, clique_size_t=50, constraint=True, cross_val=False, dimension=2, dimension_s=20, dimension_t=10, enough_space=True, entropy_experiment=False, epsilon=0.001, epsilon_min=0.0, from_graphs='', iter_epsilon=1000, iter_max=1, learning_step=0.8, loss_func_name='1_loss', n_iter_algo=10, n_neighbors=5, n_samples_s=100, n_samples_t=100, name_algo='e_gromov_KL', name_dataset='gaussian_point_graph', nb_iter_batch=1, nb_iter_update_Y=400, noise_graph=0.1, p_in_s=0.5, p_in_t=0.5, param1='0.001', param2='', pickle_name='2', pickle_path='pickle_compare', plot=False, ps_out_s=0.1, ps_out_t=0.1, rdm_seed=12345, repeat=True, same_space=False, save_pickle=True, sparse_graph=True, to_graphs='', value_graph=True, variance_s=5, variance_t=5, verbose=False)
The method as not converged. Return last stable T. Nb iter : 0
The method as not converged. Return last stable T. Nb iter : 0
The method as not converged. Return last stable T. Nb iter : 0
The method as not converged. Return last stable T. Nb iter : 0
The method as not converged. Return last stable T. Nb iter : 0
The method as not converged. Return last stable T. Nb iter : 0
The method as not converged. Return last stable T. Nb iter : 0
The method as not converged. Return last stable T. Nb iter : 0
The method as not converged. Return last stable T. Nb iter : 0
The method as not converged. Return last stable T. Nb iter : 0
Mean Wasserstein distance 240.79977688131922
Mean Wasserstein distance approximated 240.79977688131936
Mean computational time for finding T 1.816438889503479
Mean computational time for the approximated Wasserstein distance 2.6226043701171875e-06
Mean computational time for the real Wasserstein distance 0.45843279361724854
---------------------------------------
Begin Slurm Epilog: Jun-05-2023 15:31:54
Job ID:        2359691
Array Job ID:  _4294967294
User ID:       klapborisuth3
Account:       gts-saluru8-coda20
Job name:      e_gromov_KL_gaussian_point_graph_100_1_loss_0.001
Resources:     cpu=8,mem=64G,node=1
Rsrc Used:     cput=00:17:28,vmem=9640K,walltime=00:02:11,mem=8536K,energy_used=0
Partition:     cpu-small
QOS:           inferno
Nodes:         atl1-1-02-008-30-1
---------------------------------------
