---------------------------------------
Begin Slurm Prolog: Jun-05-2023 15:29:44
Job ID:    2359723
User ID:   klapborisuth3
Account:   gts-saluru8-coda20
Job name:  e_gromov_KL_gaussian_point_graph_200_1_loss_0.01
Partition: cpu-small
QOS:       inferno
---------------------------------------
Namespace(KL=1, alpha_experiment=False, barycenter=False, batch_size=None, clique_size_s=100, clique_size_t=100, constraint=True, cross_val=False, dimension=2, dimension_s=20, dimension_t=10, enough_space=True, entropy_experiment=False, epsilon=0.01, epsilon_min=0.0, from_graphs='', iter_epsilon=1000, iter_max=1, learning_step=0.8, loss_func_name='1_loss', n_iter_algo=10, n_neighbors=5, n_samples_s=200, n_samples_t=200, name_algo='e_gromov_KL', name_dataset='gaussian_point_graph', nb_iter_batch=1, nb_iter_update_Y=400, noise_graph=0.1, p_in_s=0.5, p_in_t=0.5, param1='0.01', param2='', pickle_name='2', pickle_path='pickle_compare', plot=False, ps_out_s=0.1, ps_out_t=0.1, rdm_seed=12345, repeat=True, same_space=False, save_pickle=True, sparse_graph=True, to_graphs='', value_graph=True, variance_s=5, variance_t=5, verbose=False)
The method as not converged. Return last stable T. Nb iter : 2
The method as not converged. Return last stable T. Nb iter : 2
The method as not converged. Return last stable T. Nb iter : 2
The method as not converged. Return last stable T. Nb iter : 2
The method as not converged. Return last stable T. Nb iter : 2
The method as not converged. Return last stable T. Nb iter : 2
The method as not converged. Return last stable T. Nb iter : 2
The method as not converged. Return last stable T. Nb iter : 2
The method as not converged. Return last stable T. Nb iter : 2
The method as not converged. Return last stable T. Nb iter : 2
Mean Wasserstein distance 145.66116202824156
Mean Wasserstein distance approximated 145.66116202824156
Mean computational time for finding T 23.237394666671754
Mean computational time for the approximated Wasserstein distance 3.147125244140625e-06
Mean computational time for the real Wasserstein distance 5.774283862113952
Namespace(KL=1, alpha_experiment=False, barycenter=False, batch_size=None, clique_size_s=100, clique_size_t=100, constraint=True, cross_val=False, dimension=2, dimension_s=20, dimension_t=10, enough_space=True, entropy_experiment=False, epsilon=0.01, epsilon_min=0.0, from_graphs='', iter_epsilon=1000, iter_max=1, learning_step=0.8, loss_func_name='1_loss', n_iter_algo=10, n_neighbors=5, n_samples_s=200, n_samples_t=200, name_algo='e_gromov_KL', name_dataset='gaussian_point_graph', nb_iter_batch=1, nb_iter_update_Y=400, noise_graph=0.1, p_in_s=0.5, p_in_t=0.5, param1='0.01', param2='', pickle_name='2', pickle_path='pickle_compare', plot=False, ps_out_s=0.1, ps_out_t=0.1, rdm_seed=12345, repeat=True, same_space=False, save_pickle=True, sparse_graph=True, to_graphs='', value_graph=True, variance_s=5, variance_t=5, verbose=False)
The method as not converged. Return last stable T. Nb iter : 2
The method as not converged. Return last stable T. Nb iter : 2
The method as not converged. Return last stable T. Nb iter : 2
The method as not converged. Return last stable T. Nb iter : 2
The method as not converged. Return last stable T. Nb iter : 2
The method as not converged. Return last stable T. Nb iter : 2
The method as not converged. Return last stable T. Nb iter : 2
The method as not converged. Return last stable T. Nb iter : 2
The method as not converged. Return last stable T. Nb iter : 2
The method as not converged. Return last stable T. Nb iter : 2
Mean Wasserstein distance 145.66116202824156
Mean Wasserstein distance approximated 145.66116202824156
Mean computational time for finding T 23.333657884597777
Mean computational time for the approximated Wasserstein distance 2.86102294921875e-06
Mean computational time for the real Wasserstein distance 5.781976890563965
Namespace(KL=1, alpha_experiment=False, barycenter=False, batch_size=None, clique_size_s=100, clique_size_t=100, constraint=True, cross_val=False, dimension=2, dimension_s=20, dimension_t=10, enough_space=True, entropy_experiment=False, epsilon=0.01, epsilon_min=0.0, from_graphs='', iter_epsilon=1000, iter_max=1, learning_step=0.8, loss_func_name='1_loss', n_iter_algo=10, n_neighbors=5, n_samples_s=200, n_samples_t=200, name_algo='e_gromov_KL', name_dataset='gaussian_point_graph', nb_iter_batch=1, nb_iter_update_Y=400, noise_graph=0.1, p_in_s=0.5, p_in_t=0.5, param1='0.01', param2='', pickle_name='2', pickle_path='pickle_compare', plot=False, ps_out_s=0.1, ps_out_t=0.1, rdm_seed=12345, repeat=True, same_space=False, save_pickle=True, sparse_graph=True, to_graphs='', value_graph=True, variance_s=5, variance_t=5, verbose=False)
The method as not converged. Return last stable T. Nb iter : 2
The method as not converged. Return last stable T. Nb iter : 2
The method as not converged. Return last stable T. Nb iter : 2
The method as not converged. Return last stable T. Nb iter : 2
The method as not converged. Return last stable T. Nb iter : 2
The method as not converged. Return last stable T. Nb iter : 2
The method as not converged. Return last stable T. Nb iter : 2
The method as not converged. Return last stable T. Nb iter : 2
The method as not converged. Return last stable T. Nb iter : 2
The method as not converged. Return last stable T. Nb iter : 2
Mean Wasserstein distance 145.66116202824156
Mean Wasserstein distance approximated 145.66116202824156
Mean computational time for finding T 23.35032045841217
Mean computational time for the approximated Wasserstein distance 2.9087066650390623e-06
Mean computational time for the real Wasserstein distance 5.79306480884552
Namespace(KL=1, alpha_experiment=False, barycenter=False, batch_size=None, clique_size_s=100, clique_size_t=100, constraint=True, cross_val=False, dimension=2, dimension_s=20, dimension_t=10, enough_space=True, entropy_experiment=False, epsilon=0.01, epsilon_min=0.0, from_graphs='', iter_epsilon=1000, iter_max=1, learning_step=0.8, loss_func_name='1_loss', n_iter_algo=10, n_neighbors=5, n_samples_s=200, n_samples_t=200, name_algo='e_gromov_KL', name_dataset='gaussian_point_graph', nb_iter_batch=1, nb_iter_update_Y=400, noise_graph=0.1, p_in_s=0.5, p_in_t=0.5, param1='0.01', param2='', pickle_name='2', pickle_path='pickle_compare', plot=False, ps_out_s=0.1, ps_out_t=0.1, rdm_seed=12345, repeat=True, same_space=False, save_pickle=True, sparse_graph=True, to_graphs='', value_graph=True, variance_s=5, variance_t=5, verbose=False)
The method as not converged. Return last stable T. Nb iter : 2
The method as not converged. Return last stable T. Nb iter : 2
The method as not converged. Return last stable T. Nb iter : 2
The method as not converged. Return last stable T. Nb iter : 2
The method as not converged. Return last stable T. Nb iter : 2
The method as not converged. Return last stable T. Nb iter : 2
The method as not converged. Return last stable T. Nb iter : 2
The method as not converged. Return last stable T. Nb iter : 2
The method as not converged. Return last stable T. Nb iter : 2
The method as not converged. Return last stable T. Nb iter : 2
Mean Wasserstein distance 145.66116202824156
Mean Wasserstein distance approximated 145.66116202824156
Mean computational time for finding T 23.35493130683899
Mean computational time for the approximated Wasserstein distance 3.1709671020507814e-06
Mean computational time for the real Wasserstein distance 5.794901490211487
Namespace(KL=1, alpha_experiment=False, barycenter=False, batch_size=None, clique_size_s=100, clique_size_t=100, constraint=True, cross_val=False, dimension=2, dimension_s=20, dimension_t=10, enough_space=True, entropy_experiment=False, epsilon=0.01, epsilon_min=0.0, from_graphs='', iter_epsilon=1000, iter_max=1, learning_step=0.8, loss_func_name='1_loss', n_iter_algo=10, n_neighbors=5, n_samples_s=200, n_samples_t=200, name_algo='e_gromov_KL', name_dataset='gaussian_point_graph', nb_iter_batch=1, nb_iter_update_Y=400, noise_graph=0.1, p_in_s=0.5, p_in_t=0.5, param1='0.01', param2='', pickle_name='2', pickle_path='pickle_compare', plot=False, ps_out_s=0.1, ps_out_t=0.1, rdm_seed=12345, repeat=True, same_space=False, save_pickle=True, sparse_graph=True, to_graphs='', value_graph=True, variance_s=5, variance_t=5, verbose=False)
The method as not converged. Return last stable T. Nb iter : 2
The method as not converged. Return last stable T. Nb iter : 2
The method as not converged. Return last stable T. Nb iter : 2
The method as not converged. Return last stable T. Nb iter : 2
The method as not converged. Return last stable T. Nb iter : 2
The method as not converged. Return last stable T. Nb iter : 2
The method as not converged. Return last stable T. Nb iter : 2
The method as not converged. Return last stable T. Nb iter : 2
The method as not converged. Return last stable T. Nb iter : 2
The method as not converged. Return last stable T. Nb iter : 2
Mean Wasserstein distance 145.66116202824156
Mean Wasserstein distance approximated 145.66116202824156
Mean computational time for finding T 23.36960051059723
Mean computational time for the approximated Wasserstein distance 2.7418136596679688e-06
Mean computational time for the real Wasserstein distance 5.79712746143341
Namespace(KL=1, alpha_experiment=False, barycenter=False, batch_size=None, clique_size_s=100, clique_size_t=100, constraint=True, cross_val=False, dimension=2, dimension_s=20, dimension_t=10, enough_space=True, entropy_experiment=False, epsilon=0.01, epsilon_min=0.0, from_graphs='', iter_epsilon=1000, iter_max=1, learning_step=0.8, loss_func_name='1_loss', n_iter_algo=10, n_neighbors=5, n_samples_s=200, n_samples_t=200, name_algo='e_gromov_KL', name_dataset='gaussian_point_graph', nb_iter_batch=1, nb_iter_update_Y=400, noise_graph=0.1, p_in_s=0.5, p_in_t=0.5, param1='0.01', param2='', pickle_name='2', pickle_path='pickle_compare', plot=False, ps_out_s=0.1, ps_out_t=0.1, rdm_seed=12345, repeat=True, same_space=False, save_pickle=True, sparse_graph=True, to_graphs='', value_graph=True, variance_s=5, variance_t=5, verbose=False)
The method as not converged. Return last stable T. Nb iter : 2
The method as not converged. Return last stable T. Nb iter : 2
The method as not converged. Return last stable T. Nb iter : 2
The method as not converged. Return last stable T. Nb iter : 2
The method as not converged. Return last stable T. Nb iter : 2
The method as not converged. Return last stable T. Nb iter : 2
The method as not converged. Return last stable T. Nb iter : 2
The method as not converged. Return last stable T. Nb iter : 2
The method as not converged. Return last stable T. Nb iter : 2
The method as not converged. Return last stable T. Nb iter : 2
Mean Wasserstein distance 145.66116202824156
Mean Wasserstein distance approximated 145.66116202824156
Mean computational time for finding T 23.437274384498597
Mean computational time for the approximated Wasserstein distance 2.932548522949219e-06
Mean computational time for the real Wasserstein distance 5.813522696495056
Namespace(KL=1, alpha_experiment=False, barycenter=False, batch_size=None, clique_size_s=100, clique_size_t=100, constraint=True, cross_val=False, dimension=2, dimension_s=20, dimension_t=10, enough_space=True, entropy_experiment=False, epsilon=0.01, epsilon_min=0.0, from_graphs='', iter_epsilon=1000, iter_max=1, learning_step=0.8, loss_func_name='1_loss', n_iter_algo=10, n_neighbors=5, n_samples_s=200, n_samples_t=200, name_algo='e_gromov_KL', name_dataset='gaussian_point_graph', nb_iter_batch=1, nb_iter_update_Y=400, noise_graph=0.1, p_in_s=0.5, p_in_t=0.5, param1='0.01', param2='', pickle_name='2', pickle_path='pickle_compare', plot=False, ps_out_s=0.1, ps_out_t=0.1, rdm_seed=12345, repeat=True, same_space=False, save_pickle=True, sparse_graph=True, to_graphs='', value_graph=True, variance_s=5, variance_t=5, verbose=False)
The method as not converged. Return last stable T. Nb iter : 2
The method as not converged. Return last stable T. Nb iter : 2
The method as not converged. Return last stable T. Nb iter : 2
The method as not converged. Return last stable T. Nb iter : 2
The method as not converged. Return last stable T. Nb iter : 2
The method as not converged. Return last stable T. Nb iter : 2
The method as not converged. Return last stable T. Nb iter : 2
The method as not converged. Return last stable T. Nb iter : 2
The method as not converged. Return last stable T. Nb iter : 2
The method as not converged. Return last stable T. Nb iter : 2
Mean Wasserstein distance 145.66116202824156
Mean Wasserstein distance approximated 145.66116202824156
Mean computational time for finding T 23.4579913854599
Mean computational time for the approximated Wasserstein distance 2.765655517578125e-06
Mean computational time for the real Wasserstein distance 5.8208664655685425
Namespace(KL=1, alpha_experiment=False, barycenter=False, batch_size=None, clique_size_s=100, clique_size_t=100, constraint=True, cross_val=False, dimension=2, dimension_s=20, dimension_t=10, enough_space=True, entropy_experiment=False, epsilon=0.01, epsilon_min=0.0, from_graphs='', iter_epsilon=1000, iter_max=1, learning_step=0.8, loss_func_name='1_loss', n_iter_algo=10, n_neighbors=5, n_samples_s=200, n_samples_t=200, name_algo='e_gromov_KL', name_dataset='gaussian_point_graph', nb_iter_batch=1, nb_iter_update_Y=400, noise_graph=0.1, p_in_s=0.5, p_in_t=0.5, param1='0.01', param2='', pickle_name='2', pickle_path='pickle_compare', plot=False, ps_out_s=0.1, ps_out_t=0.1, rdm_seed=12345, repeat=True, same_space=False, save_pickle=True, sparse_graph=True, to_graphs='', value_graph=True, variance_s=5, variance_t=5, verbose=False)
The method as not converged. Return last stable T. Nb iter : 2
The method as not converged. Return last stable T. Nb iter : 2
The method as not converged. Return last stable T. Nb iter : 2
The method as not converged. Return last stable T. Nb iter : 2
The method as not converged. Return last stable T. Nb iter : 2
The method as not converged. Return last stable T. Nb iter : 2
The method as not converged. Return last stable T. Nb iter : 2
The method as not converged. Return last stable T. Nb iter : 2
The method as not converged. Return last stable T. Nb iter : 2
The method as not converged. Return last stable T. Nb iter : 2
Mean Wasserstein distance 145.66116202824156
Mean Wasserstein distance approximated 145.66116202824156
Mean computational time for finding T 23.683136296272277
Mean computational time for the approximated Wasserstein distance 3.0994415283203125e-06
Mean computational time for the real Wasserstein distance 5.879905843734742
---------------------------------------
Begin Slurm Epilog: Jun-05-2023 15:36:25
Job ID:        2359723
Array Job ID:  _4294967294
User ID:       klapborisuth3
Account:       gts-saluru8-coda20
Job name:      e_gromov_KL_gaussian_point_graph_200_1_loss_0.01
Resources:     cpu=8,mem=64G,node=1
Rsrc Used:     cput=00:53:36,vmem=,walltime=00:06:42,mem=,energy_used=0
Partition:     cpu-small
QOS:           inferno
Nodes:         atl1-1-02-007-8-2
---------------------------------------
