---------------------------------------
Begin Slurm Prolog: Jun-05-2023 15:14:42
Job ID:    2359510
User ID:   klapborisuth3
Account:   gts-saluru8-coda20
Job name:  e_gromov_KL_gaussian_point_graph_20_1_loss_0.1
Partition: cpu-small
QOS:       inferno
---------------------------------------
Namespace(KL=1, alpha_experiment=False, barycenter=False, batch_size=None, clique_size_s=10, clique_size_t=10, constraint=True, cross_val=False, dimension=2, dimension_s=20, dimension_t=10, enough_space=True, entropy_experiment=False, epsilon=0.1, epsilon_min=0.0, from_graphs='', iter_epsilon=1000, iter_max=1, learning_step=0.8, loss_func_name='1_loss', n_iter_algo=10, n_neighbors=5, n_samples_s=20, n_samples_t=20, name_algo='e_gromov_KL', name_dataset='gaussian_point_graph', nb_iter_batch=1, nb_iter_update_Y=400, noise_graph=0.1, p_in_s=0.5, p_in_t=0.5, param1='0.1', param2='', pickle_name='2', pickle_path='pickle_compare', plot=False, ps_out_s=0.1, ps_out_t=0.1, rdm_seed=12345, repeat=True, same_space=False, save_pickle=True, sparse_graph=True, to_graphs='', value_graph=True, variance_s=5, variance_t=5, verbose=False)
Mean Wasserstein distance 333.6782623979343
Mean Wasserstein distance approximated 333.6782623979343
Mean computational time for finding T 0.05245411396026611
Mean computational time for the approximated Wasserstein distance 2.1457672119140625e-06
Mean computational time for the real Wasserstein distance 0.005997920036315918
Namespace(KL=1, alpha_experiment=False, barycenter=False, batch_size=None, clique_size_s=10, clique_size_t=10, constraint=True, cross_val=False, dimension=2, dimension_s=20, dimension_t=10, enough_space=True, entropy_experiment=False, epsilon=0.1, epsilon_min=0.0, from_graphs='', iter_epsilon=1000, iter_max=1, learning_step=0.8, loss_func_name='1_loss', n_iter_algo=10, n_neighbors=5, n_samples_s=20, n_samples_t=20, name_algo='e_gromov_KL', name_dataset='gaussian_point_graph', nb_iter_batch=1, nb_iter_update_Y=400, noise_graph=0.1, p_in_s=0.5, p_in_t=0.5, param1='0.1', param2='', pickle_name='2', pickle_path='pickle_compare', plot=False, ps_out_s=0.1, ps_out_t=0.1, rdm_seed=12345, repeat=True, same_space=False, save_pickle=True, sparse_graph=True, to_graphs='', value_graph=True, variance_s=5, variance_t=5, verbose=False)
Mean Wasserstein distance 333.6782623979343
Mean Wasserstein distance approximated 333.6782623979343
Mean computational time for finding T 0.052659249305725096
Mean computational time for the approximated Wasserstein distance 1.7881393432617188e-06
Mean computational time for the real Wasserstein distance 0.006001091003417969
Namespace(KL=1, alpha_experiment=False, barycenter=False, batch_size=None, clique_size_s=10, clique_size_t=10, constraint=True, cross_val=False, dimension=2, dimension_s=20, dimension_t=10, enough_space=True, entropy_experiment=False, epsilon=0.1, epsilon_min=0.0, from_graphs='', iter_epsilon=1000, iter_max=1, learning_step=0.8, loss_func_name='1_loss', n_iter_algo=10, n_neighbors=5, n_samples_s=20, n_samples_t=20, name_algo='e_gromov_KL', name_dataset='gaussian_point_graph', nb_iter_batch=1, nb_iter_update_Y=400, noise_graph=0.1, p_in_s=0.5, p_in_t=0.5, param1='0.1', param2='', pickle_name='2', pickle_path='pickle_compare', plot=False, ps_out_s=0.1, ps_out_t=0.1, rdm_seed=12345, repeat=True, same_space=False, save_pickle=True, sparse_graph=True, to_graphs='', value_graph=True, variance_s=5, variance_t=5, verbose=False)
Mean Wasserstein distance 333.6782623979343
Mean Wasserstein distance approximated 333.6782623979343
Mean computational time for finding T 0.05265605449676514
Mean computational time for the approximated Wasserstein distance 2.09808349609375e-06
Mean computational time for the real Wasserstein distance 0.005990839004516602
Namespace(KL=1, alpha_experiment=False, barycenter=False, batch_size=None, clique_size_s=10, clique_size_t=10, constraint=True, cross_val=False, dimension=2, dimension_s=20, dimension_t=10, enough_space=True, entropy_experiment=False, epsilon=0.1, epsilon_min=0.0, from_graphs='', iter_epsilon=1000, iter_max=1, learning_step=0.8, loss_func_name='1_loss', n_iter_algo=10, n_neighbors=5, n_samples_s=20, n_samples_t=20, name_algo='e_gromov_KL', name_dataset='gaussian_point_graph', nb_iter_batch=1, nb_iter_update_Y=400, noise_graph=0.1, p_in_s=0.5, p_in_t=0.5, param1='0.1', param2='', pickle_name='2', pickle_path='pickle_compare', plot=False, ps_out_s=0.1, ps_out_t=0.1, rdm_seed=12345, repeat=True, same_space=False, save_pickle=True, sparse_graph=True, to_graphs='', value_graph=True, variance_s=5, variance_t=5, verbose=False)
Mean Wasserstein distance 333.6782623979343
Mean Wasserstein distance approximated 333.6782623979343
Mean computational time for finding T 0.05245332717895508
Mean computational time for the approximated Wasserstein distance 1.71661376953125e-06
Mean computational time for the real Wasserstein distance 0.006007933616638183
Namespace(KL=1, alpha_experiment=False, barycenter=False, batch_size=None, clique_size_s=10, clique_size_t=10, constraint=True, cross_val=False, dimension=2, dimension_s=20, dimension_t=10, enough_space=True, entropy_experiment=False, epsilon=0.1, epsilon_min=0.0, from_graphs='', iter_epsilon=1000, iter_max=1, learning_step=0.8, loss_func_name='1_loss', n_iter_algo=10, n_neighbors=5, n_samples_s=20, n_samples_t=20, name_algo='e_gromov_KL', name_dataset='gaussian_point_graph', nb_iter_batch=1, nb_iter_update_Y=400, noise_graph=0.1, p_in_s=0.5, p_in_t=0.5, param1='0.1', param2='', pickle_name='2', pickle_path='pickle_compare', plot=False, ps_out_s=0.1, ps_out_t=0.1, rdm_seed=12345, repeat=True, same_space=False, save_pickle=True, sparse_graph=True, to_graphs='', value_graph=True, variance_s=5, variance_t=5, verbose=False)
Mean Wasserstein distance 333.6782623979343
Mean Wasserstein distance approximated 333.6782623979343
Mean computational time for finding T 0.05284874439239502
Mean computational time for the approximated Wasserstein distance 1.811981201171875e-06
Mean computational time for the real Wasserstein distance 0.006013751029968262
Namespace(KL=1, alpha_experiment=False, barycenter=False, batch_size=None, clique_size_s=10, clique_size_t=10, constraint=True, cross_val=False, dimension=2, dimension_s=20, dimension_t=10, enough_space=True, entropy_experiment=False, epsilon=0.1, epsilon_min=0.0, from_graphs='', iter_epsilon=1000, iter_max=1, learning_step=0.8, loss_func_name='1_loss', n_iter_algo=10, n_neighbors=5, n_samples_s=20, n_samples_t=20, name_algo='e_gromov_KL', name_dataset='gaussian_point_graph', nb_iter_batch=1, nb_iter_update_Y=400, noise_graph=0.1, p_in_s=0.5, p_in_t=0.5, param1='0.1', param2='', pickle_name='2', pickle_path='pickle_compare', plot=False, ps_out_s=0.1, ps_out_t=0.1, rdm_seed=12345, repeat=True, same_space=False, save_pickle=True, sparse_graph=True, to_graphs='', value_graph=True, variance_s=5, variance_t=5, verbose=False)
Mean Wasserstein distance 333.6782623979343
Mean Wasserstein distance approximated 333.6782623979343
Mean computational time for finding T 0.052858400344848636
Mean computational time for the approximated Wasserstein distance 1.7642974853515626e-06
Mean computational time for the real Wasserstein distance 0.006059336662292481
Namespace(KL=1, alpha_experiment=False, barycenter=False, batch_size=None, clique_size_s=10, clique_size_t=10, constraint=True, cross_val=False, dimension=2, dimension_s=20, dimension_t=10, enough_space=True, entropy_experiment=False, epsilon=0.1, epsilon_min=0.0, from_graphs='', iter_epsilon=1000, iter_max=1, learning_step=0.8, loss_func_name='1_loss', n_iter_algo=10, n_neighbors=5, n_samples_s=20, n_samples_t=20, name_algo='e_gromov_KL', name_dataset='gaussian_point_graph', nb_iter_batch=1, nb_iter_update_Y=400, noise_graph=0.1, p_in_s=0.5, p_in_t=0.5, param1='0.1', param2='', pickle_name='2', pickle_path='pickle_compare', plot=False, ps_out_s=0.1, ps_out_t=0.1, rdm_seed=12345, repeat=True, same_space=False, save_pickle=True, sparse_graph=True, to_graphs='', value_graph=True, variance_s=5, variance_t=5, verbose=False)
Mean Wasserstein distance 333.6782623979343
Mean Wasserstein distance approximated 333.6782623979343
Mean computational time for finding T 0.053063249588012694
Mean computational time for the approximated Wasserstein distance 1.6450881958007813e-06
Mean computational time for the real Wasserstein distance 0.006012535095214844
Namespace(KL=1, alpha_experiment=False, barycenter=False, batch_size=None, clique_size_s=10, clique_size_t=10, constraint=True, cross_val=False, dimension=2, dimension_s=20, dimension_t=10, enough_space=True, entropy_experiment=False, epsilon=0.1, epsilon_min=0.0, from_graphs='', iter_epsilon=1000, iter_max=1, learning_step=0.8, loss_func_name='1_loss', n_iter_algo=10, n_neighbors=5, n_samples_s=20, n_samples_t=20, name_algo='e_gromov_KL', name_dataset='gaussian_point_graph', nb_iter_batch=1, nb_iter_update_Y=400, noise_graph=0.1, p_in_s=0.5, p_in_t=0.5, param1='0.1', param2='', pickle_name='2', pickle_path='pickle_compare', plot=False, ps_out_s=0.1, ps_out_t=0.1, rdm_seed=12345, repeat=True, same_space=False, save_pickle=True, sparse_graph=True, to_graphs='', value_graph=True, variance_s=5, variance_t=5, verbose=False)
Mean Wasserstein distance 333.6782623979343
Mean Wasserstein distance approximated 333.6782623979343
Mean computational time for finding T 0.05328326225280762
Mean computational time for the approximated Wasserstein distance 1.430511474609375e-06
Mean computational time for the real Wasserstein distance 0.006026744842529297
---------------------------------------
Begin Slurm Epilog: Jun-05-2023 15:15:45
Job ID:        2359510
Array Job ID:  _4294967294
User ID:       klapborisuth3
Account:       gts-saluru8-coda20
Job name:      e_gromov_KL_gaussian_point_graph_20_1_loss_0.1
Resources:     cpu=8,mem=64G,node=1
Rsrc Used:     cput=00:08:40,vmem=9684K,walltime=00:01:05,mem=8524K,energy_used=0
Partition:     cpu-small
QOS:           inferno
Nodes:         atl1-1-02-011-7-2
---------------------------------------
