---------------------------------------
Begin Slurm Prolog: Jun-05-2023 15:49:53
Job ID:    2360152
User ID:   klapborisuth3
Account:   gts-saluru8-coda20
Job name:  sliced_gromov_gaussian_point_graph_2000_1_loss
Partition: cpu-large
QOS:       inferno
---------------------------------------
Namespace(KL=1, alpha_experiment=False, barycenter=False, batch_size=None, clique_size_s=200, clique_size_t=200, constraint=True, cross_val=False, dimension=2, dimension_s=20, dimension_t=10, enough_space=True, entropy_experiment=False, epsilon=1.0, epsilon_min=0.0, from_graphs='', iter_epsilon=1000, iter_max=1, learning_step=0.8, loss_func_name='1_loss', n_iter_algo=10, n_neighbors=5, n_samples_s=2000, n_samples_t=2000, name_algo='sliced_gromov', name_dataset='gaussian_point_graph', nb_iter_batch=1, nb_iter_update_Y=400, noise_graph=0.1, p_in_s=0.5, p_in_t=0.5, param1='', param2='', pickle_name='2', pickle_path='pickle_compare', plot=False, ps_out_s=0.1, ps_out_t=0.1, rdm_seed=12345, repeat=True, same_space=False, save_pickle=True, sparse_graph=True, to_graphs='', value_graph=True, variance_s=5, variance_t=5, verbose=False)
Mean Wasserstein distance nan
Mean Wasserstein distance approximated 12.400667052196585
Mean computational time for finding T 24.403970336914064
Mean computational time for the approximated Wasserstein distance 3.5524368286132813e-06
Mean computational time for the real Wasserstein distance nan
Namespace(KL=1, alpha_experiment=False, barycenter=False, batch_size=None, clique_size_s=200, clique_size_t=200, constraint=True, cross_val=False, dimension=2, dimension_s=20, dimension_t=10, enough_space=True, entropy_experiment=False, epsilon=1.0, epsilon_min=0.0, from_graphs='', iter_epsilon=1000, iter_max=1, learning_step=0.8, loss_func_name='1_loss', n_iter_algo=10, n_neighbors=5, n_samples_s=2000, n_samples_t=2000, name_algo='sliced_gromov', name_dataset='gaussian_point_graph', nb_iter_batch=1, nb_iter_update_Y=400, noise_graph=0.1, p_in_s=0.5, p_in_t=0.5, param1='', param2='', pickle_name='2', pickle_path='pickle_compare', plot=False, ps_out_s=0.1, ps_out_t=0.1, rdm_seed=12345, repeat=True, same_space=False, save_pickle=True, sparse_graph=True, to_graphs='', value_graph=True, variance_s=5, variance_t=5, verbose=False)
Mean Wasserstein distance nan
Mean Wasserstein distance approximated 12.400667052196585
Mean computational time for finding T 24.425971484184267
Mean computational time for the approximated Wasserstein distance 2.765655517578125e-06
Mean computational time for the real Wasserstein distance nan
Namespace(KL=1, alpha_experiment=False, barycenter=False, batch_size=None, clique_size_s=200, clique_size_t=200, constraint=True, cross_val=False, dimension=2, dimension_s=20, dimension_t=10, enough_space=True, entropy_experiment=False, epsilon=1.0, epsilon_min=0.0, from_graphs='', iter_epsilon=1000, iter_max=1, learning_step=0.8, loss_func_name='1_loss', n_iter_algo=10, n_neighbors=5, n_samples_s=2000, n_samples_t=2000, name_algo='sliced_gromov', name_dataset='gaussian_point_graph', nb_iter_batch=1, nb_iter_update_Y=400, noise_graph=0.1, p_in_s=0.5, p_in_t=0.5, param1='', param2='', pickle_name='2', pickle_path='pickle_compare', plot=False, ps_out_s=0.1, ps_out_t=0.1, rdm_seed=12345, repeat=True, same_space=False, save_pickle=True, sparse_graph=True, to_graphs='', value_graph=True, variance_s=5, variance_t=5, verbose=False)
Mean Wasserstein distance nan
Mean Wasserstein distance approximated 12.400667052196585
Mean computational time for finding T 24.4592218875885
Mean computational time for the approximated Wasserstein distance 2.5272369384765624e-06
Mean computational time for the real Wasserstein distance nan
Namespace(KL=1, alpha_experiment=False, barycenter=False, batch_size=None, clique_size_s=200, clique_size_t=200, constraint=True, cross_val=False, dimension=2, dimension_s=20, dimension_t=10, enough_space=True, entropy_experiment=False, epsilon=1.0, epsilon_min=0.0, from_graphs='', iter_epsilon=1000, iter_max=1, learning_step=0.8, loss_func_name='1_loss', n_iter_algo=10, n_neighbors=5, n_samples_s=2000, n_samples_t=2000, name_algo='sliced_gromov', name_dataset='gaussian_point_graph', nb_iter_batch=1, nb_iter_update_Y=400, noise_graph=0.1, p_in_s=0.5, p_in_t=0.5, param1='', param2='', pickle_name='2', pickle_path='pickle_compare', plot=False, ps_out_s=0.1, ps_out_t=0.1, rdm_seed=12345, repeat=True, same_space=False, save_pickle=True, sparse_graph=True, to_graphs='', value_graph=True, variance_s=5, variance_t=5, verbose=False)
Mean Wasserstein distance nan
Mean Wasserstein distance approximated 12.400667052196585
Mean computational time for finding T 24.601890134811402
Mean computational time for the approximated Wasserstein distance 2.5510787963867186e-06
Mean computational time for the real Wasserstein distance nan
Namespace(KL=1, alpha_experiment=False, barycenter=False, batch_size=None, clique_size_s=200, clique_size_t=200, constraint=True, cross_val=False, dimension=2, dimension_s=20, dimension_t=10, enough_space=True, entropy_experiment=False, epsilon=1.0, epsilon_min=0.0, from_graphs='', iter_epsilon=1000, iter_max=1, learning_step=0.8, loss_func_name='1_loss', n_iter_algo=10, n_neighbors=5, n_samples_s=2000, n_samples_t=2000, name_algo='sliced_gromov', name_dataset='gaussian_point_graph', nb_iter_batch=1, nb_iter_update_Y=400, noise_graph=0.1, p_in_s=0.5, p_in_t=0.5, param1='', param2='', pickle_name='2', pickle_path='pickle_compare', plot=False, ps_out_s=0.1, ps_out_t=0.1, rdm_seed=12345, repeat=True, same_space=False, save_pickle=True, sparse_graph=True, to_graphs='', value_graph=True, variance_s=5, variance_t=5, verbose=False)
Mean Wasserstein distance nan
Mean Wasserstein distance approximated 12.400667052196585
Mean computational time for finding T 24.615571713447572
Mean computational time for the approximated Wasserstein distance 2.408027648925781e-06
Mean computational time for the real Wasserstein distance nan
Namespace(KL=1, alpha_experiment=False, barycenter=False, batch_size=None, clique_size_s=200, clique_size_t=200, constraint=True, cross_val=False, dimension=2, dimension_s=20, dimension_t=10, enough_space=True, entropy_experiment=False, epsilon=1.0, epsilon_min=0.0, from_graphs='', iter_epsilon=1000, iter_max=1, learning_step=0.8, loss_func_name='1_loss', n_iter_algo=10, n_neighbors=5, n_samples_s=2000, n_samples_t=2000, name_algo='sliced_gromov', name_dataset='gaussian_point_graph', nb_iter_batch=1, nb_iter_update_Y=400, noise_graph=0.1, p_in_s=0.5, p_in_t=0.5, param1='', param2='', pickle_name='2', pickle_path='pickle_compare', plot=False, ps_out_s=0.1, ps_out_t=0.1, rdm_seed=12345, repeat=True, same_space=False, save_pickle=True, sparse_graph=True, to_graphs='', value_graph=True, variance_s=5, variance_t=5, verbose=False)
Mean Wasserstein distance nan
Mean Wasserstein distance approximated 12.400667052196585
Mean computational time for finding T 24.63703875541687
Mean computational time for the approximated Wasserstein distance 2.574920654296875e-06
Mean computational time for the real Wasserstein distance nan
Namespace(KL=1, alpha_experiment=False, barycenter=False, batch_size=None, clique_size_s=200, clique_size_t=200, constraint=True, cross_val=False, dimension=2, dimension_s=20, dimension_t=10, enough_space=True, entropy_experiment=False, epsilon=1.0, epsilon_min=0.0, from_graphs='', iter_epsilon=1000, iter_max=1, learning_step=0.8, loss_func_name='1_loss', n_iter_algo=10, n_neighbors=5, n_samples_s=2000, n_samples_t=2000, name_algo='sliced_gromov', name_dataset='gaussian_point_graph', nb_iter_batch=1, nb_iter_update_Y=400, noise_graph=0.1, p_in_s=0.5, p_in_t=0.5, param1='', param2='', pickle_name='2', pickle_path='pickle_compare', plot=False, ps_out_s=0.1, ps_out_t=0.1, rdm_seed=12345, repeat=True, same_space=False, save_pickle=True, sparse_graph=True, to_graphs='', value_graph=True, variance_s=5, variance_t=5, verbose=False)
Mean Wasserstein distance nan
Mean Wasserstein distance approximated 12.400667052196585
Mean computational time for finding T 24.785572957992553
Mean computational time for the approximated Wasserstein distance 2.384185791015625e-06
Mean computational time for the real Wasserstein distance nan
Namespace(KL=1, alpha_experiment=False, barycenter=False, batch_size=None, clique_size_s=200, clique_size_t=200, constraint=True, cross_val=False, dimension=2, dimension_s=20, dimension_t=10, enough_space=True, entropy_experiment=False, epsilon=1.0, epsilon_min=0.0, from_graphs='', iter_epsilon=1000, iter_max=1, learning_step=0.8, loss_func_name='1_loss', n_iter_algo=10, n_neighbors=5, n_samples_s=2000, n_samples_t=2000, name_algo='sliced_gromov', name_dataset='gaussian_point_graph', nb_iter_batch=1, nb_iter_update_Y=400, noise_graph=0.1, p_in_s=0.5, p_in_t=0.5, param1='', param2='', pickle_name='2', pickle_path='pickle_compare', plot=False, ps_out_s=0.1, ps_out_t=0.1, rdm_seed=12345, repeat=True, same_space=False, save_pickle=True, sparse_graph=True, to_graphs='', value_graph=True, variance_s=5, variance_t=5, verbose=False)
Mean Wasserstein distance nan
Mean Wasserstein distance approximated 12.400667052196585
Mean computational time for finding T 24.79060184955597
Mean computational time for the approximated Wasserstein distance 2.5510787963867186e-06
Mean computational time for the real Wasserstein distance nan
---------------------------------------
Begin Slurm Epilog: Jun-05-2023 15:54:53
Job ID:        2360152
Array Job ID:  _4294967294
User ID:       klapborisuth3
Account:       gts-saluru8-coda20
Job name:      sliced_gromov_gaussian_point_graph_2000_1_loss
Resources:     
Rsrc Used:     cput=00:00:00,vmem=,walltime=00:00:00,mem=,energy_used=0
Partition:     cpu-large
QOS:           inferno
Nodes:         None assigned
---------------------------------------
