---------------------------------------
Begin Slurm Prolog: Jun-05-2023 15:45:43
Job ID:    2360147
User ID:   klapborisuth3
Account:   gts-saluru8-coda20
Job name:  sliced_gromov_gaussian_point_graph_500_square_loss
Partition: cpu-medium
QOS:       inferno
---------------------------------------
Namespace(KL=1, alpha_experiment=False, barycenter=False, batch_size=None, clique_size_s=200, clique_size_t=200, constraint=True, cross_val=False, dimension=2, dimension_s=20, dimension_t=10, enough_space=True, entropy_experiment=False, epsilon=1.0, epsilon_min=0.0, from_graphs='', iter_epsilon=1000, iter_max=1, learning_step=0.8, loss_func_name='square_loss', n_iter_algo=10, n_neighbors=5, n_samples_s=500, n_samples_t=500, name_algo='sliced_gromov', name_dataset='gaussian_point_graph', nb_iter_batch=1, nb_iter_update_Y=400, noise_graph=0.1, p_in_s=0.5, p_in_t=0.5, param1='', param2='', pickle_name='2', pickle_path='pickle_compare', plot=False, ps_out_s=0.1, ps_out_t=0.1, rdm_seed=12345, repeat=True, same_space=False, save_pickle=True, sparse_graph=True, to_graphs='', value_graph=True, variance_s=5, variance_t=5, verbose=False)
Mean Wasserstein distance 55314.38692158812
Mean Wasserstein distance approximated 474.9649003356033
Mean computational time for finding T 0.16399502754211426
Mean computational time for the approximated Wasserstein distance 2.002716064453125e-06
Mean computational time for the real Wasserstein distance 639.4795495986939
Namespace(KL=1, alpha_experiment=False, barycenter=False, batch_size=None, clique_size_s=200, clique_size_t=200, constraint=True, cross_val=False, dimension=2, dimension_s=20, dimension_t=10, enough_space=True, entropy_experiment=False, epsilon=1.0, epsilon_min=0.0, from_graphs='', iter_epsilon=1000, iter_max=1, learning_step=0.8, loss_func_name='square_loss', n_iter_algo=10, n_neighbors=5, n_samples_s=500, n_samples_t=500, name_algo='sliced_gromov', name_dataset='gaussian_point_graph', nb_iter_batch=1, nb_iter_update_Y=400, noise_graph=0.1, p_in_s=0.5, p_in_t=0.5, param1='', param2='', pickle_name='2', pickle_path='pickle_compare', plot=False, ps_out_s=0.1, ps_out_t=0.1, rdm_seed=12345, repeat=True, same_space=False, save_pickle=True, sparse_graph=True, to_graphs='', value_graph=True, variance_s=5, variance_t=5, verbose=False)
Mean Wasserstein distance 55314.38692158812
Mean Wasserstein distance approximated 474.9649003356033
Mean computational time for finding T 0.15574126243591307
Mean computational time for the approximated Wasserstein distance 1.33514404296875e-06
Mean computational time for the real Wasserstein distance 639.6534325838089
Namespace(KL=1, alpha_experiment=False, barycenter=False, batch_size=None, clique_size_s=200, clique_size_t=200, constraint=True, cross_val=False, dimension=2, dimension_s=20, dimension_t=10, enough_space=True, entropy_experiment=False, epsilon=1.0, epsilon_min=0.0, from_graphs='', iter_epsilon=1000, iter_max=1, learning_step=0.8, loss_func_name='square_loss', n_iter_algo=10, n_neighbors=5, n_samples_s=500, n_samples_t=500, name_algo='sliced_gromov', name_dataset='gaussian_point_graph', nb_iter_batch=1, nb_iter_update_Y=400, noise_graph=0.1, p_in_s=0.5, p_in_t=0.5, param1='', param2='', pickle_name='2', pickle_path='pickle_compare', plot=False, ps_out_s=0.1, ps_out_t=0.1, rdm_seed=12345, repeat=True, same_space=False, save_pickle=True, sparse_graph=True, to_graphs='', value_graph=True, variance_s=5, variance_t=5, verbose=False)
Mean Wasserstein distance 55314.38692158812
Mean Wasserstein distance approximated 474.9649003356033
Mean computational time for finding T 0.15909690856933595
Mean computational time for the approximated Wasserstein distance 2.09808349609375e-06
Mean computational time for the real Wasserstein distance 642.3534015417099
Namespace(KL=1, alpha_experiment=False, barycenter=False, batch_size=None, clique_size_s=200, clique_size_t=200, constraint=True, cross_val=False, dimension=2, dimension_s=20, dimension_t=10, enough_space=True, entropy_experiment=False, epsilon=1.0, epsilon_min=0.0, from_graphs='', iter_epsilon=1000, iter_max=1, learning_step=0.8, loss_func_name='square_loss', n_iter_algo=10, n_neighbors=5, n_samples_s=500, n_samples_t=500, name_algo='sliced_gromov', name_dataset='gaussian_point_graph', nb_iter_batch=1, nb_iter_update_Y=400, noise_graph=0.1, p_in_s=0.5, p_in_t=0.5, param1='', param2='', pickle_name='2', pickle_path='pickle_compare', plot=False, ps_out_s=0.1, ps_out_t=0.1, rdm_seed=12345, repeat=True, same_space=False, save_pickle=True, sparse_graph=True, to_graphs='', value_graph=True, variance_s=5, variance_t=5, verbose=False)
Mean Wasserstein distance 55314.38692158812
Mean Wasserstein distance approximated 474.9649003356033
Mean computational time for finding T 0.15306601524353028
Mean computational time for the approximated Wasserstein distance 1.1920928955078125e-06
Mean computational time for the real Wasserstein distance 643.0683001041413
Namespace(KL=1, alpha_experiment=False, barycenter=False, batch_size=None, clique_size_s=200, clique_size_t=200, constraint=True, cross_val=False, dimension=2, dimension_s=20, dimension_t=10, enough_space=True, entropy_experiment=False, epsilon=1.0, epsilon_min=0.0, from_graphs='', iter_epsilon=1000, iter_max=1, learning_step=0.8, loss_func_name='square_loss', n_iter_algo=10, n_neighbors=5, n_samples_s=500, n_samples_t=500, name_algo='sliced_gromov', name_dataset='gaussian_point_graph', nb_iter_batch=1, nb_iter_update_Y=400, noise_graph=0.1, p_in_s=0.5, p_in_t=0.5, param1='', param2='', pickle_name='2', pickle_path='pickle_compare', plot=False, ps_out_s=0.1, ps_out_t=0.1, rdm_seed=12345, repeat=True, same_space=False, save_pickle=True, sparse_graph=True, to_graphs='', value_graph=True, variance_s=5, variance_t=5, verbose=False)
Mean Wasserstein distance 55314.38692158812
Mean Wasserstein distance approximated 474.9649003356033
Mean computational time for finding T 0.1533132314682007
Mean computational time for the approximated Wasserstein distance 9.5367431640625e-07
Mean computational time for the real Wasserstein distance 643.100246500969
Namespace(KL=1, alpha_experiment=False, barycenter=False, batch_size=None, clique_size_s=200, clique_size_t=200, constraint=True, cross_val=False, dimension=2, dimension_s=20, dimension_t=10, enough_space=True, entropy_experiment=False, epsilon=1.0, epsilon_min=0.0, from_graphs='', iter_epsilon=1000, iter_max=1, learning_step=0.8, loss_func_name='square_loss', n_iter_algo=10, n_neighbors=5, n_samples_s=500, n_samples_t=500, name_algo='sliced_gromov', name_dataset='gaussian_point_graph', nb_iter_batch=1, nb_iter_update_Y=400, noise_graph=0.1, p_in_s=0.5, p_in_t=0.5, param1='', param2='', pickle_name='2', pickle_path='pickle_compare', plot=False, ps_out_s=0.1, ps_out_t=0.1, rdm_seed=12345, repeat=True, same_space=False, save_pickle=True, sparse_graph=True, to_graphs='', value_graph=True, variance_s=5, variance_t=5, verbose=False)
Mean Wasserstein distance 55314.38692158812
Mean Wasserstein distance approximated 474.9649003356033
Mean computational time for finding T 0.154846715927124
Mean computational time for the approximated Wasserstein distance 1.1682510375976563e-06
Mean computational time for the real Wasserstein distance 643.4176591157914
Namespace(KL=1, alpha_experiment=False, barycenter=False, batch_size=None, clique_size_s=200, clique_size_t=200, constraint=True, cross_val=False, dimension=2, dimension_s=20, dimension_t=10, enough_space=True, entropy_experiment=False, epsilon=1.0, epsilon_min=0.0, from_graphs='', iter_epsilon=1000, iter_max=1, learning_step=0.8, loss_func_name='square_loss', n_iter_algo=10, n_neighbors=5, n_samples_s=500, n_samples_t=500, name_algo='sliced_gromov', name_dataset='gaussian_point_graph', nb_iter_batch=1, nb_iter_update_Y=400, noise_graph=0.1, p_in_s=0.5, p_in_t=0.5, param1='', param2='', pickle_name='2', pickle_path='pickle_compare', plot=False, ps_out_s=0.1, ps_out_t=0.1, rdm_seed=12345, repeat=True, same_space=False, save_pickle=True, sparse_graph=True, to_graphs='', value_graph=True, variance_s=5, variance_t=5, verbose=False)
Mean Wasserstein distance 55314.38692158812
Mean Wasserstein distance approximated 474.9649003356033
Mean computational time for finding T 0.1546112298965454
Mean computational time for the approximated Wasserstein distance 1.33514404296875e-06
Mean computational time for the real Wasserstein distance 644.2967783689498
Namespace(KL=1, alpha_experiment=False, barycenter=False, batch_size=None, clique_size_s=200, clique_size_t=200, constraint=True, cross_val=False, dimension=2, dimension_s=20, dimension_t=10, enough_space=True, entropy_experiment=False, epsilon=1.0, epsilon_min=0.0, from_graphs='', iter_epsilon=1000, iter_max=1, learning_step=0.8, loss_func_name='square_loss', n_iter_algo=10, n_neighbors=5, n_samples_s=500, n_samples_t=500, name_algo='sliced_gromov', name_dataset='gaussian_point_graph', nb_iter_batch=1, nb_iter_update_Y=400, noise_graph=0.1, p_in_s=0.5, p_in_t=0.5, param1='', param2='', pickle_name='2', pickle_path='pickle_compare', plot=False, ps_out_s=0.1, ps_out_t=0.1, rdm_seed=12345, repeat=True, same_space=False, save_pickle=True, sparse_graph=True, to_graphs='', value_graph=True, variance_s=5, variance_t=5, verbose=False)
Mean Wasserstein distance 55314.38692158812
Mean Wasserstein distance approximated 474.9649003356033
Mean computational time for finding T 0.1572232723236084
Mean computational time for the approximated Wasserstein distance 1.71661376953125e-06
Mean computational time for the real Wasserstein distance 645.4544706583023
