---------------------------------------
Begin Slurm Prolog: Jun-05-2023 15:29:44
Job ID:    2359694
User ID:   klapborisuth3
Account:   gts-saluru8-coda20
Job name:  e_gromov_KL_gaussian_graph_100_square_loss_0.005
Partition: cpu-small
QOS:       inferno
---------------------------------------
Namespace(KL=1, alpha_experiment=False, barycenter=False, batch_size=None, clique_size_s=50, clique_size_t=50, constraint=True, cross_val=False, dimension=2, dimension_s=20, dimension_t=10, enough_space=True, entropy_experiment=False, epsilon=0.005, epsilon_min=0.0, from_graphs='', iter_epsilon=1000, iter_max=1, learning_step=0.8, loss_func_name='square_loss', n_iter_algo=10, n_neighbors=5, n_samples_s=100, n_samples_t=100, name_algo='e_gromov_KL', name_dataset='gaussian_graph', nb_iter_batch=1, nb_iter_update_Y=400, noise_graph=0.1, p_in_s=0.5, p_in_t=0.5, param1='0.005', param2='', pickle_name='2', pickle_path='pickle_compare', plot=False, ps_out_s=0.1, ps_out_t=0.1, rdm_seed=12345, repeat=True, same_space=False, save_pickle=True, sparse_graph=True, to_graphs='', value_graph=True, variance_s=5, variance_t=5, verbose=False)
The method as not converged. Return last stable T. Nb iter : 3
The method as not converged. Return last stable T. Nb iter : 3
The method as not converged. Return last stable T. Nb iter : 3
The method as not converged. Return last stable T. Nb iter : 3
The method as not converged. Return last stable T. Nb iter : 3
The method as not converged. Return last stable T. Nb iter : 3
The method as not converged. Return last stable T. Nb iter : 3
The method as not converged. Return last stable T. Nb iter : 3
The method as not converged. Return last stable T. Nb iter : 3
The method as not converged. Return last stable T. Nb iter : 3
Mean Wasserstein distance 1.5112158665271838
Mean Wasserstein distance approximated 1.511215864626171
Mean computational time for finding T 0.07869057655334473
Mean computational time for the approximated Wasserstein distance 1.2159347534179687e-06
Mean computational time for the real Wasserstein distance 0.4467152118682861
Namespace(KL=1, alpha_experiment=False, barycenter=False, batch_size=None, clique_size_s=50, clique_size_t=50, constraint=True, cross_val=False, dimension=2, dimension_s=20, dimension_t=10, enough_space=True, entropy_experiment=False, epsilon=0.005, epsilon_min=0.0, from_graphs='', iter_epsilon=1000, iter_max=1, learning_step=0.8, loss_func_name='square_loss', n_iter_algo=10, n_neighbors=5, n_samples_s=100, n_samples_t=100, name_algo='e_gromov_KL', name_dataset='gaussian_graph', nb_iter_batch=1, nb_iter_update_Y=400, noise_graph=0.1, p_in_s=0.5, p_in_t=0.5, param1='0.005', param2='', pickle_name='2', pickle_path='pickle_compare', plot=False, ps_out_s=0.1, ps_out_t=0.1, rdm_seed=12345, repeat=True, same_space=False, save_pickle=True, sparse_graph=True, to_graphs='', value_graph=True, variance_s=5, variance_t=5, verbose=False)
The method as not converged. Return last stable T. Nb iter : 3
The method as not converged. Return last stable T. Nb iter : 3
The method as not converged. Return last stable T. Nb iter : 3
The method as not converged. Return last stable T. Nb iter : 3
The method as not converged. Return last stable T. Nb iter : 3
The method as not converged. Return last stable T. Nb iter : 3
The method as not converged. Return last stable T. Nb iter : 3
The method as not converged. Return last stable T. Nb iter : 3
The method as not converged. Return last stable T. Nb iter : 3
The method as not converged. Return last stable T. Nb iter : 3
Mean Wasserstein distance 1.5112158665271838
Mean Wasserstein distance approximated 1.511215864626171
Mean computational time for finding T 0.07892253398895263
Mean computational time for the approximated Wasserstein distance 1.049041748046875e-06
Mean computational time for the real Wasserstein distance 0.4465552568435669
Namespace(KL=1, alpha_experiment=False, barycenter=False, batch_size=None, clique_size_s=50, clique_size_t=50, constraint=True, cross_val=False, dimension=2, dimension_s=20, dimension_t=10, enough_space=True, entropy_experiment=False, epsilon=0.005, epsilon_min=0.0, from_graphs='', iter_epsilon=1000, iter_max=1, learning_step=0.8, loss_func_name='square_loss', n_iter_algo=10, n_neighbors=5, n_samples_s=100, n_samples_t=100, name_algo='e_gromov_KL', name_dataset='gaussian_graph', nb_iter_batch=1, nb_iter_update_Y=400, noise_graph=0.1, p_in_s=0.5, p_in_t=0.5, param1='0.005', param2='', pickle_name='2', pickle_path='pickle_compare', plot=False, ps_out_s=0.1, ps_out_t=0.1, rdm_seed=12345, repeat=True, same_space=False, save_pickle=True, sparse_graph=True, to_graphs='', value_graph=True, variance_s=5, variance_t=5, verbose=False)
The method as not converged. Return last stable T. Nb iter : 3
The method as not converged. Return last stable T. Nb iter : 3
The method as not converged. Return last stable T. Nb iter : 3
The method as not converged. Return last stable T. Nb iter : 3
The method as not converged. Return last stable T. Nb iter : 3
The method as not converged. Return last stable T. Nb iter : 3
The method as not converged. Return last stable T. Nb iter : 3
The method as not converged. Return last stable T. Nb iter : 3
The method as not converged. Return last stable T. Nb iter : 3
The method as not converged. Return last stable T. Nb iter : 3
Mean Wasserstein distance 1.5112158665271838
Mean Wasserstein distance approximated 1.511215864626171
Mean computational time for finding T 0.07871797084808349
Mean computational time for the approximated Wasserstein distance 1.1444091796875e-06
Mean computational time for the real Wasserstein distance 0.4466707229614258
Namespace(KL=1, alpha_experiment=False, barycenter=False, batch_size=None, clique_size_s=50, clique_size_t=50, constraint=True, cross_val=False, dimension=2, dimension_s=20, dimension_t=10, enough_space=True, entropy_experiment=False, epsilon=0.005, epsilon_min=0.0, from_graphs='', iter_epsilon=1000, iter_max=1, learning_step=0.8, loss_func_name='square_loss', n_iter_algo=10, n_neighbors=5, n_samples_s=100, n_samples_t=100, name_algo='e_gromov_KL', name_dataset='gaussian_graph', nb_iter_batch=1, nb_iter_update_Y=400, noise_graph=0.1, p_in_s=0.5, p_in_t=0.5, param1='0.005', param2='', pickle_name='2', pickle_path='pickle_compare', plot=False, ps_out_s=0.1, ps_out_t=0.1, rdm_seed=12345, repeat=True, same_space=False, save_pickle=True, sparse_graph=True, to_graphs='', value_graph=True, variance_s=5, variance_t=5, verbose=False)
The method as not converged. Return last stable T. Nb iter : 3
The method as not converged. Return last stable T. Nb iter : 3
The method as not converged. Return last stable T. Nb iter : 3
The method as not converged. Return last stable T. Nb iter : 3
The method as not converged. Return last stable T. Nb iter : 3
The method as not converged. Return last stable T. Nb iter : 3
The method as not converged. Return last stable T. Nb iter : 3
The method as not converged. Return last stable T. Nb iter : 3
The method as not converged. Return last stable T. Nb iter : 3
The method as not converged. Return last stable T. Nb iter : 3
Mean Wasserstein distance 1.5112158665271838
Mean Wasserstein distance approximated 1.511215864626171
Mean computational time for finding T 0.07897155284881592
Mean computational time for the approximated Wasserstein distance 1.1444091796875e-06
Mean computational time for the real Wasserstein distance 0.44718494415283205
Namespace(KL=1, alpha_experiment=False, barycenter=False, batch_size=None, clique_size_s=50, clique_size_t=50, constraint=True, cross_val=False, dimension=2, dimension_s=20, dimension_t=10, enough_space=True, entropy_experiment=False, epsilon=0.005, epsilon_min=0.0, from_graphs='', iter_epsilon=1000, iter_max=1, learning_step=0.8, loss_func_name='square_loss', n_iter_algo=10, n_neighbors=5, n_samples_s=100, n_samples_t=100, name_algo='e_gromov_KL', name_dataset='gaussian_graph', nb_iter_batch=1, nb_iter_update_Y=400, noise_graph=0.1, p_in_s=0.5, p_in_t=0.5, param1='0.005', param2='', pickle_name='2', pickle_path='pickle_compare', plot=False, ps_out_s=0.1, ps_out_t=0.1, rdm_seed=12345, repeat=True, same_space=False, save_pickle=True, sparse_graph=True, to_graphs='', value_graph=True, variance_s=5, variance_t=5, verbose=False)
The method as not converged. Return last stable T. Nb iter : 3
The method as not converged. Return last stable T. Nb iter : 3
The method as not converged. Return last stable T. Nb iter : 3
The method as not converged. Return last stable T. Nb iter : 3
The method as not converged. Return last stable T. Nb iter : 3
The method as not converged. Return last stable T. Nb iter : 3
The method as not converged. Return last stable T. Nb iter : 3
The method as not converged. Return last stable T. Nb iter : 3
The method as not converged. Return last stable T. Nb iter : 3
The method as not converged. Return last stable T. Nb iter : 3
Mean Wasserstein distance 1.5112158665271838
Mean Wasserstein distance approximated 1.511215864626171
Mean computational time for finding T 0.07883424758911133
Mean computational time for the approximated Wasserstein distance 1.239776611328125e-06
Mean computational time for the real Wasserstein distance 0.44744274616241453
Namespace(KL=1, alpha_experiment=False, barycenter=False, batch_size=None, clique_size_s=50, clique_size_t=50, constraint=True, cross_val=False, dimension=2, dimension_s=20, dimension_t=10, enough_space=True, entropy_experiment=False, epsilon=0.005, epsilon_min=0.0, from_graphs='', iter_epsilon=1000, iter_max=1, learning_step=0.8, loss_func_name='square_loss', n_iter_algo=10, n_neighbors=5, n_samples_s=100, n_samples_t=100, name_algo='e_gromov_KL', name_dataset='gaussian_graph', nb_iter_batch=1, nb_iter_update_Y=400, noise_graph=0.1, p_in_s=0.5, p_in_t=0.5, param1='0.005', param2='', pickle_name='2', pickle_path='pickle_compare', plot=False, ps_out_s=0.1, ps_out_t=0.1, rdm_seed=12345, repeat=True, same_space=False, save_pickle=True, sparse_graph=True, to_graphs='', value_graph=True, variance_s=5, variance_t=5, verbose=False)
The method as not converged. Return last stable T. Nb iter : 3
The method as not converged. Return last stable T. Nb iter : 3
The method as not converged. Return last stable T. Nb iter : 3
The method as not converged. Return last stable T. Nb iter : 3
The method as not converged. Return last stable T. Nb iter : 3
The method as not converged. Return last stable T. Nb iter : 3
The method as not converged. Return last stable T. Nb iter : 3
The method as not converged. Return last stable T. Nb iter : 3
The method as not converged. Return last stable T. Nb iter : 3
The method as not converged. Return last stable T. Nb iter : 3
Mean Wasserstein distance 1.5112158665271838
Mean Wasserstein distance approximated 1.511215864626171
Mean computational time for finding T 0.07879886627197266
Mean computational time for the approximated Wasserstein distance 1.1444091796875e-06
Mean computational time for the real Wasserstein distance 0.4477388381958008
Namespace(KL=1, alpha_experiment=False, barycenter=False, batch_size=None, clique_size_s=50, clique_size_t=50, constraint=True, cross_val=False, dimension=2, dimension_s=20, dimension_t=10, enough_space=True, entropy_experiment=False, epsilon=0.005, epsilon_min=0.0, from_graphs='', iter_epsilon=1000, iter_max=1, learning_step=0.8, loss_func_name='square_loss', n_iter_algo=10, n_neighbors=5, n_samples_s=100, n_samples_t=100, name_algo='e_gromov_KL', name_dataset='gaussian_graph', nb_iter_batch=1, nb_iter_update_Y=400, noise_graph=0.1, p_in_s=0.5, p_in_t=0.5, param1='0.005', param2='', pickle_name='2', pickle_path='pickle_compare', plot=False, ps_out_s=0.1, ps_out_t=0.1, rdm_seed=12345, repeat=True, same_space=False, save_pickle=True, sparse_graph=True, to_graphs='', value_graph=True, variance_s=5, variance_t=5, verbose=False)
The method as not converged. Return last stable T. Nb iter : 3
The method as not converged. Return last stable T. Nb iter : 3
The method as not converged. Return last stable T. Nb iter : 3
The method as not converged. Return last stable T. Nb iter : 3
The method as not converged. Return last stable T. Nb iter : 3
The method as not converged. Return last stable T. Nb iter : 3
The method as not converged. Return last stable T. Nb iter : 3
The method as not converged. Return last stable T. Nb iter : 3
The method as not converged. Return last stable T. Nb iter : 3
The method as not converged. Return last stable T. Nb iter : 3
Mean Wasserstein distance 1.5112158665271838
Mean Wasserstein distance approximated 1.511215864626171
Mean computational time for finding T 0.07884244918823242
Mean computational time for the approximated Wasserstein distance 1.1205673217773438e-06
Mean computational time for the real Wasserstein distance 0.44782867431640627
Namespace(KL=1, alpha_experiment=False, barycenter=False, batch_size=None, clique_size_s=50, clique_size_t=50, constraint=True, cross_val=False, dimension=2, dimension_s=20, dimension_t=10, enough_space=True, entropy_experiment=False, epsilon=0.005, epsilon_min=0.0, from_graphs='', iter_epsilon=1000, iter_max=1, learning_step=0.8, loss_func_name='square_loss', n_iter_algo=10, n_neighbors=5, n_samples_s=100, n_samples_t=100, name_algo='e_gromov_KL', name_dataset='gaussian_graph', nb_iter_batch=1, nb_iter_update_Y=400, noise_graph=0.1, p_in_s=0.5, p_in_t=0.5, param1='0.005', param2='', pickle_name='2', pickle_path='pickle_compare', plot=False, ps_out_s=0.1, ps_out_t=0.1, rdm_seed=12345, repeat=True, same_space=False, save_pickle=True, sparse_graph=True, to_graphs='', value_graph=True, variance_s=5, variance_t=5, verbose=False)
The method as not converged. Return last stable T. Nb iter : 3
The method as not converged. Return last stable T. Nb iter : 3
The method as not converged. Return last stable T. Nb iter : 3
The method as not converged. Return last stable T. Nb iter : 3
The method as not converged. Return last stable T. Nb iter : 3
The method as not converged. Return last stable T. Nb iter : 3
The method as not converged. Return last stable T. Nb iter : 3
The method as not converged. Return last stable T. Nb iter : 3
The method as not converged. Return last stable T. Nb iter : 3
The method as not converged. Return last stable T. Nb iter : 3
Mean Wasserstein distance 1.5112158665271838
Mean Wasserstein distance approximated 1.511215864626171
Mean computational time for finding T 0.08004629611968994
Mean computational time for the approximated Wasserstein distance 1.2159347534179687e-06
Mean computational time for the real Wasserstein distance 0.44766812324523925
---------------------------------------
Begin Slurm Epilog: Jun-05-2023 15:31:34
Job ID:        2359694
Array Job ID:  _4294967294
User ID:       klapborisuth3
Account:       gts-saluru8-coda20
Job name:      e_gromov_KL_gaussian_graph_100_square_loss_0.005
Resources:     cpu=8,mem=64G,node=1
Rsrc Used:     cput=00:14:48,vmem=9260K,walltime=00:01:51,mem=8524K,energy_used=0
Partition:     cpu-small
QOS:           inferno
Nodes:         atl1-1-02-007-1-1
---------------------------------------
