---------------------------------------
Begin Slurm Prolog: Jun-05-2023 15:29:44
Job ID:    2359698
User ID:   klapborisuth3
Account:   gts-saluru8-coda20
Job name:  e_gromov_KL_gaussian_graph_100_square_loss_0.01
Partition: cpu-small
QOS:       inferno
---------------------------------------
Namespace(KL=1, alpha_experiment=False, barycenter=False, batch_size=None, clique_size_s=50, clique_size_t=50, constraint=True, cross_val=False, dimension=2, dimension_s=20, dimension_t=10, enough_space=True, entropy_experiment=False, epsilon=0.01, epsilon_min=0.0, from_graphs='', iter_epsilon=1000, iter_max=1, learning_step=0.8, loss_func_name='square_loss', n_iter_algo=10, n_neighbors=5, n_samples_s=100, n_samples_t=100, name_algo='e_gromov_KL', name_dataset='gaussian_graph', nb_iter_batch=1, nb_iter_update_Y=400, noise_graph=0.1, p_in_s=0.5, p_in_t=0.5, param1='0.01', param2='', pickle_name='2', pickle_path='pickle_compare', plot=False, ps_out_s=0.1, ps_out_t=0.1, rdm_seed=12345, repeat=True, same_space=False, save_pickle=True, sparse_graph=True, to_graphs='', value_graph=True, variance_s=5, variance_t=5, verbose=False)
The method as not converged. Return last stable T. Nb iter : 6
The method as not converged. Return last stable T. Nb iter : 6
The method as not converged. Return last stable T. Nb iter : 6
The method as not converged. Return last stable T. Nb iter : 6
The method as not converged. Return last stable T. Nb iter : 6
The method as not converged. Return last stable T. Nb iter : 6
The method as not converged. Return last stable T. Nb iter : 6
The method as not converged. Return last stable T. Nb iter : 6
The method as not converged. Return last stable T. Nb iter : 6
The method as not converged. Return last stable T. Nb iter : 6
Mean Wasserstein distance 1.3784331900085132
Mean Wasserstein distance approximated 1.3784331893671484
Mean computational time for finding T 0.1109539270401001
Mean computational time for the approximated Wasserstein distance 1.0013580322265625e-06
Mean computational time for the real Wasserstein distance 0.43903608322143556
Namespace(KL=1, alpha_experiment=False, barycenter=False, batch_size=None, clique_size_s=50, clique_size_t=50, constraint=True, cross_val=False, dimension=2, dimension_s=20, dimension_t=10, enough_space=True, entropy_experiment=False, epsilon=0.01, epsilon_min=0.0, from_graphs='', iter_epsilon=1000, iter_max=1, learning_step=0.8, loss_func_name='square_loss', n_iter_algo=10, n_neighbors=5, n_samples_s=100, n_samples_t=100, name_algo='e_gromov_KL', name_dataset='gaussian_graph', nb_iter_batch=1, nb_iter_update_Y=400, noise_graph=0.1, p_in_s=0.5, p_in_t=0.5, param1='0.01', param2='', pickle_name='2', pickle_path='pickle_compare', plot=False, ps_out_s=0.1, ps_out_t=0.1, rdm_seed=12345, repeat=True, same_space=False, save_pickle=True, sparse_graph=True, to_graphs='', value_graph=True, variance_s=5, variance_t=5, verbose=False)
The method as not converged. Return last stable T. Nb iter : 6
The method as not converged. Return last stable T. Nb iter : 6
The method as not converged. Return last stable T. Nb iter : 6
The method as not converged. Return last stable T. Nb iter : 6
The method as not converged. Return last stable T. Nb iter : 6
The method as not converged. Return last stable T. Nb iter : 6
The method as not converged. Return last stable T. Nb iter : 6
The method as not converged. Return last stable T. Nb iter : 6
The method as not converged. Return last stable T. Nb iter : 6
The method as not converged. Return last stable T. Nb iter : 6
Mean Wasserstein distance 1.3784331900085132
Mean Wasserstein distance approximated 1.3784331893671484
Mean computational time for finding T 0.11056509017944335
Mean computational time for the approximated Wasserstein distance 9.298324584960937e-07
Mean computational time for the real Wasserstein distance 0.4396519184112549
Namespace(KL=1, alpha_experiment=False, barycenter=False, batch_size=None, clique_size_s=50, clique_size_t=50, constraint=True, cross_val=False, dimension=2, dimension_s=20, dimension_t=10, enough_space=True, entropy_experiment=False, epsilon=0.01, epsilon_min=0.0, from_graphs='', iter_epsilon=1000, iter_max=1, learning_step=0.8, loss_func_name='square_loss', n_iter_algo=10, n_neighbors=5, n_samples_s=100, n_samples_t=100, name_algo='e_gromov_KL', name_dataset='gaussian_graph', nb_iter_batch=1, nb_iter_update_Y=400, noise_graph=0.1, p_in_s=0.5, p_in_t=0.5, param1='0.01', param2='', pickle_name='2', pickle_path='pickle_compare', plot=False, ps_out_s=0.1, ps_out_t=0.1, rdm_seed=12345, repeat=True, same_space=False, save_pickle=True, sparse_graph=True, to_graphs='', value_graph=True, variance_s=5, variance_t=5, verbose=False)
The method as not converged. Return last stable T. Nb iter : 6
The method as not converged. Return last stable T. Nb iter : 6
The method as not converged. Return last stable T. Nb iter : 6
The method as not converged. Return last stable T. Nb iter : 6
The method as not converged. Return last stable T. Nb iter : 6
The method as not converged. Return last stable T. Nb iter : 6
The method as not converged. Return last stable T. Nb iter : 6
The method as not converged. Return last stable T. Nb iter : 6
The method as not converged. Return last stable T. Nb iter : 6
The method as not converged. Return last stable T. Nb iter : 6
Mean Wasserstein distance 1.3784331900085132
Mean Wasserstein distance approximated 1.3784331893671484
Mean computational time for finding T 0.11106963157653808
Mean computational time for the approximated Wasserstein distance 1.0728836059570312e-06
Mean computational time for the real Wasserstein distance 0.4391076326370239
Namespace(KL=1, alpha_experiment=False, barycenter=False, batch_size=None, clique_size_s=50, clique_size_t=50, constraint=True, cross_val=False, dimension=2, dimension_s=20, dimension_t=10, enough_space=True, entropy_experiment=False, epsilon=0.01, epsilon_min=0.0, from_graphs='', iter_epsilon=1000, iter_max=1, learning_step=0.8, loss_func_name='square_loss', n_iter_algo=10, n_neighbors=5, n_samples_s=100, n_samples_t=100, name_algo='e_gromov_KL', name_dataset='gaussian_graph', nb_iter_batch=1, nb_iter_update_Y=400, noise_graph=0.1, p_in_s=0.5, p_in_t=0.5, param1='0.01', param2='', pickle_name='2', pickle_path='pickle_compare', plot=False, ps_out_s=0.1, ps_out_t=0.1, rdm_seed=12345, repeat=True, same_space=False, save_pickle=True, sparse_graph=True, to_graphs='', value_graph=True, variance_s=5, variance_t=5, verbose=False)
The method as not converged. Return last stable T. Nb iter : 6
The method as not converged. Return last stable T. Nb iter : 6
The method as not converged. Return last stable T. Nb iter : 6
The method as not converged. Return last stable T. Nb iter : 6
The method as not converged. Return last stable T. Nb iter : 6
The method as not converged. Return last stable T. Nb iter : 6
The method as not converged. Return last stable T. Nb iter : 6
The method as not converged. Return last stable T. Nb iter : 6
The method as not converged. Return last stable T. Nb iter : 6
The method as not converged. Return last stable T. Nb iter : 6
Mean Wasserstein distance 1.3784331900085132
Mean Wasserstein distance approximated 1.3784331893671484
Mean computational time for finding T 0.11073753833770753
Mean computational time for the approximated Wasserstein distance 1.1205673217773438e-06
Mean computational time for the real Wasserstein distance 0.43972029685974123
Namespace(KL=1, alpha_experiment=False, barycenter=False, batch_size=None, clique_size_s=50, clique_size_t=50, constraint=True, cross_val=False, dimension=2, dimension_s=20, dimension_t=10, enough_space=True, entropy_experiment=False, epsilon=0.01, epsilon_min=0.0, from_graphs='', iter_epsilon=1000, iter_max=1, learning_step=0.8, loss_func_name='square_loss', n_iter_algo=10, n_neighbors=5, n_samples_s=100, n_samples_t=100, name_algo='e_gromov_KL', name_dataset='gaussian_graph', nb_iter_batch=1, nb_iter_update_Y=400, noise_graph=0.1, p_in_s=0.5, p_in_t=0.5, param1='0.01', param2='', pickle_name='2', pickle_path='pickle_compare', plot=False, ps_out_s=0.1, ps_out_t=0.1, rdm_seed=12345, repeat=True, same_space=False, save_pickle=True, sparse_graph=True, to_graphs='', value_graph=True, variance_s=5, variance_t=5, verbose=False)
The method as not converged. Return last stable T. Nb iter : 6
The method as not converged. Return last stable T. Nb iter : 6
The method as not converged. Return last stable T. Nb iter : 6
The method as not converged. Return last stable T. Nb iter : 6
The method as not converged. Return last stable T. Nb iter : 6
The method as not converged. Return last stable T. Nb iter : 6
The method as not converged. Return last stable T. Nb iter : 6
The method as not converged. Return last stable T. Nb iter : 6
The method as not converged. Return last stable T. Nb iter : 6
The method as not converged. Return last stable T. Nb iter : 6
Mean Wasserstein distance 1.3784331900085132
Mean Wasserstein distance approximated 1.3784331893671484
Mean computational time for finding T 0.11155848503112793
Mean computational time for the approximated Wasserstein distance 1.0967254638671874e-06
Mean computational time for the real Wasserstein distance 0.4392733573913574
Namespace(KL=1, alpha_experiment=False, barycenter=False, batch_size=None, clique_size_s=50, clique_size_t=50, constraint=True, cross_val=False, dimension=2, dimension_s=20, dimension_t=10, enough_space=True, entropy_experiment=False, epsilon=0.01, epsilon_min=0.0, from_graphs='', iter_epsilon=1000, iter_max=1, learning_step=0.8, loss_func_name='square_loss', n_iter_algo=10, n_neighbors=5, n_samples_s=100, n_samples_t=100, name_algo='e_gromov_KL', name_dataset='gaussian_graph', nb_iter_batch=1, nb_iter_update_Y=400, noise_graph=0.1, p_in_s=0.5, p_in_t=0.5, param1='0.01', param2='', pickle_name='2', pickle_path='pickle_compare', plot=False, ps_out_s=0.1, ps_out_t=0.1, rdm_seed=12345, repeat=True, same_space=False, save_pickle=True, sparse_graph=True, to_graphs='', value_graph=True, variance_s=5, variance_t=5, verbose=False)
The method as not converged. Return last stable T. Nb iter : 6
The method as not converged. Return last stable T. Nb iter : 6
The method as not converged. Return last stable T. Nb iter : 6
The method as not converged. Return last stable T. Nb iter : 6
The method as not converged. Return last stable T. Nb iter : 6
The method as not converged. Return last stable T. Nb iter : 6
The method as not converged. Return last stable T. Nb iter : 6
The method as not converged. Return last stable T. Nb iter : 6
The method as not converged. Return last stable T. Nb iter : 6
The method as not converged. Return last stable T. Nb iter : 6
Mean Wasserstein distance 1.3784331900085132
Mean Wasserstein distance approximated 1.3784331893671484
Mean computational time for finding T 0.11246333122253419
Mean computational time for the approximated Wasserstein distance 9.5367431640625e-07
Mean computational time for the real Wasserstein distance 0.4388327121734619
Namespace(KL=1, alpha_experiment=False, barycenter=False, batch_size=None, clique_size_s=50, clique_size_t=50, constraint=True, cross_val=False, dimension=2, dimension_s=20, dimension_t=10, enough_space=True, entropy_experiment=False, epsilon=0.01, epsilon_min=0.0, from_graphs='', iter_epsilon=1000, iter_max=1, learning_step=0.8, loss_func_name='square_loss', n_iter_algo=10, n_neighbors=5, n_samples_s=100, n_samples_t=100, name_algo='e_gromov_KL', name_dataset='gaussian_graph', nb_iter_batch=1, nb_iter_update_Y=400, noise_graph=0.1, p_in_s=0.5, p_in_t=0.5, param1='0.01', param2='', pickle_name='2', pickle_path='pickle_compare', plot=False, ps_out_s=0.1, ps_out_t=0.1, rdm_seed=12345, repeat=True, same_space=False, save_pickle=True, sparse_graph=True, to_graphs='', value_graph=True, variance_s=5, variance_t=5, verbose=False)
The method as not converged. Return last stable T. Nb iter : 6
The method as not converged. Return last stable T. Nb iter : 6
The method as not converged. Return last stable T. Nb iter : 6
The method as not converged. Return last stable T. Nb iter : 6
The method as not converged. Return last stable T. Nb iter : 6
The method as not converged. Return last stable T. Nb iter : 6
The method as not converged. Return last stable T. Nb iter : 6
The method as not converged. Return last stable T. Nb iter : 6
The method as not converged. Return last stable T. Nb iter : 6
The method as not converged. Return last stable T. Nb iter : 6
Mean Wasserstein distance 1.3784331900085132
Mean Wasserstein distance approximated 1.3784331893671484
Mean computational time for finding T 0.11309375762939453
Mean computational time for the approximated Wasserstein distance 1.0967254638671874e-06
Mean computational time for the real Wasserstein distance 0.4416585683822632
Namespace(KL=1, alpha_experiment=False, barycenter=False, batch_size=None, clique_size_s=50, clique_size_t=50, constraint=True, cross_val=False, dimension=2, dimension_s=20, dimension_t=10, enough_space=True, entropy_experiment=False, epsilon=0.01, epsilon_min=0.0, from_graphs='', iter_epsilon=1000, iter_max=1, learning_step=0.8, loss_func_name='square_loss', n_iter_algo=10, n_neighbors=5, n_samples_s=100, n_samples_t=100, name_algo='e_gromov_KL', name_dataset='gaussian_graph', nb_iter_batch=1, nb_iter_update_Y=400, noise_graph=0.1, p_in_s=0.5, p_in_t=0.5, param1='0.01', param2='', pickle_name='2', pickle_path='pickle_compare', plot=False, ps_out_s=0.1, ps_out_t=0.1, rdm_seed=12345, repeat=True, same_space=False, save_pickle=True, sparse_graph=True, to_graphs='', value_graph=True, variance_s=5, variance_t=5, verbose=False)
The method as not converged. Return last stable T. Nb iter : 6
The method as not converged. Return last stable T. Nb iter : 6
The method as not converged. Return last stable T. Nb iter : 6
The method as not converged. Return last stable T. Nb iter : 6
The method as not converged. Return last stable T. Nb iter : 6
The method as not converged. Return last stable T. Nb iter : 6
The method as not converged. Return last stable T. Nb iter : 6
The method as not converged. Return last stable T. Nb iter : 6
The method as not converged. Return last stable T. Nb iter : 6
The method as not converged. Return last stable T. Nb iter : 6
Mean Wasserstein distance 1.3784331900085132
Mean Wasserstein distance approximated 1.3784331893671484
Mean computational time for finding T 0.11333494186401367
Mean computational time for the approximated Wasserstein distance 9.775161743164062e-07
Mean computational time for the real Wasserstein distance 0.44407589435577394
---------------------------------------
Begin Slurm Epilog: Jun-05-2023 15:31:33
Job ID:        2359698
Array Job ID:  _4294967294
User ID:       klapborisuth3
Account:       gts-saluru8-coda20
Job name:      e_gromov_KL_gaussian_graph_100_square_loss_0.01
Resources:     cpu=8,mem=64G,node=1
Rsrc Used:     cput=00:14:40,vmem=16644K,walltime=00:01:50,mem=8524K,energy_used=0
Partition:     cpu-small
QOS:           inferno
Nodes:         atl1-1-02-007-2-1
---------------------------------------
