---------------------------------------
Begin Slurm Prolog: Jun-05-2023 15:14:42
Job ID:    2359492
User ID:   klapborisuth3
Account:   gts-saluru8-coda20
Job name:  e_gromov_KL_gaussian_graph_20_1_loss_0.001
Partition: cpu-small
QOS:       inferno
---------------------------------------
Namespace(KL=1, alpha_experiment=False, barycenter=False, batch_size=None, clique_size_s=10, clique_size_t=10, constraint=True, cross_val=False, dimension=2, dimension_s=20, dimension_t=10, enough_space=True, entropy_experiment=False, epsilon=0.001, epsilon_min=0.0, from_graphs='', iter_epsilon=1000, iter_max=1, learning_step=0.8, loss_func_name='1_loss', n_iter_algo=10, n_neighbors=5, n_samples_s=20, n_samples_t=20, name_algo='e_gromov_KL', name_dataset='gaussian_graph', nb_iter_batch=1, nb_iter_update_Y=400, noise_graph=0.1, p_in_s=0.5, p_in_t=0.5, param1='0.001', param2='', pickle_name='2', pickle_path='pickle_compare', plot=False, ps_out_s=0.1, ps_out_t=0.1, rdm_seed=12345, repeat=True, same_space=False, save_pickle=True, sparse_graph=True, to_graphs='', value_graph=True, variance_s=5, variance_t=5, verbose=False)
The method as not converged. Return last stable T. Nb iter : 0
The method as not converged. Return last stable T. Nb iter : 0
The method as not converged. Return last stable T. Nb iter : 0
The method as not converged. Return last stable T. Nb iter : 0
The method as not converged. Return last stable T. Nb iter : 0
The method as not converged. Return last stable T. Nb iter : 0
The method as not converged. Return last stable T. Nb iter : 0
The method as not converged. Return last stable T. Nb iter : 0
The method as not converged. Return last stable T. Nb iter : 0
The method as not converged. Return last stable T. Nb iter : 0
Mean Wasserstein distance 0.8355586936273631
Mean Wasserstein distance approximated 0.835558693627364
Mean computational time for finding T 0.002740812301635742
Mean computational time for the approximated Wasserstein distance 1.2159347534179687e-06
Mean computational time for the real Wasserstein distance 0.00599973201751709
Namespace(KL=1, alpha_experiment=False, barycenter=False, batch_size=None, clique_size_s=10, clique_size_t=10, constraint=True, cross_val=False, dimension=2, dimension_s=20, dimension_t=10, enough_space=True, entropy_experiment=False, epsilon=0.001, epsilon_min=0.0, from_graphs='', iter_epsilon=1000, iter_max=1, learning_step=0.8, loss_func_name='1_loss', n_iter_algo=10, n_neighbors=5, n_samples_s=20, n_samples_t=20, name_algo='e_gromov_KL', name_dataset='gaussian_graph', nb_iter_batch=1, nb_iter_update_Y=400, noise_graph=0.1, p_in_s=0.5, p_in_t=0.5, param1='0.001', param2='', pickle_name='2', pickle_path='pickle_compare', plot=False, ps_out_s=0.1, ps_out_t=0.1, rdm_seed=12345, repeat=True, same_space=False, save_pickle=True, sparse_graph=True, to_graphs='', value_graph=True, variance_s=5, variance_t=5, verbose=False)
The method as not converged. Return last stable T. Nb iter : 0
The method as not converged. Return last stable T. Nb iter : 0
The method as not converged. Return last stable T. Nb iter : 0
The method as not converged. Return last stable T. Nb iter : 0
The method as not converged. Return last stable T. Nb iter : 0
The method as not converged. Return last stable T. Nb iter : 0
The method as not converged. Return last stable T. Nb iter : 0
The method as not converged. Return last stable T. Nb iter : 0
The method as not converged. Return last stable T. Nb iter : 0
The method as not converged. Return last stable T. Nb iter : 0
Mean Wasserstein distance 0.8355586936273631
Mean Wasserstein distance approximated 0.835558693627364
Mean computational time for finding T 0.002734994888305664
Mean computational time for the approximated Wasserstein distance 1.1920928955078125e-06
Mean computational time for the real Wasserstein distance 0.006050252914428711
Namespace(KL=1, alpha_experiment=False, barycenter=False, batch_size=None, clique_size_s=10, clique_size_t=10, constraint=True, cross_val=False, dimension=2, dimension_s=20, dimension_t=10, enough_space=True, entropy_experiment=False, epsilon=0.001, epsilon_min=0.0, from_graphs='', iter_epsilon=1000, iter_max=1, learning_step=0.8, loss_func_name='1_loss', n_iter_algo=10, n_neighbors=5, n_samples_s=20, n_samples_t=20, name_algo='e_gromov_KL', name_dataset='gaussian_graph', nb_iter_batch=1, nb_iter_update_Y=400, noise_graph=0.1, p_in_s=0.5, p_in_t=0.5, param1='0.001', param2='', pickle_name='2', pickle_path='pickle_compare', plot=False, ps_out_s=0.1, ps_out_t=0.1, rdm_seed=12345, repeat=True, same_space=False, save_pickle=True, sparse_graph=True, to_graphs='', value_graph=True, variance_s=5, variance_t=5, verbose=False)
The method as not converged. Return last stable T. Nb iter : 0
The method as not converged. Return last stable T. Nb iter : 0
The method as not converged. Return last stable T. Nb iter : 0
The method as not converged. Return last stable T. Nb iter : 0
The method as not converged. Return last stable T. Nb iter : 0
The method as not converged. Return last stable T. Nb iter : 0
The method as not converged. Return last stable T. Nb iter : 0
The method as not converged. Return last stable T. Nb iter : 0
The method as not converged. Return last stable T. Nb iter : 0
The method as not converged. Return last stable T. Nb iter : 0
Mean Wasserstein distance 0.8355586936273631
Mean Wasserstein distance approximated 0.835558693627364
Mean computational time for finding T 0.002733731269836426
Mean computational time for the approximated Wasserstein distance 1.1920928955078125e-06
Mean computational time for the real Wasserstein distance 0.006011295318603516
Namespace(KL=1, alpha_experiment=False, barycenter=False, batch_size=None, clique_size_s=10, clique_size_t=10, constraint=True, cross_val=False, dimension=2, dimension_s=20, dimension_t=10, enough_space=True, entropy_experiment=False, epsilon=0.001, epsilon_min=0.0, from_graphs='', iter_epsilon=1000, iter_max=1, learning_step=0.8, loss_func_name='1_loss', n_iter_algo=10, n_neighbors=5, n_samples_s=20, n_samples_t=20, name_algo='e_gromov_KL', name_dataset='gaussian_graph', nb_iter_batch=1, nb_iter_update_Y=400, noise_graph=0.1, p_in_s=0.5, p_in_t=0.5, param1='0.001', param2='', pickle_name='2', pickle_path='pickle_compare', plot=False, ps_out_s=0.1, ps_out_t=0.1, rdm_seed=12345, repeat=True, same_space=False, save_pickle=True, sparse_graph=True, to_graphs='', value_graph=True, variance_s=5, variance_t=5, verbose=False)
The method as not converged. Return last stable T. Nb iter : 0
The method as not converged. Return last stable T. Nb iter : 0
The method as not converged. Return last stable T. Nb iter : 0
The method as not converged. Return last stable T. Nb iter : 0
The method as not converged. Return last stable T. Nb iter : 0
The method as not converged. Return last stable T. Nb iter : 0
The method as not converged. Return last stable T. Nb iter : 0
The method as not converged. Return last stable T. Nb iter : 0
The method as not converged. Return last stable T. Nb iter : 0
The method as not converged. Return last stable T. Nb iter : 0
Mean Wasserstein distance 0.8355586936273631
Mean Wasserstein distance approximated 0.835558693627364
Mean computational time for finding T 0.002760457992553711
Mean computational time for the approximated Wasserstein distance 1.1682510375976563e-06
Mean computational time for the real Wasserstein distance 0.006118106842041016
Namespace(KL=1, alpha_experiment=False, barycenter=False, batch_size=None, clique_size_s=10, clique_size_t=10, constraint=True, cross_val=False, dimension=2, dimension_s=20, dimension_t=10, enough_space=True, entropy_experiment=False, epsilon=0.001, epsilon_min=0.0, from_graphs='', iter_epsilon=1000, iter_max=1, learning_step=0.8, loss_func_name='1_loss', n_iter_algo=10, n_neighbors=5, n_samples_s=20, n_samples_t=20, name_algo='e_gromov_KL', name_dataset='gaussian_graph', nb_iter_batch=1, nb_iter_update_Y=400, noise_graph=0.1, p_in_s=0.5, p_in_t=0.5, param1='0.001', param2='', pickle_name='2', pickle_path='pickle_compare', plot=False, ps_out_s=0.1, ps_out_t=0.1, rdm_seed=12345, repeat=True, same_space=False, save_pickle=True, sparse_graph=True, to_graphs='', value_graph=True, variance_s=5, variance_t=5, verbose=False)
The method as not converged. Return last stable T. Nb iter : 0
The method as not converged. Return last stable T. Nb iter : 0
The method as not converged. Return last stable T. Nb iter : 0
The method as not converged. Return last stable T. Nb iter : 0
The method as not converged. Return last stable T. Nb iter : 0
The method as not converged. Return last stable T. Nb iter : 0
The method as not converged. Return last stable T. Nb iter : 0
The method as not converged. Return last stable T. Nb iter : 0
The method as not converged. Return last stable T. Nb iter : 0
The method as not converged. Return last stable T. Nb iter : 0
Mean Wasserstein distance 0.8355586936273631
Mean Wasserstein distance approximated 0.835558693627364
Mean computational time for finding T 0.0027362823486328123
Mean computational time for the approximated Wasserstein distance 1.2636184692382812e-06
Mean computational time for the real Wasserstein distance 0.006008434295654297
Namespace(KL=1, alpha_experiment=False, barycenter=False, batch_size=None, clique_size_s=10, clique_size_t=10, constraint=True, cross_val=False, dimension=2, dimension_s=20, dimension_t=10, enough_space=True, entropy_experiment=False, epsilon=0.001, epsilon_min=0.0, from_graphs='', iter_epsilon=1000, iter_max=1, learning_step=0.8, loss_func_name='1_loss', n_iter_algo=10, n_neighbors=5, n_samples_s=20, n_samples_t=20, name_algo='e_gromov_KL', name_dataset='gaussian_graph', nb_iter_batch=1, nb_iter_update_Y=400, noise_graph=0.1, p_in_s=0.5, p_in_t=0.5, param1='0.001', param2='', pickle_name='2', pickle_path='pickle_compare', plot=False, ps_out_s=0.1, ps_out_t=0.1, rdm_seed=12345, repeat=True, same_space=False, save_pickle=True, sparse_graph=True, to_graphs='', value_graph=True, variance_s=5, variance_t=5, verbose=False)
The method as not converged. Return last stable T. Nb iter : 0
The method as not converged. Return last stable T. Nb iter : 0
The method as not converged. Return last stable T. Nb iter : 0
The method as not converged. Return last stable T. Nb iter : 0
The method as not converged. Return last stable T. Nb iter : 0
The method as not converged. Return last stable T. Nb iter : 0
The method as not converged. Return last stable T. Nb iter : 0
The method as not converged. Return last stable T. Nb iter : 0
The method as not converged. Return last stable T. Nb iter : 0
The method as not converged. Return last stable T. Nb iter : 0
Mean Wasserstein distance 0.8355586936273631
Mean Wasserstein distance approximated 0.835558693627364
Mean computational time for finding T 0.0027313470840454102
Mean computational time for the approximated Wasserstein distance 1.2636184692382812e-06
Mean computational time for the real Wasserstein distance 0.006010270118713379
Namespace(KL=1, alpha_experiment=False, barycenter=False, batch_size=None, clique_size_s=10, clique_size_t=10, constraint=True, cross_val=False, dimension=2, dimension_s=20, dimension_t=10, enough_space=True, entropy_experiment=False, epsilon=0.001, epsilon_min=0.0, from_graphs='', iter_epsilon=1000, iter_max=1, learning_step=0.8, loss_func_name='1_loss', n_iter_algo=10, n_neighbors=5, n_samples_s=20, n_samples_t=20, name_algo='e_gromov_KL', name_dataset='gaussian_graph', nb_iter_batch=1, nb_iter_update_Y=400, noise_graph=0.1, p_in_s=0.5, p_in_t=0.5, param1='0.001', param2='', pickle_name='2', pickle_path='pickle_compare', plot=False, ps_out_s=0.1, ps_out_t=0.1, rdm_seed=12345, repeat=True, same_space=False, save_pickle=True, sparse_graph=True, to_graphs='', value_graph=True, variance_s=5, variance_t=5, verbose=False)
The method as not converged. Return last stable T. Nb iter : 0
The method as not converged. Return last stable T. Nb iter : 0
The method as not converged. Return last stable T. Nb iter : 0
The method as not converged. Return last stable T. Nb iter : 0
The method as not converged. Return last stable T. Nb iter : 0
The method as not converged. Return last stable T. Nb iter : 0
The method as not converged. Return last stable T. Nb iter : 0
The method as not converged. Return last stable T. Nb iter : 0
The method as not converged. Return last stable T. Nb iter : 0
The method as not converged. Return last stable T. Nb iter : 0
Mean Wasserstein distance 0.8355586936273631
Mean Wasserstein distance approximated 0.835558693627364
Mean computational time for finding T 0.002758908271789551
Mean computational time for the approximated Wasserstein distance 1.1682510375976563e-06
Mean computational time for the real Wasserstein distance 0.006034135818481445
Namespace(KL=1, alpha_experiment=False, barycenter=False, batch_size=None, clique_size_s=10, clique_size_t=10, constraint=True, cross_val=False, dimension=2, dimension_s=20, dimension_t=10, enough_space=True, entropy_experiment=False, epsilon=0.001, epsilon_min=0.0, from_graphs='', iter_epsilon=1000, iter_max=1, learning_step=0.8, loss_func_name='1_loss', n_iter_algo=10, n_neighbors=5, n_samples_s=20, n_samples_t=20, name_algo='e_gromov_KL', name_dataset='gaussian_graph', nb_iter_batch=1, nb_iter_update_Y=400, noise_graph=0.1, p_in_s=0.5, p_in_t=0.5, param1='0.001', param2='', pickle_name='2', pickle_path='pickle_compare', plot=False, ps_out_s=0.1, ps_out_t=0.1, rdm_seed=12345, repeat=True, same_space=False, save_pickle=True, sparse_graph=True, to_graphs='', value_graph=True, variance_s=5, variance_t=5, verbose=False)
The method as not converged. Return last stable T. Nb iter : 0
The method as not converged. Return last stable T. Nb iter : 0
The method as not converged. Return last stable T. Nb iter : 0
The method as not converged. Return last stable T. Nb iter : 0
The method as not converged. Return last stable T. Nb iter : 0
The method as not converged. Return last stable T. Nb iter : 0
The method as not converged. Return last stable T. Nb iter : 0
The method as not converged. Return last stable T. Nb iter : 0
The method as not converged. Return last stable T. Nb iter : 0
The method as not converged. Return last stable T. Nb iter : 0
Mean Wasserstein distance 0.8355586936273631
Mean Wasserstein distance approximated 0.835558693627364
Mean computational time for finding T 0.002653336524963379
Mean computational time for the approximated Wasserstein distance 1.2159347534179687e-06
Mean computational time for the real Wasserstein distance 0.008228349685668945
---------------------------------------
Begin Slurm Epilog: Jun-05-2023 15:15:45
Job ID:        2359492
Array Job ID:  _4294967294
User ID:       klapborisuth3
Account:       gts-saluru8-coda20
Job name:      e_gromov_KL_gaussian_graph_20_1_loss_0.001
Resources:     cpu=8,mem=64G,node=1
Rsrc Used:     cput=00:08:40,vmem=9432K,walltime=00:01:05,mem=8528K,energy_used=0
Partition:     cpu-small
QOS:           inferno
Nodes:         atl1-1-03-004-8-1
---------------------------------------
