---------------------------------------
Begin Slurm Prolog: Jun-05-2023 15:14:43
Job ID:    2359520
User ID:   klapborisuth3
Account:   gts-saluru8-coda20
Job name:  e_gromov_KL_gaussian_graph_50_1_loss_0.005
Partition: cpu-small
QOS:       inferno
---------------------------------------
Namespace(KL=1, alpha_experiment=False, barycenter=False, batch_size=None, clique_size_s=25, clique_size_t=25, constraint=True, cross_val=False, dimension=2, dimension_s=20, dimension_t=10, enough_space=True, entropy_experiment=False, epsilon=0.005, epsilon_min=0.0, from_graphs='', iter_epsilon=1000, iter_max=1, learning_step=0.8, loss_func_name='1_loss', n_iter_algo=10, n_neighbors=5, n_samples_s=50, n_samples_t=50, name_algo='e_gromov_KL', name_dataset='gaussian_graph', nb_iter_batch=1, nb_iter_update_Y=400, noise_graph=0.1, p_in_s=0.5, p_in_t=0.5, param1='0.005', param2='', pickle_name='2', pickle_path='pickle_compare', plot=False, ps_out_s=0.1, ps_out_t=0.1, rdm_seed=12345, repeat=True, same_space=False, save_pickle=True, sparse_graph=True, to_graphs='', value_graph=True, variance_s=5, variance_t=5, verbose=False)
The method as not converged. Return last stable T. Nb iter : 2
The method as not converged. Return last stable T. Nb iter : 2
The method as not converged. Return last stable T. Nb iter : 2
The method as not converged. Return last stable T. Nb iter : 2
The method as not converged. Return last stable T. Nb iter : 2
The method as not converged. Return last stable T. Nb iter : 2
The method as not converged. Return last stable T. Nb iter : 2
The method as not converged. Return last stable T. Nb iter : 2
The method as not converged. Return last stable T. Nb iter : 2
The method as not converged. Return last stable T. Nb iter : 2
Mean Wasserstein distance 0.7800850922045621
Mean Wasserstein distance approximated 0.7800850922045621
Mean computational time for finding T 0.35219802856445315
Mean computational time for the approximated Wasserstein distance 2.2172927856445314e-06
Mean computational time for the real Wasserstein distance 0.055572795867919925
Namespace(KL=1, alpha_experiment=False, barycenter=False, batch_size=None, clique_size_s=25, clique_size_t=25, constraint=True, cross_val=False, dimension=2, dimension_s=20, dimension_t=10, enough_space=True, entropy_experiment=False, epsilon=0.005, epsilon_min=0.0, from_graphs='', iter_epsilon=1000, iter_max=1, learning_step=0.8, loss_func_name='1_loss', n_iter_algo=10, n_neighbors=5, n_samples_s=50, n_samples_t=50, name_algo='e_gromov_KL', name_dataset='gaussian_graph', nb_iter_batch=1, nb_iter_update_Y=400, noise_graph=0.1, p_in_s=0.5, p_in_t=0.5, param1='0.005', param2='', pickle_name='2', pickle_path='pickle_compare', plot=False, ps_out_s=0.1, ps_out_t=0.1, rdm_seed=12345, repeat=True, same_space=False, save_pickle=True, sparse_graph=True, to_graphs='', value_graph=True, variance_s=5, variance_t=5, verbose=False)
The method as not converged. Return last stable T. Nb iter : 2
The method as not converged. Return last stable T. Nb iter : 2
The method as not converged. Return last stable T. Nb iter : 2
The method as not converged. Return last stable T. Nb iter : 2
The method as not converged. Return last stable T. Nb iter : 2
The method as not converged. Return last stable T. Nb iter : 2
The method as not converged. Return last stable T. Nb iter : 2
The method as not converged. Return last stable T. Nb iter : 2
The method as not converged. Return last stable T. Nb iter : 2
The method as not converged. Return last stable T. Nb iter : 2
Mean Wasserstein distance 0.7800850922045621
Mean Wasserstein distance approximated 0.7800850922045621
Mean computational time for finding T 0.35498433113098143
Mean computational time for the approximated Wasserstein distance 1.7404556274414062e-06
Mean computational time for the real Wasserstein distance 0.05503635406494141
Namespace(KL=1, alpha_experiment=False, barycenter=False, batch_size=None, clique_size_s=25, clique_size_t=25, constraint=True, cross_val=False, dimension=2, dimension_s=20, dimension_t=10, enough_space=True, entropy_experiment=False, epsilon=0.005, epsilon_min=0.0, from_graphs='', iter_epsilon=1000, iter_max=1, learning_step=0.8, loss_func_name='1_loss', n_iter_algo=10, n_neighbors=5, n_samples_s=50, n_samples_t=50, name_algo='e_gromov_KL', name_dataset='gaussian_graph', nb_iter_batch=1, nb_iter_update_Y=400, noise_graph=0.1, p_in_s=0.5, p_in_t=0.5, param1='0.005', param2='', pickle_name='2', pickle_path='pickle_compare', plot=False, ps_out_s=0.1, ps_out_t=0.1, rdm_seed=12345, repeat=True, same_space=False, save_pickle=True, sparse_graph=True, to_graphs='', value_graph=True, variance_s=5, variance_t=5, verbose=False)
The method as not converged. Return last stable T. Nb iter : 2
The method as not converged. Return last stable T. Nb iter : 2
The method as not converged. Return last stable T. Nb iter : 2
The method as not converged. Return last stable T. Nb iter : 2
The method as not converged. Return last stable T. Nb iter : 2
The method as not converged. Return last stable T. Nb iter : 2
The method as not converged. Return last stable T. Nb iter : 2
The method as not converged. Return last stable T. Nb iter : 2
The method as not converged. Return last stable T. Nb iter : 2
The method as not converged. Return last stable T. Nb iter : 2
Mean Wasserstein distance 0.7800850922045621
Mean Wasserstein distance approximated 0.7800850922045621
Mean computational time for finding T 0.3552052974700928
Mean computational time for the approximated Wasserstein distance 1.9073486328125e-06
Mean computational time for the real Wasserstein distance 0.05501999855041504
Namespace(KL=1, alpha_experiment=False, barycenter=False, batch_size=None, clique_size_s=25, clique_size_t=25, constraint=True, cross_val=False, dimension=2, dimension_s=20, dimension_t=10, enough_space=True, entropy_experiment=False, epsilon=0.005, epsilon_min=0.0, from_graphs='', iter_epsilon=1000, iter_max=1, learning_step=0.8, loss_func_name='1_loss', n_iter_algo=10, n_neighbors=5, n_samples_s=50, n_samples_t=50, name_algo='e_gromov_KL', name_dataset='gaussian_graph', nb_iter_batch=1, nb_iter_update_Y=400, noise_graph=0.1, p_in_s=0.5, p_in_t=0.5, param1='0.005', param2='', pickle_name='2', pickle_path='pickle_compare', plot=False, ps_out_s=0.1, ps_out_t=0.1, rdm_seed=12345, repeat=True, same_space=False, save_pickle=True, sparse_graph=True, to_graphs='', value_graph=True, variance_s=5, variance_t=5, verbose=False)
The method as not converged. Return last stable T. Nb iter : 2
The method as not converged. Return last stable T. Nb iter : 2
The method as not converged. Return last stable T. Nb iter : 2
The method as not converged. Return last stable T. Nb iter : 2
The method as not converged. Return last stable T. Nb iter : 2
The method as not converged. Return last stable T. Nb iter : 2
The method as not converged. Return last stable T. Nb iter : 2
The method as not converged. Return last stable T. Nb iter : 2
The method as not converged. Return last stable T. Nb iter : 2
The method as not converged. Return last stable T. Nb iter : 2
Mean Wasserstein distance 0.7800850922045621
Mean Wasserstein distance approximated 0.7800850922045621
Mean computational time for finding T 0.3552081823348999
Mean computational time for the approximated Wasserstein distance 1.931190490722656e-06
Mean computational time for the real Wasserstein distance 0.05521173477172851
Namespace(KL=1, alpha_experiment=False, barycenter=False, batch_size=None, clique_size_s=25, clique_size_t=25, constraint=True, cross_val=False, dimension=2, dimension_s=20, dimension_t=10, enough_space=True, entropy_experiment=False, epsilon=0.005, epsilon_min=0.0, from_graphs='', iter_epsilon=1000, iter_max=1, learning_step=0.8, loss_func_name='1_loss', n_iter_algo=10, n_neighbors=5, n_samples_s=50, n_samples_t=50, name_algo='e_gromov_KL', name_dataset='gaussian_graph', nb_iter_batch=1, nb_iter_update_Y=400, noise_graph=0.1, p_in_s=0.5, p_in_t=0.5, param1='0.005', param2='', pickle_name='2', pickle_path='pickle_compare', plot=False, ps_out_s=0.1, ps_out_t=0.1, rdm_seed=12345, repeat=True, same_space=False, save_pickle=True, sparse_graph=True, to_graphs='', value_graph=True, variance_s=5, variance_t=5, verbose=False)
The method as not converged. Return last stable T. Nb iter : 2
The method as not converged. Return last stable T. Nb iter : 2
The method as not converged. Return last stable T. Nb iter : 2
The method as not converged. Return last stable T. Nb iter : 2
The method as not converged. Return last stable T. Nb iter : 2
The method as not converged. Return last stable T. Nb iter : 2
The method as not converged. Return last stable T. Nb iter : 2
The method as not converged. Return last stable T. Nb iter : 2
The method as not converged. Return last stable T. Nb iter : 2
The method as not converged. Return last stable T. Nb iter : 2
Mean Wasserstein distance 0.7800850922045621
Mean Wasserstein distance approximated 0.7800850922045621
Mean computational time for finding T 0.35588095188140867
Mean computational time for the approximated Wasserstein distance 2.455711364746094e-06
Mean computational time for the real Wasserstein distance 0.05525670051574707
Namespace(KL=1, alpha_experiment=False, barycenter=False, batch_size=None, clique_size_s=25, clique_size_t=25, constraint=True, cross_val=False, dimension=2, dimension_s=20, dimension_t=10, enough_space=True, entropy_experiment=False, epsilon=0.005, epsilon_min=0.0, from_graphs='', iter_epsilon=1000, iter_max=1, learning_step=0.8, loss_func_name='1_loss', n_iter_algo=10, n_neighbors=5, n_samples_s=50, n_samples_t=50, name_algo='e_gromov_KL', name_dataset='gaussian_graph', nb_iter_batch=1, nb_iter_update_Y=400, noise_graph=0.1, p_in_s=0.5, p_in_t=0.5, param1='0.005', param2='', pickle_name='2', pickle_path='pickle_compare', plot=False, ps_out_s=0.1, ps_out_t=0.1, rdm_seed=12345, repeat=True, same_space=False, save_pickle=True, sparse_graph=True, to_graphs='', value_graph=True, variance_s=5, variance_t=5, verbose=False)
The method as not converged. Return last stable T. Nb iter : 2
The method as not converged. Return last stable T. Nb iter : 2
The method as not converged. Return last stable T. Nb iter : 2
The method as not converged. Return last stable T. Nb iter : 2
The method as not converged. Return last stable T. Nb iter : 2
The method as not converged. Return last stable T. Nb iter : 2
The method as not converged. Return last stable T. Nb iter : 2
The method as not converged. Return last stable T. Nb iter : 2
The method as not converged. Return last stable T. Nb iter : 2
The method as not converged. Return last stable T. Nb iter : 2
Mean Wasserstein distance 0.7800850922045621
Mean Wasserstein distance approximated 0.7800850922045621
Mean computational time for finding T 0.35636286735534667
Mean computational time for the approximated Wasserstein distance 2.2411346435546876e-06
Mean computational time for the real Wasserstein distance 0.05542922019958496
Namespace(KL=1, alpha_experiment=False, barycenter=False, batch_size=None, clique_size_s=25, clique_size_t=25, constraint=True, cross_val=False, dimension=2, dimension_s=20, dimension_t=10, enough_space=True, entropy_experiment=False, epsilon=0.005, epsilon_min=0.0, from_graphs='', iter_epsilon=1000, iter_max=1, learning_step=0.8, loss_func_name='1_loss', n_iter_algo=10, n_neighbors=5, n_samples_s=50, n_samples_t=50, name_algo='e_gromov_KL', name_dataset='gaussian_graph', nb_iter_batch=1, nb_iter_update_Y=400, noise_graph=0.1, p_in_s=0.5, p_in_t=0.5, param1='0.005', param2='', pickle_name='2', pickle_path='pickle_compare', plot=False, ps_out_s=0.1, ps_out_t=0.1, rdm_seed=12345, repeat=True, same_space=False, save_pickle=True, sparse_graph=True, to_graphs='', value_graph=True, variance_s=5, variance_t=5, verbose=False)
The method as not converged. Return last stable T. Nb iter : 2
The method as not converged. Return last stable T. Nb iter : 2
The method as not converged. Return last stable T. Nb iter : 2
The method as not converged. Return last stable T. Nb iter : 2
The method as not converged. Return last stable T. Nb iter : 2
The method as not converged. Return last stable T. Nb iter : 2
The method as not converged. Return last stable T. Nb iter : 2
The method as not converged. Return last stable T. Nb iter : 2
The method as not converged. Return last stable T. Nb iter : 2
The method as not converged. Return last stable T. Nb iter : 2
Mean Wasserstein distance 0.7800850922045621
Mean Wasserstein distance approximated 0.7800850922045621
Mean computational time for finding T 0.35633068084716796
Mean computational time for the approximated Wasserstein distance 2.193450927734375e-06
Mean computational time for the real Wasserstein distance 0.05549964904785156
Namespace(KL=1, alpha_experiment=False, barycenter=False, batch_size=None, clique_size_s=25, clique_size_t=25, constraint=True, cross_val=False, dimension=2, dimension_s=20, dimension_t=10, enough_space=True, entropy_experiment=False, epsilon=0.005, epsilon_min=0.0, from_graphs='', iter_epsilon=1000, iter_max=1, learning_step=0.8, loss_func_name='1_loss', n_iter_algo=10, n_neighbors=5, n_samples_s=50, n_samples_t=50, name_algo='e_gromov_KL', name_dataset='gaussian_graph', nb_iter_batch=1, nb_iter_update_Y=400, noise_graph=0.1, p_in_s=0.5, p_in_t=0.5, param1='0.005', param2='', pickle_name='2', pickle_path='pickle_compare', plot=False, ps_out_s=0.1, ps_out_t=0.1, rdm_seed=12345, repeat=True, same_space=False, save_pickle=True, sparse_graph=True, to_graphs='', value_graph=True, variance_s=5, variance_t=5, verbose=False)
The method as not converged. Return last stable T. Nb iter : 2
The method as not converged. Return last stable T. Nb iter : 2
The method as not converged. Return last stable T. Nb iter : 2
The method as not converged. Return last stable T. Nb iter : 2
The method as not converged. Return last stable T. Nb iter : 2
The method as not converged. Return last stable T. Nb iter : 2
The method as not converged. Return last stable T. Nb iter : 2
The method as not converged. Return last stable T. Nb iter : 2
The method as not converged. Return last stable T. Nb iter : 2
The method as not converged. Return last stable T. Nb iter : 2
Mean Wasserstein distance 0.7800850922045621
Mean Wasserstein distance approximated 0.7800850922045621
Mean computational time for finding T 0.35602312088012694
Mean computational time for the approximated Wasserstein distance 2.09808349609375e-06
Mean computational time for the real Wasserstein distance 0.056137800216674805
---------------------------------------
Begin Slurm Epilog: Jun-05-2023 15:15:48
Job ID:        2359520
Array Job ID:  _4294967294
User ID:       klapborisuth3
Account:       gts-saluru8-coda20
Job name:      e_gromov_KL_gaussian_graph_50_1_loss_0.005
Resources:     cpu=8,mem=64G,node=1
Rsrc Used:     cput=00:09:04,vmem=9956K,walltime=00:01:08,mem=8524K,energy_used=0
Partition:     cpu-small
QOS:           inferno
Nodes:         atl1-1-02-002-28-2
---------------------------------------
