---------------------------------------
Begin Slurm Prolog: Jun-05-2023 15:29:44
Job ID:    2359619
User ID:   klapborisuth3
Account:   gts-saluru8-coda20
Job name:  e_gromov_gaussian_graph_100_1_loss_0.005
Partition: cpu-small
QOS:       inferno
---------------------------------------
Namespace(KL=1, alpha_experiment=False, barycenter=False, batch_size=None, clique_size_s=50, clique_size_t=50, constraint=True, cross_val=False, dimension=2, dimension_s=20, dimension_t=10, enough_space=True, entropy_experiment=False, epsilon=0.005, epsilon_min=0.0, from_graphs='', iter_epsilon=1000, iter_max=1, learning_step=0.8, loss_func_name='1_loss', n_iter_algo=10, n_neighbors=5, n_samples_s=100, n_samples_t=100, name_algo='e_gromov', name_dataset='gaussian_graph', nb_iter_batch=1, nb_iter_update_Y=400, noise_graph=0.1, p_in_s=0.5, p_in_t=0.5, param1='0.005', param2='', pickle_name='2', pickle_path='pickle_compare', plot=False, ps_out_s=0.1, ps_out_t=0.1, rdm_seed=12345, repeat=True, same_space=False, save_pickle=True, sparse_graph=True, to_graphs='', value_graph=True, variance_s=5, variance_t=5, verbose=False)
The method as not converged. Return last stable T. Nb iter : 3
The method as not converged. Return last stable T. Nb iter : 3
The method as not converged. Return last stable T. Nb iter : 3
The method as not converged. Return last stable T. Nb iter : 3
The method as not converged. Return last stable T. Nb iter : 3
The method as not converged. Return last stable T. Nb iter : 3
The method as not converged. Return last stable T. Nb iter : 3
The method as not converged. Return last stable T. Nb iter : 3
The method as not converged. Return last stable T. Nb iter : 3
The method as not converged. Return last stable T. Nb iter : 3
Mean Wasserstein distance 0.7362962841015499
Mean Wasserstein distance approximated 0.7362962841015499
Mean computational time for finding T 4.464818525314331
Mean computational time for the approximated Wasserstein distance 2.7179718017578126e-06
Mean computational time for the real Wasserstein distance 0.41987154483795164
Namespace(KL=1, alpha_experiment=False, barycenter=False, batch_size=None, clique_size_s=50, clique_size_t=50, constraint=True, cross_val=False, dimension=2, dimension_s=20, dimension_t=10, enough_space=True, entropy_experiment=False, epsilon=0.005, epsilon_min=0.0, from_graphs='', iter_epsilon=1000, iter_max=1, learning_step=0.8, loss_func_name='1_loss', n_iter_algo=10, n_neighbors=5, n_samples_s=100, n_samples_t=100, name_algo='e_gromov', name_dataset='gaussian_graph', nb_iter_batch=1, nb_iter_update_Y=400, noise_graph=0.1, p_in_s=0.5, p_in_t=0.5, param1='0.005', param2='', pickle_name='2', pickle_path='pickle_compare', plot=False, ps_out_s=0.1, ps_out_t=0.1, rdm_seed=12345, repeat=True, same_space=False, save_pickle=True, sparse_graph=True, to_graphs='', value_graph=True, variance_s=5, variance_t=5, verbose=False)
The method as not converged. Return last stable T. Nb iter : 3
The method as not converged. Return last stable T. Nb iter : 3
The method as not converged. Return last stable T. Nb iter : 3
The method as not converged. Return last stable T. Nb iter : 3
The method as not converged. Return last stable T. Nb iter : 3
The method as not converged. Return last stable T. Nb iter : 3
The method as not converged. Return last stable T. Nb iter : 3
The method as not converged. Return last stable T. Nb iter : 3
The method as not converged. Return last stable T. Nb iter : 3
The method as not converged. Return last stable T. Nb iter : 3
Mean Wasserstein distance 0.7362962841015499
Mean Wasserstein distance approximated 0.7362962841015499
Mean computational time for finding T 4.488345408439637
Mean computational time for the approximated Wasserstein distance 2.408027648925781e-06
Mean computational time for the real Wasserstein distance 0.4323918104171753
Namespace(KL=1, alpha_experiment=False, barycenter=False, batch_size=None, clique_size_s=50, clique_size_t=50, constraint=True, cross_val=False, dimension=2, dimension_s=20, dimension_t=10, enough_space=True, entropy_experiment=False, epsilon=0.005, epsilon_min=0.0, from_graphs='', iter_epsilon=1000, iter_max=1, learning_step=0.8, loss_func_name='1_loss', n_iter_algo=10, n_neighbors=5, n_samples_s=100, n_samples_t=100, name_algo='e_gromov', name_dataset='gaussian_graph', nb_iter_batch=1, nb_iter_update_Y=400, noise_graph=0.1, p_in_s=0.5, p_in_t=0.5, param1='0.005', param2='', pickle_name='2', pickle_path='pickle_compare', plot=False, ps_out_s=0.1, ps_out_t=0.1, rdm_seed=12345, repeat=True, same_space=False, save_pickle=True, sparse_graph=True, to_graphs='', value_graph=True, variance_s=5, variance_t=5, verbose=False)
The method as not converged. Return last stable T. Nb iter : 3
The method as not converged. Return last stable T. Nb iter : 3
The method as not converged. Return last stable T. Nb iter : 3
The method as not converged. Return last stable T. Nb iter : 3
The method as not converged. Return last stable T. Nb iter : 3
The method as not converged. Return last stable T. Nb iter : 3
The method as not converged. Return last stable T. Nb iter : 3
The method as not converged. Return last stable T. Nb iter : 3
The method as not converged. Return last stable T. Nb iter : 3
The method as not converged. Return last stable T. Nb iter : 3
Mean Wasserstein distance 0.7362962841015499
Mean Wasserstein distance approximated 0.7362962841015499
Mean computational time for finding T 4.499308848381043
Mean computational time for the approximated Wasserstein distance 2.2411346435546876e-06
Mean computational time for the real Wasserstein distance 0.4315782070159912
Namespace(KL=1, alpha_experiment=False, barycenter=False, batch_size=None, clique_size_s=50, clique_size_t=50, constraint=True, cross_val=False, dimension=2, dimension_s=20, dimension_t=10, enough_space=True, entropy_experiment=False, epsilon=0.005, epsilon_min=0.0, from_graphs='', iter_epsilon=1000, iter_max=1, learning_step=0.8, loss_func_name='1_loss', n_iter_algo=10, n_neighbors=5, n_samples_s=100, n_samples_t=100, name_algo='e_gromov', name_dataset='gaussian_graph', nb_iter_batch=1, nb_iter_update_Y=400, noise_graph=0.1, p_in_s=0.5, p_in_t=0.5, param1='0.005', param2='', pickle_name='2', pickle_path='pickle_compare', plot=False, ps_out_s=0.1, ps_out_t=0.1, rdm_seed=12345, repeat=True, same_space=False, save_pickle=True, sparse_graph=True, to_graphs='', value_graph=True, variance_s=5, variance_t=5, verbose=False)
The method as not converged. Return last stable T. Nb iter : 3
The method as not converged. Return last stable T. Nb iter : 3
The method as not converged. Return last stable T. Nb iter : 3
The method as not converged. Return last stable T. Nb iter : 3
The method as not converged. Return last stable T. Nb iter : 3
The method as not converged. Return last stable T. Nb iter : 3
The method as not converged. Return last stable T. Nb iter : 3
The method as not converged. Return last stable T. Nb iter : 3
The method as not converged. Return last stable T. Nb iter : 3
The method as not converged. Return last stable T. Nb iter : 3
Mean Wasserstein distance 0.7362962841015499
Mean Wasserstein distance approximated 0.7362962841015499
Mean computational time for finding T 4.745110011100769
Mean computational time for the approximated Wasserstein distance 3.2186508178710938e-06
Mean computational time for the real Wasserstein distance 0.43136842250823976
Namespace(KL=1, alpha_experiment=False, barycenter=False, batch_size=None, clique_size_s=50, clique_size_t=50, constraint=True, cross_val=False, dimension=2, dimension_s=20, dimension_t=10, enough_space=True, entropy_experiment=False, epsilon=0.005, epsilon_min=0.0, from_graphs='', iter_epsilon=1000, iter_max=1, learning_step=0.8, loss_func_name='1_loss', n_iter_algo=10, n_neighbors=5, n_samples_s=100, n_samples_t=100, name_algo='e_gromov', name_dataset='gaussian_graph', nb_iter_batch=1, nb_iter_update_Y=400, noise_graph=0.1, p_in_s=0.5, p_in_t=0.5, param1='0.005', param2='', pickle_name='2', pickle_path='pickle_compare', plot=False, ps_out_s=0.1, ps_out_t=0.1, rdm_seed=12345, repeat=True, same_space=False, save_pickle=True, sparse_graph=True, to_graphs='', value_graph=True, variance_s=5, variance_t=5, verbose=False)
The method as not converged. Return last stable T. Nb iter : 3
The method as not converged. Return last stable T. Nb iter : 3
The method as not converged. Return last stable T. Nb iter : 3
The method as not converged. Return last stable T. Nb iter : 3
The method as not converged. Return last stable T. Nb iter : 3
The method as not converged. Return last stable T. Nb iter : 3
The method as not converged. Return last stable T. Nb iter : 3
The method as not converged. Return last stable T. Nb iter : 3
The method as not converged. Return last stable T. Nb iter : 3
The method as not converged. Return last stable T. Nb iter : 3
Mean Wasserstein distance 0.7362962841015499
Mean Wasserstein distance approximated 0.7362962841015499
Mean computational time for finding T 4.766980242729187
Mean computational time for the approximated Wasserstein distance 2.7418136596679688e-06
Mean computational time for the real Wasserstein distance 0.43445017337799074
Namespace(KL=1, alpha_experiment=False, barycenter=False, batch_size=None, clique_size_s=50, clique_size_t=50, constraint=True, cross_val=False, dimension=2, dimension_s=20, dimension_t=10, enough_space=True, entropy_experiment=False, epsilon=0.005, epsilon_min=0.0, from_graphs='', iter_epsilon=1000, iter_max=1, learning_step=0.8, loss_func_name='1_loss', n_iter_algo=10, n_neighbors=5, n_samples_s=100, n_samples_t=100, name_algo='e_gromov', name_dataset='gaussian_graph', nb_iter_batch=1, nb_iter_update_Y=400, noise_graph=0.1, p_in_s=0.5, p_in_t=0.5, param1='0.005', param2='', pickle_name='2', pickle_path='pickle_compare', plot=False, ps_out_s=0.1, ps_out_t=0.1, rdm_seed=12345, repeat=True, same_space=False, save_pickle=True, sparse_graph=True, to_graphs='', value_graph=True, variance_s=5, variance_t=5, verbose=False)
The method as not converged. Return last stable T. Nb iter : 3
The method as not converged. Return last stable T. Nb iter : 3
The method as not converged. Return last stable T. Nb iter : 3
The method as not converged. Return last stable T. Nb iter : 3
The method as not converged. Return last stable T. Nb iter : 3
The method as not converged. Return last stable T. Nb iter : 3
The method as not converged. Return last stable T. Nb iter : 3
The method as not converged. Return last stable T. Nb iter : 3
The method as not converged. Return last stable T. Nb iter : 3
The method as not converged. Return last stable T. Nb iter : 3
Mean Wasserstein distance 0.7362962841015499
Mean Wasserstein distance approximated 0.7362962841015499
Mean computational time for finding T 4.772853755950928
Mean computational time for the approximated Wasserstein distance 2.86102294921875e-06
Mean computational time for the real Wasserstein distance 0.4348961353302002
Namespace(KL=1, alpha_experiment=False, barycenter=False, batch_size=None, clique_size_s=50, clique_size_t=50, constraint=True, cross_val=False, dimension=2, dimension_s=20, dimension_t=10, enough_space=True, entropy_experiment=False, epsilon=0.005, epsilon_min=0.0, from_graphs='', iter_epsilon=1000, iter_max=1, learning_step=0.8, loss_func_name='1_loss', n_iter_algo=10, n_neighbors=5, n_samples_s=100, n_samples_t=100, name_algo='e_gromov', name_dataset='gaussian_graph', nb_iter_batch=1, nb_iter_update_Y=400, noise_graph=0.1, p_in_s=0.5, p_in_t=0.5, param1='0.005', param2='', pickle_name='2', pickle_path='pickle_compare', plot=False, ps_out_s=0.1, ps_out_t=0.1, rdm_seed=12345, repeat=True, same_space=False, save_pickle=True, sparse_graph=True, to_graphs='', value_graph=True, variance_s=5, variance_t=5, verbose=False)
The method as not converged. Return last stable T. Nb iter : 3
The method as not converged. Return last stable T. Nb iter : 3
The method as not converged. Return last stable T. Nb iter : 3
The method as not converged. Return last stable T. Nb iter : 3
The method as not converged. Return last stable T. Nb iter : 3
The method as not converged. Return last stable T. Nb iter : 3
The method as not converged. Return last stable T. Nb iter : 3
The method as not converged. Return last stable T. Nb iter : 3
The method as not converged. Return last stable T. Nb iter : 3
The method as not converged. Return last stable T. Nb iter : 3
Mean Wasserstein distance 0.7362962841015499
Mean Wasserstein distance approximated 0.7362962841015499
Mean computational time for finding T 4.780807089805603
Mean computational time for the approximated Wasserstein distance 2.765655517578125e-06
Mean computational time for the real Wasserstein distance 0.4414068698883057
Namespace(KL=1, alpha_experiment=False, barycenter=False, batch_size=None, clique_size_s=50, clique_size_t=50, constraint=True, cross_val=False, dimension=2, dimension_s=20, dimension_t=10, enough_space=True, entropy_experiment=False, epsilon=0.005, epsilon_min=0.0, from_graphs='', iter_epsilon=1000, iter_max=1, learning_step=0.8, loss_func_name='1_loss', n_iter_algo=10, n_neighbors=5, n_samples_s=100, n_samples_t=100, name_algo='e_gromov', name_dataset='gaussian_graph', nb_iter_batch=1, nb_iter_update_Y=400, noise_graph=0.1, p_in_s=0.5, p_in_t=0.5, param1='0.005', param2='', pickle_name='2', pickle_path='pickle_compare', plot=False, ps_out_s=0.1, ps_out_t=0.1, rdm_seed=12345, repeat=True, same_space=False, save_pickle=True, sparse_graph=True, to_graphs='', value_graph=True, variance_s=5, variance_t=5, verbose=False)
The method as not converged. Return last stable T. Nb iter : 3
The method as not converged. Return last stable T. Nb iter : 3
The method as not converged. Return last stable T. Nb iter : 3
The method as not converged. Return last stable T. Nb iter : 3
The method as not converged. Return last stable T. Nb iter : 3
The method as not converged. Return last stable T. Nb iter : 3
The method as not converged. Return last stable T. Nb iter : 3
The method as not converged. Return last stable T. Nb iter : 3
The method as not converged. Return last stable T. Nb iter : 3
The method as not converged. Return last stable T. Nb iter : 3
Mean Wasserstein distance 0.7362962841015499
Mean Wasserstein distance approximated 0.7362962841015499
Mean computational time for finding T 4.811524963378906
Mean computational time for the approximated Wasserstein distance 3.2901763916015627e-06
Mean computational time for the real Wasserstein distance 0.4680152416229248
---------------------------------------
Begin Slurm Epilog: Jun-05-2023 15:32:20
Job ID:        2359619
Array Job ID:  _4294967294
User ID:       klapborisuth3
Account:       gts-saluru8-coda20
Job name:      e_gromov_gaussian_graph_100_1_loss_0.005
Resources:     cpu=8,mem=64G,node=1
Rsrc Used:     cput=00:20:56,vmem=9336K,walltime=00:02:37,mem=8524K,energy_used=0
Partition:     cpu-small
QOS:           inferno
Nodes:         atl1-1-02-002-24-1
---------------------------------------
