---------------------------------------
Begin Slurm Prolog: Jun-05-2023 15:29:44
Job ID:    2359649
User ID:   klapborisuth3
Account:   gts-saluru8-coda20
Job name:  e_gromov_gaussian_graph_200_square_loss_0.01
Partition: cpu-small
QOS:       inferno
---------------------------------------
Namespace(KL=1, alpha_experiment=False, barycenter=False, batch_size=None, clique_size_s=100, clique_size_t=100, constraint=True, cross_val=False, dimension=2, dimension_s=20, dimension_t=10, enough_space=True, entropy_experiment=False, epsilon=0.01, epsilon_min=0.0, from_graphs='', iter_epsilon=1000, iter_max=1, learning_step=0.8, loss_func_name='square_loss', n_iter_algo=10, n_neighbors=5, n_samples_s=200, n_samples_t=200, name_algo='e_gromov', name_dataset='gaussian_graph', nb_iter_batch=1, nb_iter_update_Y=400, noise_graph=0.1, p_in_s=0.5, p_in_t=0.5, param1='0.01', param2='', pickle_name='2', pickle_path='pickle_compare', plot=False, ps_out_s=0.1, ps_out_t=0.1, rdm_seed=12345, repeat=True, same_space=False, save_pickle=True, sparse_graph=True, to_graphs='', value_graph=True, variance_s=5, variance_t=5, verbose=False)
The method as not converged. Return last stable T. Nb iter : 6
The method as not converged. Return last stable T. Nb iter : 6
The method as not converged. Return last stable T. Nb iter : 6
The method as not converged. Return last stable T. Nb iter : 6
The method as not converged. Return last stable T. Nb iter : 6
The method as not converged. Return last stable T. Nb iter : 6
The method as not converged. Return last stable T. Nb iter : 6
The method as not converged. Return last stable T. Nb iter : 6
The method as not converged. Return last stable T. Nb iter : 6
The method as not converged. Return last stable T. Nb iter : 6
Mean Wasserstein distance 1.6395710457956714
Mean Wasserstein distance approximated 1.6395710439804385
Mean computational time for finding T 0.11665151119232178
Mean computational time for the approximated Wasserstein distance 8.821487426757813e-07
Mean computational time for the real Wasserstein distance 5.776568341255188
Namespace(KL=1, alpha_experiment=False, barycenter=False, batch_size=None, clique_size_s=100, clique_size_t=100, constraint=True, cross_val=False, dimension=2, dimension_s=20, dimension_t=10, enough_space=True, entropy_experiment=False, epsilon=0.01, epsilon_min=0.0, from_graphs='', iter_epsilon=1000, iter_max=1, learning_step=0.8, loss_func_name='square_loss', n_iter_algo=10, n_neighbors=5, n_samples_s=200, n_samples_t=200, name_algo='e_gromov', name_dataset='gaussian_graph', nb_iter_batch=1, nb_iter_update_Y=400, noise_graph=0.1, p_in_s=0.5, p_in_t=0.5, param1='0.01', param2='', pickle_name='2', pickle_path='pickle_compare', plot=False, ps_out_s=0.1, ps_out_t=0.1, rdm_seed=12345, repeat=True, same_space=False, save_pickle=True, sparse_graph=True, to_graphs='', value_graph=True, variance_s=5, variance_t=5, verbose=False)
The method as not converged. Return last stable T. Nb iter : 6
The method as not converged. Return last stable T. Nb iter : 6
The method as not converged. Return last stable T. Nb iter : 6
The method as not converged. Return last stable T. Nb iter : 6
The method as not converged. Return last stable T. Nb iter : 6
The method as not converged. Return last stable T. Nb iter : 6
The method as not converged. Return last stable T. Nb iter : 6
The method as not converged. Return last stable T. Nb iter : 6
The method as not converged. Return last stable T. Nb iter : 6
The method as not converged. Return last stable T. Nb iter : 6
Mean Wasserstein distance 1.6395710457956714
Mean Wasserstein distance approximated 1.6395710439804385
Mean computational time for finding T 0.11665668487548828
Mean computational time for the approximated Wasserstein distance 1.049041748046875e-06
Mean computational time for the real Wasserstein distance 5.7811617136001585
Namespace(KL=1, alpha_experiment=False, barycenter=False, batch_size=None, clique_size_s=100, clique_size_t=100, constraint=True, cross_val=False, dimension=2, dimension_s=20, dimension_t=10, enough_space=True, entropy_experiment=False, epsilon=0.01, epsilon_min=0.0, from_graphs='', iter_epsilon=1000, iter_max=1, learning_step=0.8, loss_func_name='square_loss', n_iter_algo=10, n_neighbors=5, n_samples_s=200, n_samples_t=200, name_algo='e_gromov', name_dataset='gaussian_graph', nb_iter_batch=1, nb_iter_update_Y=400, noise_graph=0.1, p_in_s=0.5, p_in_t=0.5, param1='0.01', param2='', pickle_name='2', pickle_path='pickle_compare', plot=False, ps_out_s=0.1, ps_out_t=0.1, rdm_seed=12345, repeat=True, same_space=False, save_pickle=True, sparse_graph=True, to_graphs='', value_graph=True, variance_s=5, variance_t=5, verbose=False)
The method as not converged. Return last stable T. Nb iter : 6
The method as not converged. Return last stable T. Nb iter : 6
The method as not converged. Return last stable T. Nb iter : 6
The method as not converged. Return last stable T. Nb iter : 6
The method as not converged. Return last stable T. Nb iter : 6
The method as not converged. Return last stable T. Nb iter : 6
The method as not converged. Return last stable T. Nb iter : 6
The method as not converged. Return last stable T. Nb iter : 6
The method as not converged. Return last stable T. Nb iter : 6
The method as not converged. Return last stable T. Nb iter : 6
Mean Wasserstein distance 1.6395710457956714
Mean Wasserstein distance approximated 1.6395710439804385
Mean computational time for finding T 0.11573436260223388
Mean computational time for the approximated Wasserstein distance 9.298324584960937e-07
Mean computational time for the real Wasserstein distance 5.789500498771668
Namespace(KL=1, alpha_experiment=False, barycenter=False, batch_size=None, clique_size_s=100, clique_size_t=100, constraint=True, cross_val=False, dimension=2, dimension_s=20, dimension_t=10, enough_space=True, entropy_experiment=False, epsilon=0.01, epsilon_min=0.0, from_graphs='', iter_epsilon=1000, iter_max=1, learning_step=0.8, loss_func_name='square_loss', n_iter_algo=10, n_neighbors=5, n_samples_s=200, n_samples_t=200, name_algo='e_gromov', name_dataset='gaussian_graph', nb_iter_batch=1, nb_iter_update_Y=400, noise_graph=0.1, p_in_s=0.5, p_in_t=0.5, param1='0.01', param2='', pickle_name='2', pickle_path='pickle_compare', plot=False, ps_out_s=0.1, ps_out_t=0.1, rdm_seed=12345, repeat=True, same_space=False, save_pickle=True, sparse_graph=True, to_graphs='', value_graph=True, variance_s=5, variance_t=5, verbose=False)
The method as not converged. Return last stable T. Nb iter : 6
The method as not converged. Return last stable T. Nb iter : 6
The method as not converged. Return last stable T. Nb iter : 6
The method as not converged. Return last stable T. Nb iter : 6
The method as not converged. Return last stable T. Nb iter : 6
The method as not converged. Return last stable T. Nb iter : 6
The method as not converged. Return last stable T. Nb iter : 6
The method as not converged. Return last stable T. Nb iter : 6
The method as not converged. Return last stable T. Nb iter : 6
The method as not converged. Return last stable T. Nb iter : 6
Mean Wasserstein distance 1.6395710457956714
Mean Wasserstein distance approximated 1.6395710439804385
Mean computational time for finding T 0.11751832962036132
Mean computational time for the approximated Wasserstein distance 1.049041748046875e-06
Mean computational time for the real Wasserstein distance 5.812931370735169
Namespace(KL=1, alpha_experiment=False, barycenter=False, batch_size=None, clique_size_s=100, clique_size_t=100, constraint=True, cross_val=False, dimension=2, dimension_s=20, dimension_t=10, enough_space=True, entropy_experiment=False, epsilon=0.01, epsilon_min=0.0, from_graphs='', iter_epsilon=1000, iter_max=1, learning_step=0.8, loss_func_name='square_loss', n_iter_algo=10, n_neighbors=5, n_samples_s=200, n_samples_t=200, name_algo='e_gromov', name_dataset='gaussian_graph', nb_iter_batch=1, nb_iter_update_Y=400, noise_graph=0.1, p_in_s=0.5, p_in_t=0.5, param1='0.01', param2='', pickle_name='2', pickle_path='pickle_compare', plot=False, ps_out_s=0.1, ps_out_t=0.1, rdm_seed=12345, repeat=True, same_space=False, save_pickle=True, sparse_graph=True, to_graphs='', value_graph=True, variance_s=5, variance_t=5, verbose=False)
The method as not converged. Return last stable T. Nb iter : 6
The method as not converged. Return last stable T. Nb iter : 6
The method as not converged. Return last stable T. Nb iter : 6
The method as not converged. Return last stable T. Nb iter : 6
The method as not converged. Return last stable T. Nb iter : 6
The method as not converged. Return last stable T. Nb iter : 6
The method as not converged. Return last stable T. Nb iter : 6
The method as not converged. Return last stable T. Nb iter : 6
The method as not converged. Return last stable T. Nb iter : 6
The method as not converged. Return last stable T. Nb iter : 6
Mean Wasserstein distance 1.6395710457956714
Mean Wasserstein distance approximated 1.6395710439804385
Mean computational time for finding T 0.11548409461975098
Mean computational time for the approximated Wasserstein distance 1.0251998901367187e-06
Mean computational time for the real Wasserstein distance 5.818083882331848
Namespace(KL=1, alpha_experiment=False, barycenter=False, batch_size=None, clique_size_s=100, clique_size_t=100, constraint=True, cross_val=False, dimension=2, dimension_s=20, dimension_t=10, enough_space=True, entropy_experiment=False, epsilon=0.01, epsilon_min=0.0, from_graphs='', iter_epsilon=1000, iter_max=1, learning_step=0.8, loss_func_name='square_loss', n_iter_algo=10, n_neighbors=5, n_samples_s=200, n_samples_t=200, name_algo='e_gromov', name_dataset='gaussian_graph', nb_iter_batch=1, nb_iter_update_Y=400, noise_graph=0.1, p_in_s=0.5, p_in_t=0.5, param1='0.01', param2='', pickle_name='2', pickle_path='pickle_compare', plot=False, ps_out_s=0.1, ps_out_t=0.1, rdm_seed=12345, repeat=True, same_space=False, save_pickle=True, sparse_graph=True, to_graphs='', value_graph=True, variance_s=5, variance_t=5, verbose=False)
The method as not converged. Return last stable T. Nb iter : 6
The method as not converged. Return last stable T. Nb iter : 6
The method as not converged. Return last stable T. Nb iter : 6
The method as not converged. Return last stable T. Nb iter : 6
The method as not converged. Return last stable T. Nb iter : 6
The method as not converged. Return last stable T. Nb iter : 6
The method as not converged. Return last stable T. Nb iter : 6
The method as not converged. Return last stable T. Nb iter : 6
The method as not converged. Return last stable T. Nb iter : 6
The method as not converged. Return last stable T. Nb iter : 6
Mean Wasserstein distance 1.6395710457956714
Mean Wasserstein distance approximated 1.6395710439804385
Mean computational time for finding T 0.11614072322845459
Mean computational time for the approximated Wasserstein distance 9.775161743164062e-07
Mean computational time for the real Wasserstein distance 5.85006890296936
Namespace(KL=1, alpha_experiment=False, barycenter=False, batch_size=None, clique_size_s=100, clique_size_t=100, constraint=True, cross_val=False, dimension=2, dimension_s=20, dimension_t=10, enough_space=True, entropy_experiment=False, epsilon=0.01, epsilon_min=0.0, from_graphs='', iter_epsilon=1000, iter_max=1, learning_step=0.8, loss_func_name='square_loss', n_iter_algo=10, n_neighbors=5, n_samples_s=200, n_samples_t=200, name_algo='e_gromov', name_dataset='gaussian_graph', nb_iter_batch=1, nb_iter_update_Y=400, noise_graph=0.1, p_in_s=0.5, p_in_t=0.5, param1='0.01', param2='', pickle_name='2', pickle_path='pickle_compare', plot=False, ps_out_s=0.1, ps_out_t=0.1, rdm_seed=12345, repeat=True, same_space=False, save_pickle=True, sparse_graph=True, to_graphs='', value_graph=True, variance_s=5, variance_t=5, verbose=False)
The method as not converged. Return last stable T. Nb iter : 6
The method as not converged. Return last stable T. Nb iter : 6
The method as not converged. Return last stable T. Nb iter : 6
The method as not converged. Return last stable T. Nb iter : 6
The method as not converged. Return last stable T. Nb iter : 6
The method as not converged. Return last stable T. Nb iter : 6
The method as not converged. Return last stable T. Nb iter : 6
The method as not converged. Return last stable T. Nb iter : 6
The method as not converged. Return last stable T. Nb iter : 6
The method as not converged. Return last stable T. Nb iter : 6
Mean Wasserstein distance 1.6395710457956714
Mean Wasserstein distance approximated 1.6395710439804385
Mean computational time for finding T 0.11670961380004882
Mean computational time for the approximated Wasserstein distance 9.775161743164062e-07
Mean computational time for the real Wasserstein distance 5.873470497131348
Namespace(KL=1, alpha_experiment=False, barycenter=False, batch_size=None, clique_size_s=100, clique_size_t=100, constraint=True, cross_val=False, dimension=2, dimension_s=20, dimension_t=10, enough_space=True, entropy_experiment=False, epsilon=0.01, epsilon_min=0.0, from_graphs='', iter_epsilon=1000, iter_max=1, learning_step=0.8, loss_func_name='square_loss', n_iter_algo=10, n_neighbors=5, n_samples_s=200, n_samples_t=200, name_algo='e_gromov', name_dataset='gaussian_graph', nb_iter_batch=1, nb_iter_update_Y=400, noise_graph=0.1, p_in_s=0.5, p_in_t=0.5, param1='0.01', param2='', pickle_name='2', pickle_path='pickle_compare', plot=False, ps_out_s=0.1, ps_out_t=0.1, rdm_seed=12345, repeat=True, same_space=False, save_pickle=True, sparse_graph=True, to_graphs='', value_graph=True, variance_s=5, variance_t=5, verbose=False)
The method as not converged. Return last stable T. Nb iter : 6
The method as not converged. Return last stable T. Nb iter : 6
The method as not converged. Return last stable T. Nb iter : 6
The method as not converged. Return last stable T. Nb iter : 6
The method as not converged. Return last stable T. Nb iter : 6
The method as not converged. Return last stable T. Nb iter : 6
The method as not converged. Return last stable T. Nb iter : 6
The method as not converged. Return last stable T. Nb iter : 6
The method as not converged. Return last stable T. Nb iter : 6
The method as not converged. Return last stable T. Nb iter : 6
Mean Wasserstein distance 1.6395710457956714
Mean Wasserstein distance approximated 1.6395710439804385
Mean computational time for finding T 0.13513755798339844
Mean computational time for the approximated Wasserstein distance 1.0251998901367187e-06
Mean computational time for the real Wasserstein distance 6.192059826850891
---------------------------------------
Begin Slurm Epilog: Jun-05-2023 15:32:34
Job ID:        2359649
Array Job ID:  _4294967294
User ID:       klapborisuth3
Account:       gts-saluru8-coda20
Job name:      e_gromov_gaussian_graph_200_square_loss_0.01
Resources:     cpu=8,mem=64G,node=1
Rsrc Used:     cput=00:22:48,vmem=14272K,walltime=00:02:51,mem=8520K,energy_used=0
Partition:     cpu-small
QOS:           inferno
Nodes:         atl1-1-02-008-18-1
---------------------------------------
