---------------------------------------
Begin Slurm Prolog: Jun-05-2023 15:29:44
Job ID:    2359569
User ID:   klapborisuth3
Account:   gts-saluru8-coda20
Job name:  e_gromov_gaussian_graph_20_1_loss_0.005
Partition: cpu-small
QOS:       inferno
---------------------------------------
Namespace(KL=1, alpha_experiment=False, barycenter=False, batch_size=None, clique_size_s=10, clique_size_t=10, constraint=True, cross_val=False, dimension=2, dimension_s=20, dimension_t=10, enough_space=True, entropy_experiment=False, epsilon=0.005, epsilon_min=0.0, from_graphs='', iter_epsilon=1000, iter_max=1, learning_step=0.8, loss_func_name='1_loss', n_iter_algo=10, n_neighbors=5, n_samples_s=20, n_samples_t=20, name_algo='e_gromov', name_dataset='gaussian_graph', nb_iter_batch=1, nb_iter_update_Y=400, noise_graph=0.1, p_in_s=0.5, p_in_t=0.5, param1='0.005', param2='', pickle_name='2', pickle_path='pickle_compare', plot=False, ps_out_s=0.1, ps_out_t=0.1, rdm_seed=12345, repeat=True, same_space=False, save_pickle=True, sparse_graph=True, to_graphs='', value_graph=True, variance_s=5, variance_t=5, verbose=False)
The method as not converged. Return last stable T. Nb iter : 1
The method as not converged. Return last stable T. Nb iter : 1
The method as not converged. Return last stable T. Nb iter : 1
The method as not converged. Return last stable T. Nb iter : 1
The method as not converged. Return last stable T. Nb iter : 1
The method as not converged. Return last stable T. Nb iter : 1
The method as not converged. Return last stable T. Nb iter : 1
The method as not converged. Return last stable T. Nb iter : 1
The method as not converged. Return last stable T. Nb iter : 1
The method as not converged. Return last stable T. Nb iter : 1
Mean Wasserstein distance 0.8007935759452472
Mean Wasserstein distance approximated 0.8007935759452472
Mean computational time for finding T 0.04513707160949707
Mean computational time for the approximated Wasserstein distance 1.0251998901367187e-06
Mean computational time for the real Wasserstein distance 0.005981135368347168
Namespace(KL=1, alpha_experiment=False, barycenter=False, batch_size=None, clique_size_s=10, clique_size_t=10, constraint=True, cross_val=False, dimension=2, dimension_s=20, dimension_t=10, enough_space=True, entropy_experiment=False, epsilon=0.005, epsilon_min=0.0, from_graphs='', iter_epsilon=1000, iter_max=1, learning_step=0.8, loss_func_name='1_loss', n_iter_algo=10, n_neighbors=5, n_samples_s=20, n_samples_t=20, name_algo='e_gromov', name_dataset='gaussian_graph', nb_iter_batch=1, nb_iter_update_Y=400, noise_graph=0.1, p_in_s=0.5, p_in_t=0.5, param1='0.005', param2='', pickle_name='2', pickle_path='pickle_compare', plot=False, ps_out_s=0.1, ps_out_t=0.1, rdm_seed=12345, repeat=True, same_space=False, save_pickle=True, sparse_graph=True, to_graphs='', value_graph=True, variance_s=5, variance_t=5, verbose=False)
The method as not converged. Return last stable T. Nb iter : 1
The method as not converged. Return last stable T. Nb iter : 1
The method as not converged. Return last stable T. Nb iter : 1
The method as not converged. Return last stable T. Nb iter : 1
The method as not converged. Return last stable T. Nb iter : 1
The method as not converged. Return last stable T. Nb iter : 1
The method as not converged. Return last stable T. Nb iter : 1
The method as not converged. Return last stable T. Nb iter : 1
The method as not converged. Return last stable T. Nb iter : 1
The method as not converged. Return last stable T. Nb iter : 1
Mean Wasserstein distance 0.8007935759452472
Mean Wasserstein distance approximated 0.8007935759452472
Mean computational time for finding T 0.044865870475769044
Mean computational time for the approximated Wasserstein distance 1.0967254638671874e-06
Mean computational time for the real Wasserstein distance 0.006000733375549317
Namespace(KL=1, alpha_experiment=False, barycenter=False, batch_size=None, clique_size_s=10, clique_size_t=10, constraint=True, cross_val=False, dimension=2, dimension_s=20, dimension_t=10, enough_space=True, entropy_experiment=False, epsilon=0.005, epsilon_min=0.0, from_graphs='', iter_epsilon=1000, iter_max=1, learning_step=0.8, loss_func_name='1_loss', n_iter_algo=10, n_neighbors=5, n_samples_s=20, n_samples_t=20, name_algo='e_gromov', name_dataset='gaussian_graph', nb_iter_batch=1, nb_iter_update_Y=400, noise_graph=0.1, p_in_s=0.5, p_in_t=0.5, param1='0.005', param2='', pickle_name='2', pickle_path='pickle_compare', plot=False, ps_out_s=0.1, ps_out_t=0.1, rdm_seed=12345, repeat=True, same_space=False, save_pickle=True, sparse_graph=True, to_graphs='', value_graph=True, variance_s=5, variance_t=5, verbose=False)
The method as not converged. Return last stable T. Nb iter : 1
The method as not converged. Return last stable T. Nb iter : 1
The method as not converged. Return last stable T. Nb iter : 1
The method as not converged. Return last stable T. Nb iter : 1
The method as not converged. Return last stable T. Nb iter : 1
The method as not converged. Return last stable T. Nb iter : 1
The method as not converged. Return last stable T. Nb iter : 1
The method as not converged. Return last stable T. Nb iter : 1
The method as not converged. Return last stable T. Nb iter : 1
The method as not converged. Return last stable T. Nb iter : 1
Mean Wasserstein distance 0.8007935759452472
Mean Wasserstein distance approximated 0.8007935759452472
Mean computational time for finding T 0.0443479061126709
Mean computational time for the approximated Wasserstein distance 1.049041748046875e-06
Mean computational time for the real Wasserstein distance 0.006009244918823242
Namespace(KL=1, alpha_experiment=False, barycenter=False, batch_size=None, clique_size_s=10, clique_size_t=10, constraint=True, cross_val=False, dimension=2, dimension_s=20, dimension_t=10, enough_space=True, entropy_experiment=False, epsilon=0.005, epsilon_min=0.0, from_graphs='', iter_epsilon=1000, iter_max=1, learning_step=0.8, loss_func_name='1_loss', n_iter_algo=10, n_neighbors=5, n_samples_s=20, n_samples_t=20, name_algo='e_gromov', name_dataset='gaussian_graph', nb_iter_batch=1, nb_iter_update_Y=400, noise_graph=0.1, p_in_s=0.5, p_in_t=0.5, param1='0.005', param2='', pickle_name='2', pickle_path='pickle_compare', plot=False, ps_out_s=0.1, ps_out_t=0.1, rdm_seed=12345, repeat=True, same_space=False, save_pickle=True, sparse_graph=True, to_graphs='', value_graph=True, variance_s=5, variance_t=5, verbose=False)
The method as not converged. Return last stable T. Nb iter : 1
The method as not converged. Return last stable T. Nb iter : 1
The method as not converged. Return last stable T. Nb iter : 1
The method as not converged. Return last stable T. Nb iter : 1
The method as not converged. Return last stable T. Nb iter : 1
The method as not converged. Return last stable T. Nb iter : 1
The method as not converged. Return last stable T. Nb iter : 1
The method as not converged. Return last stable T. Nb iter : 1
The method as not converged. Return last stable T. Nb iter : 1
The method as not converged. Return last stable T. Nb iter : 1
Mean Wasserstein distance 0.8007935759452472
Mean Wasserstein distance approximated 0.8007935759452472
Mean computational time for finding T 0.045081472396850585
Mean computational time for the approximated Wasserstein distance 9.298324584960937e-07
Mean computational time for the real Wasserstein distance 0.006002068519592285
Namespace(KL=1, alpha_experiment=False, barycenter=False, batch_size=None, clique_size_s=10, clique_size_t=10, constraint=True, cross_val=False, dimension=2, dimension_s=20, dimension_t=10, enough_space=True, entropy_experiment=False, epsilon=0.005, epsilon_min=0.0, from_graphs='', iter_epsilon=1000, iter_max=1, learning_step=0.8, loss_func_name='1_loss', n_iter_algo=10, n_neighbors=5, n_samples_s=20, n_samples_t=20, name_algo='e_gromov', name_dataset='gaussian_graph', nb_iter_batch=1, nb_iter_update_Y=400, noise_graph=0.1, p_in_s=0.5, p_in_t=0.5, param1='0.005', param2='', pickle_name='2', pickle_path='pickle_compare', plot=False, ps_out_s=0.1, ps_out_t=0.1, rdm_seed=12345, repeat=True, same_space=False, save_pickle=True, sparse_graph=True, to_graphs='', value_graph=True, variance_s=5, variance_t=5, verbose=False)
The method as not converged. Return last stable T. Nb iter : 1
The method as not converged. Return last stable T. Nb iter : 1
The method as not converged. Return last stable T. Nb iter : 1
The method as not converged. Return last stable T. Nb iter : 1
The method as not converged. Return last stable T. Nb iter : 1
The method as not converged. Return last stable T. Nb iter : 1
The method as not converged. Return last stable T. Nb iter : 1
The method as not converged. Return last stable T. Nb iter : 1
The method as not converged. Return last stable T. Nb iter : 1
The method as not converged. Return last stable T. Nb iter : 1
Mean Wasserstein distance 0.8007935759452472
Mean Wasserstein distance approximated 0.8007935759452472
Mean computational time for finding T 0.04499642848968506
Mean computational time for the approximated Wasserstein distance 9.298324584960937e-07
Mean computational time for the real Wasserstein distance 0.005985569953918457
Namespace(KL=1, alpha_experiment=False, barycenter=False, batch_size=None, clique_size_s=10, clique_size_t=10, constraint=True, cross_val=False, dimension=2, dimension_s=20, dimension_t=10, enough_space=True, entropy_experiment=False, epsilon=0.005, epsilon_min=0.0, from_graphs='', iter_epsilon=1000, iter_max=1, learning_step=0.8, loss_func_name='1_loss', n_iter_algo=10, n_neighbors=5, n_samples_s=20, n_samples_t=20, name_algo='e_gromov', name_dataset='gaussian_graph', nb_iter_batch=1, nb_iter_update_Y=400, noise_graph=0.1, p_in_s=0.5, p_in_t=0.5, param1='0.005', param2='', pickle_name='2', pickle_path='pickle_compare', plot=False, ps_out_s=0.1, ps_out_t=0.1, rdm_seed=12345, repeat=True, same_space=False, save_pickle=True, sparse_graph=True, to_graphs='', value_graph=True, variance_s=5, variance_t=5, verbose=False)
The method as not converged. Return last stable T. Nb iter : 1
The method as not converged. Return last stable T. Nb iter : 1
The method as not converged. Return last stable T. Nb iter : 1
The method as not converged. Return last stable T. Nb iter : 1
The method as not converged. Return last stable T. Nb iter : 1
The method as not converged. Return last stable T. Nb iter : 1
The method as not converged. Return last stable T. Nb iter : 1
The method as not converged. Return last stable T. Nb iter : 1
The method as not converged. Return last stable T. Nb iter : 1
The method as not converged. Return last stable T. Nb iter : 1
Mean Wasserstein distance 0.8007935759452472
Mean Wasserstein distance approximated 0.8007935759452472
Mean computational time for finding T 0.04599461555480957
Mean computational time for the approximated Wasserstein distance 8.58306884765625e-07
Mean computational time for the real Wasserstein distance 0.006055903434753418
Namespace(KL=1, alpha_experiment=False, barycenter=False, batch_size=None, clique_size_s=10, clique_size_t=10, constraint=True, cross_val=False, dimension=2, dimension_s=20, dimension_t=10, enough_space=True, entropy_experiment=False, epsilon=0.005, epsilon_min=0.0, from_graphs='', iter_epsilon=1000, iter_max=1, learning_step=0.8, loss_func_name='1_loss', n_iter_algo=10, n_neighbors=5, n_samples_s=20, n_samples_t=20, name_algo='e_gromov', name_dataset='gaussian_graph', nb_iter_batch=1, nb_iter_update_Y=400, noise_graph=0.1, p_in_s=0.5, p_in_t=0.5, param1='0.005', param2='', pickle_name='2', pickle_path='pickle_compare', plot=False, ps_out_s=0.1, ps_out_t=0.1, rdm_seed=12345, repeat=True, same_space=False, save_pickle=True, sparse_graph=True, to_graphs='', value_graph=True, variance_s=5, variance_t=5, verbose=False)
The method as not converged. Return last stable T. Nb iter : 1
The method as not converged. Return last stable T. Nb iter : 1
The method as not converged. Return last stable T. Nb iter : 1
The method as not converged. Return last stable T. Nb iter : 1
The method as not converged. Return last stable T. Nb iter : 1
The method as not converged. Return last stable T. Nb iter : 1
The method as not converged. Return last stable T. Nb iter : 1
The method as not converged. Return last stable T. Nb iter : 1
The method as not converged. Return last stable T. Nb iter : 1
The method as not converged. Return last stable T. Nb iter : 1
Mean Wasserstein distance 0.8007935759452472
Mean Wasserstein distance approximated 0.8007935759452472
Mean computational time for finding T 0.04506726264953613
Mean computational time for the approximated Wasserstein distance 1.0728836059570312e-06
Mean computational time for the real Wasserstein distance 0.005996513366699219
Namespace(KL=1, alpha_experiment=False, barycenter=False, batch_size=None, clique_size_s=10, clique_size_t=10, constraint=True, cross_val=False, dimension=2, dimension_s=20, dimension_t=10, enough_space=True, entropy_experiment=False, epsilon=0.005, epsilon_min=0.0, from_graphs='', iter_epsilon=1000, iter_max=1, learning_step=0.8, loss_func_name='1_loss', n_iter_algo=10, n_neighbors=5, n_samples_s=20, n_samples_t=20, name_algo='e_gromov', name_dataset='gaussian_graph', nb_iter_batch=1, nb_iter_update_Y=400, noise_graph=0.1, p_in_s=0.5, p_in_t=0.5, param1='0.005', param2='', pickle_name='2', pickle_path='pickle_compare', plot=False, ps_out_s=0.1, ps_out_t=0.1, rdm_seed=12345, repeat=True, same_space=False, save_pickle=True, sparse_graph=True, to_graphs='', value_graph=True, variance_s=5, variance_t=5, verbose=False)
The method as not converged. Return last stable T. Nb iter : 1
The method as not converged. Return last stable T. Nb iter : 1
The method as not converged. Return last stable T. Nb iter : 1
The method as not converged. Return last stable T. Nb iter : 1
The method as not converged. Return last stable T. Nb iter : 1
The method as not converged. Return last stable T. Nb iter : 1
The method as not converged. Return last stable T. Nb iter : 1
The method as not converged. Return last stable T. Nb iter : 1
The method as not converged. Return last stable T. Nb iter : 1
The method as not converged. Return last stable T. Nb iter : 1
Mean Wasserstein distance 0.8007935759452472
Mean Wasserstein distance approximated 0.8007935759452472
Mean computational time for finding T 0.04496355056762695
Mean computational time for the approximated Wasserstein distance 1.0728836059570312e-06
Mean computational time for the real Wasserstein distance 0.0060120105743408205
---------------------------------------
Begin Slurm Epilog: Jun-05-2023 15:31:31
Job ID:        2359569
Array Job ID:  _4294967294
User ID:       klapborisuth3
Account:       gts-saluru8-coda20
Job name:      e_gromov_gaussian_graph_20_1_loss_0.005
Resources:     cpu=8,mem=64G,node=1
Rsrc Used:     cput=00:14:24,vmem=8564K,walltime=00:01:48,mem=8528K,energy_used=0
Partition:     cpu-small
QOS:           inferno
Nodes:         atl1-1-02-003-10-2
---------------------------------------
