---------------------------------------
Begin Slurm Prolog: Jun-05-2023 15:29:44
Job ID:    2359574
User ID:   klapborisuth3
Account:   gts-saluru8-coda20
Job name:  e_gromov_gaussian_graph_20_square_loss_0.01
Partition: cpu-small
QOS:       inferno
---------------------------------------
Namespace(KL=1, alpha_experiment=False, barycenter=False, batch_size=None, clique_size_s=10, clique_size_t=10, constraint=True, cross_val=False, dimension=2, dimension_s=20, dimension_t=10, enough_space=True, entropy_experiment=False, epsilon=0.01, epsilon_min=0.0, from_graphs='', iter_epsilon=1000, iter_max=1, learning_step=0.8, loss_func_name='square_loss', n_iter_algo=10, n_neighbors=5, n_samples_s=20, n_samples_t=20, name_algo='e_gromov', name_dataset='gaussian_graph', nb_iter_batch=1, nb_iter_update_Y=400, noise_graph=0.1, p_in_s=0.5, p_in_t=0.5, param1='0.01', param2='', pickle_name='2', pickle_path='pickle_compare', plot=False, ps_out_s=0.1, ps_out_t=0.1, rdm_seed=12345, repeat=True, same_space=False, save_pickle=True, sparse_graph=True, to_graphs='', value_graph=True, variance_s=5, variance_t=5, verbose=False)
The method as not converged. Return last stable T. Nb iter : 2
The method as not converged. Return last stable T. Nb iter : 2
The method as not converged. Return last stable T. Nb iter : 2
The method as not converged. Return last stable T. Nb iter : 2
The method as not converged. Return last stable T. Nb iter : 2
The method as not converged. Return last stable T. Nb iter : 2
The method as not converged. Return last stable T. Nb iter : 2
The method as not converged. Return last stable T. Nb iter : 2
The method as not converged. Return last stable T. Nb iter : 2
The method as not converged. Return last stable T. Nb iter : 2
Mean Wasserstein distance 1.5647926891169157
Mean Wasserstein distance approximated 1.5647926890592845
Mean computational time for finding T 0.04480850696563721
Mean computational time for the approximated Wasserstein distance 6.437301635742188e-07
Mean computational time for the real Wasserstein distance 0.00611574649810791
Namespace(KL=1, alpha_experiment=False, barycenter=False, batch_size=None, clique_size_s=10, clique_size_t=10, constraint=True, cross_val=False, dimension=2, dimension_s=20, dimension_t=10, enough_space=True, entropy_experiment=False, epsilon=0.01, epsilon_min=0.0, from_graphs='', iter_epsilon=1000, iter_max=1, learning_step=0.8, loss_func_name='square_loss', n_iter_algo=10, n_neighbors=5, n_samples_s=20, n_samples_t=20, name_algo='e_gromov', name_dataset='gaussian_graph', nb_iter_batch=1, nb_iter_update_Y=400, noise_graph=0.1, p_in_s=0.5, p_in_t=0.5, param1='0.01', param2='', pickle_name='2', pickle_path='pickle_compare', plot=False, ps_out_s=0.1, ps_out_t=0.1, rdm_seed=12345, repeat=True, same_space=False, save_pickle=True, sparse_graph=True, to_graphs='', value_graph=True, variance_s=5, variance_t=5, verbose=False)
The method as not converged. Return last stable T. Nb iter : 2
The method as not converged. Return last stable T. Nb iter : 2
The method as not converged. Return last stable T. Nb iter : 2
The method as not converged. Return last stable T. Nb iter : 2
The method as not converged. Return last stable T. Nb iter : 2
The method as not converged. Return last stable T. Nb iter : 2
The method as not converged. Return last stable T. Nb iter : 2
The method as not converged. Return last stable T. Nb iter : 2
The method as not converged. Return last stable T. Nb iter : 2
The method as not converged. Return last stable T. Nb iter : 2
Mean Wasserstein distance 1.5647926891169157
Mean Wasserstein distance approximated 1.5647926890592845
Mean computational time for finding T 0.04508819580078125
Mean computational time for the approximated Wasserstein distance 6.914138793945312e-07
Mean computational time for the real Wasserstein distance 0.006099867820739746
Namespace(KL=1, alpha_experiment=False, barycenter=False, batch_size=None, clique_size_s=10, clique_size_t=10, constraint=True, cross_val=False, dimension=2, dimension_s=20, dimension_t=10, enough_space=True, entropy_experiment=False, epsilon=0.01, epsilon_min=0.0, from_graphs='', iter_epsilon=1000, iter_max=1, learning_step=0.8, loss_func_name='square_loss', n_iter_algo=10, n_neighbors=5, n_samples_s=20, n_samples_t=20, name_algo='e_gromov', name_dataset='gaussian_graph', nb_iter_batch=1, nb_iter_update_Y=400, noise_graph=0.1, p_in_s=0.5, p_in_t=0.5, param1='0.01', param2='', pickle_name='2', pickle_path='pickle_compare', plot=False, ps_out_s=0.1, ps_out_t=0.1, rdm_seed=12345, repeat=True, same_space=False, save_pickle=True, sparse_graph=True, to_graphs='', value_graph=True, variance_s=5, variance_t=5, verbose=False)
The method as not converged. Return last stable T. Nb iter : 2
The method as not converged. Return last stable T. Nb iter : 2
The method as not converged. Return last stable T. Nb iter : 2
The method as not converged. Return last stable T. Nb iter : 2
The method as not converged. Return last stable T. Nb iter : 2
The method as not converged. Return last stable T. Nb iter : 2
The method as not converged. Return last stable T. Nb iter : 2
The method as not converged. Return last stable T. Nb iter : 2
The method as not converged. Return last stable T. Nb iter : 2
The method as not converged. Return last stable T. Nb iter : 2
Mean Wasserstein distance 1.5647926891169157
Mean Wasserstein distance approximated 1.5647926890592845
Mean computational time for finding T 0.04472756385803223
Mean computational time for the approximated Wasserstein distance 1.811981201171875e-06
Mean computational time for the real Wasserstein distance 0.006113076210021972
Namespace(KL=1, alpha_experiment=False, barycenter=False, batch_size=None, clique_size_s=10, clique_size_t=10, constraint=True, cross_val=False, dimension=2, dimension_s=20, dimension_t=10, enough_space=True, entropy_experiment=False, epsilon=0.01, epsilon_min=0.0, from_graphs='', iter_epsilon=1000, iter_max=1, learning_step=0.8, loss_func_name='square_loss', n_iter_algo=10, n_neighbors=5, n_samples_s=20, n_samples_t=20, name_algo='e_gromov', name_dataset='gaussian_graph', nb_iter_batch=1, nb_iter_update_Y=400, noise_graph=0.1, p_in_s=0.5, p_in_t=0.5, param1='0.01', param2='', pickle_name='2', pickle_path='pickle_compare', plot=False, ps_out_s=0.1, ps_out_t=0.1, rdm_seed=12345, repeat=True, same_space=False, save_pickle=True, sparse_graph=True, to_graphs='', value_graph=True, variance_s=5, variance_t=5, verbose=False)
The method as not converged. Return last stable T. Nb iter : 2
The method as not converged. Return last stable T. Nb iter : 2
The method as not converged. Return last stable T. Nb iter : 2
The method as not converged. Return last stable T. Nb iter : 2
The method as not converged. Return last stable T. Nb iter : 2
The method as not converged. Return last stable T. Nb iter : 2
The method as not converged. Return last stable T. Nb iter : 2
The method as not converged. Return last stable T. Nb iter : 2
The method as not converged. Return last stable T. Nb iter : 2
The method as not converged. Return last stable T. Nb iter : 2
Mean Wasserstein distance 1.5647926891169157
Mean Wasserstein distance approximated 1.5647926890592845
Mean computational time for finding T 0.04495182037353516
Mean computational time for the approximated Wasserstein distance 8.344650268554688e-07
Mean computational time for the real Wasserstein distance 0.0061244964599609375
Namespace(KL=1, alpha_experiment=False, barycenter=False, batch_size=None, clique_size_s=10, clique_size_t=10, constraint=True, cross_val=False, dimension=2, dimension_s=20, dimension_t=10, enough_space=True, entropy_experiment=False, epsilon=0.01, epsilon_min=0.0, from_graphs='', iter_epsilon=1000, iter_max=1, learning_step=0.8, loss_func_name='square_loss', n_iter_algo=10, n_neighbors=5, n_samples_s=20, n_samples_t=20, name_algo='e_gromov', name_dataset='gaussian_graph', nb_iter_batch=1, nb_iter_update_Y=400, noise_graph=0.1, p_in_s=0.5, p_in_t=0.5, param1='0.01', param2='', pickle_name='2', pickle_path='pickle_compare', plot=False, ps_out_s=0.1, ps_out_t=0.1, rdm_seed=12345, repeat=True, same_space=False, save_pickle=True, sparse_graph=True, to_graphs='', value_graph=True, variance_s=5, variance_t=5, verbose=False)
The method as not converged. Return last stable T. Nb iter : 2
The method as not converged. Return last stable T. Nb iter : 2
The method as not converged. Return last stable T. Nb iter : 2
The method as not converged. Return last stable T. Nb iter : 2
The method as not converged. Return last stable T. Nb iter : 2
The method as not converged. Return last stable T. Nb iter : 2
The method as not converged. Return last stable T. Nb iter : 2
The method as not converged. Return last stable T. Nb iter : 2
The method as not converged. Return last stable T. Nb iter : 2
The method as not converged. Return last stable T. Nb iter : 2
Mean Wasserstein distance 1.5647926891169157
Mean Wasserstein distance approximated 1.5647926890592845
Mean computational time for finding T 0.045214152336120604
Mean computational time for the approximated Wasserstein distance 7.390975952148438e-07
Mean computational time for the real Wasserstein distance 0.006137394905090332
Namespace(KL=1, alpha_experiment=False, barycenter=False, batch_size=None, clique_size_s=10, clique_size_t=10, constraint=True, cross_val=False, dimension=2, dimension_s=20, dimension_t=10, enough_space=True, entropy_experiment=False, epsilon=0.01, epsilon_min=0.0, from_graphs='', iter_epsilon=1000, iter_max=1, learning_step=0.8, loss_func_name='square_loss', n_iter_algo=10, n_neighbors=5, n_samples_s=20, n_samples_t=20, name_algo='e_gromov', name_dataset='gaussian_graph', nb_iter_batch=1, nb_iter_update_Y=400, noise_graph=0.1, p_in_s=0.5, p_in_t=0.5, param1='0.01', param2='', pickle_name='2', pickle_path='pickle_compare', plot=False, ps_out_s=0.1, ps_out_t=0.1, rdm_seed=12345, repeat=True, same_space=False, save_pickle=True, sparse_graph=True, to_graphs='', value_graph=True, variance_s=5, variance_t=5, verbose=False)
The method as not converged. Return last stable T. Nb iter : 2
The method as not converged. Return last stable T. Nb iter : 2
The method as not converged. Return last stable T. Nb iter : 2
The method as not converged. Return last stable T. Nb iter : 2
The method as not converged. Return last stable T. Nb iter : 2
The method as not converged. Return last stable T. Nb iter : 2
The method as not converged. Return last stable T. Nb iter : 2
The method as not converged. Return last stable T. Nb iter : 2
The method as not converged. Return last stable T. Nb iter : 2
The method as not converged. Return last stable T. Nb iter : 2
Mean Wasserstein distance 1.5647926891169157
Mean Wasserstein distance approximated 1.5647926890592845
Mean computational time for finding T 0.044888544082641604
Mean computational time for the approximated Wasserstein distance 1.0013580322265625e-06
Mean computational time for the real Wasserstein distance 0.006126260757446289
Namespace(KL=1, alpha_experiment=False, barycenter=False, batch_size=None, clique_size_s=10, clique_size_t=10, constraint=True, cross_val=False, dimension=2, dimension_s=20, dimension_t=10, enough_space=True, entropy_experiment=False, epsilon=0.01, epsilon_min=0.0, from_graphs='', iter_epsilon=1000, iter_max=1, learning_step=0.8, loss_func_name='square_loss', n_iter_algo=10, n_neighbors=5, n_samples_s=20, n_samples_t=20, name_algo='e_gromov', name_dataset='gaussian_graph', nb_iter_batch=1, nb_iter_update_Y=400, noise_graph=0.1, p_in_s=0.5, p_in_t=0.5, param1='0.01', param2='', pickle_name='2', pickle_path='pickle_compare', plot=False, ps_out_s=0.1, ps_out_t=0.1, rdm_seed=12345, repeat=True, same_space=False, save_pickle=True, sparse_graph=True, to_graphs='', value_graph=True, variance_s=5, variance_t=5, verbose=False)
The method as not converged. Return last stable T. Nb iter : 2
The method as not converged. Return last stable T. Nb iter : 2
The method as not converged. Return last stable T. Nb iter : 2
The method as not converged. Return last stable T. Nb iter : 2
The method as not converged. Return last stable T. Nb iter : 2
The method as not converged. Return last stable T. Nb iter : 2
The method as not converged. Return last stable T. Nb iter : 2
The method as not converged. Return last stable T. Nb iter : 2
The method as not converged. Return last stable T. Nb iter : 2
The method as not converged. Return last stable T. Nb iter : 2
Mean Wasserstein distance 1.5647926891169157
Mean Wasserstein distance approximated 1.5647926890592845
Mean computational time for finding T 0.04460139274597168
Mean computational time for the approximated Wasserstein distance 6.437301635742188e-07
Mean computational time for the real Wasserstein distance 0.00608832836151123
Namespace(KL=1, alpha_experiment=False, barycenter=False, batch_size=None, clique_size_s=10, clique_size_t=10, constraint=True, cross_val=False, dimension=2, dimension_s=20, dimension_t=10, enough_space=True, entropy_experiment=False, epsilon=0.01, epsilon_min=0.0, from_graphs='', iter_epsilon=1000, iter_max=1, learning_step=0.8, loss_func_name='square_loss', n_iter_algo=10, n_neighbors=5, n_samples_s=20, n_samples_t=20, name_algo='e_gromov', name_dataset='gaussian_graph', nb_iter_batch=1, nb_iter_update_Y=400, noise_graph=0.1, p_in_s=0.5, p_in_t=0.5, param1='0.01', param2='', pickle_name='2', pickle_path='pickle_compare', plot=False, ps_out_s=0.1, ps_out_t=0.1, rdm_seed=12345, repeat=True, same_space=False, save_pickle=True, sparse_graph=True, to_graphs='', value_graph=True, variance_s=5, variance_t=5, verbose=False)
The method as not converged. Return last stable T. Nb iter : 2
The method as not converged. Return last stable T. Nb iter : 2
The method as not converged. Return last stable T. Nb iter : 2
The method as not converged. Return last stable T. Nb iter : 2
The method as not converged. Return last stable T. Nb iter : 2
The method as not converged. Return last stable T. Nb iter : 2
The method as not converged. Return last stable T. Nb iter : 2
The method as not converged. Return last stable T. Nb iter : 2
The method as not converged. Return last stable T. Nb iter : 2
The method as not converged. Return last stable T. Nb iter : 2
Mean Wasserstein distance 1.5647926891169157
Mean Wasserstein distance approximated 1.5647926890592845
Mean computational time for finding T 0.05607423782348633
Mean computational time for the approximated Wasserstein distance 1.0967254638671874e-06
Mean computational time for the real Wasserstein distance 0.007524037361145019
---------------------------------------
Begin Slurm Epilog: Jun-05-2023 15:31:31
Job ID:        2359574
Array Job ID:  _4294967294
User ID:       klapborisuth3
Account:       gts-saluru8-coda20
Job name:      e_gromov_gaussian_graph_20_square_loss_0.01
Resources:     cpu=8,mem=64G,node=1
Rsrc Used:     cput=00:14:24,vmem=10248K,walltime=00:01:48,mem=8528K,energy_used=0
Partition:     cpu-small
QOS:           inferno
Nodes:         atl1-1-02-010-20-2
---------------------------------------
