---------------------------------------
Begin Slurm Prolog: Jun-05-2023 15:29:44
Job ID:    2359591
User ID:   klapborisuth3
Account:   gts-saluru8-coda20
Job name:  e_gromov_gaussian_graph_50_square_loss_0.001
Partition: cpu-small
QOS:       inferno
---------------------------------------
Namespace(KL=1, alpha_experiment=False, barycenter=False, batch_size=None, clique_size_s=25, clique_size_t=25, constraint=True, cross_val=False, dimension=2, dimension_s=20, dimension_t=10, enough_space=True, entropy_experiment=False, epsilon=0.001, epsilon_min=0.0, from_graphs='', iter_epsilon=1000, iter_max=1, learning_step=0.8, loss_func_name='square_loss', n_iter_algo=10, n_neighbors=5, n_samples_s=50, n_samples_t=50, name_algo='e_gromov', name_dataset='gaussian_graph', nb_iter_batch=1, nb_iter_update_Y=400, noise_graph=0.1, p_in_s=0.5, p_in_t=0.5, param1='0.001', param2='', pickle_name='2', pickle_path='pickle_compare', plot=False, ps_out_s=0.1, ps_out_t=0.1, rdm_seed=12345, repeat=True, same_space=False, save_pickle=True, sparse_graph=True, to_graphs='', value_graph=True, variance_s=5, variance_t=5, verbose=False)
The method as not converged. Return last stable T. Nb iter : 0
The method as not converged. Return last stable T. Nb iter : 0
The method as not converged. Return last stable T. Nb iter : 0
The method as not converged. Return last stable T. Nb iter : 0
The method as not converged. Return last stable T. Nb iter : 0
The method as not converged. Return last stable T. Nb iter : 0
The method as not converged. Return last stable T. Nb iter : 0
The method as not converged. Return last stable T. Nb iter : 0
The method as not converged. Return last stable T. Nb iter : 0
The method as not converged. Return last stable T. Nb iter : 0
Mean Wasserstein distance 1.8718206805156161
Mean Wasserstein distance approximated 1.8718206805156172
Mean computational time for finding T 0.019249486923217773
Mean computational time for the approximated Wasserstein distance 5.006790161132813e-07
Mean computational time for the real Wasserstein distance 0.05487942695617676
Namespace(KL=1, alpha_experiment=False, barycenter=False, batch_size=None, clique_size_s=25, clique_size_t=25, constraint=True, cross_val=False, dimension=2, dimension_s=20, dimension_t=10, enough_space=True, entropy_experiment=False, epsilon=0.001, epsilon_min=0.0, from_graphs='', iter_epsilon=1000, iter_max=1, learning_step=0.8, loss_func_name='square_loss', n_iter_algo=10, n_neighbors=5, n_samples_s=50, n_samples_t=50, name_algo='e_gromov', name_dataset='gaussian_graph', nb_iter_batch=1, nb_iter_update_Y=400, noise_graph=0.1, p_in_s=0.5, p_in_t=0.5, param1='0.001', param2='', pickle_name='2', pickle_path='pickle_compare', plot=False, ps_out_s=0.1, ps_out_t=0.1, rdm_seed=12345, repeat=True, same_space=False, save_pickle=True, sparse_graph=True, to_graphs='', value_graph=True, variance_s=5, variance_t=5, verbose=False)
The method as not converged. Return last stable T. Nb iter : 0
The method as not converged. Return last stable T. Nb iter : 0
The method as not converged. Return last stable T. Nb iter : 0
The method as not converged. Return last stable T. Nb iter : 0
The method as not converged. Return last stable T. Nb iter : 0
The method as not converged. Return last stable T. Nb iter : 0
The method as not converged. Return last stable T. Nb iter : 0
The method as not converged. Return last stable T. Nb iter : 0
The method as not converged. Return last stable T. Nb iter : 0
The method as not converged. Return last stable T. Nb iter : 0
Mean Wasserstein distance 1.8718206805156161
Mean Wasserstein distance approximated 1.8718206805156172
Mean computational time for finding T 0.019249558448791504
Mean computational time for the approximated Wasserstein distance 5.245208740234375e-07
Mean computational time for the real Wasserstein distance 0.054949951171875
Namespace(KL=1, alpha_experiment=False, barycenter=False, batch_size=None, clique_size_s=25, clique_size_t=25, constraint=True, cross_val=False, dimension=2, dimension_s=20, dimension_t=10, enough_space=True, entropy_experiment=False, epsilon=0.001, epsilon_min=0.0, from_graphs='', iter_epsilon=1000, iter_max=1, learning_step=0.8, loss_func_name='square_loss', n_iter_algo=10, n_neighbors=5, n_samples_s=50, n_samples_t=50, name_algo='e_gromov', name_dataset='gaussian_graph', nb_iter_batch=1, nb_iter_update_Y=400, noise_graph=0.1, p_in_s=0.5, p_in_t=0.5, param1='0.001', param2='', pickle_name='2', pickle_path='pickle_compare', plot=False, ps_out_s=0.1, ps_out_t=0.1, rdm_seed=12345, repeat=True, same_space=False, save_pickle=True, sparse_graph=True, to_graphs='', value_graph=True, variance_s=5, variance_t=5, verbose=False)
The method as not converged. Return last stable T. Nb iter : 0
The method as not converged. Return last stable T. Nb iter : 0
The method as not converged. Return last stable T. Nb iter : 0
The method as not converged. Return last stable T. Nb iter : 0
The method as not converged. Return last stable T. Nb iter : 0
The method as not converged. Return last stable T. Nb iter : 0
The method as not converged. Return last stable T. Nb iter : 0
The method as not converged. Return last stable T. Nb iter : 0
The method as not converged. Return last stable T. Nb iter : 0
The method as not converged. Return last stable T. Nb iter : 0
Mean Wasserstein distance 1.8718206805156161
Mean Wasserstein distance approximated 1.8718206805156172
Mean computational time for finding T 0.01925642490386963
Mean computational time for the approximated Wasserstein distance 5.483627319335937e-07
Mean computational time for the real Wasserstein distance 0.05497298240661621
Namespace(KL=1, alpha_experiment=False, barycenter=False, batch_size=None, clique_size_s=25, clique_size_t=25, constraint=True, cross_val=False, dimension=2, dimension_s=20, dimension_t=10, enough_space=True, entropy_experiment=False, epsilon=0.001, epsilon_min=0.0, from_graphs='', iter_epsilon=1000, iter_max=1, learning_step=0.8, loss_func_name='square_loss', n_iter_algo=10, n_neighbors=5, n_samples_s=50, n_samples_t=50, name_algo='e_gromov', name_dataset='gaussian_graph', nb_iter_batch=1, nb_iter_update_Y=400, noise_graph=0.1, p_in_s=0.5, p_in_t=0.5, param1='0.001', param2='', pickle_name='2', pickle_path='pickle_compare', plot=False, ps_out_s=0.1, ps_out_t=0.1, rdm_seed=12345, repeat=True, same_space=False, save_pickle=True, sparse_graph=True, to_graphs='', value_graph=True, variance_s=5, variance_t=5, verbose=False)
The method as not converged. Return last stable T. Nb iter : 0
The method as not converged. Return last stable T. Nb iter : 0
The method as not converged. Return last stable T. Nb iter : 0
The method as not converged. Return last stable T. Nb iter : 0
The method as not converged. Return last stable T. Nb iter : 0
The method as not converged. Return last stable T. Nb iter : 0
The method as not converged. Return last stable T. Nb iter : 0
The method as not converged. Return last stable T. Nb iter : 0
The method as not converged. Return last stable T. Nb iter : 0
The method as not converged. Return last stable T. Nb iter : 0
Mean Wasserstein distance 1.8718206805156161
Mean Wasserstein distance approximated 1.8718206805156172
Mean computational time for finding T 0.019252753257751463
Mean computational time for the approximated Wasserstein distance 6.437301635742188e-07
Mean computational time for the real Wasserstein distance 0.054975247383117674
Namespace(KL=1, alpha_experiment=False, barycenter=False, batch_size=None, clique_size_s=25, clique_size_t=25, constraint=True, cross_val=False, dimension=2, dimension_s=20, dimension_t=10, enough_space=True, entropy_experiment=False, epsilon=0.001, epsilon_min=0.0, from_graphs='', iter_epsilon=1000, iter_max=1, learning_step=0.8, loss_func_name='square_loss', n_iter_algo=10, n_neighbors=5, n_samples_s=50, n_samples_t=50, name_algo='e_gromov', name_dataset='gaussian_graph', nb_iter_batch=1, nb_iter_update_Y=400, noise_graph=0.1, p_in_s=0.5, p_in_t=0.5, param1='0.001', param2='', pickle_name='2', pickle_path='pickle_compare', plot=False, ps_out_s=0.1, ps_out_t=0.1, rdm_seed=12345, repeat=True, same_space=False, save_pickle=True, sparse_graph=True, to_graphs='', value_graph=True, variance_s=5, variance_t=5, verbose=False)
The method as not converged. Return last stable T. Nb iter : 0
The method as not converged. Return last stable T. Nb iter : 0
The method as not converged. Return last stable T. Nb iter : 0
The method as not converged. Return last stable T. Nb iter : 0
The method as not converged. Return last stable T. Nb iter : 0
The method as not converged. Return last stable T. Nb iter : 0
The method as not converged. Return last stable T. Nb iter : 0
The method as not converged. Return last stable T. Nb iter : 0
The method as not converged. Return last stable T. Nb iter : 0
The method as not converged. Return last stable T. Nb iter : 0
Mean Wasserstein distance 1.8718206805156161
Mean Wasserstein distance approximated 1.8718206805156172
Mean computational time for finding T 0.01925227642059326
Mean computational time for the approximated Wasserstein distance 5.960464477539062e-07
Mean computational time for the real Wasserstein distance 0.05481417179107666
Namespace(KL=1, alpha_experiment=False, barycenter=False, batch_size=None, clique_size_s=25, clique_size_t=25, constraint=True, cross_val=False, dimension=2, dimension_s=20, dimension_t=10, enough_space=True, entropy_experiment=False, epsilon=0.001, epsilon_min=0.0, from_graphs='', iter_epsilon=1000, iter_max=1, learning_step=0.8, loss_func_name='square_loss', n_iter_algo=10, n_neighbors=5, n_samples_s=50, n_samples_t=50, name_algo='e_gromov', name_dataset='gaussian_graph', nb_iter_batch=1, nb_iter_update_Y=400, noise_graph=0.1, p_in_s=0.5, p_in_t=0.5, param1='0.001', param2='', pickle_name='2', pickle_path='pickle_compare', plot=False, ps_out_s=0.1, ps_out_t=0.1, rdm_seed=12345, repeat=True, same_space=False, save_pickle=True, sparse_graph=True, to_graphs='', value_graph=True, variance_s=5, variance_t=5, verbose=False)
The method as not converged. Return last stable T. Nb iter : 0
The method as not converged. Return last stable T. Nb iter : 0
The method as not converged. Return last stable T. Nb iter : 0
The method as not converged. Return last stable T. Nb iter : 0
The method as not converged. Return last stable T. Nb iter : 0
The method as not converged. Return last stable T. Nb iter : 0
The method as not converged. Return last stable T. Nb iter : 0
The method as not converged. Return last stable T. Nb iter : 0
The method as not converged. Return last stable T. Nb iter : 0
The method as not converged. Return last stable T. Nb iter : 0
Mean Wasserstein distance 1.8718206805156161
Mean Wasserstein distance approximated 1.8718206805156172
Mean computational time for finding T 0.019251394271850585
Mean computational time for the approximated Wasserstein distance 6.437301635742188e-07
Mean computational time for the real Wasserstein distance 0.054924750328063966
Namespace(KL=1, alpha_experiment=False, barycenter=False, batch_size=None, clique_size_s=25, clique_size_t=25, constraint=True, cross_val=False, dimension=2, dimension_s=20, dimension_t=10, enough_space=True, entropy_experiment=False, epsilon=0.001, epsilon_min=0.0, from_graphs='', iter_epsilon=1000, iter_max=1, learning_step=0.8, loss_func_name='square_loss', n_iter_algo=10, n_neighbors=5, n_samples_s=50, n_samples_t=50, name_algo='e_gromov', name_dataset='gaussian_graph', nb_iter_batch=1, nb_iter_update_Y=400, noise_graph=0.1, p_in_s=0.5, p_in_t=0.5, param1='0.001', param2='', pickle_name='2', pickle_path='pickle_compare', plot=False, ps_out_s=0.1, ps_out_t=0.1, rdm_seed=12345, repeat=True, same_space=False, save_pickle=True, sparse_graph=True, to_graphs='', value_graph=True, variance_s=5, variance_t=5, verbose=False)
The method as not converged. Return last stable T. Nb iter : 0
The method as not converged. Return last stable T. Nb iter : 0
The method as not converged. Return last stable T. Nb iter : 0
The method as not converged. Return last stable T. Nb iter : 0
The method as not converged. Return last stable T. Nb iter : 0
The method as not converged. Return last stable T. Nb iter : 0
The method as not converged. Return last stable T. Nb iter : 0
The method as not converged. Return last stable T. Nb iter : 0
The method as not converged. Return last stable T. Nb iter : 0
The method as not converged. Return last stable T. Nb iter : 0
Mean Wasserstein distance 1.8718206805156161
Mean Wasserstein distance approximated 1.8718206805156172
Mean computational time for finding T 0.019254517555236817
Mean computational time for the approximated Wasserstein distance 6.198883056640625e-07
Mean computational time for the real Wasserstein distance 0.0547576904296875
Namespace(KL=1, alpha_experiment=False, barycenter=False, batch_size=None, clique_size_s=25, clique_size_t=25, constraint=True, cross_val=False, dimension=2, dimension_s=20, dimension_t=10, enough_space=True, entropy_experiment=False, epsilon=0.001, epsilon_min=0.0, from_graphs='', iter_epsilon=1000, iter_max=1, learning_step=0.8, loss_func_name='square_loss', n_iter_algo=10, n_neighbors=5, n_samples_s=50, n_samples_t=50, name_algo='e_gromov', name_dataset='gaussian_graph', nb_iter_batch=1, nb_iter_update_Y=400, noise_graph=0.1, p_in_s=0.5, p_in_t=0.5, param1='0.001', param2='', pickle_name='2', pickle_path='pickle_compare', plot=False, ps_out_s=0.1, ps_out_t=0.1, rdm_seed=12345, repeat=True, same_space=False, save_pickle=True, sparse_graph=True, to_graphs='', value_graph=True, variance_s=5, variance_t=5, verbose=False)
The method as not converged. Return last stable T. Nb iter : 0
The method as not converged. Return last stable T. Nb iter : 0
The method as not converged. Return last stable T. Nb iter : 0
The method as not converged. Return last stable T. Nb iter : 0
The method as not converged. Return last stable T. Nb iter : 0
The method as not converged. Return last stable T. Nb iter : 0
The method as not converged. Return last stable T. Nb iter : 0
The method as not converged. Return last stable T. Nb iter : 0
The method as not converged. Return last stable T. Nb iter : 0
The method as not converged. Return last stable T. Nb iter : 0
Mean Wasserstein distance 1.8718206805156161
Mean Wasserstein distance approximated 1.8718206805156172
Mean computational time for finding T 0.01924905776977539
Mean computational time for the approximated Wasserstein distance 5.960464477539062e-07
Mean computational time for the real Wasserstein distance 0.05499081611633301
---------------------------------------
Begin Slurm Epilog: Jun-05-2023 15:31:31
Job ID:        2359591
Array Job ID:  _4294967294
User ID:       klapborisuth3
Account:       gts-saluru8-coda20
Job name:      e_gromov_gaussian_graph_50_square_loss_0.001
Resources:     cpu=8,mem=64G,node=1
Rsrc Used:     cput=00:14:24,vmem=10M,walltime=00:01:48,mem=8520K,energy_used=0
Partition:     cpu-small
QOS:           inferno
Nodes:         atl1-1-02-014-18-2
---------------------------------------
