Traceback (most recent call last):
  File "main_comparaison.py", line 3617, in <module>
    time_list_only_W, diff_to_identity = main(args)
  File "main_comparaison.py", line 3044, in main
    T, W_distance_list_approx[i], time_list_only_T[i], time_list_only_W_approx[i] = solve_G_OT(
  File "main_comparaison.py", line 450, in solve_G_OT
    T = Generalisation_OT(C1=C1,
  File "/storage/home/hcoda1/1/klapborisuth3/Sampled-Gromov-Wasserstein/GROMOV_personal.py", line 659, in Generalisation_OT
    new_T = emd(a=np.ones(T.shape[0]) / T.shape[0],
  File "/storage/home/hcoda1/1/klapborisuth3/POT/POT-master/ot/lp/__init__.py", line 348, in emd
    result_code_string = check_result(result_code)
  File "ot/lp/emd_wrap.pyx", line 38, in ot.lp.emd_wrap.check_result
UserWarning: numItermax reached before optimality. Try to increase numItermax.
Traceback (most recent call last):
  File "main_comparaison.py", line 3617, in <module>
    time_list_only_W, diff_to_identity = main(args)
  File "main_comparaison.py", line 3044, in main
    T, W_distance_list_approx[i], time_list_only_T[i], time_list_only_W_approx[i] = solve_G_OT(
  File "main_comparaison.py", line 450, in solve_G_OT
    T = Generalisation_OT(C1=C1,
  File "/storage/home/hcoda1/1/klapborisuth3/Sampled-Gromov-Wasserstein/GROMOV_personal.py", line 659, in Generalisation_OT
    new_T = emd(a=np.ones(T.shape[0]) / T.shape[0],
  File "/storage/home/hcoda1/1/klapborisuth3/POT/POT-master/ot/lp/__init__.py", line 348, in emd
    result_code_string = check_result(result_code)
  File "ot/lp/emd_wrap.pyx", line 38, in ot.lp.emd_wrap.check_result
UserWarning: numItermax reached before optimality. Try to increase numItermax.
Traceback (most recent call last):
  File "main_comparaison.py", line 3617, in <module>
    time_list_only_W, diff_to_identity = main(args)
  File "main_comparaison.py", line 3044, in main
    T, W_distance_list_approx[i], time_list_only_T[i], time_list_only_W_approx[i] = solve_G_OT(
  File "main_comparaison.py", line 450, in solve_G_OT
    T = Generalisation_OT(C1=C1,
  File "/storage/home/hcoda1/1/klapborisuth3/Sampled-Gromov-Wasserstein/GROMOV_personal.py", line 659, in Generalisation_OT
    new_T = emd(a=np.ones(T.shape[0]) / T.shape[0],
  File "/storage/home/hcoda1/1/klapborisuth3/POT/POT-master/ot/lp/__init__.py", line 348, in emd
    result_code_string = check_result(result_code)
  File "ot/lp/emd_wrap.pyx", line 38, in ot.lp.emd_wrap.check_result
UserWarning: numItermax reached before optimality. Try to increase numItermax.
Traceback (most recent call last):
  File "main_comparaison.py", line 3617, in <module>
    time_list_only_W, diff_to_identity = main(args)
  File "main_comparaison.py", line 3044, in main
    T, W_distance_list_approx[i], time_list_only_T[i], time_list_only_W_approx[i] = solve_G_OT(
  File "main_comparaison.py", line 450, in solve_G_OT
    T = Generalisation_OT(C1=C1,
  File "/storage/home/hcoda1/1/klapborisuth3/Sampled-Gromov-Wasserstein/GROMOV_personal.py", line 659, in Generalisation_OT
    new_T = emd(a=np.ones(T.shape[0]) / T.shape[0],
  File "/storage/home/hcoda1/1/klapborisuth3/POT/POT-master/ot/lp/__init__.py", line 348, in emd
    result_code_string = check_result(result_code)
  File "ot/lp/emd_wrap.pyx", line 38, in ot.lp.emd_wrap.check_result
UserWarning: numItermax reached before optimality. Try to increase numItermax.
Traceback (most recent call last):
  File "main_comparaison.py", line 3617, in <module>
    time_list_only_W, diff_to_identity = main(args)
  File "main_comparaison.py", line 3044, in main
    T, W_distance_list_approx[i], time_list_only_T[i], time_list_only_W_approx[i] = solve_G_OT(
  File "main_comparaison.py", line 450, in solve_G_OT
    T = Generalisation_OT(C1=C1,
  File "/storage/home/hcoda1/1/klapborisuth3/Sampled-Gromov-Wasserstein/GROMOV_personal.py", line 659, in Generalisation_OT
    new_T = emd(a=np.ones(T.shape[0]) / T.shape[0],
  File "/storage/home/hcoda1/1/klapborisuth3/POT/POT-master/ot/lp/__init__.py", line 348, in emd
    result_code_string = check_result(result_code)
  File "ot/lp/emd_wrap.pyx", line 38, in ot.lp.emd_wrap.check_result
UserWarning: numItermax reached before optimality. Try to increase numItermax.
Traceback (most recent call last):
  File "main_comparaison.py", line 3617, in <module>
    time_list_only_W, diff_to_identity = main(args)
  File "main_comparaison.py", line 3044, in main
    T, W_distance_list_approx[i], time_list_only_T[i], time_list_only_W_approx[i] = solve_G_OT(
  File "main_comparaison.py", line 450, in solve_G_OT
    T = Generalisation_OT(C1=C1,
  File "/storage/home/hcoda1/1/klapborisuth3/Sampled-Gromov-Wasserstein/GROMOV_personal.py", line 659, in Generalisation_OT
    new_T = emd(a=np.ones(T.shape[0]) / T.shape[0],
  File "/storage/home/hcoda1/1/klapborisuth3/POT/POT-master/ot/lp/__init__.py", line 348, in emd
    result_code_string = check_result(result_code)
  File "ot/lp/emd_wrap.pyx", line 38, in ot.lp.emd_wrap.check_result
UserWarning: numItermax reached before optimality. Try to increase numItermax.
Traceback (most recent call last):
  File "main_comparaison.py", line 3617, in <module>
    time_list_only_W, diff_to_identity = main(args)
  File "main_comparaison.py", line 3044, in main
    T, W_distance_list_approx[i], time_list_only_T[i], time_list_only_W_approx[i] = solve_G_OT(
  File "main_comparaison.py", line 450, in solve_G_OT
    T = Generalisation_OT(C1=C1,
  File "/storage/home/hcoda1/1/klapborisuth3/Sampled-Gromov-Wasserstein/GROMOV_personal.py", line 659, in Generalisation_OT
    new_T = emd(a=np.ones(T.shape[0]) / T.shape[0],
  File "/storage/home/hcoda1/1/klapborisuth3/POT/POT-master/ot/lp/__init__.py", line 348, in emd
    result_code_string = check_result(result_code)
  File "ot/lp/emd_wrap.pyx", line 38, in ot.lp.emd_wrap.check_result
UserWarning: numItermax reached before optimality. Try to increase numItermax.
Traceback (most recent call last):
  File "main_comparaison.py", line 3617, in <module>
    time_list_only_W, diff_to_identity = main(args)
  File "main_comparaison.py", line 3044, in main
    T, W_distance_list_approx[i], time_list_only_T[i], time_list_only_W_approx[i] = solve_G_OT(
  File "main_comparaison.py", line 450, in solve_G_OT
    T = Generalisation_OT(C1=C1,
  File "/storage/home/hcoda1/1/klapborisuth3/Sampled-Gromov-Wasserstein/GROMOV_personal.py", line 659, in Generalisation_OT
    new_T = emd(a=np.ones(T.shape[0]) / T.shape[0],
  File "/storage/home/hcoda1/1/klapborisuth3/POT/POT-master/ot/lp/__init__.py", line 348, in emd
    result_code_string = check_result(result_code)
  File "ot/lp/emd_wrap.pyx", line 38, in ot.lp.emd_wrap.check_result
UserWarning: numItermax reached before optimality. Try to increase numItermax.
srun: error: atl1-1-01-005-33-2: tasks 2,5-6: Exited with exit code 1
srun: error: atl1-1-01-005-33-2: tasks 3-4,7: Exited with exit code 1
srun: error: atl1-1-01-005-33-2: tasks 0-1: Exited with exit code 1
Command exited with non-zero status 1
	Command being timed: "srun python3 main_comparaison.py -s --n_samples_s 10000 --loss_func_name 1_loss --name_dataset gaussian_point_graph --name_algo sampled_gromov_sliced --pickle_name 2 --batch_size 10 --param1 10 --iter_epsilon 1000 --param2 1000"
	User time (seconds): 0.18
	System time (seconds): 0.01
	Percent of CPU this job got: 0%
	Elapsed (wall clock) time (h:mm:ss or m:ss): 0:51.38
	Average shared text size (kbytes): 0
	Average unshared data size (kbytes): 0
	Average stack size (kbytes): 0
	Average total size (kbytes): 0
	Maximum resident set size (kbytes): 9972
	Average resident set size (kbytes): 0
	Major (requiring I/O) page faults: 0
	Minor (reclaiming a frame) page faults: 2821
	Voluntary context switches: 82
	Involuntary context switches: 8
	Swaps: 0
	File system inputs: 0
	File system outputs: 56
	Socket messages sent: 0
	Socket messages received: 0
	Signals delivered: 0
	Page size (bytes): 4096
	Exit status: 1
