	Command being timed: "srun python3 main_comparaison.py -s --n_samples_s 100 --loss_func_name 1_loss --name_dataset gaussian_point_graph --name_algo sampled_gromov_sliced --pickle_name 2 --batch_size 100 --param1 100 --iter_epsilon 1000 --param2 1000"
	User time (seconds): 0.19
	System time (seconds): 0.01
	Percent of CPU this job got: 0%
	Elapsed (wall clock) time (h:mm:ss or m:ss): 2:26.79
	Average shared text size (kbytes): 0
	Average unshared data size (kbytes): 0
	Average stack size (kbytes): 0
	Average total size (kbytes): 0
	Maximum resident set size (kbytes): 9964
	Average resident set size (kbytes): 0
	Major (requiring I/O) page faults: 0
	Minor (reclaiming a frame) page faults: 2819
	Voluntary context switches: 79
	Involuntary context switches: 5
	Swaps: 0
	File system inputs: 0
	File system outputs: 24
	Socket messages sent: 0
	Socket messages received: 0
	Signals delivered: 0
	Page size (bytes): 4096
	Exit status: 0
