---------------------------------------
Begin Slurm Prolog: Jun-06-2023 08:51:57
Job ID:    2367837
User ID:   klapborisuth3
Account:   gts-saluru8-coda20
Job name:  sampled_gromov_sliced_gaussian_point_graph_200_1_loss_1_50
Partition: cpu-medium
QOS:       inferno
---------------------------------------
Namespace(KL=1, alpha_experiment=False, barycenter=False, batch_size=[[1, None], [1, None]], clique_size_s=100, clique_size_t=100, constraint=True, cross_val=False, dimension=2, dimension_s=20, dimension_t=10, enough_space=True, entropy_experiment=False, epsilon=1.0, epsilon_min=0.0, from_graphs='', iter_epsilon=50, iter_max=1, learning_step=0.8, loss_func_name='1_loss', n_iter_algo=10, n_neighbors=5, n_samples_s=200, n_samples_t=200, name_algo='sampled_gromov_sliced', name_dataset='gaussian_point_graph', nb_iter_batch=1, nb_iter_update_Y=400, noise_graph=0.1, p_in_s=0.5, p_in_t=0.5, param1='1', param2='50', pickle_name='2', pickle_path='pickle_compare', plot=False, ps_out_s=0.1, ps_out_t=0.1, rdm_seed=12345, repeat=True, same_space=False, save_pickle=True, sparse_graph=True, to_graphs='', value_graph=True, variance_s=5, variance_t=5, verbose=False)
Point Gromov
Point Gromov
Point Gromov
Point Gromov
Point Gromov
Point Gromov
Point Gromov
Point Gromov
Point Gromov
Point Gromov
Mean Wasserstein distance 113.53519152080261
Mean Wasserstein distance approximated 113.5110396741923
Mean computational time for finding T 0.015459322929382324
Mean computational time for the approximated Wasserstein distance 0.02104685306549072
Mean computational time for the real Wasserstein distance 6.31841824054718
Namespace(KL=1, alpha_experiment=False, barycenter=False, batch_size=[[1, None], [1, None]], clique_size_s=100, clique_size_t=100, constraint=True, cross_val=False, dimension=2, dimension_s=20, dimension_t=10, enough_space=True, entropy_experiment=False, epsilon=1.0, epsilon_min=0.0, from_graphs='', iter_epsilon=50, iter_max=1, learning_step=0.8, loss_func_name='1_loss', n_iter_algo=10, n_neighbors=5, n_samples_s=200, n_samples_t=200, name_algo='sampled_gromov_sliced', name_dataset='gaussian_point_graph', nb_iter_batch=1, nb_iter_update_Y=400, noise_graph=0.1, p_in_s=0.5, p_in_t=0.5, param1='1', param2='50', pickle_name='2', pickle_path='pickle_compare', plot=False, ps_out_s=0.1, ps_out_t=0.1, rdm_seed=12345, repeat=True, same_space=False, save_pickle=True, sparse_graph=True, to_graphs='', value_graph=True, variance_s=5, variance_t=5, verbose=False)
Point Gromov
Point Gromov
Point Gromov
Point Gromov
Point Gromov
Point Gromov
Point Gromov
Point Gromov
Point Gromov
Point Gromov
Mean Wasserstein distance 113.53519152080261
Mean Wasserstein distance approximated 113.5110396741923
Mean computational time for finding T 0.015617871284484863
Mean computational time for the approximated Wasserstein distance 0.021111297607421874
Mean computational time for the real Wasserstein distance 6.359518146514892
Namespace(KL=1, alpha_experiment=False, barycenter=False, batch_size=[[1, None], [1, None]], clique_size_s=100, clique_size_t=100, constraint=True, cross_val=False, dimension=2, dimension_s=20, dimension_t=10, enough_space=True, entropy_experiment=False, epsilon=1.0, epsilon_min=0.0, from_graphs='', iter_epsilon=50, iter_max=1, learning_step=0.8, loss_func_name='1_loss', n_iter_algo=10, n_neighbors=5, n_samples_s=200, n_samples_t=200, name_algo='sampled_gromov_sliced', name_dataset='gaussian_point_graph', nb_iter_batch=1, nb_iter_update_Y=400, noise_graph=0.1, p_in_s=0.5, p_in_t=0.5, param1='1', param2='50', pickle_name='2', pickle_path='pickle_compare', plot=False, ps_out_s=0.1, ps_out_t=0.1, rdm_seed=12345, repeat=True, same_space=False, save_pickle=True, sparse_graph=True, to_graphs='', value_graph=True, variance_s=5, variance_t=5, verbose=False)
Point Gromov
Point Gromov
Point Gromov
Point Gromov
Point Gromov
Point Gromov
Point Gromov
Point Gromov
Point Gromov
Point Gromov
Mean Wasserstein distance 113.53519152080261
Mean Wasserstein distance approximated 113.5110396741923
Mean computational time for finding T 0.015560483932495118
Mean computational time for the approximated Wasserstein distance 0.021332788467407226
Mean computational time for the real Wasserstein distance 6.371693515777588
Namespace(KL=1, alpha_experiment=False, barycenter=False, batch_size=[[1, None], [1, None]], clique_size_s=100, clique_size_t=100, constraint=True, cross_val=False, dimension=2, dimension_s=20, dimension_t=10, enough_space=True, entropy_experiment=False, epsilon=1.0, epsilon_min=0.0, from_graphs='', iter_epsilon=50, iter_max=1, learning_step=0.8, loss_func_name='1_loss', n_iter_algo=10, n_neighbors=5, n_samples_s=200, n_samples_t=200, name_algo='sampled_gromov_sliced', name_dataset='gaussian_point_graph', nb_iter_batch=1, nb_iter_update_Y=400, noise_graph=0.1, p_in_s=0.5, p_in_t=0.5, param1='1', param2='50', pickle_name='2', pickle_path='pickle_compare', plot=False, ps_out_s=0.1, ps_out_t=0.1, rdm_seed=12345, repeat=True, same_space=False, save_pickle=True, sparse_graph=True, to_graphs='', value_graph=True, variance_s=5, variance_t=5, verbose=False)
Point Gromov
Point Gromov
Point Gromov
Point Gromov
Point Gromov
Point Gromov
Point Gromov
Point Gromov
Point Gromov
Point Gromov
Mean Wasserstein distance 113.53519152080261
Mean Wasserstein distance approximated 113.5110396741923
Mean computational time for finding T 0.015520405769348145
Mean computational time for the approximated Wasserstein distance 0.02135469913482666
Mean computational time for the real Wasserstein distance 6.37574713230133
Namespace(KL=1, alpha_experiment=False, barycenter=False, batch_size=[[1, None], [1, None]], clique_size_s=100, clique_size_t=100, constraint=True, cross_val=False, dimension=2, dimension_s=20, dimension_t=10, enough_space=True, entropy_experiment=False, epsilon=1.0, epsilon_min=0.0, from_graphs='', iter_epsilon=50, iter_max=1, learning_step=0.8, loss_func_name='1_loss', n_iter_algo=10, n_neighbors=5, n_samples_s=200, n_samples_t=200, name_algo='sampled_gromov_sliced', name_dataset='gaussian_point_graph', nb_iter_batch=1, nb_iter_update_Y=400, noise_graph=0.1, p_in_s=0.5, p_in_t=0.5, param1='1', param2='50', pickle_name='2', pickle_path='pickle_compare', plot=False, ps_out_s=0.1, ps_out_t=0.1, rdm_seed=12345, repeat=True, same_space=False, save_pickle=True, sparse_graph=True, to_graphs='', value_graph=True, variance_s=5, variance_t=5, verbose=False)
Point Gromov
Point Gromov
Point Gromov
Point Gromov
Point Gromov
Point Gromov
Point Gromov
Point Gromov
Point Gromov
Point Gromov
Mean Wasserstein distance 113.53519152080261
Mean Wasserstein distance approximated 113.5110396741923
Mean computational time for finding T 0.015484285354614259
Mean computational time for the approximated Wasserstein distance 0.021256041526794434
Mean computational time for the real Wasserstein distance 6.378145813941956
Namespace(KL=1, alpha_experiment=False, barycenter=False, batch_size=[[1, None], [1, None]], clique_size_s=100, clique_size_t=100, constraint=True, cross_val=False, dimension=2, dimension_s=20, dimension_t=10, enough_space=True, entropy_experiment=False, epsilon=1.0, epsilon_min=0.0, from_graphs='', iter_epsilon=50, iter_max=1, learning_step=0.8, loss_func_name='1_loss', n_iter_algo=10, n_neighbors=5, n_samples_s=200, n_samples_t=200, name_algo='sampled_gromov_sliced', name_dataset='gaussian_point_graph', nb_iter_batch=1, nb_iter_update_Y=400, noise_graph=0.1, p_in_s=0.5, p_in_t=0.5, param1='1', param2='50', pickle_name='2', pickle_path='pickle_compare', plot=False, ps_out_s=0.1, ps_out_t=0.1, rdm_seed=12345, repeat=True, same_space=False, save_pickle=True, sparse_graph=True, to_graphs='', value_graph=True, variance_s=5, variance_t=5, verbose=False)
Point Gromov
Point Gromov
Point Gromov
Point Gromov
Point Gromov
Point Gromov
Point Gromov
Point Gromov
Point Gromov
Point Gromov
Mean Wasserstein distance 113.53519152080261
Mean Wasserstein distance approximated 113.5110396741923
Mean computational time for finding T 0.015549945831298827
Mean computational time for the approximated Wasserstein distance 0.02106308937072754
Mean computational time for the real Wasserstein distance 6.393224883079529
Namespace(KL=1, alpha_experiment=False, barycenter=False, batch_size=[[1, None], [1, None]], clique_size_s=100, clique_size_t=100, constraint=True, cross_val=False, dimension=2, dimension_s=20, dimension_t=10, enough_space=True, entropy_experiment=False, epsilon=1.0, epsilon_min=0.0, from_graphs='', iter_epsilon=50, iter_max=1, learning_step=0.8, loss_func_name='1_loss', n_iter_algo=10, n_neighbors=5, n_samples_s=200, n_samples_t=200, name_algo='sampled_gromov_sliced', name_dataset='gaussian_point_graph', nb_iter_batch=1, nb_iter_update_Y=400, noise_graph=0.1, p_in_s=0.5, p_in_t=0.5, param1='1', param2='50', pickle_name='2', pickle_path='pickle_compare', plot=False, ps_out_s=0.1, ps_out_t=0.1, rdm_seed=12345, repeat=True, same_space=False, save_pickle=True, sparse_graph=True, to_graphs='', value_graph=True, variance_s=5, variance_t=5, verbose=False)
Point Gromov
Point Gromov
Point Gromov
Point Gromov
Point Gromov
Point Gromov
Point Gromov
Point Gromov
Point Gromov
Point Gromov
Mean Wasserstein distance 113.53519152080261
Mean Wasserstein distance approximated 113.5110396741923
Mean computational time for finding T 0.015865325927734375
Mean computational time for the approximated Wasserstein distance 0.02128748893737793
Mean computational time for the real Wasserstein distance 6.466531777381897
Namespace(KL=1, alpha_experiment=False, barycenter=False, batch_size=[[1, None], [1, None]], clique_size_s=100, clique_size_t=100, constraint=True, cross_val=False, dimension=2, dimension_s=20, dimension_t=10, enough_space=True, entropy_experiment=False, epsilon=1.0, epsilon_min=0.0, from_graphs='', iter_epsilon=50, iter_max=1, learning_step=0.8, loss_func_name='1_loss', n_iter_algo=10, n_neighbors=5, n_samples_s=200, n_samples_t=200, name_algo='sampled_gromov_sliced', name_dataset='gaussian_point_graph', nb_iter_batch=1, nb_iter_update_Y=400, noise_graph=0.1, p_in_s=0.5, p_in_t=0.5, param1='1', param2='50', pickle_name='2', pickle_path='pickle_compare', plot=False, ps_out_s=0.1, ps_out_t=0.1, rdm_seed=12345, repeat=True, same_space=False, save_pickle=True, sparse_graph=True, to_graphs='', value_graph=True, variance_s=5, variance_t=5, verbose=False)
Point Gromov
Point Gromov
Point Gromov
Point Gromov
Point Gromov
Point Gromov
Point Gromov
Point Gromov
Point Gromov
Point Gromov
Mean Wasserstein distance 113.53519152080261
Mean Wasserstein distance approximated 113.5110396741923
Mean computational time for finding T 0.017659211158752443
Mean computational time for the approximated Wasserstein distance 0.025036144256591796
Mean computational time for the real Wasserstein distance 6.78619647026062
