---------------------------------------
Begin Slurm Prolog: Jun-06-2023 08:51:25
Job ID:    2367641
User ID:   klapborisuth3
Account:   gts-saluru8-coda20
Job name:  sampled_gromov_sliced_gaussian_point_graph_20_1_loss_100_500
Partition: cpu-medium
QOS:       inferno
---------------------------------------
Namespace(KL=1, alpha_experiment=False, barycenter=False, batch_size=[[100, None], [1, None]], clique_size_s=10, clique_size_t=10, constraint=True, cross_val=False, dimension=2, dimension_s=20, dimension_t=10, enough_space=True, entropy_experiment=False, epsilon=1.0, epsilon_min=0.0, from_graphs='', iter_epsilon=500, iter_max=1, learning_step=0.8, loss_func_name='1_loss', n_iter_algo=10, n_neighbors=5, n_samples_s=20, n_samples_t=20, name_algo='sampled_gromov_sliced', name_dataset='gaussian_point_graph', nb_iter_batch=1, nb_iter_update_Y=400, noise_graph=0.1, p_in_s=0.5, p_in_t=0.5, param1='100', param2='500', pickle_name='2', pickle_path='pickle_compare', plot=False, ps_out_s=0.1, ps_out_t=0.1, rdm_seed=12345, repeat=True, same_space=False, save_pickle=True, sparse_graph=True, to_graphs='', value_graph=True, variance_s=5, variance_t=5, verbose=False)
Too many small modification of T
Too many small modification of T
Too many small modification of T
Too many small modification of T
Too many small modification of T
Too many small modification of T
Too many small modification of T
Too many small modification of T
Too many small modification of T
Too many small modification of T
Mean Wasserstein distance 305.30120744650634
Mean Wasserstein distance approximated 305.3012074465063
Mean computational time for finding T 1.6934725999832154
Mean computational time for the approximated Wasserstein distance 0.0017683029174804688
Mean computational time for the real Wasserstein distance 0.00951244831085205
Namespace(KL=1, alpha_experiment=False, barycenter=False, batch_size=[[100, None], [1, None]], clique_size_s=10, clique_size_t=10, constraint=True, cross_val=False, dimension=2, dimension_s=20, dimension_t=10, enough_space=True, entropy_experiment=False, epsilon=1.0, epsilon_min=0.0, from_graphs='', iter_epsilon=500, iter_max=1, learning_step=0.8, loss_func_name='1_loss', n_iter_algo=10, n_neighbors=5, n_samples_s=20, n_samples_t=20, name_algo='sampled_gromov_sliced', name_dataset='gaussian_point_graph', nb_iter_batch=1, nb_iter_update_Y=400, noise_graph=0.1, p_in_s=0.5, p_in_t=0.5, param1='100', param2='500', pickle_name='2', pickle_path='pickle_compare', plot=False, ps_out_s=0.1, ps_out_t=0.1, rdm_seed=12345, repeat=True, same_space=False, save_pickle=True, sparse_graph=True, to_graphs='', value_graph=True, variance_s=5, variance_t=5, verbose=False)
Too many small modification of T
Too many small modification of T
Too many small modification of T
Too many small modification of T
Too many small modification of T
Too many small modification of T
Too many small modification of T
Too many small modification of T
Too many small modification of T
Too many small modification of T
Mean Wasserstein distance 305.30120744650634
Mean Wasserstein distance approximated 305.3012074465063
Mean computational time for finding T 1.6938864707946777
Mean computational time for the approximated Wasserstein distance 0.0017717361450195312
Mean computational time for the real Wasserstein distance 0.009539294242858886
Namespace(KL=1, alpha_experiment=False, barycenter=False, batch_size=[[100, None], [1, None]], clique_size_s=10, clique_size_t=10, constraint=True, cross_val=False, dimension=2, dimension_s=20, dimension_t=10, enough_space=True, entropy_experiment=False, epsilon=1.0, epsilon_min=0.0, from_graphs='', iter_epsilon=500, iter_max=1, learning_step=0.8, loss_func_name='1_loss', n_iter_algo=10, n_neighbors=5, n_samples_s=20, n_samples_t=20, name_algo='sampled_gromov_sliced', name_dataset='gaussian_point_graph', nb_iter_batch=1, nb_iter_update_Y=400, noise_graph=0.1, p_in_s=0.5, p_in_t=0.5, param1='100', param2='500', pickle_name='2', pickle_path='pickle_compare', plot=False, ps_out_s=0.1, ps_out_t=0.1, rdm_seed=12345, repeat=True, same_space=False, save_pickle=True, sparse_graph=True, to_graphs='', value_graph=True, variance_s=5, variance_t=5, verbose=False)
Too many small modification of T
Too many small modification of T
Too many small modification of T
Too many small modification of T
Too many small modification of T
Too many small modification of T
Too many small modification of T
Too many small modification of T
Too many small modification of T
Too many small modification of T
Mean Wasserstein distance 305.30120744650634
Mean Wasserstein distance approximated 305.3012074465063
Mean computational time for finding T 1.6987906694412231
Mean computational time for the approximated Wasserstein distance 0.0017705440521240234
Mean computational time for the real Wasserstein distance 0.009527015686035156
Namespace(KL=1, alpha_experiment=False, barycenter=False, batch_size=[[100, None], [1, None]], clique_size_s=10, clique_size_t=10, constraint=True, cross_val=False, dimension=2, dimension_s=20, dimension_t=10, enough_space=True, entropy_experiment=False, epsilon=1.0, epsilon_min=0.0, from_graphs='', iter_epsilon=500, iter_max=1, learning_step=0.8, loss_func_name='1_loss', n_iter_algo=10, n_neighbors=5, n_samples_s=20, n_samples_t=20, name_algo='sampled_gromov_sliced', name_dataset='gaussian_point_graph', nb_iter_batch=1, nb_iter_update_Y=400, noise_graph=0.1, p_in_s=0.5, p_in_t=0.5, param1='100', param2='500', pickle_name='2', pickle_path='pickle_compare', plot=False, ps_out_s=0.1, ps_out_t=0.1, rdm_seed=12345, repeat=True, same_space=False, save_pickle=True, sparse_graph=True, to_graphs='', value_graph=True, variance_s=5, variance_t=5, verbose=False)
Too many small modification of T
Too many small modification of T
Too many small modification of T
Too many small modification of T
Too many small modification of T
Too many small modification of T
Too many small modification of T
Too many small modification of T
Too many small modification of T
Too many small modification of T
Mean Wasserstein distance 305.30120744650634
Mean Wasserstein distance approximated 305.3012074465063
Mean computational time for finding T 1.6990771532058715
Mean computational time for the approximated Wasserstein distance 0.001780557632446289
Mean computational time for the real Wasserstein distance 0.009524106979370117
Namespace(KL=1, alpha_experiment=False, barycenter=False, batch_size=[[100, None], [1, None]], clique_size_s=10, clique_size_t=10, constraint=True, cross_val=False, dimension=2, dimension_s=20, dimension_t=10, enough_space=True, entropy_experiment=False, epsilon=1.0, epsilon_min=0.0, from_graphs='', iter_epsilon=500, iter_max=1, learning_step=0.8, loss_func_name='1_loss', n_iter_algo=10, n_neighbors=5, n_samples_s=20, n_samples_t=20, name_algo='sampled_gromov_sliced', name_dataset='gaussian_point_graph', nb_iter_batch=1, nb_iter_update_Y=400, noise_graph=0.1, p_in_s=0.5, p_in_t=0.5, param1='100', param2='500', pickle_name='2', pickle_path='pickle_compare', plot=False, ps_out_s=0.1, ps_out_t=0.1, rdm_seed=12345, repeat=True, same_space=False, save_pickle=True, sparse_graph=True, to_graphs='', value_graph=True, variance_s=5, variance_t=5, verbose=False)
Too many small modification of T
Too many small modification of T
Too many small modification of T
Too many small modification of T
Too many small modification of T
Too many small modification of T
Too many small modification of T
Too many small modification of T
Too many small modification of T
Too many small modification of T
Mean Wasserstein distance 305.30120744650634
Mean Wasserstein distance approximated 305.3012074465063
Mean computational time for finding T 1.7013322591781617
Mean computational time for the approximated Wasserstein distance 0.001770758628845215
Mean computational time for the real Wasserstein distance 0.009568119049072265
Namespace(KL=1, alpha_experiment=False, barycenter=False, batch_size=[[100, None], [1, None]], clique_size_s=10, clique_size_t=10, constraint=True, cross_val=False, dimension=2, dimension_s=20, dimension_t=10, enough_space=True, entropy_experiment=False, epsilon=1.0, epsilon_min=0.0, from_graphs='', iter_epsilon=500, iter_max=1, learning_step=0.8, loss_func_name='1_loss', n_iter_algo=10, n_neighbors=5, n_samples_s=20, n_samples_t=20, name_algo='sampled_gromov_sliced', name_dataset='gaussian_point_graph', nb_iter_batch=1, nb_iter_update_Y=400, noise_graph=0.1, p_in_s=0.5, p_in_t=0.5, param1='100', param2='500', pickle_name='2', pickle_path='pickle_compare', plot=False, ps_out_s=0.1, ps_out_t=0.1, rdm_seed=12345, repeat=True, same_space=False, save_pickle=True, sparse_graph=True, to_graphs='', value_graph=True, variance_s=5, variance_t=5, verbose=False)
Too many small modification of T
Too many small modification of T
Too many small modification of T
Too many small modification of T
Too many small modification of T
Too many small modification of T
Too many small modification of T
Too many small modification of T
Too many small modification of T
Too many small modification of T
Mean Wasserstein distance 305.30120744650634
Mean Wasserstein distance approximated 305.3012074465063
Mean computational time for finding T 1.703843879699707
Mean computational time for the approximated Wasserstein distance 0.0017901420593261718
Mean computational time for the real Wasserstein distance 0.009567809104919434
Namespace(KL=1, alpha_experiment=False, barycenter=False, batch_size=[[100, None], [1, None]], clique_size_s=10, clique_size_t=10, constraint=True, cross_val=False, dimension=2, dimension_s=20, dimension_t=10, enough_space=True, entropy_experiment=False, epsilon=1.0, epsilon_min=0.0, from_graphs='', iter_epsilon=500, iter_max=1, learning_step=0.8, loss_func_name='1_loss', n_iter_algo=10, n_neighbors=5, n_samples_s=20, n_samples_t=20, name_algo='sampled_gromov_sliced', name_dataset='gaussian_point_graph', nb_iter_batch=1, nb_iter_update_Y=400, noise_graph=0.1, p_in_s=0.5, p_in_t=0.5, param1='100', param2='500', pickle_name='2', pickle_path='pickle_compare', plot=False, ps_out_s=0.1, ps_out_t=0.1, rdm_seed=12345, repeat=True, same_space=False, save_pickle=True, sparse_graph=True, to_graphs='', value_graph=True, variance_s=5, variance_t=5, verbose=False)
Too many small modification of T
Too many small modification of T
Too many small modification of T
Too many small modification of T
Too many small modification of T
Too many small modification of T
Too many small modification of T
Too many small modification of T
Too many small modification of T
Too many small modification of T
Mean Wasserstein distance 305.30120744650634
Mean Wasserstein distance approximated 305.3012074465063
Mean computational time for finding T 1.7064626693725586
Mean computational time for the approximated Wasserstein distance 0.0017790079116821289
Mean computational time for the real Wasserstein distance 0.00957503318786621
Namespace(KL=1, alpha_experiment=False, barycenter=False, batch_size=[[100, None], [1, None]], clique_size_s=10, clique_size_t=10, constraint=True, cross_val=False, dimension=2, dimension_s=20, dimension_t=10, enough_space=True, entropy_experiment=False, epsilon=1.0, epsilon_min=0.0, from_graphs='', iter_epsilon=500, iter_max=1, learning_step=0.8, loss_func_name='1_loss', n_iter_algo=10, n_neighbors=5, n_samples_s=20, n_samples_t=20, name_algo='sampled_gromov_sliced', name_dataset='gaussian_point_graph', nb_iter_batch=1, nb_iter_update_Y=400, noise_graph=0.1, p_in_s=0.5, p_in_t=0.5, param1='100', param2='500', pickle_name='2', pickle_path='pickle_compare', plot=False, ps_out_s=0.1, ps_out_t=0.1, rdm_seed=12345, repeat=True, same_space=False, save_pickle=True, sparse_graph=True, to_graphs='', value_graph=True, variance_s=5, variance_t=5, verbose=False)
Too many small modification of T
Too many small modification of T
Too many small modification of T
Too many small modification of T
Too many small modification of T
Too many small modification of T
Too many small modification of T
Too many small modification of T
Too many small modification of T
Too many small modification of T
Mean Wasserstein distance 305.30120744650634
Mean Wasserstein distance approximated 305.3012074465063
Mean computational time for finding T 1.7184094667434693
Mean computational time for the approximated Wasserstein distance 0.0017903804779052734
Mean computational time for the real Wasserstein distance 0.00965895652770996
---------------------------------------
Begin Slurm Epilog: Jun-06-2023 08:52:26
Job ID:        2367641
Array Job ID:  _4294967294
User ID:       klapborisuth3
Account:       gts-saluru8-coda20
Job name:      sampled_gromov_sliced_gaussian_point_graph_20_1_loss_100_500
Resources:     cpu=8,mem=128G,node=1
Rsrc Used:     cput=00:08:08,vmem=9472K,walltime=00:01:01,mem=8528K,energy_used=0
Partition:     cpu-medium
QOS:           inferno
Nodes:         atl1-1-03-003-24-1
---------------------------------------
