---------------------------------------
Begin Slurm Prolog: Jun-06-2023 08:51:25
Job ID:    2367662
User ID:   klapborisuth3
Account:   gts-saluru8-coda20
Job name:  sampled_gromov_sliced_gaussian_point_graph_20_square_loss_1000_500
Partition: cpu-medium
QOS:       inferno
---------------------------------------
Namespace(KL=1, alpha_experiment=False, barycenter=False, batch_size=[[1000, None], [1, None]], clique_size_s=10, clique_size_t=10, constraint=True, cross_val=False, dimension=2, dimension_s=20, dimension_t=10, enough_space=True, entropy_experiment=False, epsilon=1.0, epsilon_min=0.0, from_graphs='', iter_epsilon=500, iter_max=1, learning_step=0.8, loss_func_name='square_loss', n_iter_algo=10, n_neighbors=5, n_samples_s=20, n_samples_t=20, name_algo='sampled_gromov_sliced', name_dataset='gaussian_point_graph', nb_iter_batch=1, nb_iter_update_Y=400, noise_graph=0.1, p_in_s=0.5, p_in_t=0.5, param1='1000', param2='500', pickle_name='2', pickle_path='pickle_compare', plot=False, ps_out_s=0.1, ps_out_t=0.1, rdm_seed=12345, repeat=True, same_space=False, save_pickle=True, sparse_graph=True, to_graphs='', value_graph=True, variance_s=5, variance_t=5, verbose=False)
Too many small modification of T
Too many small modification of T
Too many small modification of T
Too many small modification of T
Too many small modification of T
Too many small modification of T
Too many small modification of T
Too many small modification of T
Too many small modification of T
Too many small modification of T
Mean Wasserstein distance 136735.9275350558
Mean Wasserstein distance approximated 136735.92753505573
Mean computational time for finding T 12.908795380592347
Mean computational time for the approximated Wasserstein distance 0.0017807483673095703
Mean computational time for the real Wasserstein distance 0.009624099731445313
Namespace(KL=1, alpha_experiment=False, barycenter=False, batch_size=[[1000, None], [1, None]], clique_size_s=10, clique_size_t=10, constraint=True, cross_val=False, dimension=2, dimension_s=20, dimension_t=10, enough_space=True, entropy_experiment=False, epsilon=1.0, epsilon_min=0.0, from_graphs='', iter_epsilon=500, iter_max=1, learning_step=0.8, loss_func_name='square_loss', n_iter_algo=10, n_neighbors=5, n_samples_s=20, n_samples_t=20, name_algo='sampled_gromov_sliced', name_dataset='gaussian_point_graph', nb_iter_batch=1, nb_iter_update_Y=400, noise_graph=0.1, p_in_s=0.5, p_in_t=0.5, param1='1000', param2='500', pickle_name='2', pickle_path='pickle_compare', plot=False, ps_out_s=0.1, ps_out_t=0.1, rdm_seed=12345, repeat=True, same_space=False, save_pickle=True, sparse_graph=True, to_graphs='', value_graph=True, variance_s=5, variance_t=5, verbose=False)
Too many small modification of T
Too many small modification of T
Too many small modification of T
Too many small modification of T
Too many small modification of T
Too many small modification of T
Too many small modification of T
Too many small modification of T
Too many small modification of T
Too many small modification of T
Mean Wasserstein distance 136735.9275350558
Mean Wasserstein distance approximated 136735.92753505573
Mean computational time for finding T 12.916097807884217
Mean computational time for the approximated Wasserstein distance 0.0018434524536132812
Mean computational time for the real Wasserstein distance 0.009714007377624512
Namespace(KL=1, alpha_experiment=False, barycenter=False, batch_size=[[1000, None], [1, None]], clique_size_s=10, clique_size_t=10, constraint=True, cross_val=False, dimension=2, dimension_s=20, dimension_t=10, enough_space=True, entropy_experiment=False, epsilon=1.0, epsilon_min=0.0, from_graphs='', iter_epsilon=500, iter_max=1, learning_step=0.8, loss_func_name='square_loss', n_iter_algo=10, n_neighbors=5, n_samples_s=20, n_samples_t=20, name_algo='sampled_gromov_sliced', name_dataset='gaussian_point_graph', nb_iter_batch=1, nb_iter_update_Y=400, noise_graph=0.1, p_in_s=0.5, p_in_t=0.5, param1='1000', param2='500', pickle_name='2', pickle_path='pickle_compare', plot=False, ps_out_s=0.1, ps_out_t=0.1, rdm_seed=12345, repeat=True, same_space=False, save_pickle=True, sparse_graph=True, to_graphs='', value_graph=True, variance_s=5, variance_t=5, verbose=False)
Too many small modification of T
Too many small modification of T
Too many small modification of T
Too many small modification of T
Too many small modification of T
Too many small modification of T
Too many small modification of T
Too many small modification of T
Too many small modification of T
Too many small modification of T
Mean Wasserstein distance 136735.9275350558
Mean Wasserstein distance approximated 136735.92753505573
Mean computational time for finding T 12.923829913139343
Mean computational time for the approximated Wasserstein distance 0.001790165901184082
Mean computational time for the real Wasserstein distance 0.009666538238525391
Namespace(KL=1, alpha_experiment=False, barycenter=False, batch_size=[[1000, None], [1, None]], clique_size_s=10, clique_size_t=10, constraint=True, cross_val=False, dimension=2, dimension_s=20, dimension_t=10, enough_space=True, entropy_experiment=False, epsilon=1.0, epsilon_min=0.0, from_graphs='', iter_epsilon=500, iter_max=1, learning_step=0.8, loss_func_name='square_loss', n_iter_algo=10, n_neighbors=5, n_samples_s=20, n_samples_t=20, name_algo='sampled_gromov_sliced', name_dataset='gaussian_point_graph', nb_iter_batch=1, nb_iter_update_Y=400, noise_graph=0.1, p_in_s=0.5, p_in_t=0.5, param1='1000', param2='500', pickle_name='2', pickle_path='pickle_compare', plot=False, ps_out_s=0.1, ps_out_t=0.1, rdm_seed=12345, repeat=True, same_space=False, save_pickle=True, sparse_graph=True, to_graphs='', value_graph=True, variance_s=5, variance_t=5, verbose=False)
Too many small modification of T
Too many small modification of T
Too many small modification of T
Too many small modification of T
Too many small modification of T
Too many small modification of T
Too many small modification of T
Too many small modification of T
Too many small modification of T
Too many small modification of T
Mean Wasserstein distance 136735.9275350558
Mean Wasserstein distance approximated 136735.92753505573
Mean computational time for finding T 12.934333062171936
Mean computational time for the approximated Wasserstein distance 0.0017842531204223632
Mean computational time for the real Wasserstein distance 0.009740710258483887
Namespace(KL=1, alpha_experiment=False, barycenter=False, batch_size=[[1000, None], [1, None]], clique_size_s=10, clique_size_t=10, constraint=True, cross_val=False, dimension=2, dimension_s=20, dimension_t=10, enough_space=True, entropy_experiment=False, epsilon=1.0, epsilon_min=0.0, from_graphs='', iter_epsilon=500, iter_max=1, learning_step=0.8, loss_func_name='square_loss', n_iter_algo=10, n_neighbors=5, n_samples_s=20, n_samples_t=20, name_algo='sampled_gromov_sliced', name_dataset='gaussian_point_graph', nb_iter_batch=1, nb_iter_update_Y=400, noise_graph=0.1, p_in_s=0.5, p_in_t=0.5, param1='1000', param2='500', pickle_name='2', pickle_path='pickle_compare', plot=False, ps_out_s=0.1, ps_out_t=0.1, rdm_seed=12345, repeat=True, same_space=False, save_pickle=True, sparse_graph=True, to_graphs='', value_graph=True, variance_s=5, variance_t=5, verbose=False)
Too many small modification of T
Too many small modification of T
Too many small modification of T
Too many small modification of T
Too many small modification of T
Too many small modification of T
Too many small modification of T
Too many small modification of T
Too many small modification of T
Too many small modification of T
Mean Wasserstein distance 136735.9275350558
Mean Wasserstein distance approximated 136735.92753505573
Mean computational time for finding T 12.944768381118774
Mean computational time for the approximated Wasserstein distance 0.0017861366271972657
Mean computational time for the real Wasserstein distance 0.009666728973388671
Namespace(KL=1, alpha_experiment=False, barycenter=False, batch_size=[[1000, None], [1, None]], clique_size_s=10, clique_size_t=10, constraint=True, cross_val=False, dimension=2, dimension_s=20, dimension_t=10, enough_space=True, entropy_experiment=False, epsilon=1.0, epsilon_min=0.0, from_graphs='', iter_epsilon=500, iter_max=1, learning_step=0.8, loss_func_name='square_loss', n_iter_algo=10, n_neighbors=5, n_samples_s=20, n_samples_t=20, name_algo='sampled_gromov_sliced', name_dataset='gaussian_point_graph', nb_iter_batch=1, nb_iter_update_Y=400, noise_graph=0.1, p_in_s=0.5, p_in_t=0.5, param1='1000', param2='500', pickle_name='2', pickle_path='pickle_compare', plot=False, ps_out_s=0.1, ps_out_t=0.1, rdm_seed=12345, repeat=True, same_space=False, save_pickle=True, sparse_graph=True, to_graphs='', value_graph=True, variance_s=5, variance_t=5, verbose=False)
Too many small modification of T
Too many small modification of T
Too many small modification of T
Too many small modification of T
Too many small modification of T
Too many small modification of T
Too many small modification of T
Too many small modification of T
Too many small modification of T
Too many small modification of T
Mean Wasserstein distance 136735.9275350558
Mean Wasserstein distance approximated 136735.92753505573
Mean computational time for finding T 12.955867528915405
Mean computational time for the approximated Wasserstein distance 0.0017803192138671875
Mean computational time for the real Wasserstein distance 0.009700942039489745
Namespace(KL=1, alpha_experiment=False, barycenter=False, batch_size=[[1000, None], [1, None]], clique_size_s=10, clique_size_t=10, constraint=True, cross_val=False, dimension=2, dimension_s=20, dimension_t=10, enough_space=True, entropy_experiment=False, epsilon=1.0, epsilon_min=0.0, from_graphs='', iter_epsilon=500, iter_max=1, learning_step=0.8, loss_func_name='square_loss', n_iter_algo=10, n_neighbors=5, n_samples_s=20, n_samples_t=20, name_algo='sampled_gromov_sliced', name_dataset='gaussian_point_graph', nb_iter_batch=1, nb_iter_update_Y=400, noise_graph=0.1, p_in_s=0.5, p_in_t=0.5, param1='1000', param2='500', pickle_name='2', pickle_path='pickle_compare', plot=False, ps_out_s=0.1, ps_out_t=0.1, rdm_seed=12345, repeat=True, same_space=False, save_pickle=True, sparse_graph=True, to_graphs='', value_graph=True, variance_s=5, variance_t=5, verbose=False)
Too many small modification of T
Too many small modification of T
Too many small modification of T
Too many small modification of T
Too many small modification of T
Too many small modification of T
Too many small modification of T
Too many small modification of T
Too many small modification of T
Too many small modification of T
Mean Wasserstein distance 136735.9275350558
Mean Wasserstein distance approximated 136735.92753505573
Mean computational time for finding T 12.95821554660797
Mean computational time for the approximated Wasserstein distance 0.0017925262451171874
Mean computational time for the real Wasserstein distance 0.009680914878845214
Namespace(KL=1, alpha_experiment=False, barycenter=False, batch_size=[[1000, None], [1, None]], clique_size_s=10, clique_size_t=10, constraint=True, cross_val=False, dimension=2, dimension_s=20, dimension_t=10, enough_space=True, entropy_experiment=False, epsilon=1.0, epsilon_min=0.0, from_graphs='', iter_epsilon=500, iter_max=1, learning_step=0.8, loss_func_name='square_loss', n_iter_algo=10, n_neighbors=5, n_samples_s=20, n_samples_t=20, name_algo='sampled_gromov_sliced', name_dataset='gaussian_point_graph', nb_iter_batch=1, nb_iter_update_Y=400, noise_graph=0.1, p_in_s=0.5, p_in_t=0.5, param1='1000', param2='500', pickle_name='2', pickle_path='pickle_compare', plot=False, ps_out_s=0.1, ps_out_t=0.1, rdm_seed=12345, repeat=True, same_space=False, save_pickle=True, sparse_graph=True, to_graphs='', value_graph=True, variance_s=5, variance_t=5, verbose=False)
Too many small modification of T
Too many small modification of T
Too many small modification of T
Too many small modification of T
Too many small modification of T
Too many small modification of T
Too many small modification of T
Too many small modification of T
Too many small modification of T
Too many small modification of T
Mean Wasserstein distance 136735.9275350558
Mean Wasserstein distance approximated 136735.92753505573
Mean computational time for finding T 12.96104109287262
Mean computational time for the approximated Wasserstein distance 0.001786041259765625
Mean computational time for the real Wasserstein distance 0.009676146507263183
