---------------------------------------
Begin Slurm Prolog: Jun-06-2023 08:51:25
Job ID:    2367681
User ID:   klapborisuth3
Account:   gts-saluru8-coda20
Job name:  sampled_gromov_sliced_gaussian_point_graph_50_1_loss_1_500
Partition: cpu-medium
QOS:       inferno
---------------------------------------
Namespace(KL=1, alpha_experiment=False, barycenter=False, batch_size=[[1, None], [1, None]], clique_size_s=25, clique_size_t=25, constraint=True, cross_val=False, dimension=2, dimension_s=20, dimension_t=10, enough_space=True, entropy_experiment=False, epsilon=1.0, epsilon_min=0.0, from_graphs='', iter_epsilon=500, iter_max=1, learning_step=0.8, loss_func_name='1_loss', n_iter_algo=10, n_neighbors=5, n_samples_s=50, n_samples_t=50, name_algo='sampled_gromov_sliced', name_dataset='gaussian_point_graph', nb_iter_batch=1, nb_iter_update_Y=400, noise_graph=0.1, p_in_s=0.5, p_in_t=0.5, param1='1', param2='500', pickle_name='2', pickle_path='pickle_compare', plot=False, ps_out_s=0.1, ps_out_t=0.1, rdm_seed=12345, repeat=True, same_space=False, save_pickle=True, sparse_graph=True, to_graphs='', value_graph=True, variance_s=5, variance_t=5, verbose=False)
Point Gromov
Point Gromov
Point Gromov
Point Gromov
Point Gromov
Point Gromov
Point Gromov
Point Gromov
Point Gromov
Point Gromov
Mean Wasserstein distance 85.73008228556593
Mean Wasserstein distance approximated 85.84359415021993
Mean computational time for finding T 0.07816040515899658
Mean computational time for the approximated Wasserstein distance 0.005313611030578614
Mean computational time for the real Wasserstein distance 0.07622346878051758
Namespace(KL=1, alpha_experiment=False, barycenter=False, batch_size=[[1, None], [1, None]], clique_size_s=25, clique_size_t=25, constraint=True, cross_val=False, dimension=2, dimension_s=20, dimension_t=10, enough_space=True, entropy_experiment=False, epsilon=1.0, epsilon_min=0.0, from_graphs='', iter_epsilon=500, iter_max=1, learning_step=0.8, loss_func_name='1_loss', n_iter_algo=10, n_neighbors=5, n_samples_s=50, n_samples_t=50, name_algo='sampled_gromov_sliced', name_dataset='gaussian_point_graph', nb_iter_batch=1, nb_iter_update_Y=400, noise_graph=0.1, p_in_s=0.5, p_in_t=0.5, param1='1', param2='500', pickle_name='2', pickle_path='pickle_compare', plot=False, ps_out_s=0.1, ps_out_t=0.1, rdm_seed=12345, repeat=True, same_space=False, save_pickle=True, sparse_graph=True, to_graphs='', value_graph=True, variance_s=5, variance_t=5, verbose=False)
Point Gromov
Point Gromov
Point Gromov
Point Gromov
Point Gromov
Point Gromov
Point Gromov
Point Gromov
Point Gromov
Point Gromov
Mean Wasserstein distance 85.73008228556593
Mean Wasserstein distance approximated 85.84359415021993
Mean computational time for finding T 0.07818765640258789
Mean computational time for the approximated Wasserstein distance 0.005326104164123535
Mean computational time for the real Wasserstein distance 0.0762444019317627
Namespace(KL=1, alpha_experiment=False, barycenter=False, batch_size=[[1, None], [1, None]], clique_size_s=25, clique_size_t=25, constraint=True, cross_val=False, dimension=2, dimension_s=20, dimension_t=10, enough_space=True, entropy_experiment=False, epsilon=1.0, epsilon_min=0.0, from_graphs='', iter_epsilon=500, iter_max=1, learning_step=0.8, loss_func_name='1_loss', n_iter_algo=10, n_neighbors=5, n_samples_s=50, n_samples_t=50, name_algo='sampled_gromov_sliced', name_dataset='gaussian_point_graph', nb_iter_batch=1, nb_iter_update_Y=400, noise_graph=0.1, p_in_s=0.5, p_in_t=0.5, param1='1', param2='500', pickle_name='2', pickle_path='pickle_compare', plot=False, ps_out_s=0.1, ps_out_t=0.1, rdm_seed=12345, repeat=True, same_space=False, save_pickle=True, sparse_graph=True, to_graphs='', value_graph=True, variance_s=5, variance_t=5, verbose=False)
Point Gromov
Point Gromov
Point Gromov
Point Gromov
Point Gromov
Point Gromov
Point Gromov
Point Gromov
Point Gromov
Point Gromov
Mean Wasserstein distance 85.73008228556593
Mean Wasserstein distance approximated 85.84359415021993
Mean computational time for finding T 0.07864034175872803
Mean computational time for the approximated Wasserstein distance 0.005332660675048828
Mean computational time for the real Wasserstein distance 0.07624778747558594
Namespace(KL=1, alpha_experiment=False, barycenter=False, batch_size=[[1, None], [1, None]], clique_size_s=25, clique_size_t=25, constraint=True, cross_val=False, dimension=2, dimension_s=20, dimension_t=10, enough_space=True, entropy_experiment=False, epsilon=1.0, epsilon_min=0.0, from_graphs='', iter_epsilon=500, iter_max=1, learning_step=0.8, loss_func_name='1_loss', n_iter_algo=10, n_neighbors=5, n_samples_s=50, n_samples_t=50, name_algo='sampled_gromov_sliced', name_dataset='gaussian_point_graph', nb_iter_batch=1, nb_iter_update_Y=400, noise_graph=0.1, p_in_s=0.5, p_in_t=0.5, param1='1', param2='500', pickle_name='2', pickle_path='pickle_compare', plot=False, ps_out_s=0.1, ps_out_t=0.1, rdm_seed=12345, repeat=True, same_space=False, save_pickle=True, sparse_graph=True, to_graphs='', value_graph=True, variance_s=5, variance_t=5, verbose=False)
Point Gromov
Point Gromov
Point Gromov
Point Gromov
Point Gromov
Point Gromov
Point Gromov
Point Gromov
Point Gromov
Point Gromov
Mean Wasserstein distance 85.73008228556593
Mean Wasserstein distance approximated 85.84359415021993
Mean computational time for finding T 0.0782435655593872
Mean computational time for the approximated Wasserstein distance 0.005404138565063476
Mean computational time for the real Wasserstein distance 0.07683758735656739
Namespace(KL=1, alpha_experiment=False, barycenter=False, batch_size=[[1, None], [1, None]], clique_size_s=25, clique_size_t=25, constraint=True, cross_val=False, dimension=2, dimension_s=20, dimension_t=10, enough_space=True, entropy_experiment=False, epsilon=1.0, epsilon_min=0.0, from_graphs='', iter_epsilon=500, iter_max=1, learning_step=0.8, loss_func_name='1_loss', n_iter_algo=10, n_neighbors=5, n_samples_s=50, n_samples_t=50, name_algo='sampled_gromov_sliced', name_dataset='gaussian_point_graph', nb_iter_batch=1, nb_iter_update_Y=400, noise_graph=0.1, p_in_s=0.5, p_in_t=0.5, param1='1', param2='500', pickle_name='2', pickle_path='pickle_compare', plot=False, ps_out_s=0.1, ps_out_t=0.1, rdm_seed=12345, repeat=True, same_space=False, save_pickle=True, sparse_graph=True, to_graphs='', value_graph=True, variance_s=5, variance_t=5, verbose=False)
Point Gromov
Point Gromov
Point Gromov
Point Gromov
Point Gromov
Point Gromov
Point Gromov
Point Gromov
Point Gromov
Point Gromov
Mean Wasserstein distance 85.73008228556593
Mean Wasserstein distance approximated 85.84359415021993
Mean computational time for finding T 0.07851834297180176
Mean computational time for the approximated Wasserstein distance 0.005382251739501953
Mean computational time for the real Wasserstein distance 0.07669730186462402
Namespace(KL=1, alpha_experiment=False, barycenter=False, batch_size=[[1, None], [1, None]], clique_size_s=25, clique_size_t=25, constraint=True, cross_val=False, dimension=2, dimension_s=20, dimension_t=10, enough_space=True, entropy_experiment=False, epsilon=1.0, epsilon_min=0.0, from_graphs='', iter_epsilon=500, iter_max=1, learning_step=0.8, loss_func_name='1_loss', n_iter_algo=10, n_neighbors=5, n_samples_s=50, n_samples_t=50, name_algo='sampled_gromov_sliced', name_dataset='gaussian_point_graph', nb_iter_batch=1, nb_iter_update_Y=400, noise_graph=0.1, p_in_s=0.5, p_in_t=0.5, param1='1', param2='500', pickle_name='2', pickle_path='pickle_compare', plot=False, ps_out_s=0.1, ps_out_t=0.1, rdm_seed=12345, repeat=True, same_space=False, save_pickle=True, sparse_graph=True, to_graphs='', value_graph=True, variance_s=5, variance_t=5, verbose=False)
Point Gromov
Point Gromov
Point Gromov
Point Gromov
Point Gromov
Point Gromov
Point Gromov
Point Gromov
Point Gromov
Point Gromov
Mean Wasserstein distance 85.73008228556593
Mean Wasserstein distance approximated 85.84359415021993
Mean computational time for finding T 0.07866537570953369
Mean computational time for the approximated Wasserstein distance 0.00539693832397461
Mean computational time for the real Wasserstein distance 0.0768122911453247
Namespace(KL=1, alpha_experiment=False, barycenter=False, batch_size=[[1, None], [1, None]], clique_size_s=25, clique_size_t=25, constraint=True, cross_val=False, dimension=2, dimension_s=20, dimension_t=10, enough_space=True, entropy_experiment=False, epsilon=1.0, epsilon_min=0.0, from_graphs='', iter_epsilon=500, iter_max=1, learning_step=0.8, loss_func_name='1_loss', n_iter_algo=10, n_neighbors=5, n_samples_s=50, n_samples_t=50, name_algo='sampled_gromov_sliced', name_dataset='gaussian_point_graph', nb_iter_batch=1, nb_iter_update_Y=400, noise_graph=0.1, p_in_s=0.5, p_in_t=0.5, param1='1', param2='500', pickle_name='2', pickle_path='pickle_compare', plot=False, ps_out_s=0.1, ps_out_t=0.1, rdm_seed=12345, repeat=True, same_space=False, save_pickle=True, sparse_graph=True, to_graphs='', value_graph=True, variance_s=5, variance_t=5, verbose=False)
Point Gromov
Point Gromov
Point Gromov
Point Gromov
Point Gromov
Point Gromov
Point Gromov
Point Gromov
Point Gromov
Point Gromov
Mean Wasserstein distance 85.73008228556593
Mean Wasserstein distance approximated 85.84359415021993
Mean computational time for finding T 0.07854797840118408
Mean computational time for the approximated Wasserstein distance 0.005377411842346191
Mean computational time for the real Wasserstein distance 0.07692952156066894
Namespace(KL=1, alpha_experiment=False, barycenter=False, batch_size=[[1, None], [1, None]], clique_size_s=25, clique_size_t=25, constraint=True, cross_val=False, dimension=2, dimension_s=20, dimension_t=10, enough_space=True, entropy_experiment=False, epsilon=1.0, epsilon_min=0.0, from_graphs='', iter_epsilon=500, iter_max=1, learning_step=0.8, loss_func_name='1_loss', n_iter_algo=10, n_neighbors=5, n_samples_s=50, n_samples_t=50, name_algo='sampled_gromov_sliced', name_dataset='gaussian_point_graph', nb_iter_batch=1, nb_iter_update_Y=400, noise_graph=0.1, p_in_s=0.5, p_in_t=0.5, param1='1', param2='500', pickle_name='2', pickle_path='pickle_compare', plot=False, ps_out_s=0.1, ps_out_t=0.1, rdm_seed=12345, repeat=True, same_space=False, save_pickle=True, sparse_graph=True, to_graphs='', value_graph=True, variance_s=5, variance_t=5, verbose=False)
Point Gromov
Point Gromov
Point Gromov
Point Gromov
Point Gromov
Point Gromov
Point Gromov
Point Gromov
Point Gromov
Point Gromov
Mean Wasserstein distance 85.73008228556593
Mean Wasserstein distance approximated 85.84359415021993
Mean computational time for finding T 0.08640174865722657
Mean computational time for the approximated Wasserstein distance 0.008823442459106445
Mean computational time for the real Wasserstein distance 0.10871374607086182
---------------------------------------
Begin Slurm Epilog: Jun-06-2023 08:52:11
Job ID:        2367681
Array Job ID:  _4294967294
User ID:       klapborisuth3
Account:       gts-saluru8-coda20
Job name:      sampled_gromov_sliced_gaussian_point_graph_50_1_loss_1_500
Resources:     cpu=8,mem=128G,node=1
Rsrc Used:     cput=00:06:08,vmem=9384K,walltime=00:00:46,mem=8528K,energy_used=0
Partition:     cpu-medium
QOS:           inferno
Nodes:         atl1-1-02-004-13-2
---------------------------------------
