---------------------------------------
Begin Slurm Prolog: Jun-05-2023 15:39:46
Job ID:    2359930
User ID:   klapborisuth3
Account:   gts-saluru8-coda20
Job name:  S_GWL_gaussian_graph_100_square_loss_0.01
Partition: cpu-small
QOS:       inferno
---------------------------------------
Namespace(KL=1, alpha_experiment=False, barycenter=False, batch_size=None, clique_size_s=50, clique_size_t=50, constraint=True, cross_val=False, dimension=2, dimension_s=20, dimension_t=10, enough_space=True, entropy_experiment=False, epsilon=0.01, epsilon_min=0.0, from_graphs='', iter_epsilon=1000, iter_max=1, learning_step=0.8, loss_func_name='square_loss', n_iter_algo=10, n_neighbors=5, n_samples_s=100, n_samples_t=100, name_algo='S_GWL', name_dataset='gaussian_graph', nb_iter_batch=1, nb_iter_update_Y=400, noise_graph=0.1, p_in_s=0.5, p_in_t=0.5, param1='0.01', param2='', pickle_name='2', pickle_path='pickle_compare', plot=False, ps_out_s=0.1, ps_out_t=0.1, rdm_seed=12345, repeat=True, same_space=False, save_pickle=True, sparse_graph=True, to_graphs='', value_graph=True, variance_s=5, variance_t=5, verbose=False)
Mean Wasserstein distance 1.1519789506845108
Mean Wasserstein distance approximated 1.1519789506845108
Mean computational time for finding T 0.038284897804260254
Mean computational time for the approximated Wasserstein distance 0.00023450851440429688
Mean computational time for the real Wasserstein distance 0.4183861255645752
Namespace(KL=1, alpha_experiment=False, barycenter=False, batch_size=None, clique_size_s=50, clique_size_t=50, constraint=True, cross_val=False, dimension=2, dimension_s=20, dimension_t=10, enough_space=True, entropy_experiment=False, epsilon=0.01, epsilon_min=0.0, from_graphs='', iter_epsilon=1000, iter_max=1, learning_step=0.8, loss_func_name='square_loss', n_iter_algo=10, n_neighbors=5, n_samples_s=100, n_samples_t=100, name_algo='S_GWL', name_dataset='gaussian_graph', nb_iter_batch=1, nb_iter_update_Y=400, noise_graph=0.1, p_in_s=0.5, p_in_t=0.5, param1='0.01', param2='', pickle_name='2', pickle_path='pickle_compare', plot=False, ps_out_s=0.1, ps_out_t=0.1, rdm_seed=12345, repeat=True, same_space=False, save_pickle=True, sparse_graph=True, to_graphs='', value_graph=True, variance_s=5, variance_t=5, verbose=False)
Mean Wasserstein distance 1.1519789506845108
Mean Wasserstein distance approximated 1.1519789506845108
Mean computational time for finding T 0.038346719741821286
Mean computational time for the approximated Wasserstein distance 0.00024232864379882812
Mean computational time for the real Wasserstein distance 0.41814799308776857
Namespace(KL=1, alpha_experiment=False, barycenter=False, batch_size=None, clique_size_s=50, clique_size_t=50, constraint=True, cross_val=False, dimension=2, dimension_s=20, dimension_t=10, enough_space=True, entropy_experiment=False, epsilon=0.01, epsilon_min=0.0, from_graphs='', iter_epsilon=1000, iter_max=1, learning_step=0.8, loss_func_name='square_loss', n_iter_algo=10, n_neighbors=5, n_samples_s=100, n_samples_t=100, name_algo='S_GWL', name_dataset='gaussian_graph', nb_iter_batch=1, nb_iter_update_Y=400, noise_graph=0.1, p_in_s=0.5, p_in_t=0.5, param1='0.01', param2='', pickle_name='2', pickle_path='pickle_compare', plot=False, ps_out_s=0.1, ps_out_t=0.1, rdm_seed=12345, repeat=True, same_space=False, save_pickle=True, sparse_graph=True, to_graphs='', value_graph=True, variance_s=5, variance_t=5, verbose=False)
Mean Wasserstein distance 1.1519789506845108
Mean Wasserstein distance approximated 1.1519789506845108
Mean computational time for finding T 0.038274955749511716
Mean computational time for the approximated Wasserstein distance 0.00023365020751953125
Mean computational time for the real Wasserstein distance 0.4175851821899414
Namespace(KL=1, alpha_experiment=False, barycenter=False, batch_size=None, clique_size_s=50, clique_size_t=50, constraint=True, cross_val=False, dimension=2, dimension_s=20, dimension_t=10, enough_space=True, entropy_experiment=False, epsilon=0.01, epsilon_min=0.0, from_graphs='', iter_epsilon=1000, iter_max=1, learning_step=0.8, loss_func_name='square_loss', n_iter_algo=10, n_neighbors=5, n_samples_s=100, n_samples_t=100, name_algo='S_GWL', name_dataset='gaussian_graph', nb_iter_batch=1, nb_iter_update_Y=400, noise_graph=0.1, p_in_s=0.5, p_in_t=0.5, param1='0.01', param2='', pickle_name='2', pickle_path='pickle_compare', plot=False, ps_out_s=0.1, ps_out_t=0.1, rdm_seed=12345, repeat=True, same_space=False, save_pickle=True, sparse_graph=True, to_graphs='', value_graph=True, variance_s=5, variance_t=5, verbose=False)
Mean Wasserstein distance 1.1519789506845108
Mean Wasserstein distance approximated 1.1519789506845108
Mean computational time for finding T 0.038240694999694826
Mean computational time for the approximated Wasserstein distance 0.00023055076599121094
Mean computational time for the real Wasserstein distance 0.41923091411590574
Namespace(KL=1, alpha_experiment=False, barycenter=False, batch_size=None, clique_size_s=50, clique_size_t=50, constraint=True, cross_val=False, dimension=2, dimension_s=20, dimension_t=10, enough_space=True, entropy_experiment=False, epsilon=0.01, epsilon_min=0.0, from_graphs='', iter_epsilon=1000, iter_max=1, learning_step=0.8, loss_func_name='square_loss', n_iter_algo=10, n_neighbors=5, n_samples_s=100, n_samples_t=100, name_algo='S_GWL', name_dataset='gaussian_graph', nb_iter_batch=1, nb_iter_update_Y=400, noise_graph=0.1, p_in_s=0.5, p_in_t=0.5, param1='0.01', param2='', pickle_name='2', pickle_path='pickle_compare', plot=False, ps_out_s=0.1, ps_out_t=0.1, rdm_seed=12345, repeat=True, same_space=False, save_pickle=True, sparse_graph=True, to_graphs='', value_graph=True, variance_s=5, variance_t=5, verbose=False)
Mean Wasserstein distance 1.1519789506845108
Mean Wasserstein distance approximated 1.1519789506845108
Mean computational time for finding T 0.03845632076263428
Mean computational time for the approximated Wasserstein distance 0.00023522377014160157
Mean computational time for the real Wasserstein distance 0.41963174343109133
Namespace(KL=1, alpha_experiment=False, barycenter=False, batch_size=None, clique_size_s=50, clique_size_t=50, constraint=True, cross_val=False, dimension=2, dimension_s=20, dimension_t=10, enough_space=True, entropy_experiment=False, epsilon=0.01, epsilon_min=0.0, from_graphs='', iter_epsilon=1000, iter_max=1, learning_step=0.8, loss_func_name='square_loss', n_iter_algo=10, n_neighbors=5, n_samples_s=100, n_samples_t=100, name_algo='S_GWL', name_dataset='gaussian_graph', nb_iter_batch=1, nb_iter_update_Y=400, noise_graph=0.1, p_in_s=0.5, p_in_t=0.5, param1='0.01', param2='', pickle_name='2', pickle_path='pickle_compare', plot=False, ps_out_s=0.1, ps_out_t=0.1, rdm_seed=12345, repeat=True, same_space=False, save_pickle=True, sparse_graph=True, to_graphs='', value_graph=True, variance_s=5, variance_t=5, verbose=False)
Mean Wasserstein distance 1.1519789506845108
Mean Wasserstein distance approximated 1.1519789506845108
Mean computational time for finding T 0.0383664608001709
Mean computational time for the approximated Wasserstein distance 0.00023031234741210938
Mean computational time for the real Wasserstein distance 0.41979241371154785
Namespace(KL=1, alpha_experiment=False, barycenter=False, batch_size=None, clique_size_s=50, clique_size_t=50, constraint=True, cross_val=False, dimension=2, dimension_s=20, dimension_t=10, enough_space=True, entropy_experiment=False, epsilon=0.01, epsilon_min=0.0, from_graphs='', iter_epsilon=1000, iter_max=1, learning_step=0.8, loss_func_name='square_loss', n_iter_algo=10, n_neighbors=5, n_samples_s=100, n_samples_t=100, name_algo='S_GWL', name_dataset='gaussian_graph', nb_iter_batch=1, nb_iter_update_Y=400, noise_graph=0.1, p_in_s=0.5, p_in_t=0.5, param1='0.01', param2='', pickle_name='2', pickle_path='pickle_compare', plot=False, ps_out_s=0.1, ps_out_t=0.1, rdm_seed=12345, repeat=True, same_space=False, save_pickle=True, sparse_graph=True, to_graphs='', value_graph=True, variance_s=5, variance_t=5, verbose=False)
Mean Wasserstein distance 1.1519789506845108
Mean Wasserstein distance approximated 1.1519789506845108
Mean computational time for finding T 0.03831527233123779
Mean computational time for the approximated Wasserstein distance 0.00024466514587402345
Mean computational time for the real Wasserstein distance 0.41986613273620604
Namespace(KL=1, alpha_experiment=False, barycenter=False, batch_size=None, clique_size_s=50, clique_size_t=50, constraint=True, cross_val=False, dimension=2, dimension_s=20, dimension_t=10, enough_space=True, entropy_experiment=False, epsilon=0.01, epsilon_min=0.0, from_graphs='', iter_epsilon=1000, iter_max=1, learning_step=0.8, loss_func_name='square_loss', n_iter_algo=10, n_neighbors=5, n_samples_s=100, n_samples_t=100, name_algo='S_GWL', name_dataset='gaussian_graph', nb_iter_batch=1, nb_iter_update_Y=400, noise_graph=0.1, p_in_s=0.5, p_in_t=0.5, param1='0.01', param2='', pickle_name='2', pickle_path='pickle_compare', plot=False, ps_out_s=0.1, ps_out_t=0.1, rdm_seed=12345, repeat=True, same_space=False, save_pickle=True, sparse_graph=True, to_graphs='', value_graph=True, variance_s=5, variance_t=5, verbose=False)
Mean Wasserstein distance 1.1519789506845108
Mean Wasserstein distance approximated 1.1519789506845108
Mean computational time for finding T 0.04069058895111084
Mean computational time for the approximated Wasserstein distance 0.00024044513702392578
Mean computational time for the real Wasserstein distance 0.4581411123275757
---------------------------------------
Begin Slurm Epilog: Jun-05-2023 15:40:16
Job ID:        2359930
Array Job ID:  _4294967294
User ID:       klapborisuth3
Account:       gts-saluru8-coda20
Job name:      S_GWL_gaussian_graph_100_square_loss_0.01
Resources:     
Rsrc Used:     cput=00:00:00,vmem=,walltime=00:00:00,mem=,energy_used=0
Partition:     cpu-small
QOS:           inferno
Nodes:         None assigned
---------------------------------------
