---------------------------------------
Begin Slurm Prolog: Jun-06-2023 16:19:27
Job ID:    2374661
User ID:   klapborisuth3
Account:   gts-saluru8-coda20
Job name:  S_GWL_gaussian_graph_500_1_loss_100
Partition: cpu-small
QOS:       inferno
---------------------------------------
---------------------------------------
Begin Slurm Epilog: Jun-07-2023 08:19:41
Job ID:        2374661
Array Job ID:  _4294967294
User ID:       klapborisuth3
Account:       gts-saluru8-coda20
Job name:      S_GWL_gaussian_graph_500_1_loss_100
Resources:     cpu=8,mem=64G,node=1
Rsrc Used:     cput=5-08:01:36,vmem=9536K,walltime=16:00:12,mem=8528K,energy_used=0
Partition:     cpu-small
QOS:           inferno
Nodes:         atl1-1-02-012-28-1
---------------------------------------
