---------------------------------------
Begin Slurm Prolog: Jun-06-2023 17:15:30
Job ID:    2374417
User ID:   klapborisuth3
Account:   gts-saluru8-coda20
Job name:  sampled_gromov_e_constant_gaussian_point_graph_10000_square_loss_100_500
Partition: cpu-large
QOS:       inferno
---------------------------------------
---------------------------------------
Begin Slurm Epilog: Jun-07-2023 08:15:42
Job ID:        2374417
Array Job ID:  _4294967294
User ID:       klapborisuth3
Account:       gts-saluru8-coda20
Job name:      sampled_gromov_e_constant_gaussian_point_graph_10000_square_loss_100_500
Resources:     cpu=8,mem=256G,node=1
Rsrc Used:     cput=5-00:01:20,vmem=10252K,walltime=15:00:10,mem=8532K,energy_used=0
Partition:     cpu-large
QOS:           inferno
Nodes:         atl1-1-03-004-18-2
---------------------------------------
