---------------------------------------
Begin Slurm Prolog: Jun-06-2023 17:13:49
Job ID:    2374415
User ID:   klapborisuth3
Account:   gts-saluru8-coda20
Job name:  sampled_gromov_e_constant_gaussian_point_graph_10000_square_loss_100_100
Partition: cpu-large
QOS:       inferno
---------------------------------------
---------------------------------------
Begin Slurm Epilog: Jun-07-2023 08:14:11
Job ID:        2374415
Array Job ID:  _4294967294
User ID:       klapborisuth3
Account:       gts-saluru8-coda20
Job name:      sampled_gromov_e_constant_gaussian_point_graph_10000_square_loss_100_100
Resources:     cpu=8,mem=256G,node=1
Rsrc Used:     cput=5-00:02:48,vmem=10252K,walltime=15:00:21,mem=8532K,energy_used=0
Partition:     cpu-large
QOS:           inferno
Nodes:         atl1-1-01-005-34-1
---------------------------------------
