	Command being timed: "srun python3 main_comparaison.py -s --n_samples_s 20 --loss_func_name 1_loss --name_dataset gaussian_point_graph --name_algo sampled_gromov_e_constant --pickle_name 2 --batch_size 100 --param1 100 --iter_epsilon 50 --param2 50"
	User time (seconds): 0.19
	System time (seconds): 0.01
	Percent of CPU this job got: 2%
	Elapsed (wall clock) time (h:mm:ss or m:ss): 0:09.97
	Average shared text size (kbytes): 0
	Average unshared data size (kbytes): 0
	Average stack size (kbytes): 0
	Average total size (kbytes): 0
	Maximum resident set size (kbytes): 9956
	Average resident set size (kbytes): 0
	Major (requiring I/O) page faults: 0
	Minor (reclaiming a frame) page faults: 2816
	Voluntary context switches: 64
	Involuntary context switches: 4
	Swaps: 0
	File system inputs: 0
	File system outputs: 24
	Socket messages sent: 0
	Socket messages received: 0
	Signals delivered: 0
	Page size (bytes): 4096
	Exit status: 0
