---------------------------------------
Begin Slurm Prolog: Jun-06-2023 16:52:29
Job ID:    2374377
User ID:   klapborisuth3
Account:   gts-saluru8-coda20
Job name:  sampled_gromov_e_constant_gaussian_point_graph_5000_square_loss_1000_1000
Partition: cpu-large
QOS:       inferno
---------------------------------------
---------------------------------------
Begin Slurm Epilog: Jun-07-2023 07:52:42
Job ID:        2374377
Array Job ID:  _4294967294
User ID:       klapborisuth3
Account:       gts-saluru8-coda20
Job name:      sampled_gromov_e_constant_gaussian_point_graph_5000_square_loss_1000_1000
Resources:     cpu=8,mem=256G,node=1
Rsrc Used:     cput=5-00:01:20,vmem=10252K,walltime=15:00:10,mem=8532K,energy_used=0
Partition:     cpu-large
QOS:           inferno
Nodes:         atl1-1-01-005-28-1
---------------------------------------
