---------------------------------------
Begin Slurm Prolog: Jun-06-2023 09:05:27
Job ID:    2368634
User ID:   klapborisuth3
Account:   gts-saluru8-coda20
Job name:  sampled_gromov_e_constant_gaussian_point_graph_500_square_loss_10_100
Partition: cpu-medium
QOS:       inferno
---------------------------------------
Namespace(KL=1, alpha_experiment=False, barycenter=False, batch_size=[[10, None], [1, None]], clique_size_s=200, clique_size_t=200, constraint=True, cross_val=False, dimension=2, dimension_s=20, dimension_t=10, enough_space=True, entropy_experiment=False, epsilon=1.0, epsilon_min=0.0, from_graphs='', iter_epsilon=100, iter_max=1, learning_step=0.8, loss_func_name='square_loss', n_iter_algo=10, n_neighbors=5, n_samples_s=500, n_samples_t=500, name_algo='sampled_gromov_e_constant', name_dataset='gaussian_point_graph', nb_iter_batch=1, nb_iter_update_Y=400, noise_graph=0.1, p_in_s=0.5, p_in_t=0.5, param1='10', param2='100', pickle_name='2', pickle_path='pickle_compare', plot=False, ps_out_s=0.1, ps_out_t=0.1, rdm_seed=12345, repeat=True, same_space=False, save_pickle=True, sparse_graph=True, to_graphs='', value_graph=True, variance_s=5, variance_t=5, verbose=False)
Mean Wasserstein distance 24708.22291416236
Mean Wasserstein distance approximated 24695.351860920502
Mean computational time for finding T 9.849338722229003
Mean computational time for the approximated Wasserstein distance 0.10602343082427979
Mean computational time for the real Wasserstein distance 620.6570826292038
Namespace(KL=1, alpha_experiment=False, barycenter=False, batch_size=[[10, None], [1, None]], clique_size_s=200, clique_size_t=200, constraint=True, cross_val=False, dimension=2, dimension_s=20, dimension_t=10, enough_space=True, entropy_experiment=False, epsilon=1.0, epsilon_min=0.0, from_graphs='', iter_epsilon=100, iter_max=1, learning_step=0.8, loss_func_name='square_loss', n_iter_algo=10, n_neighbors=5, n_samples_s=500, n_samples_t=500, name_algo='sampled_gromov_e_constant', name_dataset='gaussian_point_graph', nb_iter_batch=1, nb_iter_update_Y=400, noise_graph=0.1, p_in_s=0.5, p_in_t=0.5, param1='10', param2='100', pickle_name='2', pickle_path='pickle_compare', plot=False, ps_out_s=0.1, ps_out_t=0.1, rdm_seed=12345, repeat=True, same_space=False, save_pickle=True, sparse_graph=True, to_graphs='', value_graph=True, variance_s=5, variance_t=5, verbose=False)
Mean Wasserstein distance 24708.22291416236
Mean Wasserstein distance approximated 24695.351860920502
Mean computational time for finding T 9.91696126461029
Mean computational time for the approximated Wasserstein distance 0.10599668025970459
Mean computational time for the real Wasserstein distance 645.2222109556199
Namespace(KL=1, alpha_experiment=False, barycenter=False, batch_size=[[10, None], [1, None]], clique_size_s=200, clique_size_t=200, constraint=True, cross_val=False, dimension=2, dimension_s=20, dimension_t=10, enough_space=True, entropy_experiment=False, epsilon=1.0, epsilon_min=0.0, from_graphs='', iter_epsilon=100, iter_max=1, learning_step=0.8, loss_func_name='square_loss', n_iter_algo=10, n_neighbors=5, n_samples_s=500, n_samples_t=500, name_algo='sampled_gromov_e_constant', name_dataset='gaussian_point_graph', nb_iter_batch=1, nb_iter_update_Y=400, noise_graph=0.1, p_in_s=0.5, p_in_t=0.5, param1='10', param2='100', pickle_name='2', pickle_path='pickle_compare', plot=False, ps_out_s=0.1, ps_out_t=0.1, rdm_seed=12345, repeat=True, same_space=False, save_pickle=True, sparse_graph=True, to_graphs='', value_graph=True, variance_s=5, variance_t=5, verbose=False)
Mean Wasserstein distance 24708.22291416236
Mean Wasserstein distance approximated 24695.351860920502
Mean computational time for finding T 11.46271321773529
Mean computational time for the approximated Wasserstein distance 0.10680532455444336
Mean computational time for the real Wasserstein distance 643.8241455078125
Namespace(KL=1, alpha_experiment=False, barycenter=False, batch_size=[[10, None], [1, None]], clique_size_s=200, clique_size_t=200, constraint=True, cross_val=False, dimension=2, dimension_s=20, dimension_t=10, enough_space=True, entropy_experiment=False, epsilon=1.0, epsilon_min=0.0, from_graphs='', iter_epsilon=100, iter_max=1, learning_step=0.8, loss_func_name='square_loss', n_iter_algo=10, n_neighbors=5, n_samples_s=500, n_samples_t=500, name_algo='sampled_gromov_e_constant', name_dataset='gaussian_point_graph', nb_iter_batch=1, nb_iter_update_Y=400, noise_graph=0.1, p_in_s=0.5, p_in_t=0.5, param1='10', param2='100', pickle_name='2', pickle_path='pickle_compare', plot=False, ps_out_s=0.1, ps_out_t=0.1, rdm_seed=12345, repeat=True, same_space=False, save_pickle=True, sparse_graph=True, to_graphs='', value_graph=True, variance_s=5, variance_t=5, verbose=False)
Mean Wasserstein distance 24708.22291416236
Mean Wasserstein distance approximated 24695.351860920502
Mean computational time for finding T 9.796581029891968
Mean computational time for the approximated Wasserstein distance 0.10645086765289306
Mean computational time for the real Wasserstein distance 646.5752307415008
Namespace(KL=1, alpha_experiment=False, barycenter=False, batch_size=[[10, None], [1, None]], clique_size_s=200, clique_size_t=200, constraint=True, cross_val=False, dimension=2, dimension_s=20, dimension_t=10, enough_space=True, entropy_experiment=False, epsilon=1.0, epsilon_min=0.0, from_graphs='', iter_epsilon=100, iter_max=1, learning_step=0.8, loss_func_name='square_loss', n_iter_algo=10, n_neighbors=5, n_samples_s=500, n_samples_t=500, name_algo='sampled_gromov_e_constant', name_dataset='gaussian_point_graph', nb_iter_batch=1, nb_iter_update_Y=400, noise_graph=0.1, p_in_s=0.5, p_in_t=0.5, param1='10', param2='100', pickle_name='2', pickle_path='pickle_compare', plot=False, ps_out_s=0.1, ps_out_t=0.1, rdm_seed=12345, repeat=True, same_space=False, save_pickle=True, sparse_graph=True, to_graphs='', value_graph=True, variance_s=5, variance_t=5, verbose=False)
Mean Wasserstein distance 24708.22291416236
Mean Wasserstein distance approximated 24695.351860920502
Mean computational time for finding T 10.761300635337829
Mean computational time for the approximated Wasserstein distance 0.1173112154006958
Mean computational time for the real Wasserstein distance 651.4610000371933
Namespace(KL=1, alpha_experiment=False, barycenter=False, batch_size=[[10, None], [1, None]], clique_size_s=200, clique_size_t=200, constraint=True, cross_val=False, dimension=2, dimension_s=20, dimension_t=10, enough_space=True, entropy_experiment=False, epsilon=1.0, epsilon_min=0.0, from_graphs='', iter_epsilon=100, iter_max=1, learning_step=0.8, loss_func_name='square_loss', n_iter_algo=10, n_neighbors=5, n_samples_s=500, n_samples_t=500, name_algo='sampled_gromov_e_constant', name_dataset='gaussian_point_graph', nb_iter_batch=1, nb_iter_update_Y=400, noise_graph=0.1, p_in_s=0.5, p_in_t=0.5, param1='10', param2='100', pickle_name='2', pickle_path='pickle_compare', plot=False, ps_out_s=0.1, ps_out_t=0.1, rdm_seed=12345, repeat=True, same_space=False, save_pickle=True, sparse_graph=True, to_graphs='', value_graph=True, variance_s=5, variance_t=5, verbose=False)
Mean Wasserstein distance 24708.22291416236
Mean Wasserstein distance approximated 24695.351860920502
Mean computational time for finding T 12.050268983840942
Mean computational time for the approximated Wasserstein distance 0.10661933422088624
Mean computational time for the real Wasserstein distance 661.303007030487
Namespace(KL=1, alpha_experiment=False, barycenter=False, batch_size=[[10, None], [1, None]], clique_size_s=200, clique_size_t=200, constraint=True, cross_val=False, dimension=2, dimension_s=20, dimension_t=10, enough_space=True, entropy_experiment=False, epsilon=1.0, epsilon_min=0.0, from_graphs='', iter_epsilon=100, iter_max=1, learning_step=0.8, loss_func_name='square_loss', n_iter_algo=10, n_neighbors=5, n_samples_s=500, n_samples_t=500, name_algo='sampled_gromov_e_constant', name_dataset='gaussian_point_graph', nb_iter_batch=1, nb_iter_update_Y=400, noise_graph=0.1, p_in_s=0.5, p_in_t=0.5, param1='10', param2='100', pickle_name='2', pickle_path='pickle_compare', plot=False, ps_out_s=0.1, ps_out_t=0.1, rdm_seed=12345, repeat=True, same_space=False, save_pickle=True, sparse_graph=True, to_graphs='', value_graph=True, variance_s=5, variance_t=5, verbose=False)
Mean Wasserstein distance 24708.22291416236
Mean Wasserstein distance approximated 24695.351860920502
Mean computational time for finding T 13.014931511878967
Mean computational time for the approximated Wasserstein distance 0.10695672035217285
Mean computational time for the real Wasserstein distance 666.3144399404525
Namespace(KL=1, alpha_experiment=False, barycenter=False, batch_size=[[10, None], [1, None]], clique_size_s=200, clique_size_t=200, constraint=True, cross_val=False, dimension=2, dimension_s=20, dimension_t=10, enough_space=True, entropy_experiment=False, epsilon=1.0, epsilon_min=0.0, from_graphs='', iter_epsilon=100, iter_max=1, learning_step=0.8, loss_func_name='square_loss', n_iter_algo=10, n_neighbors=5, n_samples_s=500, n_samples_t=500, name_algo='sampled_gromov_e_constant', name_dataset='gaussian_point_graph', nb_iter_batch=1, nb_iter_update_Y=400, noise_graph=0.1, p_in_s=0.5, p_in_t=0.5, param1='10', param2='100', pickle_name='2', pickle_path='pickle_compare', plot=False, ps_out_s=0.1, ps_out_t=0.1, rdm_seed=12345, repeat=True, same_space=False, save_pickle=True, sparse_graph=True, to_graphs='', value_graph=True, variance_s=5, variance_t=5, verbose=False)
Mean Wasserstein distance 24708.22291416236
Mean Wasserstein distance approximated 24695.351860920502
Mean computational time for finding T 13.654256749153138
Mean computational time for the approximated Wasserstein distance 0.10705745220184326
Mean computational time for the real Wasserstein distance 666.3669235467911
---------------------------------------
Begin Slurm Epilog: Jun-06-2023 10:58:58
Job ID:        2368634
Array Job ID:  _4294967294
User ID:       klapborisuth3
Account:       gts-saluru8-coda20
Job name:      sampled_gromov_e_constant_gaussian_point_graph_500_square_loss_10_100
Resources:     cpu=8,mem=128G,node=1
Rsrc Used:     cput=15:08:16,vmem=10140K,walltime=01:53:32,mem=8528K,energy_used=0
Partition:     cpu-medium
QOS:           inferno
Nodes:         atl1-1-03-004-7-2
---------------------------------------
