---------------------------------------
Begin Slurm Prolog: Jun-06-2023 17:12:01
Job ID:    2374406
User ID:   klapborisuth3
Account:   gts-saluru8-coda20
Job name:  sampled_gromov_e_constant_gaussian_graph_10000_1_loss_100_100
Partition: cpu-large
QOS:       inferno
---------------------------------------
---------------------------------------
Begin Slurm Epilog: Jun-07-2023 08:12:15
Job ID:        2374406
Array Job ID:  _4294967294
User ID:       klapborisuth3
Account:       gts-saluru8-coda20
Job name:      sampled_gromov_e_constant_gaussian_graph_10000_1_loss_100_100
Resources:     cpu=8,mem=256G,node=1
Rsrc Used:     cput=5-00:01:04,vmem=10244K,walltime=15:00:08,mem=8524K,energy_used=0
Partition:     cpu-large
QOS:           inferno
Nodes:         atl1-1-03-004-9-1
---------------------------------------
