---------------------------------------
Begin Slurm Prolog: Jun-06-2023 09:04:17
Job ID:    2368304
User ID:   klapborisuth3
Account:   gts-saluru8-coda20
Job name:  sampled_gromov_e_constant_gaussian_graph_20_1_loss_10_1000
Partition: cpu-medium
QOS:       inferno
---------------------------------------
Namespace(KL=1, alpha_experiment=False, barycenter=False, batch_size=[[10, None], [1, None]], clique_size_s=10, clique_size_t=10, constraint=True, cross_val=False, dimension=2, dimension_s=20, dimension_t=10, enough_space=True, entropy_experiment=False, epsilon=1.0, epsilon_min=0.0, from_graphs='', iter_epsilon=1000, iter_max=1, learning_step=0.8, loss_func_name='1_loss', n_iter_algo=10, n_neighbors=5, n_samples_s=20, n_samples_t=20, name_algo='sampled_gromov_e_constant', name_dataset='gaussian_graph', nb_iter_batch=1, nb_iter_update_Y=400, noise_graph=0.1, p_in_s=0.5, p_in_t=0.5, param1='10', param2='1000', pickle_name='2', pickle_path='pickle_compare', plot=False, ps_out_s=0.1, ps_out_t=0.1, rdm_seed=12345, repeat=True, same_space=False, save_pickle=True, sparse_graph=True, to_graphs='', value_graph=True, variance_s=5, variance_t=5, verbose=False)
Warning catched: Return last stable T
Warning catched: Return last stable T
Warning catched: Return last stable T
Warning catched: Return last stable T
Warning catched: Return last stable T
Warning catched: Return last stable T
Warning catched: Return last stable T
Warning catched: Return last stable T
Warning catched: Return last stable T
Warning catched: Return last stable T
Mean Wasserstein distance 0.5432634398257411
Mean Wasserstein distance approximated 0.5334992069759796
Mean computational time for finding T 0.6740706443786622
Mean computational time for the approximated Wasserstein distance 0.0018329620361328125
Mean computational time for the real Wasserstein distance 0.010086846351623536
Namespace(KL=1, alpha_experiment=False, barycenter=False, batch_size=[[10, None], [1, None]], clique_size_s=10, clique_size_t=10, constraint=True, cross_val=False, dimension=2, dimension_s=20, dimension_t=10, enough_space=True, entropy_experiment=False, epsilon=1.0, epsilon_min=0.0, from_graphs='', iter_epsilon=1000, iter_max=1, learning_step=0.8, loss_func_name='1_loss', n_iter_algo=10, n_neighbors=5, n_samples_s=20, n_samples_t=20, name_algo='sampled_gromov_e_constant', name_dataset='gaussian_graph', nb_iter_batch=1, nb_iter_update_Y=400, noise_graph=0.1, p_in_s=0.5, p_in_t=0.5, param1='10', param2='1000', pickle_name='2', pickle_path='pickle_compare', plot=False, ps_out_s=0.1, ps_out_t=0.1, rdm_seed=12345, repeat=True, same_space=False, save_pickle=True, sparse_graph=True, to_graphs='', value_graph=True, variance_s=5, variance_t=5, verbose=False)
Warning catched: Return last stable T
Warning catched: Return last stable T
Warning catched: Return last stable T
Warning catched: Return last stable T
Warning catched: Return last stable T
Warning catched: Return last stable T
Warning catched: Return last stable T
Warning catched: Return last stable T
Warning catched: Return last stable T
Warning catched: Return last stable T
Mean Wasserstein distance 0.5432634398257411
Mean Wasserstein distance approximated 0.5334992069759796
Mean computational time for finding T 0.6739844560623169
Mean computational time for the approximated Wasserstein distance 0.001828312873840332
Mean computational time for the real Wasserstein distance 0.010190749168395996
Namespace(KL=1, alpha_experiment=False, barycenter=False, batch_size=[[10, None], [1, None]], clique_size_s=10, clique_size_t=10, constraint=True, cross_val=False, dimension=2, dimension_s=20, dimension_t=10, enough_space=True, entropy_experiment=False, epsilon=1.0, epsilon_min=0.0, from_graphs='', iter_epsilon=1000, iter_max=1, learning_step=0.8, loss_func_name='1_loss', n_iter_algo=10, n_neighbors=5, n_samples_s=20, n_samples_t=20, name_algo='sampled_gromov_e_constant', name_dataset='gaussian_graph', nb_iter_batch=1, nb_iter_update_Y=400, noise_graph=0.1, p_in_s=0.5, p_in_t=0.5, param1='10', param2='1000', pickle_name='2', pickle_path='pickle_compare', plot=False, ps_out_s=0.1, ps_out_t=0.1, rdm_seed=12345, repeat=True, same_space=False, save_pickle=True, sparse_graph=True, to_graphs='', value_graph=True, variance_s=5, variance_t=5, verbose=False)
Warning catched: Return last stable T
Warning catched: Return last stable T
Warning catched: Return last stable T
Warning catched: Return last stable T
Warning catched: Return last stable T
Warning catched: Return last stable T
Warning catched: Return last stable T
Warning catched: Return last stable T
Warning catched: Return last stable T
Warning catched: Return last stable T
Mean Wasserstein distance 0.5432634398257411
Mean Wasserstein distance approximated 0.5334992069759796
Mean computational time for finding T 0.6734588861465454
Mean computational time for the approximated Wasserstein distance 0.0018318414688110352
Mean computational time for the real Wasserstein distance 0.009662628173828125
Namespace(KL=1, alpha_experiment=False, barycenter=False, batch_size=[[10, None], [1, None]], clique_size_s=10, clique_size_t=10, constraint=True, cross_val=False, dimension=2, dimension_s=20, dimension_t=10, enough_space=True, entropy_experiment=False, epsilon=1.0, epsilon_min=0.0, from_graphs='', iter_epsilon=1000, iter_max=1, learning_step=0.8, loss_func_name='1_loss', n_iter_algo=10, n_neighbors=5, n_samples_s=20, n_samples_t=20, name_algo='sampled_gromov_e_constant', name_dataset='gaussian_graph', nb_iter_batch=1, nb_iter_update_Y=400, noise_graph=0.1, p_in_s=0.5, p_in_t=0.5, param1='10', param2='1000', pickle_name='2', pickle_path='pickle_compare', plot=False, ps_out_s=0.1, ps_out_t=0.1, rdm_seed=12345, repeat=True, same_space=False, save_pickle=True, sparse_graph=True, to_graphs='', value_graph=True, variance_s=5, variance_t=5, verbose=False)
Warning catched: Return last stable T
Warning catched: Return last stable T
Warning catched: Return last stable T
Warning catched: Return last stable T
Warning catched: Return last stable T
Warning catched: Return last stable T
Warning catched: Return last stable T
Warning catched: Return last stable T
Warning catched: Return last stable T
Warning catched: Return last stable T
Mean Wasserstein distance 0.5432634398257411
Mean Wasserstein distance approximated 0.5334992069759796
Mean computational time for finding T 0.6748082876205445
Mean computational time for the approximated Wasserstein distance 0.0018333911895751954
Mean computational time for the real Wasserstein distance 0.009763431549072266
Namespace(KL=1, alpha_experiment=False, barycenter=False, batch_size=[[10, None], [1, None]], clique_size_s=10, clique_size_t=10, constraint=True, cross_val=False, dimension=2, dimension_s=20, dimension_t=10, enough_space=True, entropy_experiment=False, epsilon=1.0, epsilon_min=0.0, from_graphs='', iter_epsilon=1000, iter_max=1, learning_step=0.8, loss_func_name='1_loss', n_iter_algo=10, n_neighbors=5, n_samples_s=20, n_samples_t=20, name_algo='sampled_gromov_e_constant', name_dataset='gaussian_graph', nb_iter_batch=1, nb_iter_update_Y=400, noise_graph=0.1, p_in_s=0.5, p_in_t=0.5, param1='10', param2='1000', pickle_name='2', pickle_path='pickle_compare', plot=False, ps_out_s=0.1, ps_out_t=0.1, rdm_seed=12345, repeat=True, same_space=False, save_pickle=True, sparse_graph=True, to_graphs='', value_graph=True, variance_s=5, variance_t=5, verbose=False)
Warning catched: Return last stable T
Warning catched: Return last stable T
Warning catched: Return last stable T
Warning catched: Return last stable T
Warning catched: Return last stable T
Warning catched: Return last stable T
Warning catched: Return last stable T
Warning catched: Return last stable T
Warning catched: Return last stable T
Warning catched: Return last stable T
Mean Wasserstein distance 0.5432634398257411
Mean Wasserstein distance approximated 0.5334992069759796
Mean computational time for finding T 0.6748659372329712
Mean computational time for the approximated Wasserstein distance 0.002373218536376953
Mean computational time for the real Wasserstein distance 0.009676408767700196
Namespace(KL=1, alpha_experiment=False, barycenter=False, batch_size=[[10, None], [1, None]], clique_size_s=10, clique_size_t=10, constraint=True, cross_val=False, dimension=2, dimension_s=20, dimension_t=10, enough_space=True, entropy_experiment=False, epsilon=1.0, epsilon_min=0.0, from_graphs='', iter_epsilon=1000, iter_max=1, learning_step=0.8, loss_func_name='1_loss', n_iter_algo=10, n_neighbors=5, n_samples_s=20, n_samples_t=20, name_algo='sampled_gromov_e_constant', name_dataset='gaussian_graph', nb_iter_batch=1, nb_iter_update_Y=400, noise_graph=0.1, p_in_s=0.5, p_in_t=0.5, param1='10', param2='1000', pickle_name='2', pickle_path='pickle_compare', plot=False, ps_out_s=0.1, ps_out_t=0.1, rdm_seed=12345, repeat=True, same_space=False, save_pickle=True, sparse_graph=True, to_graphs='', value_graph=True, variance_s=5, variance_t=5, verbose=False)
Warning catched: Return last stable T
Warning catched: Return last stable T
Warning catched: Return last stable T
Warning catched: Return last stable T
Warning catched: Return last stable T
Warning catched: Return last stable T
Warning catched: Return last stable T
Warning catched: Return last stable T
Warning catched: Return last stable T
Warning catched: Return last stable T
Mean Wasserstein distance 0.5432634398257411
Mean Wasserstein distance approximated 0.5334992069759796
Mean computational time for finding T 0.6763155221939087
Mean computational time for the approximated Wasserstein distance 0.0018310546875
Mean computational time for the real Wasserstein distance 0.009726643562316895
Namespace(KL=1, alpha_experiment=False, barycenter=False, batch_size=[[10, None], [1, None]], clique_size_s=10, clique_size_t=10, constraint=True, cross_val=False, dimension=2, dimension_s=20, dimension_t=10, enough_space=True, entropy_experiment=False, epsilon=1.0, epsilon_min=0.0, from_graphs='', iter_epsilon=1000, iter_max=1, learning_step=0.8, loss_func_name='1_loss', n_iter_algo=10, n_neighbors=5, n_samples_s=20, n_samples_t=20, name_algo='sampled_gromov_e_constant', name_dataset='gaussian_graph', nb_iter_batch=1, nb_iter_update_Y=400, noise_graph=0.1, p_in_s=0.5, p_in_t=0.5, param1='10', param2='1000', pickle_name='2', pickle_path='pickle_compare', plot=False, ps_out_s=0.1, ps_out_t=0.1, rdm_seed=12345, repeat=True, same_space=False, save_pickle=True, sparse_graph=True, to_graphs='', value_graph=True, variance_s=5, variance_t=5, verbose=False)
Warning catched: Return last stable T
Warning catched: Return last stable T
Warning catched: Return last stable T
Warning catched: Return last stable T
Warning catched: Return last stable T
Warning catched: Return last stable T
Warning catched: Return last stable T
Warning catched: Return last stable T
Warning catched: Return last stable T
Warning catched: Return last stable T
Mean Wasserstein distance 0.5432634398257411
Mean Wasserstein distance approximated 0.5334992069759796
Mean computational time for finding T 0.6780485153198242
Mean computational time for the approximated Wasserstein distance 0.0018799781799316406
Mean computational time for the real Wasserstein distance 0.009669780731201172
Namespace(KL=1, alpha_experiment=False, barycenter=False, batch_size=[[10, None], [1, None]], clique_size_s=10, clique_size_t=10, constraint=True, cross_val=False, dimension=2, dimension_s=20, dimension_t=10, enough_space=True, entropy_experiment=False, epsilon=1.0, epsilon_min=0.0, from_graphs='', iter_epsilon=1000, iter_max=1, learning_step=0.8, loss_func_name='1_loss', n_iter_algo=10, n_neighbors=5, n_samples_s=20, n_samples_t=20, name_algo='sampled_gromov_e_constant', name_dataset='gaussian_graph', nb_iter_batch=1, nb_iter_update_Y=400, noise_graph=0.1, p_in_s=0.5, p_in_t=0.5, param1='10', param2='1000', pickle_name='2', pickle_path='pickle_compare', plot=False, ps_out_s=0.1, ps_out_t=0.1, rdm_seed=12345, repeat=True, same_space=False, save_pickle=True, sparse_graph=True, to_graphs='', value_graph=True, variance_s=5, variance_t=5, verbose=False)
Warning catched: Return last stable T
Warning catched: Return last stable T
Warning catched: Return last stable T
Warning catched: Return last stable T
Warning catched: Return last stable T
Warning catched: Return last stable T
Warning catched: Return last stable T
Warning catched: Return last stable T
Warning catched: Return last stable T
Warning catched: Return last stable T
Mean Wasserstein distance 0.5432634398257411
Mean Wasserstein distance approximated 0.5334992069759796
Mean computational time for finding T 0.6839854955673218
Mean computational time for the approximated Wasserstein distance 0.001855754852294922
Mean computational time for the real Wasserstein distance 0.009753751754760741
---------------------------------------
Begin Slurm Epilog: Jun-06-2023 09:04:34
Job ID:        2368304
Array Job ID:  _4294967294
User ID:       klapborisuth3
Account:       gts-saluru8-coda20
Job name:      sampled_gromov_e_constant_gaussian_graph_20_1_loss_10_1000
Resources:     cpu=8,mem=128G,node=1
Rsrc Used:     cput=00:02:24,vmem=1736K,walltime=00:00:18,mem=0,energy_used=0
Partition:     cpu-medium
QOS:           inferno
Nodes:         atl1-1-03-003-25-1
---------------------------------------
