---------------------------------------
Begin Slurm Prolog: Jun-05-2023 17:09:41
Job ID:    2360266
User ID:   klapborisuth3
Account:   gts-saluru8-coda20
Job name:  sampled_gromov_e_constant_gaussian_graph_5000_square_loss_100_10
Partition: cpu-large
QOS:       inferno
---------------------------------------
Namespace(KL=1, alpha_experiment=False, barycenter=False, batch_size=[[100, None], [1, None]], clique_size_s=200, clique_size_t=200, constraint=True, cross_val=False, dimension=2, dimension_s=20, dimension_t=10, enough_space=True, entropy_experiment=False, epsilon=1.0, epsilon_min=0.0, from_graphs='', iter_epsilon=10, iter_max=1, learning_step=0.8, loss_func_name='square_loss', n_iter_algo=10, n_neighbors=5, n_samples_s=5000, n_samples_t=5000, name_algo='sampled_gromov_e_constant', name_dataset='gaussian_graph', nb_iter_batch=1, nb_iter_update_Y=400, noise_graph=0.1, p_in_s=0.5, p_in_t=0.5, param1='100', param2='10', pickle_name='2', pickle_path='pickle_compare', plot=False, ps_out_s=0.1, ps_out_t=0.1, rdm_seed=12345, repeat=True, same_space=False, save_pickle=True, sparse_graph=True, to_graphs='', value_graph=True, variance_s=5, variance_t=5, verbose=False)
Mean Wasserstein distance nan
Mean Wasserstein distance approximated 0.9148525450503886
Mean computational time for finding T 283.4993407011032
Mean computational time for the approximated Wasserstein distance 8.170397925376893
Mean computational time for the real Wasserstein distance nan
Namespace(KL=1, alpha_experiment=False, barycenter=False, batch_size=[[100, None], [1, None]], clique_size_s=200, clique_size_t=200, constraint=True, cross_val=False, dimension=2, dimension_s=20, dimension_t=10, enough_space=True, entropy_experiment=False, epsilon=1.0, epsilon_min=0.0, from_graphs='', iter_epsilon=10, iter_max=1, learning_step=0.8, loss_func_name='square_loss', n_iter_algo=10, n_neighbors=5, n_samples_s=5000, n_samples_t=5000, name_algo='sampled_gromov_e_constant', name_dataset='gaussian_graph', nb_iter_batch=1, nb_iter_update_Y=400, noise_graph=0.1, p_in_s=0.5, p_in_t=0.5, param1='100', param2='10', pickle_name='2', pickle_path='pickle_compare', plot=False, ps_out_s=0.1, ps_out_t=0.1, rdm_seed=12345, repeat=True, same_space=False, save_pickle=True, sparse_graph=True, to_graphs='', value_graph=True, variance_s=5, variance_t=5, verbose=False)
Mean Wasserstein distance nan
Mean Wasserstein distance approximated 0.9148525450503886
Mean computational time for finding T 284.405973649025
Mean computational time for the approximated Wasserstein distance 8.29089388847351
Mean computational time for the real Wasserstein distance nan
Namespace(KL=1, alpha_experiment=False, barycenter=False, batch_size=[[100, None], [1, None]], clique_size_s=200, clique_size_t=200, constraint=True, cross_val=False, dimension=2, dimension_s=20, dimension_t=10, enough_space=True, entropy_experiment=False, epsilon=1.0, epsilon_min=0.0, from_graphs='', iter_epsilon=10, iter_max=1, learning_step=0.8, loss_func_name='square_loss', n_iter_algo=10, n_neighbors=5, n_samples_s=5000, n_samples_t=5000, name_algo='sampled_gromov_e_constant', name_dataset='gaussian_graph', nb_iter_batch=1, nb_iter_update_Y=400, noise_graph=0.1, p_in_s=0.5, p_in_t=0.5, param1='100', param2='10', pickle_name='2', pickle_path='pickle_compare', plot=False, ps_out_s=0.1, ps_out_t=0.1, rdm_seed=12345, repeat=True, same_space=False, save_pickle=True, sparse_graph=True, to_graphs='', value_graph=True, variance_s=5, variance_t=5, verbose=False)
Mean Wasserstein distance nan
Mean Wasserstein distance approximated 0.9148525450503886
Mean computational time for finding T 284.74237031936644
Mean computational time for the approximated Wasserstein distance 8.361216068267822
Mean computational time for the real Wasserstein distance nan
Namespace(KL=1, alpha_experiment=False, barycenter=False, batch_size=[[100, None], [1, None]], clique_size_s=200, clique_size_t=200, constraint=True, cross_val=False, dimension=2, dimension_s=20, dimension_t=10, enough_space=True, entropy_experiment=False, epsilon=1.0, epsilon_min=0.0, from_graphs='', iter_epsilon=10, iter_max=1, learning_step=0.8, loss_func_name='square_loss', n_iter_algo=10, n_neighbors=5, n_samples_s=5000, n_samples_t=5000, name_algo='sampled_gromov_e_constant', name_dataset='gaussian_graph', nb_iter_batch=1, nb_iter_update_Y=400, noise_graph=0.1, p_in_s=0.5, p_in_t=0.5, param1='100', param2='10', pickle_name='2', pickle_path='pickle_compare', plot=False, ps_out_s=0.1, ps_out_t=0.1, rdm_seed=12345, repeat=True, same_space=False, save_pickle=True, sparse_graph=True, to_graphs='', value_graph=True, variance_s=5, variance_t=5, verbose=False)
Mean Wasserstein distance nan
Mean Wasserstein distance approximated 0.9148525450503886
Mean computational time for finding T 285.2819274663925
Mean computational time for the approximated Wasserstein distance 8.356994152069092
Mean computational time for the real Wasserstein distance nan
Namespace(KL=1, alpha_experiment=False, barycenter=False, batch_size=[[100, None], [1, None]], clique_size_s=200, clique_size_t=200, constraint=True, cross_val=False, dimension=2, dimension_s=20, dimension_t=10, enough_space=True, entropy_experiment=False, epsilon=1.0, epsilon_min=0.0, from_graphs='', iter_epsilon=10, iter_max=1, learning_step=0.8, loss_func_name='square_loss', n_iter_algo=10, n_neighbors=5, n_samples_s=5000, n_samples_t=5000, name_algo='sampled_gromov_e_constant', name_dataset='gaussian_graph', nb_iter_batch=1, nb_iter_update_Y=400, noise_graph=0.1, p_in_s=0.5, p_in_t=0.5, param1='100', param2='10', pickle_name='2', pickle_path='pickle_compare', plot=False, ps_out_s=0.1, ps_out_t=0.1, rdm_seed=12345, repeat=True, same_space=False, save_pickle=True, sparse_graph=True, to_graphs='', value_graph=True, variance_s=5, variance_t=5, verbose=False)
Mean Wasserstein distance nan
Mean Wasserstein distance approximated 0.9148525450503886
Mean computational time for finding T 285.82072653770445
Mean computational time for the approximated Wasserstein distance 8.29191083908081
Mean computational time for the real Wasserstein distance nan
Namespace(KL=1, alpha_experiment=False, barycenter=False, batch_size=[[100, None], [1, None]], clique_size_s=200, clique_size_t=200, constraint=True, cross_val=False, dimension=2, dimension_s=20, dimension_t=10, enough_space=True, entropy_experiment=False, epsilon=1.0, epsilon_min=0.0, from_graphs='', iter_epsilon=10, iter_max=1, learning_step=0.8, loss_func_name='square_loss', n_iter_algo=10, n_neighbors=5, n_samples_s=5000, n_samples_t=5000, name_algo='sampled_gromov_e_constant', name_dataset='gaussian_graph', nb_iter_batch=1, nb_iter_update_Y=400, noise_graph=0.1, p_in_s=0.5, p_in_t=0.5, param1='100', param2='10', pickle_name='2', pickle_path='pickle_compare', plot=False, ps_out_s=0.1, ps_out_t=0.1, rdm_seed=12345, repeat=True, same_space=False, save_pickle=True, sparse_graph=True, to_graphs='', value_graph=True, variance_s=5, variance_t=5, verbose=False)
Mean Wasserstein distance nan
Mean Wasserstein distance approximated 0.9148525450503886
Mean computational time for finding T 287.61016461849215
Mean computational time for the approximated Wasserstein distance 8.175682926177979
Mean computational time for the real Wasserstein distance nan
Namespace(KL=1, alpha_experiment=False, barycenter=False, batch_size=[[100, None], [1, None]], clique_size_s=200, clique_size_t=200, constraint=True, cross_val=False, dimension=2, dimension_s=20, dimension_t=10, enough_space=True, entropy_experiment=False, epsilon=1.0, epsilon_min=0.0, from_graphs='', iter_epsilon=10, iter_max=1, learning_step=0.8, loss_func_name='square_loss', n_iter_algo=10, n_neighbors=5, n_samples_s=5000, n_samples_t=5000, name_algo='sampled_gromov_e_constant', name_dataset='gaussian_graph', nb_iter_batch=1, nb_iter_update_Y=400, noise_graph=0.1, p_in_s=0.5, p_in_t=0.5, param1='100', param2='10', pickle_name='2', pickle_path='pickle_compare', plot=False, ps_out_s=0.1, ps_out_t=0.1, rdm_seed=12345, repeat=True, same_space=False, save_pickle=True, sparse_graph=True, to_graphs='', value_graph=True, variance_s=5, variance_t=5, verbose=False)
Mean Wasserstein distance nan
Mean Wasserstein distance approximated 0.9148525450503886
Mean computational time for finding T 287.7954440832138
Mean computational time for the approximated Wasserstein distance 8.438603377342224
Mean computational time for the real Wasserstein distance nan
Namespace(KL=1, alpha_experiment=False, barycenter=False, batch_size=[[100, None], [1, None]], clique_size_s=200, clique_size_t=200, constraint=True, cross_val=False, dimension=2, dimension_s=20, dimension_t=10, enough_space=True, entropy_experiment=False, epsilon=1.0, epsilon_min=0.0, from_graphs='', iter_epsilon=10, iter_max=1, learning_step=0.8, loss_func_name='square_loss', n_iter_algo=10, n_neighbors=5, n_samples_s=5000, n_samples_t=5000, name_algo='sampled_gromov_e_constant', name_dataset='gaussian_graph', nb_iter_batch=1, nb_iter_update_Y=400, noise_graph=0.1, p_in_s=0.5, p_in_t=0.5, param1='100', param2='10', pickle_name='2', pickle_path='pickle_compare', plot=False, ps_out_s=0.1, ps_out_t=0.1, rdm_seed=12345, repeat=True, same_space=False, save_pickle=True, sparse_graph=True, to_graphs='', value_graph=True, variance_s=5, variance_t=5, verbose=False)
Mean Wasserstein distance nan
Mean Wasserstein distance approximated 0.9148525450503886
Mean computational time for finding T 287.9424355506897
Mean computational time for the approximated Wasserstein distance 8.422707653045654
Mean computational time for the real Wasserstein distance nan
---------------------------------------
Begin Slurm Epilog: Jun-05-2023 17:59:39
Job ID:        2360266
Array Job ID:  _4294967294
User ID:       klapborisuth3
Account:       gts-saluru8-coda20
Job name:      sampled_gromov_e_constant_gaussian_graph_5000_square_loss_100_10
Resources:     cpu=8,mem=512G,node=1
Rsrc Used:     cput=06:39:44,vmem=10256K,walltime=00:49:58,mem=8532K,energy_used=0
Partition:     cpu-large
QOS:           inferno
Nodes:         atl1-1-01-005-23-1
---------------------------------------
