---------------------------------------
Begin Slurm Prolog: Jun-06-2023 16:29:15
Job ID:    2374362
User ID:   klapborisuth3
Account:   gts-saluru8-coda20
Job name:  sampled_gromov_e_constant_gaussian_graph_5000_square_loss_1000_50
Partition: cpu-large
QOS:       inferno
---------------------------------------
---------------------------------------
Begin Slurm Epilog: Jun-07-2023 07:29:42
Job ID:        2374362
Array Job ID:  _4294967294
User ID:       klapborisuth3
Account:       gts-saluru8-coda20
Job name:      sampled_gromov_e_constant_gaussian_graph_5000_square_loss_1000_50
Resources:     cpu=8,mem=256G,node=1
Rsrc Used:     cput=5-00:03:20,vmem=10252K,walltime=15:00:25,mem=8532K,energy_used=0
Partition:     cpu-large
QOS:           inferno
Nodes:         atl1-1-02-003-29-2
---------------------------------------
