---------------------------------------
Begin Slurm Prolog: Jun-05-2023 16:04:00
Job ID:    2360226
User ID:   klapborisuth3
Account:   gts-saluru8-coda20
Job name:  sampled_gromov_e_constant_gaussian_graph_5000_1_loss_1_50
Partition: cpu-large
QOS:       inferno
---------------------------------------
Namespace(KL=1, alpha_experiment=False, barycenter=False, batch_size=[[1, None], [1, None]], clique_size_s=200, clique_size_t=200, constraint=True, cross_val=False, dimension=2, dimension_s=20, dimension_t=10, enough_space=True, entropy_experiment=False, epsilon=1.0, epsilon_min=0.0, from_graphs='', iter_epsilon=50, iter_max=1, learning_step=0.8, loss_func_name='1_loss', n_iter_algo=10, n_neighbors=5, n_samples_s=5000, n_samples_t=5000, name_algo='sampled_gromov_e_constant', name_dataset='gaussian_graph', nb_iter_batch=1, nb_iter_update_Y=400, noise_graph=0.1, p_in_s=0.5, p_in_t=0.5, param1='1', param2='50', pickle_name='2', pickle_path='pickle_compare', plot=False, ps_out_s=0.1, ps_out_t=0.1, rdm_seed=12345, repeat=True, same_space=False, save_pickle=True, sparse_graph=True, to_graphs='', value_graph=True, variance_s=5, variance_t=5, verbose=False)
Mean Wasserstein distance nan
Mean Wasserstein distance approximated 0.42316648947035224
Mean computational time for finding T 95.29636483192444
Mean computational time for the approximated Wasserstein distance 8.642398309707641
Mean computational time for the real Wasserstein distance nan
Namespace(KL=1, alpha_experiment=False, barycenter=False, batch_size=[[1, None], [1, None]], clique_size_s=200, clique_size_t=200, constraint=True, cross_val=False, dimension=2, dimension_s=20, dimension_t=10, enough_space=True, entropy_experiment=False, epsilon=1.0, epsilon_min=0.0, from_graphs='', iter_epsilon=50, iter_max=1, learning_step=0.8, loss_func_name='1_loss', n_iter_algo=10, n_neighbors=5, n_samples_s=5000, n_samples_t=5000, name_algo='sampled_gromov_e_constant', name_dataset='gaussian_graph', nb_iter_batch=1, nb_iter_update_Y=400, noise_graph=0.1, p_in_s=0.5, p_in_t=0.5, param1='1', param2='50', pickle_name='2', pickle_path='pickle_compare', plot=False, ps_out_s=0.1, ps_out_t=0.1, rdm_seed=12345, repeat=True, same_space=False, save_pickle=True, sparse_graph=True, to_graphs='', value_graph=True, variance_s=5, variance_t=5, verbose=False)
Mean Wasserstein distance nan
Mean Wasserstein distance approximated 0.42316648947035224
Mean computational time for finding T 95.47513329982758
Mean computational time for the approximated Wasserstein distance 8.662477660179139
Mean computational time for the real Wasserstein distance nan
Namespace(KL=1, alpha_experiment=False, barycenter=False, batch_size=[[1, None], [1, None]], clique_size_s=200, clique_size_t=200, constraint=True, cross_val=False, dimension=2, dimension_s=20, dimension_t=10, enough_space=True, entropy_experiment=False, epsilon=1.0, epsilon_min=0.0, from_graphs='', iter_epsilon=50, iter_max=1, learning_step=0.8, loss_func_name='1_loss', n_iter_algo=10, n_neighbors=5, n_samples_s=5000, n_samples_t=5000, name_algo='sampled_gromov_e_constant', name_dataset='gaussian_graph', nb_iter_batch=1, nb_iter_update_Y=400, noise_graph=0.1, p_in_s=0.5, p_in_t=0.5, param1='1', param2='50', pickle_name='2', pickle_path='pickle_compare', plot=False, ps_out_s=0.1, ps_out_t=0.1, rdm_seed=12345, repeat=True, same_space=False, save_pickle=True, sparse_graph=True, to_graphs='', value_graph=True, variance_s=5, variance_t=5, verbose=False)
Mean Wasserstein distance nan
Mean Wasserstein distance approximated 0.42316648947035224
Mean computational time for finding T 96.0499430656433
Mean computational time for the approximated Wasserstein distance 8.495861434936524
Mean computational time for the real Wasserstein distance nan
Namespace(KL=1, alpha_experiment=False, barycenter=False, batch_size=[[1, None], [1, None]], clique_size_s=200, clique_size_t=200, constraint=True, cross_val=False, dimension=2, dimension_s=20, dimension_t=10, enough_space=True, entropy_experiment=False, epsilon=1.0, epsilon_min=0.0, from_graphs='', iter_epsilon=50, iter_max=1, learning_step=0.8, loss_func_name='1_loss', n_iter_algo=10, n_neighbors=5, n_samples_s=5000, n_samples_t=5000, name_algo='sampled_gromov_e_constant', name_dataset='gaussian_graph', nb_iter_batch=1, nb_iter_update_Y=400, noise_graph=0.1, p_in_s=0.5, p_in_t=0.5, param1='1', param2='50', pickle_name='2', pickle_path='pickle_compare', plot=False, ps_out_s=0.1, ps_out_t=0.1, rdm_seed=12345, repeat=True, same_space=False, save_pickle=True, sparse_graph=True, to_graphs='', value_graph=True, variance_s=5, variance_t=5, verbose=False)
Mean Wasserstein distance nan
Mean Wasserstein distance approximated 0.42316648947035224
Mean computational time for finding T 96.30713794231414
Mean computational time for the approximated Wasserstein distance 8.482995963096618
Mean computational time for the real Wasserstein distance nan
Namespace(KL=1, alpha_experiment=False, barycenter=False, batch_size=[[1, None], [1, None]], clique_size_s=200, clique_size_t=200, constraint=True, cross_val=False, dimension=2, dimension_s=20, dimension_t=10, enough_space=True, entropy_experiment=False, epsilon=1.0, epsilon_min=0.0, from_graphs='', iter_epsilon=50, iter_max=1, learning_step=0.8, loss_func_name='1_loss', n_iter_algo=10, n_neighbors=5, n_samples_s=5000, n_samples_t=5000, name_algo='sampled_gromov_e_constant', name_dataset='gaussian_graph', nb_iter_batch=1, nb_iter_update_Y=400, noise_graph=0.1, p_in_s=0.5, p_in_t=0.5, param1='1', param2='50', pickle_name='2', pickle_path='pickle_compare', plot=False, ps_out_s=0.1, ps_out_t=0.1, rdm_seed=12345, repeat=True, same_space=False, save_pickle=True, sparse_graph=True, to_graphs='', value_graph=True, variance_s=5, variance_t=5, verbose=False)
Mean Wasserstein distance nan
Mean Wasserstein distance approximated 0.42316648947035224
Mean computational time for finding T 96.3260841846466
Mean computational time for the approximated Wasserstein distance 8.484612917900085
Mean computational time for the real Wasserstein distance nan
Namespace(KL=1, alpha_experiment=False, barycenter=False, batch_size=[[1, None], [1, None]], clique_size_s=200, clique_size_t=200, constraint=True, cross_val=False, dimension=2, dimension_s=20, dimension_t=10, enough_space=True, entropy_experiment=False, epsilon=1.0, epsilon_min=0.0, from_graphs='', iter_epsilon=50, iter_max=1, learning_step=0.8, loss_func_name='1_loss', n_iter_algo=10, n_neighbors=5, n_samples_s=5000, n_samples_t=5000, name_algo='sampled_gromov_e_constant', name_dataset='gaussian_graph', nb_iter_batch=1, nb_iter_update_Y=400, noise_graph=0.1, p_in_s=0.5, p_in_t=0.5, param1='1', param2='50', pickle_name='2', pickle_path='pickle_compare', plot=False, ps_out_s=0.1, ps_out_t=0.1, rdm_seed=12345, repeat=True, same_space=False, save_pickle=True, sparse_graph=True, to_graphs='', value_graph=True, variance_s=5, variance_t=5, verbose=False)
Mean Wasserstein distance nan
Mean Wasserstein distance approximated 0.42316648947035224
Mean computational time for finding T 96.56507334709167
Mean computational time for the approximated Wasserstein distance 8.513217520713805
Mean computational time for the real Wasserstein distance nan
Namespace(KL=1, alpha_experiment=False, barycenter=False, batch_size=[[1, None], [1, None]], clique_size_s=200, clique_size_t=200, constraint=True, cross_val=False, dimension=2, dimension_s=20, dimension_t=10, enough_space=True, entropy_experiment=False, epsilon=1.0, epsilon_min=0.0, from_graphs='', iter_epsilon=50, iter_max=1, learning_step=0.8, loss_func_name='1_loss', n_iter_algo=10, n_neighbors=5, n_samples_s=5000, n_samples_t=5000, name_algo='sampled_gromov_e_constant', name_dataset='gaussian_graph', nb_iter_batch=1, nb_iter_update_Y=400, noise_graph=0.1, p_in_s=0.5, p_in_t=0.5, param1='1', param2='50', pickle_name='2', pickle_path='pickle_compare', plot=False, ps_out_s=0.1, ps_out_t=0.1, rdm_seed=12345, repeat=True, same_space=False, save_pickle=True, sparse_graph=True, to_graphs='', value_graph=True, variance_s=5, variance_t=5, verbose=False)
Mean Wasserstein distance nan
Mean Wasserstein distance approximated 0.42316648947035224
Mean computational time for finding T 96.7517829656601
Mean computational time for the approximated Wasserstein distance 8.633887434005738
Mean computational time for the real Wasserstein distance nan
Namespace(KL=1, alpha_experiment=False, barycenter=False, batch_size=[[1, None], [1, None]], clique_size_s=200, clique_size_t=200, constraint=True, cross_val=False, dimension=2, dimension_s=20, dimension_t=10, enough_space=True, entropy_experiment=False, epsilon=1.0, epsilon_min=0.0, from_graphs='', iter_epsilon=50, iter_max=1, learning_step=0.8, loss_func_name='1_loss', n_iter_algo=10, n_neighbors=5, n_samples_s=5000, n_samples_t=5000, name_algo='sampled_gromov_e_constant', name_dataset='gaussian_graph', nb_iter_batch=1, nb_iter_update_Y=400, noise_graph=0.1, p_in_s=0.5, p_in_t=0.5, param1='1', param2='50', pickle_name='2', pickle_path='pickle_compare', plot=False, ps_out_s=0.1, ps_out_t=0.1, rdm_seed=12345, repeat=True, same_space=False, save_pickle=True, sparse_graph=True, to_graphs='', value_graph=True, variance_s=5, variance_t=5, verbose=False)
Mean Wasserstein distance nan
Mean Wasserstein distance approximated 0.42316648947035224
Mean computational time for finding T 96.84248871803284
Mean computational time for the approximated Wasserstein distance 8.662133836746216
Mean computational time for the real Wasserstein distance nan
---------------------------------------
Begin Slurm Epilog: Jun-05-2023 16:22:08
Job ID:        2360226
Array Job ID:  _4294967294
User ID:       klapborisuth3
Account:       gts-saluru8-coda20
Job name:      sampled_gromov_e_constant_gaussian_graph_5000_1_loss_1_50
Resources:     
Rsrc Used:     cput=00:00:00,vmem=,walltime=00:00:00,mem=,energy_used=0
Partition:     cpu-large
QOS:           inferno
Nodes:         None assigned
---------------------------------------
