---------------------------------------
Begin Slurm Prolog: Jun-06-2023 09:04:32
Job ID:    2368403
User ID:   klapborisuth3
Account:   gts-saluru8-coda20
Job name:  sampled_gromov_e_constant_gaussian_graph_50_square_loss_100_100
Partition: cpu-medium
QOS:       inferno
---------------------------------------
Namespace(KL=1, alpha_experiment=False, barycenter=False, batch_size=[[100, None], [1, None]], clique_size_s=25, clique_size_t=25, constraint=True, cross_val=False, dimension=2, dimension_s=20, dimension_t=10, enough_space=True, entropy_experiment=False, epsilon=1.0, epsilon_min=0.0, from_graphs='', iter_epsilon=100, iter_max=1, learning_step=0.8, loss_func_name='square_loss', n_iter_algo=10, n_neighbors=5, n_samples_s=50, n_samples_t=50, name_algo='sampled_gromov_e_constant', name_dataset='gaussian_graph', nb_iter_batch=1, nb_iter_update_Y=400, noise_graph=0.1, p_in_s=0.5, p_in_t=0.5, param1='100', param2='100', pickle_name='2', pickle_path='pickle_compare', plot=False, ps_out_s=0.1, ps_out_t=0.1, rdm_seed=12345, repeat=True, same_space=False, save_pickle=True, sparse_graph=True, to_graphs='', value_graph=True, variance_s=5, variance_t=5, verbose=False)
Warning catched: Return last stable T
Mean Wasserstein distance 1.430044850153118
Mean Wasserstein distance approximated 1.4301288687911602
Mean computational time for finding T 1.0170093297958374
Mean computational time for the approximated Wasserstein distance 0.004437303543090821
Mean computational time for the real Wasserstein distance 0.07639033794403076
Namespace(KL=1, alpha_experiment=False, barycenter=False, batch_size=[[100, None], [1, None]], clique_size_s=25, clique_size_t=25, constraint=True, cross_val=False, dimension=2, dimension_s=20, dimension_t=10, enough_space=True, entropy_experiment=False, epsilon=1.0, epsilon_min=0.0, from_graphs='', iter_epsilon=100, iter_max=1, learning_step=0.8, loss_func_name='square_loss', n_iter_algo=10, n_neighbors=5, n_samples_s=50, n_samples_t=50, name_algo='sampled_gromov_e_constant', name_dataset='gaussian_graph', nb_iter_batch=1, nb_iter_update_Y=400, noise_graph=0.1, p_in_s=0.5, p_in_t=0.5, param1='100', param2='100', pickle_name='2', pickle_path='pickle_compare', plot=False, ps_out_s=0.1, ps_out_t=0.1, rdm_seed=12345, repeat=True, same_space=False, save_pickle=True, sparse_graph=True, to_graphs='', value_graph=True, variance_s=5, variance_t=5, verbose=False)
Warning catched: Return last stable T
Mean Wasserstein distance 1.430044850153118
Mean Wasserstein distance approximated 1.4301288687911602
Mean computational time for finding T 1.0184319019317627
Mean computational time for the approximated Wasserstein distance 0.0044268608093261715
Mean computational time for the real Wasserstein distance 0.07654097080230712
Namespace(KL=1, alpha_experiment=False, barycenter=False, batch_size=[[100, None], [1, None]], clique_size_s=25, clique_size_t=25, constraint=True, cross_val=False, dimension=2, dimension_s=20, dimension_t=10, enough_space=True, entropy_experiment=False, epsilon=1.0, epsilon_min=0.0, from_graphs='', iter_epsilon=100, iter_max=1, learning_step=0.8, loss_func_name='square_loss', n_iter_algo=10, n_neighbors=5, n_samples_s=50, n_samples_t=50, name_algo='sampled_gromov_e_constant', name_dataset='gaussian_graph', nb_iter_batch=1, nb_iter_update_Y=400, noise_graph=0.1, p_in_s=0.5, p_in_t=0.5, param1='100', param2='100', pickle_name='2', pickle_path='pickle_compare', plot=False, ps_out_s=0.1, ps_out_t=0.1, rdm_seed=12345, repeat=True, same_space=False, save_pickle=True, sparse_graph=True, to_graphs='', value_graph=True, variance_s=5, variance_t=5, verbose=False)
Warning catched: Return last stable T
Mean Wasserstein distance 1.430044850153118
Mean Wasserstein distance approximated 1.4301288687911602
Mean computational time for finding T 1.018710732460022
Mean computational time for the approximated Wasserstein distance 0.004443860054016114
Mean computational time for the real Wasserstein distance 0.0766144037246704
Namespace(KL=1, alpha_experiment=False, barycenter=False, batch_size=[[100, None], [1, None]], clique_size_s=25, clique_size_t=25, constraint=True, cross_val=False, dimension=2, dimension_s=20, dimension_t=10, enough_space=True, entropy_experiment=False, epsilon=1.0, epsilon_min=0.0, from_graphs='', iter_epsilon=100, iter_max=1, learning_step=0.8, loss_func_name='square_loss', n_iter_algo=10, n_neighbors=5, n_samples_s=50, n_samples_t=50, name_algo='sampled_gromov_e_constant', name_dataset='gaussian_graph', nb_iter_batch=1, nb_iter_update_Y=400, noise_graph=0.1, p_in_s=0.5, p_in_t=0.5, param1='100', param2='100', pickle_name='2', pickle_path='pickle_compare', plot=False, ps_out_s=0.1, ps_out_t=0.1, rdm_seed=12345, repeat=True, same_space=False, save_pickle=True, sparse_graph=True, to_graphs='', value_graph=True, variance_s=5, variance_t=5, verbose=False)
Warning catched: Return last stable T
Mean Wasserstein distance 1.430044850153118
Mean Wasserstein distance approximated 1.4301288687911602
Mean computational time for finding T 1.0188143253326416
Mean computational time for the approximated Wasserstein distance 0.004437255859375
Mean computational time for the real Wasserstein distance 0.07654175758361817
Namespace(KL=1, alpha_experiment=False, barycenter=False, batch_size=[[100, None], [1, None]], clique_size_s=25, clique_size_t=25, constraint=True, cross_val=False, dimension=2, dimension_s=20, dimension_t=10, enough_space=True, entropy_experiment=False, epsilon=1.0, epsilon_min=0.0, from_graphs='', iter_epsilon=100, iter_max=1, learning_step=0.8, loss_func_name='square_loss', n_iter_algo=10, n_neighbors=5, n_samples_s=50, n_samples_t=50, name_algo='sampled_gromov_e_constant', name_dataset='gaussian_graph', nb_iter_batch=1, nb_iter_update_Y=400, noise_graph=0.1, p_in_s=0.5, p_in_t=0.5, param1='100', param2='100', pickle_name='2', pickle_path='pickle_compare', plot=False, ps_out_s=0.1, ps_out_t=0.1, rdm_seed=12345, repeat=True, same_space=False, save_pickle=True, sparse_graph=True, to_graphs='', value_graph=True, variance_s=5, variance_t=5, verbose=False)
Warning catched: Return last stable T
Mean Wasserstein distance 1.430044850153118
Mean Wasserstein distance approximated 1.4301288687911602
Mean computational time for finding T 1.0194194793701172
Mean computational time for the approximated Wasserstein distance 0.0044461250305175785
Mean computational time for the real Wasserstein distance 0.07643716335296631
Namespace(KL=1, alpha_experiment=False, barycenter=False, batch_size=[[100, None], [1, None]], clique_size_s=25, clique_size_t=25, constraint=True, cross_val=False, dimension=2, dimension_s=20, dimension_t=10, enough_space=True, entropy_experiment=False, epsilon=1.0, epsilon_min=0.0, from_graphs='', iter_epsilon=100, iter_max=1, learning_step=0.8, loss_func_name='square_loss', n_iter_algo=10, n_neighbors=5, n_samples_s=50, n_samples_t=50, name_algo='sampled_gromov_e_constant', name_dataset='gaussian_graph', nb_iter_batch=1, nb_iter_update_Y=400, noise_graph=0.1, p_in_s=0.5, p_in_t=0.5, param1='100', param2='100', pickle_name='2', pickle_path='pickle_compare', plot=False, ps_out_s=0.1, ps_out_t=0.1, rdm_seed=12345, repeat=True, same_space=False, save_pickle=True, sparse_graph=True, to_graphs='', value_graph=True, variance_s=5, variance_t=5, verbose=False)
Warning catched: Return last stable T
Mean Wasserstein distance 1.430044850153118
Mean Wasserstein distance approximated 1.4301288687911602
Mean computational time for finding T 1.0197266578674316
Mean computational time for the approximated Wasserstein distance 0.0044503450393676754
Mean computational time for the real Wasserstein distance 0.07672355175018311
Namespace(KL=1, alpha_experiment=False, barycenter=False, batch_size=[[100, None], [1, None]], clique_size_s=25, clique_size_t=25, constraint=True, cross_val=False, dimension=2, dimension_s=20, dimension_t=10, enough_space=True, entropy_experiment=False, epsilon=1.0, epsilon_min=0.0, from_graphs='', iter_epsilon=100, iter_max=1, learning_step=0.8, loss_func_name='square_loss', n_iter_algo=10, n_neighbors=5, n_samples_s=50, n_samples_t=50, name_algo='sampled_gromov_e_constant', name_dataset='gaussian_graph', nb_iter_batch=1, nb_iter_update_Y=400, noise_graph=0.1, p_in_s=0.5, p_in_t=0.5, param1='100', param2='100', pickle_name='2', pickle_path='pickle_compare', plot=False, ps_out_s=0.1, ps_out_t=0.1, rdm_seed=12345, repeat=True, same_space=False, save_pickle=True, sparse_graph=True, to_graphs='', value_graph=True, variance_s=5, variance_t=5, verbose=False)
Warning catched: Return last stable T
Mean Wasserstein distance 1.430044850153118
Mean Wasserstein distance approximated 1.4301288687911602
Mean computational time for finding T 1.0309016704559326
Mean computational time for the approximated Wasserstein distance 0.004497647285461426
Mean computational time for the real Wasserstein distance 0.07699413299560547
Namespace(KL=1, alpha_experiment=False, barycenter=False, batch_size=[[100, None], [1, None]], clique_size_s=25, clique_size_t=25, constraint=True, cross_val=False, dimension=2, dimension_s=20, dimension_t=10, enough_space=True, entropy_experiment=False, epsilon=1.0, epsilon_min=0.0, from_graphs='', iter_epsilon=100, iter_max=1, learning_step=0.8, loss_func_name='square_loss', n_iter_algo=10, n_neighbors=5, n_samples_s=50, n_samples_t=50, name_algo='sampled_gromov_e_constant', name_dataset='gaussian_graph', nb_iter_batch=1, nb_iter_update_Y=400, noise_graph=0.1, p_in_s=0.5, p_in_t=0.5, param1='100', param2='100', pickle_name='2', pickle_path='pickle_compare', plot=False, ps_out_s=0.1, ps_out_t=0.1, rdm_seed=12345, repeat=True, same_space=False, save_pickle=True, sparse_graph=True, to_graphs='', value_graph=True, variance_s=5, variance_t=5, verbose=False)
Warning catched: Return last stable T
Mean Wasserstein distance 1.430044850153118
Mean Wasserstein distance approximated 1.4301288687911602
Mean computational time for finding T 1.03224675655365
Mean computational time for the approximated Wasserstein distance 0.004496145248413086
Mean computational time for the real Wasserstein distance 0.0777808427810669
---------------------------------------
Begin Slurm Epilog: Jun-06-2023 09:04:50
Job ID:        2368403
Array Job ID:  _4294967294
User ID:       klapborisuth3
Account:       gts-saluru8-coda20
Job name:      sampled_gromov_e_constant_gaussian_graph_50_square_loss_100_100
Resources:     cpu=8,mem=128G,node=1
Rsrc Used:     cput=00:02:32,vmem=20K,walltime=00:00:19,mem=0,energy_used=0
Partition:     cpu-medium
QOS:           inferno
Nodes:         atl1-1-03-003-28-2
---------------------------------------
