---------------------------------------
Begin Slurm Prolog: Jun-06-2023 16:11:27
Job ID:    2374496
User ID:   klapborisuth3
Account:   gts-saluru8-coda20
Job name:  e_gromov_gaussian_point_graph_1001_1_loss_0.001
Partition: cpu-small
QOS:       inferno
---------------------------------------
---------------------------------------
Begin Slurm Epilog: Jun-07-2023 08:11:42
Job ID:        2374496
Array Job ID:  _4294967294
User ID:       klapborisuth3
Account:       gts-saluru8-coda20
Job name:      e_gromov_gaussian_point_graph_1001_1_loss_0.001
Resources:     cpu=8,mem=64G,node=1
Rsrc Used:     cput=5-08:01:36,vmem=24116K,walltime=16:00:12,mem=8524K,energy_used=0
Partition:     cpu-small
QOS:           inferno
Nodes:         atl1-1-02-018-7-2
---------------------------------------
