---------------------------------------
Begin Slurm Prolog: Jun-06-2023 16:11:27
Job ID:    2374499
User ID:   klapborisuth3
Account:   gts-saluru8-coda20
Job name:  e_gromov_gaussian_point_graph_1001_square_loss_0.005
Partition: cpu-small
QOS:       inferno
---------------------------------------
Namespace(KL=1, alpha_experiment=False, barycenter=False, batch_size=None, clique_size_s=200, clique_size_t=200, constraint=True, cross_val=False, dimension=2, dimension_s=20, dimension_t=10, enough_space=True, entropy_experiment=False, epsilon=0.005, epsilon_min=0.0, from_graphs='', iter_epsilon=1000, iter_max=1, learning_step=0.8, loss_func_name='square_loss', n_iter_algo=10, n_neighbors=5, n_samples_s=1001, n_samples_t=1001, name_algo='e_gromov', name_dataset='gaussian_point_graph', nb_iter_batch=1, nb_iter_update_Y=400, noise_graph=0.1, p_in_s=0.5, p_in_t=0.5, param1='0.005', param2='', pickle_name='2', pickle_path='pickle_compare', plot=False, ps_out_s=0.1, ps_out_t=0.1, rdm_seed=12345, repeat=True, same_space=False, save_pickle=True, sparse_graph=True, to_graphs='', value_graph=True, variance_s=5, variance_t=5, verbose=False)
The method as not converged. Return last stable T. Nb iter : 2
The method as not converged. Return last stable T. Nb iter : 2
The method as not converged. Return last stable T. Nb iter : 2
The method as not converged. Return last stable T. Nb iter : 2
The method as not converged. Return last stable T. Nb iter : 2
The method as not converged. Return last stable T. Nb iter : 2
The method as not converged. Return last stable T. Nb iter : 2
The method as not converged. Return last stable T. Nb iter : 2
The method as not converged. Return last stable T. Nb iter : 2
The method as not converged. Return last stable T. Nb iter : 2
Mean Wasserstein distance nan
Mean Wasserstein distance approximated 39079.54368325569
Mean computational time for finding T 2.220050573348999
Mean computational time for the approximated Wasserstein distance 1.6927719116210937e-06
Mean computational time for the real Wasserstein distance nan
Namespace(KL=1, alpha_experiment=False, barycenter=False, batch_size=None, clique_size_s=200, clique_size_t=200, constraint=True, cross_val=False, dimension=2, dimension_s=20, dimension_t=10, enough_space=True, entropy_experiment=False, epsilon=0.005, epsilon_min=0.0, from_graphs='', iter_epsilon=1000, iter_max=1, learning_step=0.8, loss_func_name='square_loss', n_iter_algo=10, n_neighbors=5, n_samples_s=1001, n_samples_t=1001, name_algo='e_gromov', name_dataset='gaussian_point_graph', nb_iter_batch=1, nb_iter_update_Y=400, noise_graph=0.1, p_in_s=0.5, p_in_t=0.5, param1='0.005', param2='', pickle_name='2', pickle_path='pickle_compare', plot=False, ps_out_s=0.1, ps_out_t=0.1, rdm_seed=12345, repeat=True, same_space=False, save_pickle=True, sparse_graph=True, to_graphs='', value_graph=True, variance_s=5, variance_t=5, verbose=False)
The method as not converged. Return last stable T. Nb iter : 2
The method as not converged. Return last stable T. Nb iter : 2
The method as not converged. Return last stable T. Nb iter : 2
The method as not converged. Return last stable T. Nb iter : 2
The method as not converged. Return last stable T. Nb iter : 2
The method as not converged. Return last stable T. Nb iter : 2
The method as not converged. Return last stable T. Nb iter : 2
The method as not converged. Return last stable T. Nb iter : 2
The method as not converged. Return last stable T. Nb iter : 2
The method as not converged. Return last stable T. Nb iter : 2
Mean Wasserstein distance nan
Mean Wasserstein distance approximated 39079.54368325569
Mean computational time for finding T 2.2720896720886232
Mean computational time for the approximated Wasserstein distance 2.8133392333984377e-06
Mean computational time for the real Wasserstein distance nan
Namespace(KL=1, alpha_experiment=False, barycenter=False, batch_size=None, clique_size_s=200, clique_size_t=200, constraint=True, cross_val=False, dimension=2, dimension_s=20, dimension_t=10, enough_space=True, entropy_experiment=False, epsilon=0.005, epsilon_min=0.0, from_graphs='', iter_epsilon=1000, iter_max=1, learning_step=0.8, loss_func_name='square_loss', n_iter_algo=10, n_neighbors=5, n_samples_s=1001, n_samples_t=1001, name_algo='e_gromov', name_dataset='gaussian_point_graph', nb_iter_batch=1, nb_iter_update_Y=400, noise_graph=0.1, p_in_s=0.5, p_in_t=0.5, param1='0.005', param2='', pickle_name='2', pickle_path='pickle_compare', plot=False, ps_out_s=0.1, ps_out_t=0.1, rdm_seed=12345, repeat=True, same_space=False, save_pickle=True, sparse_graph=True, to_graphs='', value_graph=True, variance_s=5, variance_t=5, verbose=False)
The method as not converged. Return last stable T. Nb iter : 2
The method as not converged. Return last stable T. Nb iter : 2
The method as not converged. Return last stable T. Nb iter : 2
The method as not converged. Return last stable T. Nb iter : 2
The method as not converged. Return last stable T. Nb iter : 2
The method as not converged. Return last stable T. Nb iter : 2
The method as not converged. Return last stable T. Nb iter : 2
The method as not converged. Return last stable T. Nb iter : 2
The method as not converged. Return last stable T. Nb iter : 2
The method as not converged. Return last stable T. Nb iter : 2
Mean Wasserstein distance nan
Mean Wasserstein distance approximated 39079.54368325569
Mean computational time for finding T 2.2816435575485228
Mean computational time for the approximated Wasserstein distance 1.9550323486328123e-06
Mean computational time for the real Wasserstein distance nan
Namespace(KL=1, alpha_experiment=False, barycenter=False, batch_size=None, clique_size_s=200, clique_size_t=200, constraint=True, cross_val=False, dimension=2, dimension_s=20, dimension_t=10, enough_space=True, entropy_experiment=False, epsilon=0.005, epsilon_min=0.0, from_graphs='', iter_epsilon=1000, iter_max=1, learning_step=0.8, loss_func_name='square_loss', n_iter_algo=10, n_neighbors=5, n_samples_s=1001, n_samples_t=1001, name_algo='e_gromov', name_dataset='gaussian_point_graph', nb_iter_batch=1, nb_iter_update_Y=400, noise_graph=0.1, p_in_s=0.5, p_in_t=0.5, param1='0.005', param2='', pickle_name='2', pickle_path='pickle_compare', plot=False, ps_out_s=0.1, ps_out_t=0.1, rdm_seed=12345, repeat=True, same_space=False, save_pickle=True, sparse_graph=True, to_graphs='', value_graph=True, variance_s=5, variance_t=5, verbose=False)
The method as not converged. Return last stable T. Nb iter : 2
The method as not converged. Return last stable T. Nb iter : 2
The method as not converged. Return last stable T. Nb iter : 2
The method as not converged. Return last stable T. Nb iter : 2
The method as not converged. Return last stable T. Nb iter : 2
The method as not converged. Return last stable T. Nb iter : 2
The method as not converged. Return last stable T. Nb iter : 2
The method as not converged. Return last stable T. Nb iter : 2
The method as not converged. Return last stable T. Nb iter : 2
The method as not converged. Return last stable T. Nb iter : 2
Mean Wasserstein distance nan
Mean Wasserstein distance approximated 39079.54368325569
Mean computational time for finding T 2.2865465879440308
Mean computational time for the approximated Wasserstein distance 1.7881393432617188e-06
Mean computational time for the real Wasserstein distance nan
Namespace(KL=1, alpha_experiment=False, barycenter=False, batch_size=None, clique_size_s=200, clique_size_t=200, constraint=True, cross_val=False, dimension=2, dimension_s=20, dimension_t=10, enough_space=True, entropy_experiment=False, epsilon=0.005, epsilon_min=0.0, from_graphs='', iter_epsilon=1000, iter_max=1, learning_step=0.8, loss_func_name='square_loss', n_iter_algo=10, n_neighbors=5, n_samples_s=1001, n_samples_t=1001, name_algo='e_gromov', name_dataset='gaussian_point_graph', nb_iter_batch=1, nb_iter_update_Y=400, noise_graph=0.1, p_in_s=0.5, p_in_t=0.5, param1='0.005', param2='', pickle_name='2', pickle_path='pickle_compare', plot=False, ps_out_s=0.1, ps_out_t=0.1, rdm_seed=12345, repeat=True, same_space=False, save_pickle=True, sparse_graph=True, to_graphs='', value_graph=True, variance_s=5, variance_t=5, verbose=False)
The method as not converged. Return last stable T. Nb iter : 2
The method as not converged. Return last stable T. Nb iter : 2
The method as not converged. Return last stable T. Nb iter : 2
The method as not converged. Return last stable T. Nb iter : 2
The method as not converged. Return last stable T. Nb iter : 2
The method as not converged. Return last stable T. Nb iter : 2
The method as not converged. Return last stable T. Nb iter : 2
The method as not converged. Return last stable T. Nb iter : 2
The method as not converged. Return last stable T. Nb iter : 2
The method as not converged. Return last stable T. Nb iter : 2
Mean Wasserstein distance nan
Mean Wasserstein distance approximated 39079.54368325569
Mean computational time for finding T 2.2871713161468508
Mean computational time for the approximated Wasserstein distance 2.0503997802734374e-06
Mean computational time for the real Wasserstein distance nan
Namespace(KL=1, alpha_experiment=False, barycenter=False, batch_size=None, clique_size_s=200, clique_size_t=200, constraint=True, cross_val=False, dimension=2, dimension_s=20, dimension_t=10, enough_space=True, entropy_experiment=False, epsilon=0.005, epsilon_min=0.0, from_graphs='', iter_epsilon=1000, iter_max=1, learning_step=0.8, loss_func_name='square_loss', n_iter_algo=10, n_neighbors=5, n_samples_s=1001, n_samples_t=1001, name_algo='e_gromov', name_dataset='gaussian_point_graph', nb_iter_batch=1, nb_iter_update_Y=400, noise_graph=0.1, p_in_s=0.5, p_in_t=0.5, param1='0.005', param2='', pickle_name='2', pickle_path='pickle_compare', plot=False, ps_out_s=0.1, ps_out_t=0.1, rdm_seed=12345, repeat=True, same_space=False, save_pickle=True, sparse_graph=True, to_graphs='', value_graph=True, variance_s=5, variance_t=5, verbose=False)
The method as not converged. Return last stable T. Nb iter : 2
The method as not converged. Return last stable T. Nb iter : 2
The method as not converged. Return last stable T. Nb iter : 2
The method as not converged. Return last stable T. Nb iter : 2
The method as not converged. Return last stable T. Nb iter : 2
The method as not converged. Return last stable T. Nb iter : 2
The method as not converged. Return last stable T. Nb iter : 2
The method as not converged. Return last stable T. Nb iter : 2
The method as not converged. Return last stable T. Nb iter : 2
The method as not converged. Return last stable T. Nb iter : 2
Mean Wasserstein distance nan
Mean Wasserstein distance approximated 39079.54368325569
Mean computational time for finding T 2.306268739700317
Mean computational time for the approximated Wasserstein distance 1.978874206542969e-06
Mean computational time for the real Wasserstein distance nan
Namespace(KL=1, alpha_experiment=False, barycenter=False, batch_size=None, clique_size_s=200, clique_size_t=200, constraint=True, cross_val=False, dimension=2, dimension_s=20, dimension_t=10, enough_space=True, entropy_experiment=False, epsilon=0.005, epsilon_min=0.0, from_graphs='', iter_epsilon=1000, iter_max=1, learning_step=0.8, loss_func_name='square_loss', n_iter_algo=10, n_neighbors=5, n_samples_s=1001, n_samples_t=1001, name_algo='e_gromov', name_dataset='gaussian_point_graph', nb_iter_batch=1, nb_iter_update_Y=400, noise_graph=0.1, p_in_s=0.5, p_in_t=0.5, param1='0.005', param2='', pickle_name='2', pickle_path='pickle_compare', plot=False, ps_out_s=0.1, ps_out_t=0.1, rdm_seed=12345, repeat=True, same_space=False, save_pickle=True, sparse_graph=True, to_graphs='', value_graph=True, variance_s=5, variance_t=5, verbose=False)
The method as not converged. Return last stable T. Nb iter : 2
The method as not converged. Return last stable T. Nb iter : 2
The method as not converged. Return last stable T. Nb iter : 2
The method as not converged. Return last stable T. Nb iter : 2
The method as not converged. Return last stable T. Nb iter : 2
The method as not converged. Return last stable T. Nb iter : 2
The method as not converged. Return last stable T. Nb iter : 2
The method as not converged. Return last stable T. Nb iter : 2
The method as not converged. Return last stable T. Nb iter : 2
The method as not converged. Return last stable T. Nb iter : 2
Mean Wasserstein distance nan
Mean Wasserstein distance approximated 39079.54368325569
Mean computational time for finding T 2.316179037094116
Mean computational time for the approximated Wasserstein distance 1.6927719116210937e-06
Mean computational time for the real Wasserstein distance nan
Namespace(KL=1, alpha_experiment=False, barycenter=False, batch_size=None, clique_size_s=200, clique_size_t=200, constraint=True, cross_val=False, dimension=2, dimension_s=20, dimension_t=10, enough_space=True, entropy_experiment=False, epsilon=0.005, epsilon_min=0.0, from_graphs='', iter_epsilon=1000, iter_max=1, learning_step=0.8, loss_func_name='square_loss', n_iter_algo=10, n_neighbors=5, n_samples_s=1001, n_samples_t=1001, name_algo='e_gromov', name_dataset='gaussian_point_graph', nb_iter_batch=1, nb_iter_update_Y=400, noise_graph=0.1, p_in_s=0.5, p_in_t=0.5, param1='0.005', param2='', pickle_name='2', pickle_path='pickle_compare', plot=False, ps_out_s=0.1, ps_out_t=0.1, rdm_seed=12345, repeat=True, same_space=False, save_pickle=True, sparse_graph=True, to_graphs='', value_graph=True, variance_s=5, variance_t=5, verbose=False)
The method as not converged. Return last stable T. Nb iter : 2
The method as not converged. Return last stable T. Nb iter : 2
The method as not converged. Return last stable T. Nb iter : 2
The method as not converged. Return last stable T. Nb iter : 2
The method as not converged. Return last stable T. Nb iter : 2
The method as not converged. Return last stable T. Nb iter : 2
The method as not converged. Return last stable T. Nb iter : 2
The method as not converged. Return last stable T. Nb iter : 2
The method as not converged. Return last stable T. Nb iter : 2
The method as not converged. Return last stable T. Nb iter : 2
Mean Wasserstein distance nan
Mean Wasserstein distance approximated 39079.54368325569
Mean computational time for finding T 2.339829421043396
Mean computational time for the approximated Wasserstein distance 2.312660217285156e-06
Mean computational time for the real Wasserstein distance nan
---------------------------------------
Begin Slurm Epilog: Jun-06-2023 16:11:59
Job ID:        2374499
Array Job ID:  _4294967294
User ID:       klapborisuth3
Account:       gts-saluru8-coda20
Job name:      e_gromov_gaussian_point_graph_1001_square_loss_0.005
Resources:     cpu=8,mem=64G,node=1
Rsrc Used:     cput=00:04:16,vmem=13012K,walltime=00:00:32,mem=8520K,energy_used=0
Partition:     cpu-small
QOS:           inferno
Nodes:         atl1-1-02-018-20-1
---------------------------------------
