---------------------------------------
Begin Slurm Prolog: Jun-05-2023 15:29:44
Job ID:    2359596
User ID:   klapborisuth3
Account:   gts-saluru8-coda20
Job name:  e_gromov_gaussian_point_graph_50_1_loss_0.005
Partition: cpu-small
QOS:       inferno
---------------------------------------
Namespace(KL=1, alpha_experiment=False, barycenter=False, batch_size=None, clique_size_s=25, clique_size_t=25, constraint=True, cross_val=False, dimension=2, dimension_s=20, dimension_t=10, enough_space=True, entropy_experiment=False, epsilon=0.005, epsilon_min=0.0, from_graphs='', iter_epsilon=1000, iter_max=1, learning_step=0.8, loss_func_name='1_loss', n_iter_algo=10, n_neighbors=5, n_samples_s=50, n_samples_t=50, name_algo='e_gromov', name_dataset='gaussian_point_graph', nb_iter_batch=1, nb_iter_update_Y=400, noise_graph=0.1, p_in_s=0.5, p_in_t=0.5, param1='0.005', param2='', pickle_name='2', pickle_path='pickle_compare', plot=False, ps_out_s=0.1, ps_out_t=0.1, rdm_seed=12345, repeat=True, same_space=False, save_pickle=True, sparse_graph=True, to_graphs='', value_graph=True, variance_s=5, variance_t=5, verbose=False)
The method as not converged. Return last stable T. Nb iter : 1
The method as not converged. Return last stable T. Nb iter : 1
The method as not converged. Return last stable T. Nb iter : 1
The method as not converged. Return last stable T. Nb iter : 1
The method as not converged. Return last stable T. Nb iter : 1
The method as not converged. Return last stable T. Nb iter : 1
The method as not converged. Return last stable T. Nb iter : 1
The method as not converged. Return last stable T. Nb iter : 1
The method as not converged. Return last stable T. Nb iter : 1
The method as not converged. Return last stable T. Nb iter : 1
Mean Wasserstein distance 136.65929789658406
Mean Wasserstein distance approximated 136.65929789658406
Mean computational time for finding T 0.25670638084411623
Mean computational time for the approximated Wasserstein distance 2.765655517578125e-06
Mean computational time for the real Wasserstein distance 0.05584940910339355
Namespace(KL=1, alpha_experiment=False, barycenter=False, batch_size=None, clique_size_s=25, clique_size_t=25, constraint=True, cross_val=False, dimension=2, dimension_s=20, dimension_t=10, enough_space=True, entropy_experiment=False, epsilon=0.005, epsilon_min=0.0, from_graphs='', iter_epsilon=1000, iter_max=1, learning_step=0.8, loss_func_name='1_loss', n_iter_algo=10, n_neighbors=5, n_samples_s=50, n_samples_t=50, name_algo='e_gromov', name_dataset='gaussian_point_graph', nb_iter_batch=1, nb_iter_update_Y=400, noise_graph=0.1, p_in_s=0.5, p_in_t=0.5, param1='0.005', param2='', pickle_name='2', pickle_path='pickle_compare', plot=False, ps_out_s=0.1, ps_out_t=0.1, rdm_seed=12345, repeat=True, same_space=False, save_pickle=True, sparse_graph=True, to_graphs='', value_graph=True, variance_s=5, variance_t=5, verbose=False)
The method as not converged. Return last stable T. Nb iter : 1
The method as not converged. Return last stable T. Nb iter : 1
The method as not converged. Return last stable T. Nb iter : 1
The method as not converged. Return last stable T. Nb iter : 1
The method as not converged. Return last stable T. Nb iter : 1
The method as not converged. Return last stable T. Nb iter : 1
The method as not converged. Return last stable T. Nb iter : 1
The method as not converged. Return last stable T. Nb iter : 1
The method as not converged. Return last stable T. Nb iter : 1
The method as not converged. Return last stable T. Nb iter : 1
Mean Wasserstein distance 136.65929789658406
Mean Wasserstein distance approximated 136.65929789658406
Mean computational time for finding T 0.26284606456756593
Mean computational time for the approximated Wasserstein distance 2.312660217285156e-06
Mean computational time for the real Wasserstein distance 0.05564138889312744
Namespace(KL=1, alpha_experiment=False, barycenter=False, batch_size=None, clique_size_s=25, clique_size_t=25, constraint=True, cross_val=False, dimension=2, dimension_s=20, dimension_t=10, enough_space=True, entropy_experiment=False, epsilon=0.005, epsilon_min=0.0, from_graphs='', iter_epsilon=1000, iter_max=1, learning_step=0.8, loss_func_name='1_loss', n_iter_algo=10, n_neighbors=5, n_samples_s=50, n_samples_t=50, name_algo='e_gromov', name_dataset='gaussian_point_graph', nb_iter_batch=1, nb_iter_update_Y=400, noise_graph=0.1, p_in_s=0.5, p_in_t=0.5, param1='0.005', param2='', pickle_name='2', pickle_path='pickle_compare', plot=False, ps_out_s=0.1, ps_out_t=0.1, rdm_seed=12345, repeat=True, same_space=False, save_pickle=True, sparse_graph=True, to_graphs='', value_graph=True, variance_s=5, variance_t=5, verbose=False)
The method as not converged. Return last stable T. Nb iter : 1
The method as not converged. Return last stable T. Nb iter : 1
The method as not converged. Return last stable T. Nb iter : 1
The method as not converged. Return last stable T. Nb iter : 1
The method as not converged. Return last stable T. Nb iter : 1
The method as not converged. Return last stable T. Nb iter : 1
The method as not converged. Return last stable T. Nb iter : 1
The method as not converged. Return last stable T. Nb iter : 1
The method as not converged. Return last stable T. Nb iter : 1
The method as not converged. Return last stable T. Nb iter : 1
Mean Wasserstein distance 136.65929789658406
Mean Wasserstein distance approximated 136.65929789658406
Mean computational time for finding T 0.2640326976776123
Mean computational time for the approximated Wasserstein distance 2.0742416381835936e-06
Mean computational time for the real Wasserstein distance 0.05536947250366211
Namespace(KL=1, alpha_experiment=False, barycenter=False, batch_size=None, clique_size_s=25, clique_size_t=25, constraint=True, cross_val=False, dimension=2, dimension_s=20, dimension_t=10, enough_space=True, entropy_experiment=False, epsilon=0.005, epsilon_min=0.0, from_graphs='', iter_epsilon=1000, iter_max=1, learning_step=0.8, loss_func_name='1_loss', n_iter_algo=10, n_neighbors=5, n_samples_s=50, n_samples_t=50, name_algo='e_gromov', name_dataset='gaussian_point_graph', nb_iter_batch=1, nb_iter_update_Y=400, noise_graph=0.1, p_in_s=0.5, p_in_t=0.5, param1='0.005', param2='', pickle_name='2', pickle_path='pickle_compare', plot=False, ps_out_s=0.1, ps_out_t=0.1, rdm_seed=12345, repeat=True, same_space=False, save_pickle=True, sparse_graph=True, to_graphs='', value_graph=True, variance_s=5, variance_t=5, verbose=False)
The method as not converged. Return last stable T. Nb iter : 1
The method as not converged. Return last stable T. Nb iter : 1
The method as not converged. Return last stable T. Nb iter : 1
The method as not converged. Return last stable T. Nb iter : 1
The method as not converged. Return last stable T. Nb iter : 1
The method as not converged. Return last stable T. Nb iter : 1
The method as not converged. Return last stable T. Nb iter : 1
The method as not converged. Return last stable T. Nb iter : 1
The method as not converged. Return last stable T. Nb iter : 1
The method as not converged. Return last stable T. Nb iter : 1
Mean Wasserstein distance 136.65929789658406
Mean Wasserstein distance approximated 136.65929789658406
Mean computational time for finding T 0.2636679172515869
Mean computational time for the approximated Wasserstein distance 2.47955322265625e-06
Mean computational time for the real Wasserstein distance 0.05566251277923584
Namespace(KL=1, alpha_experiment=False, barycenter=False, batch_size=None, clique_size_s=25, clique_size_t=25, constraint=True, cross_val=False, dimension=2, dimension_s=20, dimension_t=10, enough_space=True, entropy_experiment=False, epsilon=0.005, epsilon_min=0.0, from_graphs='', iter_epsilon=1000, iter_max=1, learning_step=0.8, loss_func_name='1_loss', n_iter_algo=10, n_neighbors=5, n_samples_s=50, n_samples_t=50, name_algo='e_gromov', name_dataset='gaussian_point_graph', nb_iter_batch=1, nb_iter_update_Y=400, noise_graph=0.1, p_in_s=0.5, p_in_t=0.5, param1='0.005', param2='', pickle_name='2', pickle_path='pickle_compare', plot=False, ps_out_s=0.1, ps_out_t=0.1, rdm_seed=12345, repeat=True, same_space=False, save_pickle=True, sparse_graph=True, to_graphs='', value_graph=True, variance_s=5, variance_t=5, verbose=False)
The method as not converged. Return last stable T. Nb iter : 1
The method as not converged. Return last stable T. Nb iter : 1
The method as not converged. Return last stable T. Nb iter : 1
The method as not converged. Return last stable T. Nb iter : 1
The method as not converged. Return last stable T. Nb iter : 1
The method as not converged. Return last stable T. Nb iter : 1
The method as not converged. Return last stable T. Nb iter : 1
The method as not converged. Return last stable T. Nb iter : 1
The method as not converged. Return last stable T. Nb iter : 1
The method as not converged. Return last stable T. Nb iter : 1
Mean Wasserstein distance 136.65929789658406
Mean Wasserstein distance approximated 136.65929789658406
Mean computational time for finding T 0.2638931512832642
Mean computational time for the approximated Wasserstein distance 2.1219253540039063e-06
Mean computational time for the real Wasserstein distance 0.05562369823455811
Namespace(KL=1, alpha_experiment=False, barycenter=False, batch_size=None, clique_size_s=25, clique_size_t=25, constraint=True, cross_val=False, dimension=2, dimension_s=20, dimension_t=10, enough_space=True, entropy_experiment=False, epsilon=0.005, epsilon_min=0.0, from_graphs='', iter_epsilon=1000, iter_max=1, learning_step=0.8, loss_func_name='1_loss', n_iter_algo=10, n_neighbors=5, n_samples_s=50, n_samples_t=50, name_algo='e_gromov', name_dataset='gaussian_point_graph', nb_iter_batch=1, nb_iter_update_Y=400, noise_graph=0.1, p_in_s=0.5, p_in_t=0.5, param1='0.005', param2='', pickle_name='2', pickle_path='pickle_compare', plot=False, ps_out_s=0.1, ps_out_t=0.1, rdm_seed=12345, repeat=True, same_space=False, save_pickle=True, sparse_graph=True, to_graphs='', value_graph=True, variance_s=5, variance_t=5, verbose=False)
The method as not converged. Return last stable T. Nb iter : 1
The method as not converged. Return last stable T. Nb iter : 1
The method as not converged. Return last stable T. Nb iter : 1
The method as not converged. Return last stable T. Nb iter : 1
The method as not converged. Return last stable T. Nb iter : 1
The method as not converged. Return last stable T. Nb iter : 1
The method as not converged. Return last stable T. Nb iter : 1
The method as not converged. Return last stable T. Nb iter : 1
The method as not converged. Return last stable T. Nb iter : 1
The method as not converged. Return last stable T. Nb iter : 1
Mean Wasserstein distance 136.65929789658406
Mean Wasserstein distance approximated 136.65929789658406
Mean computational time for finding T 0.26519026756286623
Mean computational time for the approximated Wasserstein distance 2.1219253540039063e-06
Mean computational time for the real Wasserstein distance 0.05556676387786865
Namespace(KL=1, alpha_experiment=False, barycenter=False, batch_size=None, clique_size_s=25, clique_size_t=25, constraint=True, cross_val=False, dimension=2, dimension_s=20, dimension_t=10, enough_space=True, entropy_experiment=False, epsilon=0.005, epsilon_min=0.0, from_graphs='', iter_epsilon=1000, iter_max=1, learning_step=0.8, loss_func_name='1_loss', n_iter_algo=10, n_neighbors=5, n_samples_s=50, n_samples_t=50, name_algo='e_gromov', name_dataset='gaussian_point_graph', nb_iter_batch=1, nb_iter_update_Y=400, noise_graph=0.1, p_in_s=0.5, p_in_t=0.5, param1='0.005', param2='', pickle_name='2', pickle_path='pickle_compare', plot=False, ps_out_s=0.1, ps_out_t=0.1, rdm_seed=12345, repeat=True, same_space=False, save_pickle=True, sparse_graph=True, to_graphs='', value_graph=True, variance_s=5, variance_t=5, verbose=False)
The method as not converged. Return last stable T. Nb iter : 1
The method as not converged. Return last stable T. Nb iter : 1
The method as not converged. Return last stable T. Nb iter : 1
The method as not converged. Return last stable T. Nb iter : 1
The method as not converged. Return last stable T. Nb iter : 1
The method as not converged. Return last stable T. Nb iter : 1
The method as not converged. Return last stable T. Nb iter : 1
The method as not converged. Return last stable T. Nb iter : 1
The method as not converged. Return last stable T. Nb iter : 1
The method as not converged. Return last stable T. Nb iter : 1
Mean Wasserstein distance 136.65929789658406
Mean Wasserstein distance approximated 136.65929789658406
Mean computational time for finding T 0.2653973579406738
Mean computational time for the approximated Wasserstein distance 2.0265579223632812e-06
Mean computational time for the real Wasserstein distance 0.05649263858795166
Namespace(KL=1, alpha_experiment=False, barycenter=False, batch_size=None, clique_size_s=25, clique_size_t=25, constraint=True, cross_val=False, dimension=2, dimension_s=20, dimension_t=10, enough_space=True, entropy_experiment=False, epsilon=0.005, epsilon_min=0.0, from_graphs='', iter_epsilon=1000, iter_max=1, learning_step=0.8, loss_func_name='1_loss', n_iter_algo=10, n_neighbors=5, n_samples_s=50, n_samples_t=50, name_algo='e_gromov', name_dataset='gaussian_point_graph', nb_iter_batch=1, nb_iter_update_Y=400, noise_graph=0.1, p_in_s=0.5, p_in_t=0.5, param1='0.005', param2='', pickle_name='2', pickle_path='pickle_compare', plot=False, ps_out_s=0.1, ps_out_t=0.1, rdm_seed=12345, repeat=True, same_space=False, save_pickle=True, sparse_graph=True, to_graphs='', value_graph=True, variance_s=5, variance_t=5, verbose=False)
The method as not converged. Return last stable T. Nb iter : 1
The method as not converged. Return last stable T. Nb iter : 1
The method as not converged. Return last stable T. Nb iter : 1
The method as not converged. Return last stable T. Nb iter : 1
The method as not converged. Return last stable T. Nb iter : 1
The method as not converged. Return last stable T. Nb iter : 1
The method as not converged. Return last stable T. Nb iter : 1
The method as not converged. Return last stable T. Nb iter : 1
The method as not converged. Return last stable T. Nb iter : 1
The method as not converged. Return last stable T. Nb iter : 1
Mean Wasserstein distance 136.65929789658406
Mean Wasserstein distance approximated 136.65929789658406
Mean computational time for finding T 0.2656761646270752
Mean computational time for the approximated Wasserstein distance 1.9550323486328123e-06
Mean computational time for the real Wasserstein distance 0.05682709217071533
---------------------------------------
Begin Slurm Epilog: Jun-05-2023 15:31:34
Job ID:        2359596
Array Job ID:  _4294967294
User ID:       klapborisuth3
Account:       gts-saluru8-coda20
Job name:      e_gromov_gaussian_point_graph_50_1_loss_0.005
Resources:     cpu=8,mem=64G,node=1
Rsrc Used:     cput=00:14:48,vmem=9404K,walltime=00:01:51,mem=8524K,energy_used=0
Partition:     cpu-small
QOS:           inferno
Nodes:         atl1-1-02-014-27-1
---------------------------------------
