---------------------------------------
Begin Slurm Prolog: Jun-05-2023 15:29:44
Job ID:    2359696
User ID:   klapborisuth3
Account:   gts-saluru8-coda20
Job name:  e_gromov_KL_gaussian_point_graph_100_square_loss_0.005
Partition: cpu-small
QOS:       inferno
---------------------------------------
Namespace(KL=1, alpha_experiment=False, barycenter=False, batch_size=None, clique_size_s=50, clique_size_t=50, constraint=True, cross_val=False, dimension=2, dimension_s=20, dimension_t=10, enough_space=True, entropy_experiment=False, epsilon=0.005, epsilon_min=0.0, from_graphs='', iter_epsilon=1000, iter_max=1, learning_step=0.8, loss_func_name='square_loss', n_iter_algo=10, n_neighbors=5, n_samples_s=100, n_samples_t=100, name_algo='e_gromov_KL', name_dataset='gaussian_point_graph', nb_iter_batch=1, nb_iter_update_Y=400, noise_graph=0.1, p_in_s=0.5, p_in_t=0.5, param1='0.005', param2='', pickle_name='2', pickle_path='pickle_compare', plot=False, ps_out_s=0.1, ps_out_t=0.1, rdm_seed=12345, repeat=True, same_space=False, save_pickle=True, sparse_graph=True, to_graphs='', value_graph=True, variance_s=5, variance_t=5, verbose=False)
Mean Wasserstein distance 75448.07707624767
Mean Wasserstein distance approximated 75448.077070469
Mean computational time for finding T 0.7246636152267456
Mean computational time for the approximated Wasserstein distance 1.2874603271484376e-06
Mean computational time for the real Wasserstein distance 0.45509426593780516
Namespace(KL=1, alpha_experiment=False, barycenter=False, batch_size=None, clique_size_s=50, clique_size_t=50, constraint=True, cross_val=False, dimension=2, dimension_s=20, dimension_t=10, enough_space=True, entropy_experiment=False, epsilon=0.005, epsilon_min=0.0, from_graphs='', iter_epsilon=1000, iter_max=1, learning_step=0.8, loss_func_name='square_loss', n_iter_algo=10, n_neighbors=5, n_samples_s=100, n_samples_t=100, name_algo='e_gromov_KL', name_dataset='gaussian_point_graph', nb_iter_batch=1, nb_iter_update_Y=400, noise_graph=0.1, p_in_s=0.5, p_in_t=0.5, param1='0.005', param2='', pickle_name='2', pickle_path='pickle_compare', plot=False, ps_out_s=0.1, ps_out_t=0.1, rdm_seed=12345, repeat=True, same_space=False, save_pickle=True, sparse_graph=True, to_graphs='', value_graph=True, variance_s=5, variance_t=5, verbose=False)
Mean Wasserstein distance 75448.07707624767
Mean Wasserstein distance approximated 75448.077070469
Mean computational time for finding T 0.7259321212768555
Mean computational time for the approximated Wasserstein distance 1.33514404296875e-06
Mean computational time for the real Wasserstein distance 0.45498859882354736
Namespace(KL=1, alpha_experiment=False, barycenter=False, batch_size=None, clique_size_s=50, clique_size_t=50, constraint=True, cross_val=False, dimension=2, dimension_s=20, dimension_t=10, enough_space=True, entropy_experiment=False, epsilon=0.005, epsilon_min=0.0, from_graphs='', iter_epsilon=1000, iter_max=1, learning_step=0.8, loss_func_name='square_loss', n_iter_algo=10, n_neighbors=5, n_samples_s=100, n_samples_t=100, name_algo='e_gromov_KL', name_dataset='gaussian_point_graph', nb_iter_batch=1, nb_iter_update_Y=400, noise_graph=0.1, p_in_s=0.5, p_in_t=0.5, param1='0.005', param2='', pickle_name='2', pickle_path='pickle_compare', plot=False, ps_out_s=0.1, ps_out_t=0.1, rdm_seed=12345, repeat=True, same_space=False, save_pickle=True, sparse_graph=True, to_graphs='', value_graph=True, variance_s=5, variance_t=5, verbose=False)
Mean Wasserstein distance 75448.07707624767
Mean Wasserstein distance approximated 75448.077070469
Mean computational time for finding T 0.7260452508926392
Mean computational time for the approximated Wasserstein distance 1.239776611328125e-06
Mean computational time for the real Wasserstein distance 0.454902720451355
Namespace(KL=1, alpha_experiment=False, barycenter=False, batch_size=None, clique_size_s=50, clique_size_t=50, constraint=True, cross_val=False, dimension=2, dimension_s=20, dimension_t=10, enough_space=True, entropy_experiment=False, epsilon=0.005, epsilon_min=0.0, from_graphs='', iter_epsilon=1000, iter_max=1, learning_step=0.8, loss_func_name='square_loss', n_iter_algo=10, n_neighbors=5, n_samples_s=100, n_samples_t=100, name_algo='e_gromov_KL', name_dataset='gaussian_point_graph', nb_iter_batch=1, nb_iter_update_Y=400, noise_graph=0.1, p_in_s=0.5, p_in_t=0.5, param1='0.005', param2='', pickle_name='2', pickle_path='pickle_compare', plot=False, ps_out_s=0.1, ps_out_t=0.1, rdm_seed=12345, repeat=True, same_space=False, save_pickle=True, sparse_graph=True, to_graphs='', value_graph=True, variance_s=5, variance_t=5, verbose=False)
Mean Wasserstein distance 75448.07707624767
Mean Wasserstein distance approximated 75448.077070469
Mean computational time for finding T 0.7260570764541626
Mean computational time for the approximated Wasserstein distance 1.239776611328125e-06
Mean computational time for the real Wasserstein distance 0.4550417184829712
Namespace(KL=1, alpha_experiment=False, barycenter=False, batch_size=None, clique_size_s=50, clique_size_t=50, constraint=True, cross_val=False, dimension=2, dimension_s=20, dimension_t=10, enough_space=True, entropy_experiment=False, epsilon=0.005, epsilon_min=0.0, from_graphs='', iter_epsilon=1000, iter_max=1, learning_step=0.8, loss_func_name='square_loss', n_iter_algo=10, n_neighbors=5, n_samples_s=100, n_samples_t=100, name_algo='e_gromov_KL', name_dataset='gaussian_point_graph', nb_iter_batch=1, nb_iter_update_Y=400, noise_graph=0.1, p_in_s=0.5, p_in_t=0.5, param1='0.005', param2='', pickle_name='2', pickle_path='pickle_compare', plot=False, ps_out_s=0.1, ps_out_t=0.1, rdm_seed=12345, repeat=True, same_space=False, save_pickle=True, sparse_graph=True, to_graphs='', value_graph=True, variance_s=5, variance_t=5, verbose=False)
Mean Wasserstein distance 75448.07707624767
Mean Wasserstein distance approximated 75448.077070469
Mean computational time for finding T 0.7262994527816773
Mean computational time for the approximated Wasserstein distance 1.1205673217773438e-06
Mean computational time for the real Wasserstein distance 0.4549830198287964
Namespace(KL=1, alpha_experiment=False, barycenter=False, batch_size=None, clique_size_s=50, clique_size_t=50, constraint=True, cross_val=False, dimension=2, dimension_s=20, dimension_t=10, enough_space=True, entropy_experiment=False, epsilon=0.005, epsilon_min=0.0, from_graphs='', iter_epsilon=1000, iter_max=1, learning_step=0.8, loss_func_name='square_loss', n_iter_algo=10, n_neighbors=5, n_samples_s=100, n_samples_t=100, name_algo='e_gromov_KL', name_dataset='gaussian_point_graph', nb_iter_batch=1, nb_iter_update_Y=400, noise_graph=0.1, p_in_s=0.5, p_in_t=0.5, param1='0.005', param2='', pickle_name='2', pickle_path='pickle_compare', plot=False, ps_out_s=0.1, ps_out_t=0.1, rdm_seed=12345, repeat=True, same_space=False, save_pickle=True, sparse_graph=True, to_graphs='', value_graph=True, variance_s=5, variance_t=5, verbose=False)
Mean Wasserstein distance 75448.07707624767
Mean Wasserstein distance approximated 75448.077070469
Mean computational time for finding T 0.7274728775024414
Mean computational time for the approximated Wasserstein distance 1.3113021850585938e-06
Mean computational time for the real Wasserstein distance 0.4552194595336914
Namespace(KL=1, alpha_experiment=False, barycenter=False, batch_size=None, clique_size_s=50, clique_size_t=50, constraint=True, cross_val=False, dimension=2, dimension_s=20, dimension_t=10, enough_space=True, entropy_experiment=False, epsilon=0.005, epsilon_min=0.0, from_graphs='', iter_epsilon=1000, iter_max=1, learning_step=0.8, loss_func_name='square_loss', n_iter_algo=10, n_neighbors=5, n_samples_s=100, n_samples_t=100, name_algo='e_gromov_KL', name_dataset='gaussian_point_graph', nb_iter_batch=1, nb_iter_update_Y=400, noise_graph=0.1, p_in_s=0.5, p_in_t=0.5, param1='0.005', param2='', pickle_name='2', pickle_path='pickle_compare', plot=False, ps_out_s=0.1, ps_out_t=0.1, rdm_seed=12345, repeat=True, same_space=False, save_pickle=True, sparse_graph=True, to_graphs='', value_graph=True, variance_s=5, variance_t=5, verbose=False)
Mean Wasserstein distance 75448.07707624767
Mean Wasserstein distance approximated 75448.077070469
Mean computational time for finding T 0.7272932767868042
Mean computational time for the approximated Wasserstein distance 1.049041748046875e-06
Mean computational time for the real Wasserstein distance 0.45556163787841797
Namespace(KL=1, alpha_experiment=False, barycenter=False, batch_size=None, clique_size_s=50, clique_size_t=50, constraint=True, cross_val=False, dimension=2, dimension_s=20, dimension_t=10, enough_space=True, entropy_experiment=False, epsilon=0.005, epsilon_min=0.0, from_graphs='', iter_epsilon=1000, iter_max=1, learning_step=0.8, loss_func_name='square_loss', n_iter_algo=10, n_neighbors=5, n_samples_s=100, n_samples_t=100, name_algo='e_gromov_KL', name_dataset='gaussian_point_graph', nb_iter_batch=1, nb_iter_update_Y=400, noise_graph=0.1, p_in_s=0.5, p_in_t=0.5, param1='0.005', param2='', pickle_name='2', pickle_path='pickle_compare', plot=False, ps_out_s=0.1, ps_out_t=0.1, rdm_seed=12345, repeat=True, same_space=False, save_pickle=True, sparse_graph=True, to_graphs='', value_graph=True, variance_s=5, variance_t=5, verbose=False)
Mean Wasserstein distance 75448.07707624767
Mean Wasserstein distance approximated 75448.077070469
Mean computational time for finding T 0.7297311544418335
Mean computational time for the approximated Wasserstein distance 1.2636184692382812e-06
Mean computational time for the real Wasserstein distance 0.4554043531417847
---------------------------------------
Begin Slurm Epilog: Jun-05-2023 15:31:43
Job ID:        2359696
Array Job ID:  _4294967294
User ID:       klapborisuth3
Account:       gts-saluru8-coda20
Job name:      e_gromov_KL_gaussian_point_graph_100_square_loss_0.005
Resources:     cpu=8,mem=64G,node=1
Rsrc Used:     cput=00:16:00,vmem=15576K,walltime=00:02:00,mem=8524K,energy_used=0
Partition:     cpu-small
QOS:           inferno
Nodes:         atl1-1-02-007-1-2
---------------------------------------
