---------------------------------------
Begin Slurm Prolog: Jun-06-2023 16:11:07
Job ID:    2374479
User ID:   klapborisuth3
Account:   gts-saluru8-coda20
Job name:  uniform_gaussian_graph_1001_1_loss
Partition: cpu-medium
QOS:       inferno
---------------------------------------
---------------------------------------
Begin Slurm Epilog: Jun-07-2023 08:11:12
Job ID:        2374479
Array Job ID:  _4294967294
User ID:       klapborisuth3
Account:       gts-saluru8-coda20
Job name:      uniform_gaussian_graph_1001_1_loss
Resources:     cpu=8,mem=128G,node=1
Rsrc Used:     cput=5-08:00:16,vmem=8776K,walltime=16:00:02,mem=8532K,energy_used=0
Partition:     cpu-medium
QOS:           inferno
Nodes:         atl1-1-01-006-13-1
---------------------------------------
