---------------------------------------
Begin Slurm Prolog: Jun-06-2023 20:36:58
Job ID:    2374434
User ID:   klapborisuth3
Account:   gts-saluru8-coda20
Job name:  sampled_gromov_e_constant_gaussian_point_graph_10000_1_loss_1000_100
Partition: cpu-large
QOS:       inferno
---------------------------------------
---------------------------------------
Begin Slurm Epilog: Jun-07-2023 11:37:12
Job ID:        2374434
Array Job ID:  _4294967294
User ID:       klapborisuth3
Account:       gts-saluru8-coda20
Job name:      sampled_gromov_e_constant_gaussian_point_graph_10000_1_loss_1000_100
Resources:     cpu=8,mem=256G,node=1
Rsrc Used:     cput=5-00:01:36,vmem=10248K,walltime=15:00:12,mem=8528K,energy_used=0
Partition:     cpu-large
QOS:           inferno
Nodes:         atl1-1-01-005-35-2
---------------------------------------
