---------------------------------------
Begin Slurm Prolog: Jun-06-2023 19:42:04
Job ID:    2374432
User ID:   klapborisuth3
Account:   gts-saluru8-coda20
Job name:  sampled_gromov_e_constant_gaussian_point_graph_10000_1_loss_1000_50
Partition: cpu-large
QOS:       inferno
---------------------------------------
---------------------------------------
Begin Slurm Epilog: Jun-07-2023 10:42:12
Job ID:        2374432
Array Job ID:  _4294967294
User ID:       klapborisuth3
Account:       gts-saluru8-coda20
Job name:      sampled_gromov_e_constant_gaussian_point_graph_10000_1_loss_1000_50
Resources:     cpu=8,mem=256G,node=1
Rsrc Used:     cput=5-00:00:48,vmem=10244K,walltime=15:00:06,mem=8524K,energy_used=0
Partition:     cpu-large
QOS:           inferno
Nodes:         atl1-1-02-004-4-2
---------------------------------------
