---------------------------------------
Begin Slurm Prolog: Jun-06-2023 09:04:38
Job ID:    2368455
User ID:   klapborisuth3
Account:   gts-saluru8-coda20
Job name:  sampled_gromov_e_constant_gaussian_point_graph_100_square_loss_1_500
Partition: cpu-medium
QOS:       inferno
---------------------------------------
Namespace(KL=1, alpha_experiment=False, barycenter=False, batch_size=[[1, None], [1, None]], clique_size_s=50, clique_size_t=50, constraint=True, cross_val=False, dimension=2, dimension_s=20, dimension_t=10, enough_space=True, entropy_experiment=False, epsilon=1.0, epsilon_min=0.0, from_graphs='', iter_epsilon=500, iter_max=1, learning_step=0.8, loss_func_name='square_loss', n_iter_algo=10, n_neighbors=5, n_samples_s=100, n_samples_t=100, name_algo='sampled_gromov_e_constant', name_dataset='gaussian_point_graph', nb_iter_batch=1, nb_iter_update_Y=400, noise_graph=0.1, p_in_s=0.5, p_in_t=0.5, param1='1', param2='500', pickle_name='2', pickle_path='pickle_compare', plot=False, ps_out_s=0.1, ps_out_t=0.1, rdm_seed=12345, repeat=True, same_space=False, save_pickle=True, sparse_graph=True, to_graphs='', value_graph=True, variance_s=5, variance_t=5, verbose=False)
Mean Wasserstein distance 75587.90258349295
Mean Wasserstein distance approximated 75596.97016927888
Mean computational time for finding T 6.1629129409790036
Mean computational time for the approximated Wasserstein distance 0.009964561462402344
Mean computational time for the real Wasserstein distance 0.5099474191665649
Namespace(KL=1, alpha_experiment=False, barycenter=False, batch_size=[[1, None], [1, None]], clique_size_s=50, clique_size_t=50, constraint=True, cross_val=False, dimension=2, dimension_s=20, dimension_t=10, enough_space=True, entropy_experiment=False, epsilon=1.0, epsilon_min=0.0, from_graphs='', iter_epsilon=500, iter_max=1, learning_step=0.8, loss_func_name='square_loss', n_iter_algo=10, n_neighbors=5, n_samples_s=100, n_samples_t=100, name_algo='sampled_gromov_e_constant', name_dataset='gaussian_point_graph', nb_iter_batch=1, nb_iter_update_Y=400, noise_graph=0.1, p_in_s=0.5, p_in_t=0.5, param1='1', param2='500', pickle_name='2', pickle_path='pickle_compare', plot=False, ps_out_s=0.1, ps_out_t=0.1, rdm_seed=12345, repeat=True, same_space=False, save_pickle=True, sparse_graph=True, to_graphs='', value_graph=True, variance_s=5, variance_t=5, verbose=False)
Mean Wasserstein distance 75587.90258349295
Mean Wasserstein distance approximated 75596.97016927888
Mean computational time for finding T 6.167839598655701
Mean computational time for the approximated Wasserstein distance 0.009858155250549316
Mean computational time for the real Wasserstein distance 0.5104368209838868
Namespace(KL=1, alpha_experiment=False, barycenter=False, batch_size=[[1, None], [1, None]], clique_size_s=50, clique_size_t=50, constraint=True, cross_val=False, dimension=2, dimension_s=20, dimension_t=10, enough_space=True, entropy_experiment=False, epsilon=1.0, epsilon_min=0.0, from_graphs='', iter_epsilon=500, iter_max=1, learning_step=0.8, loss_func_name='square_loss', n_iter_algo=10, n_neighbors=5, n_samples_s=100, n_samples_t=100, name_algo='sampled_gromov_e_constant', name_dataset='gaussian_point_graph', nb_iter_batch=1, nb_iter_update_Y=400, noise_graph=0.1, p_in_s=0.5, p_in_t=0.5, param1='1', param2='500', pickle_name='2', pickle_path='pickle_compare', plot=False, ps_out_s=0.1, ps_out_t=0.1, rdm_seed=12345, repeat=True, same_space=False, save_pickle=True, sparse_graph=True, to_graphs='', value_graph=True, variance_s=5, variance_t=5, verbose=False)
Mean Wasserstein distance 75587.90258349295
Mean Wasserstein distance approximated 75596.97016927888
Mean computational time for finding T 6.17288191318512
Mean computational time for the approximated Wasserstein distance 0.00991208553314209
Mean computational time for the real Wasserstein distance 0.5100002527236939
Namespace(KL=1, alpha_experiment=False, barycenter=False, batch_size=[[1, None], [1, None]], clique_size_s=50, clique_size_t=50, constraint=True, cross_val=False, dimension=2, dimension_s=20, dimension_t=10, enough_space=True, entropy_experiment=False, epsilon=1.0, epsilon_min=0.0, from_graphs='', iter_epsilon=500, iter_max=1, learning_step=0.8, loss_func_name='square_loss', n_iter_algo=10, n_neighbors=5, n_samples_s=100, n_samples_t=100, name_algo='sampled_gromov_e_constant', name_dataset='gaussian_point_graph', nb_iter_batch=1, nb_iter_update_Y=400, noise_graph=0.1, p_in_s=0.5, p_in_t=0.5, param1='1', param2='500', pickle_name='2', pickle_path='pickle_compare', plot=False, ps_out_s=0.1, ps_out_t=0.1, rdm_seed=12345, repeat=True, same_space=False, save_pickle=True, sparse_graph=True, to_graphs='', value_graph=True, variance_s=5, variance_t=5, verbose=False)
Mean Wasserstein distance 75587.90258349295
Mean Wasserstein distance approximated 75596.97016927888
Mean computational time for finding T 6.17646017074585
Mean computational time for the approximated Wasserstein distance 0.009874296188354493
Mean computational time for the real Wasserstein distance 0.511278510093689
Namespace(KL=1, alpha_experiment=False, barycenter=False, batch_size=[[1, None], [1, None]], clique_size_s=50, clique_size_t=50, constraint=True, cross_val=False, dimension=2, dimension_s=20, dimension_t=10, enough_space=True, entropy_experiment=False, epsilon=1.0, epsilon_min=0.0, from_graphs='', iter_epsilon=500, iter_max=1, learning_step=0.8, loss_func_name='square_loss', n_iter_algo=10, n_neighbors=5, n_samples_s=100, n_samples_t=100, name_algo='sampled_gromov_e_constant', name_dataset='gaussian_point_graph', nb_iter_batch=1, nb_iter_update_Y=400, noise_graph=0.1, p_in_s=0.5, p_in_t=0.5, param1='1', param2='500', pickle_name='2', pickle_path='pickle_compare', plot=False, ps_out_s=0.1, ps_out_t=0.1, rdm_seed=12345, repeat=True, same_space=False, save_pickle=True, sparse_graph=True, to_graphs='', value_graph=True, variance_s=5, variance_t=5, verbose=False)
Mean Wasserstein distance 75587.90258349295
Mean Wasserstein distance approximated 75596.97016927888
Mean computational time for finding T 6.189052271842956
Mean computational time for the approximated Wasserstein distance 0.009878969192504883
Mean computational time for the real Wasserstein distance 0.5123337268829345
Namespace(KL=1, alpha_experiment=False, barycenter=False, batch_size=[[1, None], [1, None]], clique_size_s=50, clique_size_t=50, constraint=True, cross_val=False, dimension=2, dimension_s=20, dimension_t=10, enough_space=True, entropy_experiment=False, epsilon=1.0, epsilon_min=0.0, from_graphs='', iter_epsilon=500, iter_max=1, learning_step=0.8, loss_func_name='square_loss', n_iter_algo=10, n_neighbors=5, n_samples_s=100, n_samples_t=100, name_algo='sampled_gromov_e_constant', name_dataset='gaussian_point_graph', nb_iter_batch=1, nb_iter_update_Y=400, noise_graph=0.1, p_in_s=0.5, p_in_t=0.5, param1='1', param2='500', pickle_name='2', pickle_path='pickle_compare', plot=False, ps_out_s=0.1, ps_out_t=0.1, rdm_seed=12345, repeat=True, same_space=False, save_pickle=True, sparse_graph=True, to_graphs='', value_graph=True, variance_s=5, variance_t=5, verbose=False)
Mean Wasserstein distance 75587.90258349295
Mean Wasserstein distance approximated 75596.97016927888
Mean computational time for finding T 6.19719877243042
Mean computational time for the approximated Wasserstein distance 0.00989391803741455
Mean computational time for the real Wasserstein distance 0.5119917869567872
Namespace(KL=1, alpha_experiment=False, barycenter=False, batch_size=[[1, None], [1, None]], clique_size_s=50, clique_size_t=50, constraint=True, cross_val=False, dimension=2, dimension_s=20, dimension_t=10, enough_space=True, entropy_experiment=False, epsilon=1.0, epsilon_min=0.0, from_graphs='', iter_epsilon=500, iter_max=1, learning_step=0.8, loss_func_name='square_loss', n_iter_algo=10, n_neighbors=5, n_samples_s=100, n_samples_t=100, name_algo='sampled_gromov_e_constant', name_dataset='gaussian_point_graph', nb_iter_batch=1, nb_iter_update_Y=400, noise_graph=0.1, p_in_s=0.5, p_in_t=0.5, param1='1', param2='500', pickle_name='2', pickle_path='pickle_compare', plot=False, ps_out_s=0.1, ps_out_t=0.1, rdm_seed=12345, repeat=True, same_space=False, save_pickle=True, sparse_graph=True, to_graphs='', value_graph=True, variance_s=5, variance_t=5, verbose=False)
Mean Wasserstein distance 75587.90258349295
Mean Wasserstein distance approximated 75596.97016927888
Mean computational time for finding T 6.203879642486572
Mean computational time for the approximated Wasserstein distance 0.009883642196655273
Mean computational time for the real Wasserstein distance 0.5129165172576904
Namespace(KL=1, alpha_experiment=False, barycenter=False, batch_size=[[1, None], [1, None]], clique_size_s=50, clique_size_t=50, constraint=True, cross_val=False, dimension=2, dimension_s=20, dimension_t=10, enough_space=True, entropy_experiment=False, epsilon=1.0, epsilon_min=0.0, from_graphs='', iter_epsilon=500, iter_max=1, learning_step=0.8, loss_func_name='square_loss', n_iter_algo=10, n_neighbors=5, n_samples_s=100, n_samples_t=100, name_algo='sampled_gromov_e_constant', name_dataset='gaussian_point_graph', nb_iter_batch=1, nb_iter_update_Y=400, noise_graph=0.1, p_in_s=0.5, p_in_t=0.5, param1='1', param2='500', pickle_name='2', pickle_path='pickle_compare', plot=False, ps_out_s=0.1, ps_out_t=0.1, rdm_seed=12345, repeat=True, same_space=False, save_pickle=True, sparse_graph=True, to_graphs='', value_graph=True, variance_s=5, variance_t=5, verbose=False)
Mean Wasserstein distance 75587.90258349295
Mean Wasserstein distance approximated 75596.97016927888
Mean computational time for finding T 6.223401403427124
Mean computational time for the approximated Wasserstein distance 0.009894609451293945
Mean computational time for the real Wasserstein distance 0.5143697738647461
---------------------------------------
Begin Slurm Epilog: Jun-06-2023 09:05:55
Job ID:        2368455
Array Job ID:  _4294967294
User ID:       klapborisuth3
Account:       gts-saluru8-coda20
Job name:      sampled_gromov_e_constant_gaussian_point_graph_100_square_loss_1_500
Resources:     cpu=8,mem=128G,node=1
Rsrc Used:     cput=00:10:24,vmem=9336K,walltime=00:01:18,mem=8532K,energy_used=0
Partition:     cpu-medium
QOS:           inferno
Nodes:         atl1-1-01-003-12-2
---------------------------------------
