---------------------------------------
Begin Slurm Prolog: Jun-06-2023 09:04:55
Job ID:    2368573
User ID:   klapborisuth3
Account:   gts-saluru8-coda20
Job name:  sampled_gromov_e_constant_gaussian_point_graph_200_1_loss_100_100
Partition: cpu-medium
QOS:       inferno
---------------------------------------
Namespace(KL=1, alpha_experiment=False, barycenter=False, batch_size=[[100, None], [1, None]], clique_size_s=100, clique_size_t=100, constraint=True, cross_val=False, dimension=2, dimension_s=20, dimension_t=10, enough_space=True, entropy_experiment=False, epsilon=1.0, epsilon_min=0.0, from_graphs='', iter_epsilon=100, iter_max=1, learning_step=0.8, loss_func_name='1_loss', n_iter_algo=10, n_neighbors=5, n_samples_s=200, n_samples_t=200, name_algo='sampled_gromov_e_constant', name_dataset='gaussian_point_graph', nb_iter_batch=1, nb_iter_update_Y=400, noise_graph=0.1, p_in_s=0.5, p_in_t=0.5, param1='100', param2='100', pickle_name='2', pickle_path='pickle_compare', plot=False, ps_out_s=0.1, ps_out_t=0.1, rdm_seed=12345, repeat=True, same_space=False, save_pickle=True, sparse_graph=True, to_graphs='', value_graph=True, variance_s=5, variance_t=5, verbose=False)
Warning catched: Return last stable T
Warning catched: Return last stable T
Warning catched: Return last stable T
Warning catched: Return last stable T
Warning catched: Return last stable T
Warning catched: Return last stable T
Warning catched: Return last stable T
Mean Wasserstein distance 110.56794373150183
Mean Wasserstein distance approximated 110.49453069548652
Mean computational time for finding T 3.1768081188201904
Mean computational time for the approximated Wasserstein distance 0.02497251033782959
Mean computational time for the real Wasserstein distance 6.544114255905152
Namespace(KL=1, alpha_experiment=False, barycenter=False, batch_size=[[100, None], [1, None]], clique_size_s=100, clique_size_t=100, constraint=True, cross_val=False, dimension=2, dimension_s=20, dimension_t=10, enough_space=True, entropy_experiment=False, epsilon=1.0, epsilon_min=0.0, from_graphs='', iter_epsilon=100, iter_max=1, learning_step=0.8, loss_func_name='1_loss', n_iter_algo=10, n_neighbors=5, n_samples_s=200, n_samples_t=200, name_algo='sampled_gromov_e_constant', name_dataset='gaussian_point_graph', nb_iter_batch=1, nb_iter_update_Y=400, noise_graph=0.1, p_in_s=0.5, p_in_t=0.5, param1='100', param2='100', pickle_name='2', pickle_path='pickle_compare', plot=False, ps_out_s=0.1, ps_out_t=0.1, rdm_seed=12345, repeat=True, same_space=False, save_pickle=True, sparse_graph=True, to_graphs='', value_graph=True, variance_s=5, variance_t=5, verbose=False)
Warning catched: Return last stable T
Warning catched: Return last stable T
Warning catched: Return last stable T
Warning catched: Return last stable T
Warning catched: Return last stable T
Warning catched: Return last stable T
Warning catched: Return last stable T
Mean Wasserstein distance 110.56794373150183
Mean Wasserstein distance approximated 110.49453069548652
Mean computational time for finding T 3.1888904571533203
Mean computational time for the approximated Wasserstein distance 0.025040555000305175
Mean computational time for the real Wasserstein distance 6.570514512062073
Namespace(KL=1, alpha_experiment=False, barycenter=False, batch_size=[[100, None], [1, None]], clique_size_s=100, clique_size_t=100, constraint=True, cross_val=False, dimension=2, dimension_s=20, dimension_t=10, enough_space=True, entropy_experiment=False, epsilon=1.0, epsilon_min=0.0, from_graphs='', iter_epsilon=100, iter_max=1, learning_step=0.8, loss_func_name='1_loss', n_iter_algo=10, n_neighbors=5, n_samples_s=200, n_samples_t=200, name_algo='sampled_gromov_e_constant', name_dataset='gaussian_point_graph', nb_iter_batch=1, nb_iter_update_Y=400, noise_graph=0.1, p_in_s=0.5, p_in_t=0.5, param1='100', param2='100', pickle_name='2', pickle_path='pickle_compare', plot=False, ps_out_s=0.1, ps_out_t=0.1, rdm_seed=12345, repeat=True, same_space=False, save_pickle=True, sparse_graph=True, to_graphs='', value_graph=True, variance_s=5, variance_t=5, verbose=False)
Warning catched: Return last stable T
Warning catched: Return last stable T
Warning catched: Return last stable T
Warning catched: Return last stable T
Warning catched: Return last stable T
Warning catched: Return last stable T
Warning catched: Return last stable T
Mean Wasserstein distance 110.56794373150183
Mean Wasserstein distance approximated 110.49453069548652
Mean computational time for finding T 3.188800740242004
Mean computational time for the approximated Wasserstein distance 0.02512342929840088
Mean computational time for the real Wasserstein distance 6.574088430404663
Namespace(KL=1, alpha_experiment=False, barycenter=False, batch_size=[[100, None], [1, None]], clique_size_s=100, clique_size_t=100, constraint=True, cross_val=False, dimension=2, dimension_s=20, dimension_t=10, enough_space=True, entropy_experiment=False, epsilon=1.0, epsilon_min=0.0, from_graphs='', iter_epsilon=100, iter_max=1, learning_step=0.8, loss_func_name='1_loss', n_iter_algo=10, n_neighbors=5, n_samples_s=200, n_samples_t=200, name_algo='sampled_gromov_e_constant', name_dataset='gaussian_point_graph', nb_iter_batch=1, nb_iter_update_Y=400, noise_graph=0.1, p_in_s=0.5, p_in_t=0.5, param1='100', param2='100', pickle_name='2', pickle_path='pickle_compare', plot=False, ps_out_s=0.1, ps_out_t=0.1, rdm_seed=12345, repeat=True, same_space=False, save_pickle=True, sparse_graph=True, to_graphs='', value_graph=True, variance_s=5, variance_t=5, verbose=False)
Warning catched: Return last stable T
Warning catched: Return last stable T
Warning catched: Return last stable T
Warning catched: Return last stable T
Warning catched: Return last stable T
Warning catched: Return last stable T
Warning catched: Return last stable T
Mean Wasserstein distance 110.56794373150183
Mean Wasserstein distance approximated 110.49453069548652
Mean computational time for finding T 3.1935210704803465
Mean computational time for the approximated Wasserstein distance 0.0250957727432251
Mean computational time for the real Wasserstein distance 6.571310687065124
Namespace(KL=1, alpha_experiment=False, barycenter=False, batch_size=[[100, None], [1, None]], clique_size_s=100, clique_size_t=100, constraint=True, cross_val=False, dimension=2, dimension_s=20, dimension_t=10, enough_space=True, entropy_experiment=False, epsilon=1.0, epsilon_min=0.0, from_graphs='', iter_epsilon=100, iter_max=1, learning_step=0.8, loss_func_name='1_loss', n_iter_algo=10, n_neighbors=5, n_samples_s=200, n_samples_t=200, name_algo='sampled_gromov_e_constant', name_dataset='gaussian_point_graph', nb_iter_batch=1, nb_iter_update_Y=400, noise_graph=0.1, p_in_s=0.5, p_in_t=0.5, param1='100', param2='100', pickle_name='2', pickle_path='pickle_compare', plot=False, ps_out_s=0.1, ps_out_t=0.1, rdm_seed=12345, repeat=True, same_space=False, save_pickle=True, sparse_graph=True, to_graphs='', value_graph=True, variance_s=5, variance_t=5, verbose=False)
Warning catched: Return last stable T
Warning catched: Return last stable T
Warning catched: Return last stable T
Warning catched: Return last stable T
Warning catched: Return last stable T
Warning catched: Return last stable T
Warning catched: Return last stable T
Mean Wasserstein distance 110.56794373150183
Mean Wasserstein distance approximated 110.49453069548652
Mean computational time for finding T 3.1856298446655273
Mean computational time for the approximated Wasserstein distance 0.02504403591156006
Mean computational time for the real Wasserstein distance 6.5806172609329225
Namespace(KL=1, alpha_experiment=False, barycenter=False, batch_size=[[100, None], [1, None]], clique_size_s=100, clique_size_t=100, constraint=True, cross_val=False, dimension=2, dimension_s=20, dimension_t=10, enough_space=True, entropy_experiment=False, epsilon=1.0, epsilon_min=0.0, from_graphs='', iter_epsilon=100, iter_max=1, learning_step=0.8, loss_func_name='1_loss', n_iter_algo=10, n_neighbors=5, n_samples_s=200, n_samples_t=200, name_algo='sampled_gromov_e_constant', name_dataset='gaussian_point_graph', nb_iter_batch=1, nb_iter_update_Y=400, noise_graph=0.1, p_in_s=0.5, p_in_t=0.5, param1='100', param2='100', pickle_name='2', pickle_path='pickle_compare', plot=False, ps_out_s=0.1, ps_out_t=0.1, rdm_seed=12345, repeat=True, same_space=False, save_pickle=True, sparse_graph=True, to_graphs='', value_graph=True, variance_s=5, variance_t=5, verbose=False)
Warning catched: Return last stable T
Warning catched: Return last stable T
Warning catched: Return last stable T
Warning catched: Return last stable T
Warning catched: Return last stable T
Warning catched: Return last stable T
Warning catched: Return last stable T
Mean Wasserstein distance 110.56794373150183
Mean Wasserstein distance approximated 110.49453069548652
Mean computational time for finding T 3.2045762300491334
Mean computational time for the approximated Wasserstein distance 0.025188279151916505
Mean computational time for the real Wasserstein distance 6.617901682853699
Namespace(KL=1, alpha_experiment=False, barycenter=False, batch_size=[[100, None], [1, None]], clique_size_s=100, clique_size_t=100, constraint=True, cross_val=False, dimension=2, dimension_s=20, dimension_t=10, enough_space=True, entropy_experiment=False, epsilon=1.0, epsilon_min=0.0, from_graphs='', iter_epsilon=100, iter_max=1, learning_step=0.8, loss_func_name='1_loss', n_iter_algo=10, n_neighbors=5, n_samples_s=200, n_samples_t=200, name_algo='sampled_gromov_e_constant', name_dataset='gaussian_point_graph', nb_iter_batch=1, nb_iter_update_Y=400, noise_graph=0.1, p_in_s=0.5, p_in_t=0.5, param1='100', param2='100', pickle_name='2', pickle_path='pickle_compare', plot=False, ps_out_s=0.1, ps_out_t=0.1, rdm_seed=12345, repeat=True, same_space=False, save_pickle=True, sparse_graph=True, to_graphs='', value_graph=True, variance_s=5, variance_t=5, verbose=False)
Warning catched: Return last stable T
Warning catched: Return last stable T
Warning catched: Return last stable T
Warning catched: Return last stable T
Warning catched: Return last stable T
Warning catched: Return last stable T
Warning catched: Return last stable T
Mean Wasserstein distance 110.56794373150183
Mean Wasserstein distance approximated 110.49453069548652
Mean computational time for finding T 3.217758297920227
Mean computational time for the approximated Wasserstein distance 0.025065279006958006
Mean computational time for the real Wasserstein distance 6.636882472038269
Namespace(KL=1, alpha_experiment=False, barycenter=False, batch_size=[[100, None], [1, None]], clique_size_s=100, clique_size_t=100, constraint=True, cross_val=False, dimension=2, dimension_s=20, dimension_t=10, enough_space=True, entropy_experiment=False, epsilon=1.0, epsilon_min=0.0, from_graphs='', iter_epsilon=100, iter_max=1, learning_step=0.8, loss_func_name='1_loss', n_iter_algo=10, n_neighbors=5, n_samples_s=200, n_samples_t=200, name_algo='sampled_gromov_e_constant', name_dataset='gaussian_point_graph', nb_iter_batch=1, nb_iter_update_Y=400, noise_graph=0.1, p_in_s=0.5, p_in_t=0.5, param1='100', param2='100', pickle_name='2', pickle_path='pickle_compare', plot=False, ps_out_s=0.1, ps_out_t=0.1, rdm_seed=12345, repeat=True, same_space=False, save_pickle=True, sparse_graph=True, to_graphs='', value_graph=True, variance_s=5, variance_t=5, verbose=False)
Warning catched: Return last stable T
Warning catched: Return last stable T
Warning catched: Return last stable T
Warning catched: Return last stable T
Warning catched: Return last stable T
Warning catched: Return last stable T
Warning catched: Return last stable T
Mean Wasserstein distance 110.56794373150183
Mean Wasserstein distance approximated 110.49453069548652
Mean computational time for finding T 3.210469388961792
Mean computational time for the approximated Wasserstein distance 0.02501862049102783
Mean computational time for the real Wasserstein distance 6.653048634529114
---------------------------------------
Begin Slurm Epilog: Jun-06-2023 09:06:47
Job ID:        2368573
Array Job ID:  _4294967294
User ID:       klapborisuth3
Account:       gts-saluru8-coda20
Job name:      sampled_gromov_e_constant_gaussian_point_graph_200_1_loss_100_100
Resources:     cpu=8,mem=128G,node=1
Rsrc Used:     cput=00:15:04,vmem=8540K,walltime=00:01:53,mem=8532K,energy_used=0
Partition:     cpu-medium
QOS:           inferno
Nodes:         atl1-1-01-005-33-1
---------------------------------------
