---------------------------------------
Begin Slurm Prolog: Jun-06-2023 09:04:57
Job ID:    2368578
User ID:   klapborisuth3
Account:   gts-saluru8-coda20
Job name:  sampled_gromov_e_constant_gaussian_point_graph_200_square_loss_100_1000
Partition: cpu-medium
QOS:       inferno
---------------------------------------
Namespace(KL=1, alpha_experiment=False, barycenter=False, batch_size=[[100, None], [1, None]], clique_size_s=100, clique_size_t=100, constraint=True, cross_val=False, dimension=2, dimension_s=20, dimension_t=10, enough_space=True, entropy_experiment=False, epsilon=1.0, epsilon_min=0.0, from_graphs='', iter_epsilon=1000, iter_max=1, learning_step=0.8, loss_func_name='square_loss', n_iter_algo=10, n_neighbors=5, n_samples_s=200, n_samples_t=200, name_algo='sampled_gromov_e_constant', name_dataset='gaussian_point_graph', nb_iter_batch=1, nb_iter_update_Y=400, noise_graph=0.1, p_in_s=0.5, p_in_t=0.5, param1='100', param2='1000', pickle_name='2', pickle_path='pickle_compare', plot=False, ps_out_s=0.1, ps_out_t=0.1, rdm_seed=12345, repeat=True, same_space=False, save_pickle=True, sparse_graph=True, to_graphs='', value_graph=True, variance_s=5, variance_t=5, verbose=False)
Warning catched: Return last stable T
Warning catched: Return last stable T
Warning catched: Return last stable T
Warning catched: Return last stable T
Warning catched: Return last stable T
Warning catched: Return last stable T
Warning catched: Return last stable T
Warning catched: Return last stable T
Warning catched: Return last stable T
Warning catched: Return last stable T
Mean Wasserstein distance 19622.764115900478
Mean Wasserstein distance approximated 19617.745845179124
Mean computational time for finding T 6.295259976387024
Mean computational time for the approximated Wasserstein distance 0.025366926193237306
Mean computational time for the real Wasserstein distance 6.456837511062622
Namespace(KL=1, alpha_experiment=False, barycenter=False, batch_size=[[100, None], [1, None]], clique_size_s=100, clique_size_t=100, constraint=True, cross_val=False, dimension=2, dimension_s=20, dimension_t=10, enough_space=True, entropy_experiment=False, epsilon=1.0, epsilon_min=0.0, from_graphs='', iter_epsilon=1000, iter_max=1, learning_step=0.8, loss_func_name='square_loss', n_iter_algo=10, n_neighbors=5, n_samples_s=200, n_samples_t=200, name_algo='sampled_gromov_e_constant', name_dataset='gaussian_point_graph', nb_iter_batch=1, nb_iter_update_Y=400, noise_graph=0.1, p_in_s=0.5, p_in_t=0.5, param1='100', param2='1000', pickle_name='2', pickle_path='pickle_compare', plot=False, ps_out_s=0.1, ps_out_t=0.1, rdm_seed=12345, repeat=True, same_space=False, save_pickle=True, sparse_graph=True, to_graphs='', value_graph=True, variance_s=5, variance_t=5, verbose=False)
Warning catched: Return last stable T
Warning catched: Return last stable T
Warning catched: Return last stable T
Warning catched: Return last stable T
Warning catched: Return last stable T
Warning catched: Return last stable T
Warning catched: Return last stable T
Warning catched: Return last stable T
Warning catched: Return last stable T
Warning catched: Return last stable T
Mean Wasserstein distance 19622.764115900478
Mean Wasserstein distance approximated 19617.745845179124
Mean computational time for finding T 6.316601133346557
Mean computational time for the approximated Wasserstein distance 0.025498485565185545
Mean computational time for the real Wasserstein distance 6.471451377868652
Namespace(KL=1, alpha_experiment=False, barycenter=False, batch_size=[[100, None], [1, None]], clique_size_s=100, clique_size_t=100, constraint=True, cross_val=False, dimension=2, dimension_s=20, dimension_t=10, enough_space=True, entropy_experiment=False, epsilon=1.0, epsilon_min=0.0, from_graphs='', iter_epsilon=1000, iter_max=1, learning_step=0.8, loss_func_name='square_loss', n_iter_algo=10, n_neighbors=5, n_samples_s=200, n_samples_t=200, name_algo='sampled_gromov_e_constant', name_dataset='gaussian_point_graph', nb_iter_batch=1, nb_iter_update_Y=400, noise_graph=0.1, p_in_s=0.5, p_in_t=0.5, param1='100', param2='1000', pickle_name='2', pickle_path='pickle_compare', plot=False, ps_out_s=0.1, ps_out_t=0.1, rdm_seed=12345, repeat=True, same_space=False, save_pickle=True, sparse_graph=True, to_graphs='', value_graph=True, variance_s=5, variance_t=5, verbose=False)
Warning catched: Return last stable T
Warning catched: Return last stable T
Warning catched: Return last stable T
Warning catched: Return last stable T
Warning catched: Return last stable T
Warning catched: Return last stable T
Warning catched: Return last stable T
Warning catched: Return last stable T
Warning catched: Return last stable T
Warning catched: Return last stable T
Mean Wasserstein distance 19622.764115900478
Mean Wasserstein distance approximated 19617.745845179124
Mean computational time for finding T 6.331919121742248
Mean computational time for the approximated Wasserstein distance 0.025410032272338866
Mean computational time for the real Wasserstein distance 6.471759724617004
Namespace(KL=1, alpha_experiment=False, barycenter=False, batch_size=[[100, None], [1, None]], clique_size_s=100, clique_size_t=100, constraint=True, cross_val=False, dimension=2, dimension_s=20, dimension_t=10, enough_space=True, entropy_experiment=False, epsilon=1.0, epsilon_min=0.0, from_graphs='', iter_epsilon=1000, iter_max=1, learning_step=0.8, loss_func_name='square_loss', n_iter_algo=10, n_neighbors=5, n_samples_s=200, n_samples_t=200, name_algo='sampled_gromov_e_constant', name_dataset='gaussian_point_graph', nb_iter_batch=1, nb_iter_update_Y=400, noise_graph=0.1, p_in_s=0.5, p_in_t=0.5, param1='100', param2='1000', pickle_name='2', pickle_path='pickle_compare', plot=False, ps_out_s=0.1, ps_out_t=0.1, rdm_seed=12345, repeat=True, same_space=False, save_pickle=True, sparse_graph=True, to_graphs='', value_graph=True, variance_s=5, variance_t=5, verbose=False)
Warning catched: Return last stable T
Warning catched: Return last stable T
Warning catched: Return last stable T
Warning catched: Return last stable T
Warning catched: Return last stable T
Warning catched: Return last stable T
Warning catched: Return last stable T
Warning catched: Return last stable T
Warning catched: Return last stable T
Warning catched: Return last stable T
Mean Wasserstein distance 19622.764115900478
Mean Wasserstein distance approximated 19617.745845179124
Mean computational time for finding T 6.329822516441345
Mean computational time for the approximated Wasserstein distance 0.025548553466796874
Mean computational time for the real Wasserstein distance 6.482960343360901
Namespace(KL=1, alpha_experiment=False, barycenter=False, batch_size=[[100, None], [1, None]], clique_size_s=100, clique_size_t=100, constraint=True, cross_val=False, dimension=2, dimension_s=20, dimension_t=10, enough_space=True, entropy_experiment=False, epsilon=1.0, epsilon_min=0.0, from_graphs='', iter_epsilon=1000, iter_max=1, learning_step=0.8, loss_func_name='square_loss', n_iter_algo=10, n_neighbors=5, n_samples_s=200, n_samples_t=200, name_algo='sampled_gromov_e_constant', name_dataset='gaussian_point_graph', nb_iter_batch=1, nb_iter_update_Y=400, noise_graph=0.1, p_in_s=0.5, p_in_t=0.5, param1='100', param2='1000', pickle_name='2', pickle_path='pickle_compare', plot=False, ps_out_s=0.1, ps_out_t=0.1, rdm_seed=12345, repeat=True, same_space=False, save_pickle=True, sparse_graph=True, to_graphs='', value_graph=True, variance_s=5, variance_t=5, verbose=False)
Warning catched: Return last stable T
Warning catched: Return last stable T
Warning catched: Return last stable T
Warning catched: Return last stable T
Warning catched: Return last stable T
Warning catched: Return last stable T
Warning catched: Return last stable T
Warning catched: Return last stable T
Warning catched: Return last stable T
Warning catched: Return last stable T
Mean Wasserstein distance 19622.764115900478
Mean Wasserstein distance approximated 19617.745845179124
Mean computational time for finding T 6.349712061882019
Mean computational time for the approximated Wasserstein distance 0.025471591949462892
Mean computational time for the real Wasserstein distance 6.491074109077454
Namespace(KL=1, alpha_experiment=False, barycenter=False, batch_size=[[100, None], [1, None]], clique_size_s=100, clique_size_t=100, constraint=True, cross_val=False, dimension=2, dimension_s=20, dimension_t=10, enough_space=True, entropy_experiment=False, epsilon=1.0, epsilon_min=0.0, from_graphs='', iter_epsilon=1000, iter_max=1, learning_step=0.8, loss_func_name='square_loss', n_iter_algo=10, n_neighbors=5, n_samples_s=200, n_samples_t=200, name_algo='sampled_gromov_e_constant', name_dataset='gaussian_point_graph', nb_iter_batch=1, nb_iter_update_Y=400, noise_graph=0.1, p_in_s=0.5, p_in_t=0.5, param1='100', param2='1000', pickle_name='2', pickle_path='pickle_compare', plot=False, ps_out_s=0.1, ps_out_t=0.1, rdm_seed=12345, repeat=True, same_space=False, save_pickle=True, sparse_graph=True, to_graphs='', value_graph=True, variance_s=5, variance_t=5, verbose=False)
Warning catched: Return last stable T
Warning catched: Return last stable T
Warning catched: Return last stable T
Warning catched: Return last stable T
Warning catched: Return last stable T
Warning catched: Return last stable T
Warning catched: Return last stable T
Warning catched: Return last stable T
Warning catched: Return last stable T
Warning catched: Return last stable T
Mean Wasserstein distance 19622.764115900478
Mean Wasserstein distance approximated 19617.745845179124
Mean computational time for finding T 6.385537934303284
Mean computational time for the approximated Wasserstein distance 0.02516329288482666
Mean computational time for the real Wasserstein distance 6.488019609451294
Namespace(KL=1, alpha_experiment=False, barycenter=False, batch_size=[[100, None], [1, None]], clique_size_s=100, clique_size_t=100, constraint=True, cross_val=False, dimension=2, dimension_s=20, dimension_t=10, enough_space=True, entropy_experiment=False, epsilon=1.0, epsilon_min=0.0, from_graphs='', iter_epsilon=1000, iter_max=1, learning_step=0.8, loss_func_name='square_loss', n_iter_algo=10, n_neighbors=5, n_samples_s=200, n_samples_t=200, name_algo='sampled_gromov_e_constant', name_dataset='gaussian_point_graph', nb_iter_batch=1, nb_iter_update_Y=400, noise_graph=0.1, p_in_s=0.5, p_in_t=0.5, param1='100', param2='1000', pickle_name='2', pickle_path='pickle_compare', plot=False, ps_out_s=0.1, ps_out_t=0.1, rdm_seed=12345, repeat=True, same_space=False, save_pickle=True, sparse_graph=True, to_graphs='', value_graph=True, variance_s=5, variance_t=5, verbose=False)
Warning catched: Return last stable T
Warning catched: Return last stable T
Warning catched: Return last stable T
Warning catched: Return last stable T
Warning catched: Return last stable T
Warning catched: Return last stable T
Warning catched: Return last stable T
Warning catched: Return last stable T
Warning catched: Return last stable T
Warning catched: Return last stable T
Mean Wasserstein distance 19622.764115900478
Mean Wasserstein distance approximated 19617.745845179124
Mean computational time for finding T 6.347159790992737
Mean computational time for the approximated Wasserstein distance 0.025883293151855467
Mean computational time for the real Wasserstein distance 6.531826853752136
Namespace(KL=1, alpha_experiment=False, barycenter=False, batch_size=[[100, None], [1, None]], clique_size_s=100, clique_size_t=100, constraint=True, cross_val=False, dimension=2, dimension_s=20, dimension_t=10, enough_space=True, entropy_experiment=False, epsilon=1.0, epsilon_min=0.0, from_graphs='', iter_epsilon=1000, iter_max=1, learning_step=0.8, loss_func_name='square_loss', n_iter_algo=10, n_neighbors=5, n_samples_s=200, n_samples_t=200, name_algo='sampled_gromov_e_constant', name_dataset='gaussian_point_graph', nb_iter_batch=1, nb_iter_update_Y=400, noise_graph=0.1, p_in_s=0.5, p_in_t=0.5, param1='100', param2='1000', pickle_name='2', pickle_path='pickle_compare', plot=False, ps_out_s=0.1, ps_out_t=0.1, rdm_seed=12345, repeat=True, same_space=False, save_pickle=True, sparse_graph=True, to_graphs='', value_graph=True, variance_s=5, variance_t=5, verbose=False)
Warning catched: Return last stable T
Warning catched: Return last stable T
Warning catched: Return last stable T
Warning catched: Return last stable T
Warning catched: Return last stable T
Warning catched: Return last stable T
Warning catched: Return last stable T
Warning catched: Return last stable T
Warning catched: Return last stable T
Warning catched: Return last stable T
Mean Wasserstein distance 19622.764115900478
Mean Wasserstein distance approximated 19617.745845179124
Mean computational time for finding T 6.357263088226318
Mean computational time for the approximated Wasserstein distance 0.025021815299987794
Mean computational time for the real Wasserstein distance 6.568118214607239
---------------------------------------
Begin Slurm Epilog: Jun-06-2023 09:07:13
Job ID:        2368578
Array Job ID:  _4294967294
User ID:       klapborisuth3
Account:       gts-saluru8-coda20
Job name:      sampled_gromov_e_constant_gaussian_point_graph_200_square_loss_100_1000
Resources:     cpu=8,mem=128G,node=1
Rsrc Used:     cput=00:18:16,vmem=8540K,walltime=00:02:17,mem=8532K,energy_used=0
Partition:     cpu-medium
QOS:           inferno
Nodes:         atl1-1-03-004-15-2
---------------------------------------
