---------------------------------------
Begin Slurm Prolog: Jun-06-2023 09:04:23
Job ID:    2368354
User ID:   klapborisuth3
Account:   gts-saluru8-coda20
Job name:  sampled_gromov_e_constant_gaussian_point_graph_20_square_loss_1000_500
Partition: cpu-medium
QOS:       inferno
---------------------------------------
Namespace(KL=1, alpha_experiment=False, barycenter=False, batch_size=[[1000, None], [1, None]], clique_size_s=10, clique_size_t=10, constraint=True, cross_val=False, dimension=2, dimension_s=20, dimension_t=10, enough_space=True, entropy_experiment=False, epsilon=1.0, epsilon_min=0.0, from_graphs='', iter_epsilon=500, iter_max=1, learning_step=0.8, loss_func_name='square_loss', n_iter_algo=10, n_neighbors=5, n_samples_s=20, n_samples_t=20, name_algo='sampled_gromov_e_constant', name_dataset='gaussian_point_graph', nb_iter_batch=1, nb_iter_update_Y=400, noise_graph=0.1, p_in_s=0.5, p_in_t=0.5, param1='1000', param2='500', pickle_name='2', pickle_path='pickle_compare', plot=False, ps_out_s=0.1, ps_out_t=0.1, rdm_seed=12345, repeat=True, same_space=False, save_pickle=True, sparse_graph=True, to_graphs='', value_graph=True, variance_s=5, variance_t=5, verbose=False)
Warning catched: Return last stable T
Warning catched: Return last stable T
Warning catched: Return last stable T
Warning catched: Return last stable T
Mean Wasserstein distance 138557.50983171302
Mean Wasserstein distance approximated 138115.98779998376
Mean computational time for finding T 26.82898042201996
Mean computational time for the approximated Wasserstein distance 0.001728653907775879
Mean computational time for the real Wasserstein distance 0.010093069076538086
Namespace(KL=1, alpha_experiment=False, barycenter=False, batch_size=[[1000, None], [1, None]], clique_size_s=10, clique_size_t=10, constraint=True, cross_val=False, dimension=2, dimension_s=20, dimension_t=10, enough_space=True, entropy_experiment=False, epsilon=1.0, epsilon_min=0.0, from_graphs='', iter_epsilon=500, iter_max=1, learning_step=0.8, loss_func_name='square_loss', n_iter_algo=10, n_neighbors=5, n_samples_s=20, n_samples_t=20, name_algo='sampled_gromov_e_constant', name_dataset='gaussian_point_graph', nb_iter_batch=1, nb_iter_update_Y=400, noise_graph=0.1, p_in_s=0.5, p_in_t=0.5, param1='1000', param2='500', pickle_name='2', pickle_path='pickle_compare', plot=False, ps_out_s=0.1, ps_out_t=0.1, rdm_seed=12345, repeat=True, same_space=False, save_pickle=True, sparse_graph=True, to_graphs='', value_graph=True, variance_s=5, variance_t=5, verbose=False)
Warning catched: Return last stable T
Warning catched: Return last stable T
Warning catched: Return last stable T
Warning catched: Return last stable T
Mean Wasserstein distance 138557.50983171302
Mean Wasserstein distance approximated 138115.98779998376
Mean computational time for finding T 26.84461328983307
Mean computational time for the approximated Wasserstein distance 0.001734757423400879
Mean computational time for the real Wasserstein distance 0.010066509246826172
Namespace(KL=1, alpha_experiment=False, barycenter=False, batch_size=[[1000, None], [1, None]], clique_size_s=10, clique_size_t=10, constraint=True, cross_val=False, dimension=2, dimension_s=20, dimension_t=10, enough_space=True, entropy_experiment=False, epsilon=1.0, epsilon_min=0.0, from_graphs='', iter_epsilon=500, iter_max=1, learning_step=0.8, loss_func_name='square_loss', n_iter_algo=10, n_neighbors=5, n_samples_s=20, n_samples_t=20, name_algo='sampled_gromov_e_constant', name_dataset='gaussian_point_graph', nb_iter_batch=1, nb_iter_update_Y=400, noise_graph=0.1, p_in_s=0.5, p_in_t=0.5, param1='1000', param2='500', pickle_name='2', pickle_path='pickle_compare', plot=False, ps_out_s=0.1, ps_out_t=0.1, rdm_seed=12345, repeat=True, same_space=False, save_pickle=True, sparse_graph=True, to_graphs='', value_graph=True, variance_s=5, variance_t=5, verbose=False)
Warning catched: Return last stable T
Warning catched: Return last stable T
Warning catched: Return last stable T
Warning catched: Return last stable T
Mean Wasserstein distance 138557.50983171302
Mean Wasserstein distance approximated 138115.98779998376
Mean computational time for finding T 26.861662650108336
Mean computational time for the approximated Wasserstein distance 0.0017348289489746093
Mean computational time for the real Wasserstein distance 0.010108089447021485
Namespace(KL=1, alpha_experiment=False, barycenter=False, batch_size=[[1000, None], [1, None]], clique_size_s=10, clique_size_t=10, constraint=True, cross_val=False, dimension=2, dimension_s=20, dimension_t=10, enough_space=True, entropy_experiment=False, epsilon=1.0, epsilon_min=0.0, from_graphs='', iter_epsilon=500, iter_max=1, learning_step=0.8, loss_func_name='square_loss', n_iter_algo=10, n_neighbors=5, n_samples_s=20, n_samples_t=20, name_algo='sampled_gromov_e_constant', name_dataset='gaussian_point_graph', nb_iter_batch=1, nb_iter_update_Y=400, noise_graph=0.1, p_in_s=0.5, p_in_t=0.5, param1='1000', param2='500', pickle_name='2', pickle_path='pickle_compare', plot=False, ps_out_s=0.1, ps_out_t=0.1, rdm_seed=12345, repeat=True, same_space=False, save_pickle=True, sparse_graph=True, to_graphs='', value_graph=True, variance_s=5, variance_t=5, verbose=False)
Warning catched: Return last stable T
Warning catched: Return last stable T
Warning catched: Return last stable T
Warning catched: Return last stable T
Mean Wasserstein distance 138557.50983171302
Mean Wasserstein distance approximated 138115.98779998376
Mean computational time for finding T 26.86766128540039
Mean computational time for the approximated Wasserstein distance 0.0017873287200927735
Mean computational time for the real Wasserstein distance 0.010103178024291993
Namespace(KL=1, alpha_experiment=False, barycenter=False, batch_size=[[1000, None], [1, None]], clique_size_s=10, clique_size_t=10, constraint=True, cross_val=False, dimension=2, dimension_s=20, dimension_t=10, enough_space=True, entropy_experiment=False, epsilon=1.0, epsilon_min=0.0, from_graphs='', iter_epsilon=500, iter_max=1, learning_step=0.8, loss_func_name='square_loss', n_iter_algo=10, n_neighbors=5, n_samples_s=20, n_samples_t=20, name_algo='sampled_gromov_e_constant', name_dataset='gaussian_point_graph', nb_iter_batch=1, nb_iter_update_Y=400, noise_graph=0.1, p_in_s=0.5, p_in_t=0.5, param1='1000', param2='500', pickle_name='2', pickle_path='pickle_compare', plot=False, ps_out_s=0.1, ps_out_t=0.1, rdm_seed=12345, repeat=True, same_space=False, save_pickle=True, sparse_graph=True, to_graphs='', value_graph=True, variance_s=5, variance_t=5, verbose=False)
Warning catched: Return last stable T
Warning catched: Return last stable T
Warning catched: Return last stable T
Warning catched: Return last stable T
Mean Wasserstein distance 138557.50983171302
Mean Wasserstein distance approximated 138115.98779998376
Mean computational time for finding T 26.880880451202394
Mean computational time for the approximated Wasserstein distance 0.001746797561645508
Mean computational time for the real Wasserstein distance 0.010058331489562988
Namespace(KL=1, alpha_experiment=False, barycenter=False, batch_size=[[1000, None], [1, None]], clique_size_s=10, clique_size_t=10, constraint=True, cross_val=False, dimension=2, dimension_s=20, dimension_t=10, enough_space=True, entropy_experiment=False, epsilon=1.0, epsilon_min=0.0, from_graphs='', iter_epsilon=500, iter_max=1, learning_step=0.8, loss_func_name='square_loss', n_iter_algo=10, n_neighbors=5, n_samples_s=20, n_samples_t=20, name_algo='sampled_gromov_e_constant', name_dataset='gaussian_point_graph', nb_iter_batch=1, nb_iter_update_Y=400, noise_graph=0.1, p_in_s=0.5, p_in_t=0.5, param1='1000', param2='500', pickle_name='2', pickle_path='pickle_compare', plot=False, ps_out_s=0.1, ps_out_t=0.1, rdm_seed=12345, repeat=True, same_space=False, save_pickle=True, sparse_graph=True, to_graphs='', value_graph=True, variance_s=5, variance_t=5, verbose=False)
Warning catched: Return last stable T
Warning catched: Return last stable T
Warning catched: Return last stable T
Warning catched: Return last stable T
Mean Wasserstein distance 138557.50983171302
Mean Wasserstein distance approximated 138115.98779998376
Mean computational time for finding T 26.88629767894745
Mean computational time for the approximated Wasserstein distance 0.001737523078918457
Mean computational time for the real Wasserstein distance 0.010059833526611328
Namespace(KL=1, alpha_experiment=False, barycenter=False, batch_size=[[1000, None], [1, None]], clique_size_s=10, clique_size_t=10, constraint=True, cross_val=False, dimension=2, dimension_s=20, dimension_t=10, enough_space=True, entropy_experiment=False, epsilon=1.0, epsilon_min=0.0, from_graphs='', iter_epsilon=500, iter_max=1, learning_step=0.8, loss_func_name='square_loss', n_iter_algo=10, n_neighbors=5, n_samples_s=20, n_samples_t=20, name_algo='sampled_gromov_e_constant', name_dataset='gaussian_point_graph', nb_iter_batch=1, nb_iter_update_Y=400, noise_graph=0.1, p_in_s=0.5, p_in_t=0.5, param1='1000', param2='500', pickle_name='2', pickle_path='pickle_compare', plot=False, ps_out_s=0.1, ps_out_t=0.1, rdm_seed=12345, repeat=True, same_space=False, save_pickle=True, sparse_graph=True, to_graphs='', value_graph=True, variance_s=5, variance_t=5, verbose=False)
Warning catched: Return last stable T
Warning catched: Return last stable T
Warning catched: Return last stable T
Warning catched: Return last stable T
Mean Wasserstein distance 138557.50983171302
Mean Wasserstein distance approximated 138115.98779998376
Mean computational time for finding T 26.91344635486603
Mean computational time for the approximated Wasserstein distance 0.001737689971923828
Mean computational time for the real Wasserstein distance 0.010048508644104004
Namespace(KL=1, alpha_experiment=False, barycenter=False, batch_size=[[1000, None], [1, None]], clique_size_s=10, clique_size_t=10, constraint=True, cross_val=False, dimension=2, dimension_s=20, dimension_t=10, enough_space=True, entropy_experiment=False, epsilon=1.0, epsilon_min=0.0, from_graphs='', iter_epsilon=500, iter_max=1, learning_step=0.8, loss_func_name='square_loss', n_iter_algo=10, n_neighbors=5, n_samples_s=20, n_samples_t=20, name_algo='sampled_gromov_e_constant', name_dataset='gaussian_point_graph', nb_iter_batch=1, nb_iter_update_Y=400, noise_graph=0.1, p_in_s=0.5, p_in_t=0.5, param1='1000', param2='500', pickle_name='2', pickle_path='pickle_compare', plot=False, ps_out_s=0.1, ps_out_t=0.1, rdm_seed=12345, repeat=True, same_space=False, save_pickle=True, sparse_graph=True, to_graphs='', value_graph=True, variance_s=5, variance_t=5, verbose=False)
Warning catched: Return last stable T
Warning catched: Return last stable T
Warning catched: Return last stable T
Warning catched: Return last stable T
Mean Wasserstein distance 138557.50983171302
Mean Wasserstein distance approximated 138115.98779998376
Mean computational time for finding T 27.04697980880737
Mean computational time for the approximated Wasserstein distance 0.0017371416091918946
Mean computational time for the real Wasserstein distance 0.010033774375915527
---------------------------------------
Begin Slurm Epilog: Jun-06-2023 09:09:02
Job ID:        2368354
Array Job ID:  _4294967294
User ID:       klapborisuth3
Account:       gts-saluru8-coda20
Job name:      sampled_gromov_e_constant_gaussian_point_graph_20_square_loss_1000_500
Resources:     cpu=8,mem=128G,node=1
Rsrc Used:     cput=00:37:20,vmem=9220K,walltime=00:04:40,mem=8532K,energy_used=0
Partition:     cpu-medium
QOS:           inferno
Nodes:         atl1-1-01-005-28-2
---------------------------------------
