---------------------------------------
Begin Slurm Prolog: Jun-06-2023 09:05:25
Job ID:    2368631
User ID:   klapborisuth3
Account:   gts-saluru8-coda20
Job name:  sampled_gromov_e_constant_gaussian_point_graph_500_1_loss_10_50
Partition: cpu-medium
QOS:       inferno
---------------------------------------
Namespace(KL=1, alpha_experiment=False, barycenter=False, batch_size=[[10, None], [1, None]], clique_size_s=200, clique_size_t=200, constraint=True, cross_val=False, dimension=2, dimension_s=20, dimension_t=10, enough_space=True, entropy_experiment=False, epsilon=1.0, epsilon_min=0.0, from_graphs='', iter_epsilon=50, iter_max=1, learning_step=0.8, loss_func_name='1_loss', n_iter_algo=10, n_neighbors=5, n_samples_s=500, n_samples_t=500, name_algo='sampled_gromov_e_constant', name_dataset='gaussian_point_graph', nb_iter_batch=1, nb_iter_update_Y=400, noise_graph=0.1, p_in_s=0.5, p_in_t=0.5, param1='10', param2='50', pickle_name='2', pickle_path='pickle_compare', plot=False, ps_out_s=0.1, ps_out_t=0.1, rdm_seed=12345, repeat=True, same_space=False, save_pickle=True, sparse_graph=True, to_graphs='', value_graph=True, variance_s=5, variance_t=5, verbose=False)
Mean Wasserstein distance 134.36892729444688
Mean Wasserstein distance approximated 134.3777008148689
Mean computational time for finding T 2.1896247625350953
Mean computational time for the approximated Wasserstein distance 0.10670783519744872
Mean computational time for the real Wasserstein distance 533.219888997078
Namespace(KL=1, alpha_experiment=False, barycenter=False, batch_size=[[10, None], [1, None]], clique_size_s=200, clique_size_t=200, constraint=True, cross_val=False, dimension=2, dimension_s=20, dimension_t=10, enough_space=True, entropy_experiment=False, epsilon=1.0, epsilon_min=0.0, from_graphs='', iter_epsilon=50, iter_max=1, learning_step=0.8, loss_func_name='1_loss', n_iter_algo=10, n_neighbors=5, n_samples_s=500, n_samples_t=500, name_algo='sampled_gromov_e_constant', name_dataset='gaussian_point_graph', nb_iter_batch=1, nb_iter_update_Y=400, noise_graph=0.1, p_in_s=0.5, p_in_t=0.5, param1='10', param2='50', pickle_name='2', pickle_path='pickle_compare', plot=False, ps_out_s=0.1, ps_out_t=0.1, rdm_seed=12345, repeat=True, same_space=False, save_pickle=True, sparse_graph=True, to_graphs='', value_graph=True, variance_s=5, variance_t=5, verbose=False)
Mean Wasserstein distance 134.36892729444688
Mean Wasserstein distance approximated 134.3777008148689
Mean computational time for finding T 2.2352969884872436
Mean computational time for the approximated Wasserstein distance 0.10670678615570069
Mean computational time for the real Wasserstein distance 535.0844908237457
Namespace(KL=1, alpha_experiment=False, barycenter=False, batch_size=[[10, None], [1, None]], clique_size_s=200, clique_size_t=200, constraint=True, cross_val=False, dimension=2, dimension_s=20, dimension_t=10, enough_space=True, entropy_experiment=False, epsilon=1.0, epsilon_min=0.0, from_graphs='', iter_epsilon=50, iter_max=1, learning_step=0.8, loss_func_name='1_loss', n_iter_algo=10, n_neighbors=5, n_samples_s=500, n_samples_t=500, name_algo='sampled_gromov_e_constant', name_dataset='gaussian_point_graph', nb_iter_batch=1, nb_iter_update_Y=400, noise_graph=0.1, p_in_s=0.5, p_in_t=0.5, param1='10', param2='50', pickle_name='2', pickle_path='pickle_compare', plot=False, ps_out_s=0.1, ps_out_t=0.1, rdm_seed=12345, repeat=True, same_space=False, save_pickle=True, sparse_graph=True, to_graphs='', value_graph=True, variance_s=5, variance_t=5, verbose=False)
Mean Wasserstein distance 134.36892729444688
Mean Wasserstein distance approximated 134.3777008148689
Mean computational time for finding T 2.1999524354934694
Mean computational time for the approximated Wasserstein distance 0.10724287033081055
Mean computational time for the real Wasserstein distance 535.2579011678696
Namespace(KL=1, alpha_experiment=False, barycenter=False, batch_size=[[10, None], [1, None]], clique_size_s=200, clique_size_t=200, constraint=True, cross_val=False, dimension=2, dimension_s=20, dimension_t=10, enough_space=True, entropy_experiment=False, epsilon=1.0, epsilon_min=0.0, from_graphs='', iter_epsilon=50, iter_max=1, learning_step=0.8, loss_func_name='1_loss', n_iter_algo=10, n_neighbors=5, n_samples_s=500, n_samples_t=500, name_algo='sampled_gromov_e_constant', name_dataset='gaussian_point_graph', nb_iter_batch=1, nb_iter_update_Y=400, noise_graph=0.1, p_in_s=0.5, p_in_t=0.5, param1='10', param2='50', pickle_name='2', pickle_path='pickle_compare', plot=False, ps_out_s=0.1, ps_out_t=0.1, rdm_seed=12345, repeat=True, same_space=False, save_pickle=True, sparse_graph=True, to_graphs='', value_graph=True, variance_s=5, variance_t=5, verbose=False)
Mean Wasserstein distance 134.36892729444688
Mean Wasserstein distance approximated 134.3777008148689
Mean computational time for finding T 2.2531415224075317
Mean computational time for the approximated Wasserstein distance 0.10712974071502686
Mean computational time for the real Wasserstein distance 536.8169532775879
Namespace(KL=1, alpha_experiment=False, barycenter=False, batch_size=[[10, None], [1, None]], clique_size_s=200, clique_size_t=200, constraint=True, cross_val=False, dimension=2, dimension_s=20, dimension_t=10, enough_space=True, entropy_experiment=False, epsilon=1.0, epsilon_min=0.0, from_graphs='', iter_epsilon=50, iter_max=1, learning_step=0.8, loss_func_name='1_loss', n_iter_algo=10, n_neighbors=5, n_samples_s=500, n_samples_t=500, name_algo='sampled_gromov_e_constant', name_dataset='gaussian_point_graph', nb_iter_batch=1, nb_iter_update_Y=400, noise_graph=0.1, p_in_s=0.5, p_in_t=0.5, param1='10', param2='50', pickle_name='2', pickle_path='pickle_compare', plot=False, ps_out_s=0.1, ps_out_t=0.1, rdm_seed=12345, repeat=True, same_space=False, save_pickle=True, sparse_graph=True, to_graphs='', value_graph=True, variance_s=5, variance_t=5, verbose=False)
Mean Wasserstein distance 134.36892729444688
Mean Wasserstein distance approximated 134.3777008148689
Mean computational time for finding T 2.1938712120056154
Mean computational time for the approximated Wasserstein distance 0.10750224590301513
Mean computational time for the real Wasserstein distance 537.2349462509155
Namespace(KL=1, alpha_experiment=False, barycenter=False, batch_size=[[10, None], [1, None]], clique_size_s=200, clique_size_t=200, constraint=True, cross_val=False, dimension=2, dimension_s=20, dimension_t=10, enough_space=True, entropy_experiment=False, epsilon=1.0, epsilon_min=0.0, from_graphs='', iter_epsilon=50, iter_max=1, learning_step=0.8, loss_func_name='1_loss', n_iter_algo=10, n_neighbors=5, n_samples_s=500, n_samples_t=500, name_algo='sampled_gromov_e_constant', name_dataset='gaussian_point_graph', nb_iter_batch=1, nb_iter_update_Y=400, noise_graph=0.1, p_in_s=0.5, p_in_t=0.5, param1='10', param2='50', pickle_name='2', pickle_path='pickle_compare', plot=False, ps_out_s=0.1, ps_out_t=0.1, rdm_seed=12345, repeat=True, same_space=False, save_pickle=True, sparse_graph=True, to_graphs='', value_graph=True, variance_s=5, variance_t=5, verbose=False)
Mean Wasserstein distance 134.36892729444688
Mean Wasserstein distance approximated 134.3777008148689
Mean computational time for finding T 2.2314560651779174
Mean computational time for the approximated Wasserstein distance 0.10580074787139893
Mean computational time for the real Wasserstein distance 537.6018248796463
Namespace(KL=1, alpha_experiment=False, barycenter=False, batch_size=[[10, None], [1, None]], clique_size_s=200, clique_size_t=200, constraint=True, cross_val=False, dimension=2, dimension_s=20, dimension_t=10, enough_space=True, entropy_experiment=False, epsilon=1.0, epsilon_min=0.0, from_graphs='', iter_epsilon=50, iter_max=1, learning_step=0.8, loss_func_name='1_loss', n_iter_algo=10, n_neighbors=5, n_samples_s=500, n_samples_t=500, name_algo='sampled_gromov_e_constant', name_dataset='gaussian_point_graph', nb_iter_batch=1, nb_iter_update_Y=400, noise_graph=0.1, p_in_s=0.5, p_in_t=0.5, param1='10', param2='50', pickle_name='2', pickle_path='pickle_compare', plot=False, ps_out_s=0.1, ps_out_t=0.1, rdm_seed=12345, repeat=True, same_space=False, save_pickle=True, sparse_graph=True, to_graphs='', value_graph=True, variance_s=5, variance_t=5, verbose=False)
Mean Wasserstein distance 134.36892729444688
Mean Wasserstein distance approximated 134.3777008148689
Mean computational time for finding T 2.2436819553375242
Mean computational time for the approximated Wasserstein distance 0.10543298721313477
Mean computational time for the real Wasserstein distance 538.9883749485016
Namespace(KL=1, alpha_experiment=False, barycenter=False, batch_size=[[10, None], [1, None]], clique_size_s=200, clique_size_t=200, constraint=True, cross_val=False, dimension=2, dimension_s=20, dimension_t=10, enough_space=True, entropy_experiment=False, epsilon=1.0, epsilon_min=0.0, from_graphs='', iter_epsilon=50, iter_max=1, learning_step=0.8, loss_func_name='1_loss', n_iter_algo=10, n_neighbors=5, n_samples_s=500, n_samples_t=500, name_algo='sampled_gromov_e_constant', name_dataset='gaussian_point_graph', nb_iter_batch=1, nb_iter_update_Y=400, noise_graph=0.1, p_in_s=0.5, p_in_t=0.5, param1='10', param2='50', pickle_name='2', pickle_path='pickle_compare', plot=False, ps_out_s=0.1, ps_out_t=0.1, rdm_seed=12345, repeat=True, same_space=False, save_pickle=True, sparse_graph=True, to_graphs='', value_graph=True, variance_s=5, variance_t=5, verbose=False)
Mean Wasserstein distance 134.36892729444688
Mean Wasserstein distance approximated 134.3777008148689
Mean computational time for finding T 2.3055307626724244
Mean computational time for the approximated Wasserstein distance 0.11516978740692138
Mean computational time for the real Wasserstein distance 540.9992768287659
---------------------------------------
Begin Slurm Epilog: Jun-06-2023 10:36:08
Job ID:        2368631
Array Job ID:  _4294967294
User ID:       klapborisuth3
Account:       gts-saluru8-coda20
Job name:      sampled_gromov_e_constant_gaussian_point_graph_500_1_loss_10_50
Resources:     cpu=8,mem=128G,node=1
Rsrc Used:     cput=12:05:52,vmem=10148K,walltime=01:30:44,mem=8536K,energy_used=0
Partition:     cpu-medium
QOS:           inferno
Nodes:         atl1-1-03-004-13-2
---------------------------------------
