---------------------------------------
Begin Slurm Prolog: Jun-06-2023 16:19:12
Job ID:    2374633
User ID:   klapborisuth3
Account:   gts-saluru8-coda20
Job name:  S_GWL_gaussian_graph_1001_1_loss_0.001
Partition: cpu-small
QOS:       inferno
---------------------------------------
---------------------------------------
Begin Slurm Epilog: Jun-07-2023 08:19:41
Job ID:        2374633
Array Job ID:  _4294967294
User ID:       klapborisuth3
Account:       gts-saluru8-coda20
Job name:      S_GWL_gaussian_graph_1001_1_loss_0.001
Resources:     cpu=8,mem=64G,node=1
Rsrc Used:     cput=5-08:03:44,vmem=10244K,walltime=16:00:28,mem=8524K,energy_used=0
Partition:     cpu-small
QOS:           inferno
Nodes:         atl1-1-02-015-36-2
---------------------------------------
