---------------------------------------
Begin Slurm Prolog: Jun-06-2023 16:11:22
Job ID:    2374485
User ID:   klapborisuth3
Account:   gts-saluru8-coda20
Job name:  e_gromov_gaussian_point_graph_1000_square_loss_0.001
Partition: cpu-small
QOS:       inferno
---------------------------------------
---------------------------------------
Begin Slurm Epilog: Jun-07-2023 08:11:42
Job ID:        2374485
Array Job ID:  _4294967294
User ID:       klapborisuth3
Account:       gts-saluru8-coda20
Job name:      e_gromov_gaussian_point_graph_1000_square_loss_0.001
Resources:     cpu=8,mem=64G,node=1
Rsrc Used:     cput=5-08:02:24,vmem=10500K,walltime=16:00:18,mem=8520K,energy_used=0
Partition:     cpu-small
QOS:           inferno
Nodes:         atl1-1-02-011-12-2
---------------------------------------
