---------------------------------------
Begin Slurm Prolog: Jun-05-2023 15:29:44
Job ID:    2359667
User ID:   klapborisuth3
Account:   gts-saluru8-coda20
Job name:  e_gromov_gaussian_point_graph_500_square_loss_0.005
Partition: cpu-small
QOS:       inferno
---------------------------------------
Namespace(KL=1, alpha_experiment=False, barycenter=False, batch_size=None, clique_size_s=200, clique_size_t=200, constraint=True, cross_val=False, dimension=2, dimension_s=20, dimension_t=10, enough_space=True, entropy_experiment=False, epsilon=0.005, epsilon_min=0.0, from_graphs='', iter_epsilon=1000, iter_max=1, learning_step=0.8, loss_func_name='square_loss', n_iter_algo=10, n_neighbors=5, n_samples_s=500, n_samples_t=500, name_algo='e_gromov', name_dataset='gaussian_point_graph', nb_iter_batch=1, nb_iter_update_Y=400, noise_graph=0.1, p_in_s=0.5, p_in_t=0.5, param1='0.005', param2='', pickle_name='2', pickle_path='pickle_compare', plot=False, ps_out_s=0.1, ps_out_t=0.1, rdm_seed=12345, repeat=True, same_space=False, save_pickle=True, sparse_graph=True, to_graphs='', value_graph=True, variance_s=5, variance_t=5, verbose=False)
The method as not converged. Return last stable T. Nb iter : 4
The method as not converged. Return last stable T. Nb iter : 4
The method as not converged. Return last stable T. Nb iter : 4
The method as not converged. Return last stable T. Nb iter : 4
The method as not converged. Return last stable T. Nb iter : 4
The method as not converged. Return last stable T. Nb iter : 4
The method as not converged. Return last stable T. Nb iter : 4
The method as not converged. Return last stable T. Nb iter : 4
The method as not converged. Return last stable T. Nb iter : 4
The method as not converged. Return last stable T. Nb iter : 4
Mean Wasserstein distance 24034.824818212182
Mean Wasserstein distance approximated 24034.824716775034
Mean computational time for finding T 0.631327486038208
Mean computational time for the approximated Wasserstein distance 1.5735626220703124e-06
Mean computational time for the real Wasserstein distance 301.21967735290525
Namespace(KL=1, alpha_experiment=False, barycenter=False, batch_size=None, clique_size_s=200, clique_size_t=200, constraint=True, cross_val=False, dimension=2, dimension_s=20, dimension_t=10, enough_space=True, entropy_experiment=False, epsilon=0.005, epsilon_min=0.0, from_graphs='', iter_epsilon=1000, iter_max=1, learning_step=0.8, loss_func_name='square_loss', n_iter_algo=10, n_neighbors=5, n_samples_s=500, n_samples_t=500, name_algo='e_gromov', name_dataset='gaussian_point_graph', nb_iter_batch=1, nb_iter_update_Y=400, noise_graph=0.1, p_in_s=0.5, p_in_t=0.5, param1='0.005', param2='', pickle_name='2', pickle_path='pickle_compare', plot=False, ps_out_s=0.1, ps_out_t=0.1, rdm_seed=12345, repeat=True, same_space=False, save_pickle=True, sparse_graph=True, to_graphs='', value_graph=True, variance_s=5, variance_t=5, verbose=False)
The method as not converged. Return last stable T. Nb iter : 4
The method as not converged. Return last stable T. Nb iter : 4
The method as not converged. Return last stable T. Nb iter : 4
The method as not converged. Return last stable T. Nb iter : 4
The method as not converged. Return last stable T. Nb iter : 4
The method as not converged. Return last stable T. Nb iter : 4
The method as not converged. Return last stable T. Nb iter : 4
The method as not converged. Return last stable T. Nb iter : 4
The method as not converged. Return last stable T. Nb iter : 4
The method as not converged. Return last stable T. Nb iter : 4
Mean Wasserstein distance 24034.824818212182
Mean Wasserstein distance approximated 24034.824716775034
Mean computational time for finding T 0.6262349605560302
Mean computational time for the approximated Wasserstein distance 1.6689300537109375e-06
Mean computational time for the real Wasserstein distance 301.22567358016965
Namespace(KL=1, alpha_experiment=False, barycenter=False, batch_size=None, clique_size_s=200, clique_size_t=200, constraint=True, cross_val=False, dimension=2, dimension_s=20, dimension_t=10, enough_space=True, entropy_experiment=False, epsilon=0.005, epsilon_min=0.0, from_graphs='', iter_epsilon=1000, iter_max=1, learning_step=0.8, loss_func_name='square_loss', n_iter_algo=10, n_neighbors=5, n_samples_s=500, n_samples_t=500, name_algo='e_gromov', name_dataset='gaussian_point_graph', nb_iter_batch=1, nb_iter_update_Y=400, noise_graph=0.1, p_in_s=0.5, p_in_t=0.5, param1='0.005', param2='', pickle_name='2', pickle_path='pickle_compare', plot=False, ps_out_s=0.1, ps_out_t=0.1, rdm_seed=12345, repeat=True, same_space=False, save_pickle=True, sparse_graph=True, to_graphs='', value_graph=True, variance_s=5, variance_t=5, verbose=False)
The method as not converged. Return last stable T. Nb iter : 4
The method as not converged. Return last stable T. Nb iter : 4
The method as not converged. Return last stable T. Nb iter : 4
The method as not converged. Return last stable T. Nb iter : 4
The method as not converged. Return last stable T. Nb iter : 4
The method as not converged. Return last stable T. Nb iter : 4
The method as not converged. Return last stable T. Nb iter : 4
The method as not converged. Return last stable T. Nb iter : 4
The method as not converged. Return last stable T. Nb iter : 4
The method as not converged. Return last stable T. Nb iter : 4
Mean Wasserstein distance 24034.824818212182
Mean Wasserstein distance approximated 24034.824716775034
Mean computational time for finding T 0.6456868648529053
Mean computational time for the approximated Wasserstein distance 1.6450881958007813e-06
Mean computational time for the real Wasserstein distance 301.2266407966614
Namespace(KL=1, alpha_experiment=False, barycenter=False, batch_size=None, clique_size_s=200, clique_size_t=200, constraint=True, cross_val=False, dimension=2, dimension_s=20, dimension_t=10, enough_space=True, entropy_experiment=False, epsilon=0.005, epsilon_min=0.0, from_graphs='', iter_epsilon=1000, iter_max=1, learning_step=0.8, loss_func_name='square_loss', n_iter_algo=10, n_neighbors=5, n_samples_s=500, n_samples_t=500, name_algo='e_gromov', name_dataset='gaussian_point_graph', nb_iter_batch=1, nb_iter_update_Y=400, noise_graph=0.1, p_in_s=0.5, p_in_t=0.5, param1='0.005', param2='', pickle_name='2', pickle_path='pickle_compare', plot=False, ps_out_s=0.1, ps_out_t=0.1, rdm_seed=12345, repeat=True, same_space=False, save_pickle=True, sparse_graph=True, to_graphs='', value_graph=True, variance_s=5, variance_t=5, verbose=False)
The method as not converged. Return last stable T. Nb iter : 4
The method as not converged. Return last stable T. Nb iter : 4
The method as not converged. Return last stable T. Nb iter : 4
The method as not converged. Return last stable T. Nb iter : 4
The method as not converged. Return last stable T. Nb iter : 4
The method as not converged. Return last stable T. Nb iter : 4
The method as not converged. Return last stable T. Nb iter : 4
The method as not converged. Return last stable T. Nb iter : 4
The method as not converged. Return last stable T. Nb iter : 4
The method as not converged. Return last stable T. Nb iter : 4
Mean Wasserstein distance 24034.824818212182
Mean Wasserstein distance approximated 24034.824716775034
Mean computational time for finding T 0.6814447402954101
Mean computational time for the approximated Wasserstein distance 1.978874206542969e-06
Mean computational time for the real Wasserstein distance 302.10981795787814
Namespace(KL=1, alpha_experiment=False, barycenter=False, batch_size=None, clique_size_s=200, clique_size_t=200, constraint=True, cross_val=False, dimension=2, dimension_s=20, dimension_t=10, enough_space=True, entropy_experiment=False, epsilon=0.005, epsilon_min=0.0, from_graphs='', iter_epsilon=1000, iter_max=1, learning_step=0.8, loss_func_name='square_loss', n_iter_algo=10, n_neighbors=5, n_samples_s=500, n_samples_t=500, name_algo='e_gromov', name_dataset='gaussian_point_graph', nb_iter_batch=1, nb_iter_update_Y=400, noise_graph=0.1, p_in_s=0.5, p_in_t=0.5, param1='0.005', param2='', pickle_name='2', pickle_path='pickle_compare', plot=False, ps_out_s=0.1, ps_out_t=0.1, rdm_seed=12345, repeat=True, same_space=False, save_pickle=True, sparse_graph=True, to_graphs='', value_graph=True, variance_s=5, variance_t=5, verbose=False)
The method as not converged. Return last stable T. Nb iter : 4
The method as not converged. Return last stable T. Nb iter : 4
The method as not converged. Return last stable T. Nb iter : 4
The method as not converged. Return last stable T. Nb iter : 4
The method as not converged. Return last stable T. Nb iter : 4
The method as not converged. Return last stable T. Nb iter : 4
The method as not converged. Return last stable T. Nb iter : 4
The method as not converged. Return last stable T. Nb iter : 4
The method as not converged. Return last stable T. Nb iter : 4
The method as not converged. Return last stable T. Nb iter : 4
Mean Wasserstein distance 24034.824818212182
Mean Wasserstein distance approximated 24034.824716775034
Mean computational time for finding T 1.1049859523773193
Mean computational time for the approximated Wasserstein distance 3.910064697265625e-06
Mean computational time for the real Wasserstein distance 600.1155407190323
Namespace(KL=1, alpha_experiment=False, barycenter=False, batch_size=None, clique_size_s=200, clique_size_t=200, constraint=True, cross_val=False, dimension=2, dimension_s=20, dimension_t=10, enough_space=True, entropy_experiment=False, epsilon=0.005, epsilon_min=0.0, from_graphs='', iter_epsilon=1000, iter_max=1, learning_step=0.8, loss_func_name='square_loss', n_iter_algo=10, n_neighbors=5, n_samples_s=500, n_samples_t=500, name_algo='e_gromov', name_dataset='gaussian_point_graph', nb_iter_batch=1, nb_iter_update_Y=400, noise_graph=0.1, p_in_s=0.5, p_in_t=0.5, param1='0.005', param2='', pickle_name='2', pickle_path='pickle_compare', plot=False, ps_out_s=0.1, ps_out_t=0.1, rdm_seed=12345, repeat=True, same_space=False, save_pickle=True, sparse_graph=True, to_graphs='', value_graph=True, variance_s=5, variance_t=5, verbose=False)
The method as not converged. Return last stable T. Nb iter : 4
The method as not converged. Return last stable T. Nb iter : 4
The method as not converged. Return last stable T. Nb iter : 4
The method as not converged. Return last stable T. Nb iter : 4
The method as not converged. Return last stable T. Nb iter : 4
The method as not converged. Return last stable T. Nb iter : 4
The method as not converged. Return last stable T. Nb iter : 4
The method as not converged. Return last stable T. Nb iter : 4
The method as not converged. Return last stable T. Nb iter : 4
The method as not converged. Return last stable T. Nb iter : 4
Mean Wasserstein distance 24034.824818212182
Mean Wasserstein distance approximated 24034.824716775034
Mean computational time for finding T 1.127476692199707
Mean computational time for the approximated Wasserstein distance 2.47955322265625e-06
Mean computational time for the real Wasserstein distance 613.4098360538483
Namespace(KL=1, alpha_experiment=False, barycenter=False, batch_size=None, clique_size_s=200, clique_size_t=200, constraint=True, cross_val=False, dimension=2, dimension_s=20, dimension_t=10, enough_space=True, entropy_experiment=False, epsilon=0.005, epsilon_min=0.0, from_graphs='', iter_epsilon=1000, iter_max=1, learning_step=0.8, loss_func_name='square_loss', n_iter_algo=10, n_neighbors=5, n_samples_s=500, n_samples_t=500, name_algo='e_gromov', name_dataset='gaussian_point_graph', nb_iter_batch=1, nb_iter_update_Y=400, noise_graph=0.1, p_in_s=0.5, p_in_t=0.5, param1='0.005', param2='', pickle_name='2', pickle_path='pickle_compare', plot=False, ps_out_s=0.1, ps_out_t=0.1, rdm_seed=12345, repeat=True, same_space=False, save_pickle=True, sparse_graph=True, to_graphs='', value_graph=True, variance_s=5, variance_t=5, verbose=False)
The method as not converged. Return last stable T. Nb iter : 4
The method as not converged. Return last stable T. Nb iter : 4
The method as not converged. Return last stable T. Nb iter : 4
The method as not converged. Return last stable T. Nb iter : 4
The method as not converged. Return last stable T. Nb iter : 4
The method as not converged. Return last stable T. Nb iter : 4
The method as not converged. Return last stable T. Nb iter : 4
The method as not converged. Return last stable T. Nb iter : 4
The method as not converged. Return last stable T. Nb iter : 4
The method as not converged. Return last stable T. Nb iter : 4
Mean Wasserstein distance 24034.824818212182
Mean Wasserstein distance approximated 24034.824716775034
Mean computational time for finding T 1.201149868965149
Mean computational time for the approximated Wasserstein distance 2.1457672119140625e-06
Mean computational time for the real Wasserstein distance 617.1032922029495
Namespace(KL=1, alpha_experiment=False, barycenter=False, batch_size=None, clique_size_s=200, clique_size_t=200, constraint=True, cross_val=False, dimension=2, dimension_s=20, dimension_t=10, enough_space=True, entropy_experiment=False, epsilon=0.005, epsilon_min=0.0, from_graphs='', iter_epsilon=1000, iter_max=1, learning_step=0.8, loss_func_name='square_loss', n_iter_algo=10, n_neighbors=5, n_samples_s=500, n_samples_t=500, name_algo='e_gromov', name_dataset='gaussian_point_graph', nb_iter_batch=1, nb_iter_update_Y=400, noise_graph=0.1, p_in_s=0.5, p_in_t=0.5, param1='0.005', param2='', pickle_name='2', pickle_path='pickle_compare', plot=False, ps_out_s=0.1, ps_out_t=0.1, rdm_seed=12345, repeat=True, same_space=False, save_pickle=True, sparse_graph=True, to_graphs='', value_graph=True, variance_s=5, variance_t=5, verbose=False)
The method as not converged. Return last stable T. Nb iter : 4
The method as not converged. Return last stable T. Nb iter : 4
The method as not converged. Return last stable T. Nb iter : 4
The method as not converged. Return last stable T. Nb iter : 4
The method as not converged. Return last stable T. Nb iter : 4
The method as not converged. Return last stable T. Nb iter : 4
The method as not converged. Return last stable T. Nb iter : 4
The method as not converged. Return last stable T. Nb iter : 4
The method as not converged. Return last stable T. Nb iter : 4
The method as not converged. Return last stable T. Nb iter : 4
Mean Wasserstein distance 24034.824818212182
Mean Wasserstein distance approximated 24034.824716775034
Mean computational time for finding T 2.64603967666626
Mean computational time for the approximated Wasserstein distance 2.1076202392578126e-05
Mean computational time for the real Wasserstein distance 619.4910087347031
