---------------------------------------
Begin Slurm Prolog: Jun-05-2023 15:39:46
Job ID:    2359972
User ID:   klapborisuth3
Account:   gts-saluru8-coda20
Job name:  S_GWL_gaussian_point_graph_200_square_loss_2
Partition: cpu-small
QOS:       inferno
---------------------------------------
Namespace(KL=1, alpha_experiment=False, barycenter=False, batch_size=None, clique_size_s=100, clique_size_t=100, constraint=True, cross_val=False, dimension=2, dimension_s=20, dimension_t=10, enough_space=True, entropy_experiment=False, epsilon=2.0, epsilon_min=0.0, from_graphs='', iter_epsilon=1000, iter_max=1, learning_step=0.8, loss_func_name='square_loss', n_iter_algo=10, n_neighbors=5, n_samples_s=200, n_samples_t=200, name_algo='S_GWL', name_dataset='gaussian_point_graph', nb_iter_batch=1, nb_iter_update_Y=400, noise_graph=0.1, p_in_s=0.5, p_in_t=0.5, param1='2', param2='', pickle_name='2', pickle_path='pickle_compare', plot=False, ps_out_s=0.1, ps_out_t=0.1, rdm_seed=12345, repeat=True, same_space=False, save_pickle=True, sparse_graph=True, to_graphs='', value_graph=True, variance_s=5, variance_t=5, verbose=False)
Mean Wasserstein distance 26849.640258660984
Mean Wasserstein distance approximated 26849.640258660995
Mean computational time for finding T 0.18535089492797852
Mean computational time for the approximated Wasserstein distance 0.0007446050643920898
Mean computational time for the real Wasserstein distance 5.833015203475952
Namespace(KL=1, alpha_experiment=False, barycenter=False, batch_size=None, clique_size_s=100, clique_size_t=100, constraint=True, cross_val=False, dimension=2, dimension_s=20, dimension_t=10, enough_space=True, entropy_experiment=False, epsilon=2.0, epsilon_min=0.0, from_graphs='', iter_epsilon=1000, iter_max=1, learning_step=0.8, loss_func_name='square_loss', n_iter_algo=10, n_neighbors=5, n_samples_s=200, n_samples_t=200, name_algo='S_GWL', name_dataset='gaussian_point_graph', nb_iter_batch=1, nb_iter_update_Y=400, noise_graph=0.1, p_in_s=0.5, p_in_t=0.5, param1='2', param2='', pickle_name='2', pickle_path='pickle_compare', plot=False, ps_out_s=0.1, ps_out_t=0.1, rdm_seed=12345, repeat=True, same_space=False, save_pickle=True, sparse_graph=True, to_graphs='', value_graph=True, variance_s=5, variance_t=5, verbose=False)
Mean Wasserstein distance 26849.640258660984
Mean Wasserstein distance approximated 26849.640258660995
Mean computational time for finding T 0.18510730266571046
Mean computational time for the approximated Wasserstein distance 0.0007457256317138672
Mean computational time for the real Wasserstein distance 5.8488908290863035
Namespace(KL=1, alpha_experiment=False, barycenter=False, batch_size=None, clique_size_s=100, clique_size_t=100, constraint=True, cross_val=False, dimension=2, dimension_s=20, dimension_t=10, enough_space=True, entropy_experiment=False, epsilon=2.0, epsilon_min=0.0, from_graphs='', iter_epsilon=1000, iter_max=1, learning_step=0.8, loss_func_name='square_loss', n_iter_algo=10, n_neighbors=5, n_samples_s=200, n_samples_t=200, name_algo='S_GWL', name_dataset='gaussian_point_graph', nb_iter_batch=1, nb_iter_update_Y=400, noise_graph=0.1, p_in_s=0.5, p_in_t=0.5, param1='2', param2='', pickle_name='2', pickle_path='pickle_compare', plot=False, ps_out_s=0.1, ps_out_t=0.1, rdm_seed=12345, repeat=True, same_space=False, save_pickle=True, sparse_graph=True, to_graphs='', value_graph=True, variance_s=5, variance_t=5, verbose=False)
Mean Wasserstein distance 26849.640258660984
Mean Wasserstein distance approximated 26849.640258660995
Mean computational time for finding T 0.18515005111694335
Mean computational time for the approximated Wasserstein distance 0.0007614612579345704
Mean computational time for the real Wasserstein distance 5.856878542900086
Namespace(KL=1, alpha_experiment=False, barycenter=False, batch_size=None, clique_size_s=100, clique_size_t=100, constraint=True, cross_val=False, dimension=2, dimension_s=20, dimension_t=10, enough_space=True, entropy_experiment=False, epsilon=2.0, epsilon_min=0.0, from_graphs='', iter_epsilon=1000, iter_max=1, learning_step=0.8, loss_func_name='square_loss', n_iter_algo=10, n_neighbors=5, n_samples_s=200, n_samples_t=200, name_algo='S_GWL', name_dataset='gaussian_point_graph', nb_iter_batch=1, nb_iter_update_Y=400, noise_graph=0.1, p_in_s=0.5, p_in_t=0.5, param1='2', param2='', pickle_name='2', pickle_path='pickle_compare', plot=False, ps_out_s=0.1, ps_out_t=0.1, rdm_seed=12345, repeat=True, same_space=False, save_pickle=True, sparse_graph=True, to_graphs='', value_graph=True, variance_s=5, variance_t=5, verbose=False)
Mean Wasserstein distance 26849.640258660984
Mean Wasserstein distance approximated 26849.640258660995
Mean computational time for finding T 0.18485088348388673
Mean computational time for the approximated Wasserstein distance 0.0007340431213378907
Mean computational time for the real Wasserstein distance 5.8571816205978395
Namespace(KL=1, alpha_experiment=False, barycenter=False, batch_size=None, clique_size_s=100, clique_size_t=100, constraint=True, cross_val=False, dimension=2, dimension_s=20, dimension_t=10, enough_space=True, entropy_experiment=False, epsilon=2.0, epsilon_min=0.0, from_graphs='', iter_epsilon=1000, iter_max=1, learning_step=0.8, loss_func_name='square_loss', n_iter_algo=10, n_neighbors=5, n_samples_s=200, n_samples_t=200, name_algo='S_GWL', name_dataset='gaussian_point_graph', nb_iter_batch=1, nb_iter_update_Y=400, noise_graph=0.1, p_in_s=0.5, p_in_t=0.5, param1='2', param2='', pickle_name='2', pickle_path='pickle_compare', plot=False, ps_out_s=0.1, ps_out_t=0.1, rdm_seed=12345, repeat=True, same_space=False, save_pickle=True, sparse_graph=True, to_graphs='', value_graph=True, variance_s=5, variance_t=5, verbose=False)
Mean Wasserstein distance 26849.640258660984
Mean Wasserstein distance approximated 26849.640258660995
Mean computational time for finding T 0.18492586612701417
Mean computational time for the approximated Wasserstein distance 0.0007426261901855469
Mean computational time for the real Wasserstein distance 5.864346313476562
Namespace(KL=1, alpha_experiment=False, barycenter=False, batch_size=None, clique_size_s=100, clique_size_t=100, constraint=True, cross_val=False, dimension=2, dimension_s=20, dimension_t=10, enough_space=True, entropy_experiment=False, epsilon=2.0, epsilon_min=0.0, from_graphs='', iter_epsilon=1000, iter_max=1, learning_step=0.8, loss_func_name='square_loss', n_iter_algo=10, n_neighbors=5, n_samples_s=200, n_samples_t=200, name_algo='S_GWL', name_dataset='gaussian_point_graph', nb_iter_batch=1, nb_iter_update_Y=400, noise_graph=0.1, p_in_s=0.5, p_in_t=0.5, param1='2', param2='', pickle_name='2', pickle_path='pickle_compare', plot=False, ps_out_s=0.1, ps_out_t=0.1, rdm_seed=12345, repeat=True, same_space=False, save_pickle=True, sparse_graph=True, to_graphs='', value_graph=True, variance_s=5, variance_t=5, verbose=False)
Mean Wasserstein distance 26849.640258660984
Mean Wasserstein distance approximated 26849.640258660995
Mean computational time for finding T 0.18508615493774414
Mean computational time for the approximated Wasserstein distance 0.0007302761077880859
Mean computational time for the real Wasserstein distance 5.880326795578003
Namespace(KL=1, alpha_experiment=False, barycenter=False, batch_size=None, clique_size_s=100, clique_size_t=100, constraint=True, cross_val=False, dimension=2, dimension_s=20, dimension_t=10, enough_space=True, entropy_experiment=False, epsilon=2.0, epsilon_min=0.0, from_graphs='', iter_epsilon=1000, iter_max=1, learning_step=0.8, loss_func_name='square_loss', n_iter_algo=10, n_neighbors=5, n_samples_s=200, n_samples_t=200, name_algo='S_GWL', name_dataset='gaussian_point_graph', nb_iter_batch=1, nb_iter_update_Y=400, noise_graph=0.1, p_in_s=0.5, p_in_t=0.5, param1='2', param2='', pickle_name='2', pickle_path='pickle_compare', plot=False, ps_out_s=0.1, ps_out_t=0.1, rdm_seed=12345, repeat=True, same_space=False, save_pickle=True, sparse_graph=True, to_graphs='', value_graph=True, variance_s=5, variance_t=5, verbose=False)
Mean Wasserstein distance 26849.640258660984
Mean Wasserstein distance approximated 26849.640258660995
Mean computational time for finding T 0.1880892515182495
Mean computational time for the approximated Wasserstein distance 0.0007478952407836914
Mean computational time for the real Wasserstein distance 5.929035067558289
Namespace(KL=1, alpha_experiment=False, barycenter=False, batch_size=None, clique_size_s=100, clique_size_t=100, constraint=True, cross_val=False, dimension=2, dimension_s=20, dimension_t=10, enough_space=True, entropy_experiment=False, epsilon=2.0, epsilon_min=0.0, from_graphs='', iter_epsilon=1000, iter_max=1, learning_step=0.8, loss_func_name='square_loss', n_iter_algo=10, n_neighbors=5, n_samples_s=200, n_samples_t=200, name_algo='S_GWL', name_dataset='gaussian_point_graph', nb_iter_batch=1, nb_iter_update_Y=400, noise_graph=0.1, p_in_s=0.5, p_in_t=0.5, param1='2', param2='', pickle_name='2', pickle_path='pickle_compare', plot=False, ps_out_s=0.1, ps_out_t=0.1, rdm_seed=12345, repeat=True, same_space=False, save_pickle=True, sparse_graph=True, to_graphs='', value_graph=True, variance_s=5, variance_t=5, verbose=False)
Mean Wasserstein distance 26849.640258660984
Mean Wasserstein distance approximated 26849.640258660995
Mean computational time for finding T 0.18607375621795655
Mean computational time for the approximated Wasserstein distance 0.0007312536239624023
Mean computational time for the real Wasserstein distance 5.94521324634552
---------------------------------------
Begin Slurm Epilog: Jun-05-2023 15:41:13
Job ID:        2359972
Array Job ID:  _4294967294
User ID:       klapborisuth3
Account:       gts-saluru8-coda20
Job name:      S_GWL_gaussian_point_graph_200_square_loss_2
Resources:     
Rsrc Used:     cput=00:00:00,vmem=,walltime=00:00:00,mem=,energy_used=0
Partition:     cpu-small
QOS:           inferno
Nodes:         None assigned
---------------------------------------
