---------------------------------------
Begin Slurm Prolog: Jun-06-2023 08:51:47
Job ID:    2367749
User ID:   klapborisuth3
Account:   gts-saluru8-coda20
Job name:  sampled_gromov_sliced_gaussian_graph_100_1_loss_1_100
Partition: cpu-medium
QOS:       inferno
---------------------------------------
Namespace(KL=1, alpha_experiment=False, barycenter=False, batch_size=[[1, None], [1, None]], clique_size_s=50, clique_size_t=50, constraint=True, cross_val=False, dimension=2, dimension_s=20, dimension_t=10, enough_space=True, entropy_experiment=False, epsilon=1.0, epsilon_min=0.0, from_graphs='', iter_epsilon=100, iter_max=1, learning_step=0.8, loss_func_name='1_loss', n_iter_algo=10, n_neighbors=5, n_samples_s=100, n_samples_t=100, name_algo='sampled_gromov_sliced', name_dataset='gaussian_graph', nb_iter_batch=1, nb_iter_update_Y=400, noise_graph=0.1, p_in_s=0.5, p_in_t=0.5, param1='1', param2='100', pickle_name='2', pickle_path='pickle_compare', plot=False, ps_out_s=0.1, ps_out_t=0.1, rdm_seed=12345, repeat=True, same_space=False, save_pickle=True, sparse_graph=True, to_graphs='', value_graph=True, variance_s=5, variance_t=5, verbose=False)
Point Gromov
Point Gromov
Point Gromov
Point Gromov
Point Gromov
Point Gromov
Point Gromov
Point Gromov
Point Gromov
Point Gromov
Mean Wasserstein distance 0.8296991331891638
Mean Wasserstein distance approximated 0.8300825456238862
Mean computational time for finding T 0.01917259693145752
Mean computational time for the approximated Wasserstein distance 0.009467363357543945
Mean computational time for the real Wasserstein distance 0.5033994674682617
Namespace(KL=1, alpha_experiment=False, barycenter=False, batch_size=[[1, None], [1, None]], clique_size_s=50, clique_size_t=50, constraint=True, cross_val=False, dimension=2, dimension_s=20, dimension_t=10, enough_space=True, entropy_experiment=False, epsilon=1.0, epsilon_min=0.0, from_graphs='', iter_epsilon=100, iter_max=1, learning_step=0.8, loss_func_name='1_loss', n_iter_algo=10, n_neighbors=5, n_samples_s=100, n_samples_t=100, name_algo='sampled_gromov_sliced', name_dataset='gaussian_graph', nb_iter_batch=1, nb_iter_update_Y=400, noise_graph=0.1, p_in_s=0.5, p_in_t=0.5, param1='1', param2='100', pickle_name='2', pickle_path='pickle_compare', plot=False, ps_out_s=0.1, ps_out_t=0.1, rdm_seed=12345, repeat=True, same_space=False, save_pickle=True, sparse_graph=True, to_graphs='', value_graph=True, variance_s=5, variance_t=5, verbose=False)
Point Gromov
Point Gromov
Point Gromov
Point Gromov
Point Gromov
Point Gromov
Point Gromov
Point Gromov
Point Gromov
Point Gromov
Mean Wasserstein distance 0.8296991331891638
Mean Wasserstein distance approximated 0.8300825456238862
Mean computational time for finding T 0.01905639171600342
Mean computational time for the approximated Wasserstein distance 0.009454035758972168
Mean computational time for the real Wasserstein distance 0.5043911695480346
Namespace(KL=1, alpha_experiment=False, barycenter=False, batch_size=[[1, None], [1, None]], clique_size_s=50, clique_size_t=50, constraint=True, cross_val=False, dimension=2, dimension_s=20, dimension_t=10, enough_space=True, entropy_experiment=False, epsilon=1.0, epsilon_min=0.0, from_graphs='', iter_epsilon=100, iter_max=1, learning_step=0.8, loss_func_name='1_loss', n_iter_algo=10, n_neighbors=5, n_samples_s=100, n_samples_t=100, name_algo='sampled_gromov_sliced', name_dataset='gaussian_graph', nb_iter_batch=1, nb_iter_update_Y=400, noise_graph=0.1, p_in_s=0.5, p_in_t=0.5, param1='1', param2='100', pickle_name='2', pickle_path='pickle_compare', plot=False, ps_out_s=0.1, ps_out_t=0.1, rdm_seed=12345, repeat=True, same_space=False, save_pickle=True, sparse_graph=True, to_graphs='', value_graph=True, variance_s=5, variance_t=5, verbose=False)
Point Gromov
Point Gromov
Point Gromov
Point Gromov
Point Gromov
Point Gromov
Point Gromov
Point Gromov
Point Gromov
Point Gromov
Mean Wasserstein distance 0.8296991331891638
Mean Wasserstein distance approximated 0.8300825456238862
Mean computational time for finding T 0.0193300724029541
Mean computational time for the approximated Wasserstein distance 0.009504151344299317
Mean computational time for the real Wasserstein distance 0.5065228700637817
Namespace(KL=1, alpha_experiment=False, barycenter=False, batch_size=[[1, None], [1, None]], clique_size_s=50, clique_size_t=50, constraint=True, cross_val=False, dimension=2, dimension_s=20, dimension_t=10, enough_space=True, entropy_experiment=False, epsilon=1.0, epsilon_min=0.0, from_graphs='', iter_epsilon=100, iter_max=1, learning_step=0.8, loss_func_name='1_loss', n_iter_algo=10, n_neighbors=5, n_samples_s=100, n_samples_t=100, name_algo='sampled_gromov_sliced', name_dataset='gaussian_graph', nb_iter_batch=1, nb_iter_update_Y=400, noise_graph=0.1, p_in_s=0.5, p_in_t=0.5, param1='1', param2='100', pickle_name='2', pickle_path='pickle_compare', plot=False, ps_out_s=0.1, ps_out_t=0.1, rdm_seed=12345, repeat=True, same_space=False, save_pickle=True, sparse_graph=True, to_graphs='', value_graph=True, variance_s=5, variance_t=5, verbose=False)
Point Gromov
Point Gromov
Point Gromov
Point Gromov
Point Gromov
Point Gromov
Point Gromov
Point Gromov
Point Gromov
Point Gromov
Mean Wasserstein distance 0.8296991331891638
Mean Wasserstein distance approximated 0.8300825456238862
Mean computational time for finding T 0.01915898323059082
Mean computational time for the approximated Wasserstein distance 0.009504103660583496
Mean computational time for the real Wasserstein distance 0.5074022769927978
Namespace(KL=1, alpha_experiment=False, barycenter=False, batch_size=[[1, None], [1, None]], clique_size_s=50, clique_size_t=50, constraint=True, cross_val=False, dimension=2, dimension_s=20, dimension_t=10, enough_space=True, entropy_experiment=False, epsilon=1.0, epsilon_min=0.0, from_graphs='', iter_epsilon=100, iter_max=1, learning_step=0.8, loss_func_name='1_loss', n_iter_algo=10, n_neighbors=5, n_samples_s=100, n_samples_t=100, name_algo='sampled_gromov_sliced', name_dataset='gaussian_graph', nb_iter_batch=1, nb_iter_update_Y=400, noise_graph=0.1, p_in_s=0.5, p_in_t=0.5, param1='1', param2='100', pickle_name='2', pickle_path='pickle_compare', plot=False, ps_out_s=0.1, ps_out_t=0.1, rdm_seed=12345, repeat=True, same_space=False, save_pickle=True, sparse_graph=True, to_graphs='', value_graph=True, variance_s=5, variance_t=5, verbose=False)
Point Gromov
Point Gromov
Point Gromov
Point Gromov
Point Gromov
Point Gromov
Point Gromov
Point Gromov
Point Gromov
Point Gromov
Mean Wasserstein distance 0.8296991331891638
Mean Wasserstein distance approximated 0.8300825456238862
Mean computational time for finding T 0.01917884349822998
Mean computational time for the approximated Wasserstein distance 0.00948631763458252
Mean computational time for the real Wasserstein distance 0.509186577796936
Namespace(KL=1, alpha_experiment=False, barycenter=False, batch_size=[[1, None], [1, None]], clique_size_s=50, clique_size_t=50, constraint=True, cross_val=False, dimension=2, dimension_s=20, dimension_t=10, enough_space=True, entropy_experiment=False, epsilon=1.0, epsilon_min=0.0, from_graphs='', iter_epsilon=100, iter_max=1, learning_step=0.8, loss_func_name='1_loss', n_iter_algo=10, n_neighbors=5, n_samples_s=100, n_samples_t=100, name_algo='sampled_gromov_sliced', name_dataset='gaussian_graph', nb_iter_batch=1, nb_iter_update_Y=400, noise_graph=0.1, p_in_s=0.5, p_in_t=0.5, param1='1', param2='100', pickle_name='2', pickle_path='pickle_compare', plot=False, ps_out_s=0.1, ps_out_t=0.1, rdm_seed=12345, repeat=True, same_space=False, save_pickle=True, sparse_graph=True, to_graphs='', value_graph=True, variance_s=5, variance_t=5, verbose=False)
Point Gromov
Point Gromov
Point Gromov
Point Gromov
Point Gromov
Point Gromov
Point Gromov
Point Gromov
Point Gromov
Point Gromov
Mean Wasserstein distance 0.8296991331891638
Mean Wasserstein distance approximated 0.8300825456238862
Mean computational time for finding T 0.019183969497680663
Mean computational time for the approximated Wasserstein distance 0.009458494186401368
Mean computational time for the real Wasserstein distance 0.5101711511611938
Namespace(KL=1, alpha_experiment=False, barycenter=False, batch_size=[[1, None], [1, None]], clique_size_s=50, clique_size_t=50, constraint=True, cross_val=False, dimension=2, dimension_s=20, dimension_t=10, enough_space=True, entropy_experiment=False, epsilon=1.0, epsilon_min=0.0, from_graphs='', iter_epsilon=100, iter_max=1, learning_step=0.8, loss_func_name='1_loss', n_iter_algo=10, n_neighbors=5, n_samples_s=100, n_samples_t=100, name_algo='sampled_gromov_sliced', name_dataset='gaussian_graph', nb_iter_batch=1, nb_iter_update_Y=400, noise_graph=0.1, p_in_s=0.5, p_in_t=0.5, param1='1', param2='100', pickle_name='2', pickle_path='pickle_compare', plot=False, ps_out_s=0.1, ps_out_t=0.1, rdm_seed=12345, repeat=True, same_space=False, save_pickle=True, sparse_graph=True, to_graphs='', value_graph=True, variance_s=5, variance_t=5, verbose=False)
Point Gromov
Point Gromov
Point Gromov
Point Gromov
Point Gromov
Point Gromov
Point Gromov
Point Gromov
Point Gromov
Point Gromov
Mean Wasserstein distance 0.8296991331891638
Mean Wasserstein distance approximated 0.8300825456238862
Mean computational time for finding T 0.019394969940185545
Mean computational time for the approximated Wasserstein distance 0.009632110595703125
Mean computational time for the real Wasserstein distance 0.5127742528915405
Namespace(KL=1, alpha_experiment=False, barycenter=False, batch_size=[[1, None], [1, None]], clique_size_s=50, clique_size_t=50, constraint=True, cross_val=False, dimension=2, dimension_s=20, dimension_t=10, enough_space=True, entropy_experiment=False, epsilon=1.0, epsilon_min=0.0, from_graphs='', iter_epsilon=100, iter_max=1, learning_step=0.8, loss_func_name='1_loss', n_iter_algo=10, n_neighbors=5, n_samples_s=100, n_samples_t=100, name_algo='sampled_gromov_sliced', name_dataset='gaussian_graph', nb_iter_batch=1, nb_iter_update_Y=400, noise_graph=0.1, p_in_s=0.5, p_in_t=0.5, param1='1', param2='100', pickle_name='2', pickle_path='pickle_compare', plot=False, ps_out_s=0.1, ps_out_t=0.1, rdm_seed=12345, repeat=True, same_space=False, save_pickle=True, sparse_graph=True, to_graphs='', value_graph=True, variance_s=5, variance_t=5, verbose=False)
Point Gromov
Point Gromov
Point Gromov
Point Gromov
Point Gromov
Point Gromov
Point Gromov
Point Gromov
Point Gromov
Point Gromov
Mean Wasserstein distance 0.8296991331891638
Mean Wasserstein distance approximated 0.8300825456238862
Mean computational time for finding T 0.02149677276611328
Mean computational time for the approximated Wasserstein distance 0.011390066146850586
Mean computational time for the real Wasserstein distance 0.5665417671203613
---------------------------------------
Begin Slurm Epilog: Jun-06-2023 08:52:15
Job ID:        2367749
Array Job ID:  _4294967294
User ID:       klapborisuth3
Account:       gts-saluru8-coda20
Job name:      sampled_gromov_sliced_gaussian_graph_100_1_loss_1_100
Resources:     cpu=8,mem=128G,node=1
Rsrc Used:     cput=00:03:44,vmem=1844K,walltime=00:00:28,mem=0,energy_used=0
Partition:     cpu-medium
QOS:           inferno
Nodes:         atl1-1-02-003-9-2
---------------------------------------
