---------------------------------------
Begin Slurm Prolog: Jun-06-2023 08:51:16
Job ID:    2367592
User ID:   klapborisuth3
Account:   gts-saluru8-coda20
Job name:  sampled_gromov_sliced_gaussian_graph_20_square_loss_1_500
Partition: cpu-medium
QOS:       inferno
---------------------------------------
Namespace(KL=1, alpha_experiment=False, barycenter=False, batch_size=[[1, None], [1, None]], clique_size_s=10, clique_size_t=10, constraint=True, cross_val=False, dimension=2, dimension_s=20, dimension_t=10, enough_space=True, entropy_experiment=False, epsilon=1.0, epsilon_min=0.0, from_graphs='', iter_epsilon=500, iter_max=1, learning_step=0.8, loss_func_name='square_loss', n_iter_algo=10, n_neighbors=5, n_samples_s=20, n_samples_t=20, name_algo='sampled_gromov_sliced', name_dataset='gaussian_graph', nb_iter_batch=1, nb_iter_update_Y=400, noise_graph=0.1, p_in_s=0.5, p_in_t=0.5, param1='1', param2='500', pickle_name='2', pickle_path='pickle_compare', plot=False, ps_out_s=0.1, ps_out_t=0.1, rdm_seed=12345, repeat=True, same_space=False, save_pickle=True, sparse_graph=True, to_graphs='', value_graph=True, variance_s=5, variance_t=5, verbose=False)
Point Gromov
Point Gromov
Point Gromov
Point Gromov
Point Gromov
Point Gromov
Point Gromov
Point Gromov
Point Gromov
Point Gromov
Mean Wasserstein distance 1.733535695160834
Mean Wasserstein distance approximated 1.7062615772285956
Mean computational time for finding T 0.07100529670715332
Mean computational time for the approximated Wasserstein distance 0.0017911911010742188
Mean computational time for the real Wasserstein distance 0.009657454490661622
Namespace(KL=1, alpha_experiment=False, barycenter=False, batch_size=[[1, None], [1, None]], clique_size_s=10, clique_size_t=10, constraint=True, cross_val=False, dimension=2, dimension_s=20, dimension_t=10, enough_space=True, entropy_experiment=False, epsilon=1.0, epsilon_min=0.0, from_graphs='', iter_epsilon=500, iter_max=1, learning_step=0.8, loss_func_name='square_loss', n_iter_algo=10, n_neighbors=5, n_samples_s=20, n_samples_t=20, name_algo='sampled_gromov_sliced', name_dataset='gaussian_graph', nb_iter_batch=1, nb_iter_update_Y=400, noise_graph=0.1, p_in_s=0.5, p_in_t=0.5, param1='1', param2='500', pickle_name='2', pickle_path='pickle_compare', plot=False, ps_out_s=0.1, ps_out_t=0.1, rdm_seed=12345, repeat=True, same_space=False, save_pickle=True, sparse_graph=True, to_graphs='', value_graph=True, variance_s=5, variance_t=5, verbose=False)
Point Gromov
Point Gromov
Point Gromov
Point Gromov
Point Gromov
Point Gromov
Point Gromov
Point Gromov
Point Gromov
Point Gromov
Mean Wasserstein distance 1.733535695160834
Mean Wasserstein distance approximated 1.7062615772285956
Mean computational time for finding T 0.07111003398895263
Mean computational time for the approximated Wasserstein distance 0.0018095970153808594
Mean computational time for the real Wasserstein distance 0.009755969047546387
Namespace(KL=1, alpha_experiment=False, barycenter=False, batch_size=[[1, None], [1, None]], clique_size_s=10, clique_size_t=10, constraint=True, cross_val=False, dimension=2, dimension_s=20, dimension_t=10, enough_space=True, entropy_experiment=False, epsilon=1.0, epsilon_min=0.0, from_graphs='', iter_epsilon=500, iter_max=1, learning_step=0.8, loss_func_name='square_loss', n_iter_algo=10, n_neighbors=5, n_samples_s=20, n_samples_t=20, name_algo='sampled_gromov_sliced', name_dataset='gaussian_graph', nb_iter_batch=1, nb_iter_update_Y=400, noise_graph=0.1, p_in_s=0.5, p_in_t=0.5, param1='1', param2='500', pickle_name='2', pickle_path='pickle_compare', plot=False, ps_out_s=0.1, ps_out_t=0.1, rdm_seed=12345, repeat=True, same_space=False, save_pickle=True, sparse_graph=True, to_graphs='', value_graph=True, variance_s=5, variance_t=5, verbose=False)
Point Gromov
Point Gromov
Point Gromov
Point Gromov
Point Gromov
Point Gromov
Point Gromov
Point Gromov
Point Gromov
Point Gromov
Mean Wasserstein distance 1.733535695160834
Mean Wasserstein distance approximated 1.7062615772285956
Mean computational time for finding T 0.0710181474685669
Mean computational time for the approximated Wasserstein distance 0.0018100738525390625
Mean computational time for the real Wasserstein distance 0.009732961654663086
Namespace(KL=1, alpha_experiment=False, barycenter=False, batch_size=[[1, None], [1, None]], clique_size_s=10, clique_size_t=10, constraint=True, cross_val=False, dimension=2, dimension_s=20, dimension_t=10, enough_space=True, entropy_experiment=False, epsilon=1.0, epsilon_min=0.0, from_graphs='', iter_epsilon=500, iter_max=1, learning_step=0.8, loss_func_name='square_loss', n_iter_algo=10, n_neighbors=5, n_samples_s=20, n_samples_t=20, name_algo='sampled_gromov_sliced', name_dataset='gaussian_graph', nb_iter_batch=1, nb_iter_update_Y=400, noise_graph=0.1, p_in_s=0.5, p_in_t=0.5, param1='1', param2='500', pickle_name='2', pickle_path='pickle_compare', plot=False, ps_out_s=0.1, ps_out_t=0.1, rdm_seed=12345, repeat=True, same_space=False, save_pickle=True, sparse_graph=True, to_graphs='', value_graph=True, variance_s=5, variance_t=5, verbose=False)
Point Gromov
Point Gromov
Point Gromov
Point Gromov
Point Gromov
Point Gromov
Point Gromov
Point Gromov
Point Gromov
Point Gromov
Mean Wasserstein distance 1.733535695160834
Mean Wasserstein distance approximated 1.7062615772285956
Mean computational time for finding T 0.07117879390716553
Mean computational time for the approximated Wasserstein distance 0.001818394660949707
Mean computational time for the real Wasserstein distance 0.009641766548156738
Namespace(KL=1, alpha_experiment=False, barycenter=False, batch_size=[[1, None], [1, None]], clique_size_s=10, clique_size_t=10, constraint=True, cross_val=False, dimension=2, dimension_s=20, dimension_t=10, enough_space=True, entropy_experiment=False, epsilon=1.0, epsilon_min=0.0, from_graphs='', iter_epsilon=500, iter_max=1, learning_step=0.8, loss_func_name='square_loss', n_iter_algo=10, n_neighbors=5, n_samples_s=20, n_samples_t=20, name_algo='sampled_gromov_sliced', name_dataset='gaussian_graph', nb_iter_batch=1, nb_iter_update_Y=400, noise_graph=0.1, p_in_s=0.5, p_in_t=0.5, param1='1', param2='500', pickle_name='2', pickle_path='pickle_compare', plot=False, ps_out_s=0.1, ps_out_t=0.1, rdm_seed=12345, repeat=True, same_space=False, save_pickle=True, sparse_graph=True, to_graphs='', value_graph=True, variance_s=5, variance_t=5, verbose=False)
Point Gromov
Point Gromov
Point Gromov
Point Gromov
Point Gromov
Point Gromov
Point Gromov
Point Gromov
Point Gromov
Point Gromov
Mean Wasserstein distance 1.733535695160834
Mean Wasserstein distance approximated 1.7062615772285956
Mean computational time for finding T 0.07098047733306885
Mean computational time for the approximated Wasserstein distance 0.0018185853958129882
Mean computational time for the real Wasserstein distance 0.009699702262878418
Namespace(KL=1, alpha_experiment=False, barycenter=False, batch_size=[[1, None], [1, None]], clique_size_s=10, clique_size_t=10, constraint=True, cross_val=False, dimension=2, dimension_s=20, dimension_t=10, enough_space=True, entropy_experiment=False, epsilon=1.0, epsilon_min=0.0, from_graphs='', iter_epsilon=500, iter_max=1, learning_step=0.8, loss_func_name='square_loss', n_iter_algo=10, n_neighbors=5, n_samples_s=20, n_samples_t=20, name_algo='sampled_gromov_sliced', name_dataset='gaussian_graph', nb_iter_batch=1, nb_iter_update_Y=400, noise_graph=0.1, p_in_s=0.5, p_in_t=0.5, param1='1', param2='500', pickle_name='2', pickle_path='pickle_compare', plot=False, ps_out_s=0.1, ps_out_t=0.1, rdm_seed=12345, repeat=True, same_space=False, save_pickle=True, sparse_graph=True, to_graphs='', value_graph=True, variance_s=5, variance_t=5, verbose=False)
Point Gromov
Point Gromov
Point Gromov
Point Gromov
Point Gromov
Point Gromov
Point Gromov
Point Gromov
Point Gromov
Point Gromov
Mean Wasserstein distance 1.733535695160834
Mean Wasserstein distance approximated 1.7062615772285956
Mean computational time for finding T 0.07097668647766113
Mean computational time for the approximated Wasserstein distance 0.001814866065979004
Mean computational time for the real Wasserstein distance 0.009664130210876466
Namespace(KL=1, alpha_experiment=False, barycenter=False, batch_size=[[1, None], [1, None]], clique_size_s=10, clique_size_t=10, constraint=True, cross_val=False, dimension=2, dimension_s=20, dimension_t=10, enough_space=True, entropy_experiment=False, epsilon=1.0, epsilon_min=0.0, from_graphs='', iter_epsilon=500, iter_max=1, learning_step=0.8, loss_func_name='square_loss', n_iter_algo=10, n_neighbors=5, n_samples_s=20, n_samples_t=20, name_algo='sampled_gromov_sliced', name_dataset='gaussian_graph', nb_iter_batch=1, nb_iter_update_Y=400, noise_graph=0.1, p_in_s=0.5, p_in_t=0.5, param1='1', param2='500', pickle_name='2', pickle_path='pickle_compare', plot=False, ps_out_s=0.1, ps_out_t=0.1, rdm_seed=12345, repeat=True, same_space=False, save_pickle=True, sparse_graph=True, to_graphs='', value_graph=True, variance_s=5, variance_t=5, verbose=False)
Point Gromov
Point Gromov
Point Gromov
Point Gromov
Point Gromov
Point Gromov
Point Gromov
Point Gromov
Point Gromov
Point Gromov
Mean Wasserstein distance 1.733535695160834
Mean Wasserstein distance approximated 1.7062615772285956
Mean computational time for finding T 0.07106733322143555
Mean computational time for the approximated Wasserstein distance 0.0018346548080444337
Mean computational time for the real Wasserstein distance 0.009642934799194336
Namespace(KL=1, alpha_experiment=False, barycenter=False, batch_size=[[1, None], [1, None]], clique_size_s=10, clique_size_t=10, constraint=True, cross_val=False, dimension=2, dimension_s=20, dimension_t=10, enough_space=True, entropy_experiment=False, epsilon=1.0, epsilon_min=0.0, from_graphs='', iter_epsilon=500, iter_max=1, learning_step=0.8, loss_func_name='square_loss', n_iter_algo=10, n_neighbors=5, n_samples_s=20, n_samples_t=20, name_algo='sampled_gromov_sliced', name_dataset='gaussian_graph', nb_iter_batch=1, nb_iter_update_Y=400, noise_graph=0.1, p_in_s=0.5, p_in_t=0.5, param1='1', param2='500', pickle_name='2', pickle_path='pickle_compare', plot=False, ps_out_s=0.1, ps_out_t=0.1, rdm_seed=12345, repeat=True, same_space=False, save_pickle=True, sparse_graph=True, to_graphs='', value_graph=True, variance_s=5, variance_t=5, verbose=False)
Point Gromov
Point Gromov
Point Gromov
Point Gromov
Point Gromov
Point Gromov
Point Gromov
Point Gromov
Point Gromov
Point Gromov
Mean Wasserstein distance 1.733535695160834
Mean Wasserstein distance approximated 1.7062615772285956
Mean computational time for finding T 0.07124569416046142
Mean computational time for the approximated Wasserstein distance 0.0018252134323120117
Mean computational time for the real Wasserstein distance 0.009715700149536132
---------------------------------------
Begin Slurm Epilog: Jun-06-2023 08:52:10
Job ID:        2367592
Array Job ID:  _4294967294
User ID:       klapborisuth3
Account:       gts-saluru8-coda20
Job name:      sampled_gromov_sliced_gaussian_graph_20_square_loss_1_500
Resources:     cpu=8,mem=128G,node=1
Rsrc Used:     cput=00:07:20,vmem=10280K,walltime=00:00:55,mem=8524K,energy_used=0
Partition:     cpu-medium
QOS:           inferno
Nodes:         atl1-1-03-002-8-2
---------------------------------------
