---------------------------------------
Begin Slurm Prolog: Jun-06-2023 09:01:44
Job ID:    2368236
User ID:   klapborisuth3
Account:   gts-saluru8-coda20
Job name:  sampled_gromov_sliced_gaussian_graph_500_1_loss_1_50
Partition: cpu-medium
QOS:       inferno
---------------------------------------
---------------------------------------
Begin Slurm Epilog: Jun-06-2023 09:02:02
Job ID:        2368236
Array Job ID:  _4294967294
User ID:       klapborisuth3
Account:       gts-saluru8-coda20
Job name:      sampled_gromov_sliced_gaussian_graph_500_1_loss_1_50
Resources:     cpu=8,mem=128G,node=1
Rsrc Used:     cput=00:02:16,vmem=9628K,walltime=00:00:17,mem=7904K,energy_used=0
Partition:     cpu-medium
QOS:           inferno
Nodes:         atl1-1-03-004-16-1
---------------------------------------
