---------------------------------------
Begin Slurm Prolog: Jun-06-2023 15:55:28
Job ID:    2374286
User ID:   klapborisuth3
Account:   gts-saluru8-coda20
Job name:  sampled_gromov_e_constant_gaussian_graph_1000_1_loss_1_1000
Partition: cpu-medium
QOS:       inferno
---------------------------------------
---------------------------------------
Begin Slurm Epilog: Jun-06-2023 15:55:55
Job ID:        2374286
Array Job ID:  _4294967294
User ID:       klapborisuth3
Account:       gts-saluru8-coda20
Job name:      sampled_gromov_e_constant_gaussian_graph_1000_1_loss_1_1000
Resources:     cpu=8,mem=128G,node=1
Rsrc Used:     cput=00:02:56,vmem=9564K,walltime=00:00:22,mem=7892K,energy_used=0
Partition:     cpu-medium
QOS:           inferno
Nodes:         atl1-1-02-003-1-2
---------------------------------------
