---------------------------------------
Begin Slurm Prolog: Jun-06-2023 09:04:17
Job ID:    2368301
User ID:   klapborisuth3
Account:   gts-saluru8-coda20
Job name:  sampled_gromov_e_constant_gaussian_graph_20_square_loss_10_100
Partition: cpu-medium
QOS:       inferno
---------------------------------------
Namespace(KL=1, alpha_experiment=False, barycenter=False, batch_size=[[10, None], [1, None]], clique_size_s=10, clique_size_t=10, constraint=True, cross_val=False, dimension=2, dimension_s=20, dimension_t=10, enough_space=True, entropy_experiment=False, epsilon=1.0, epsilon_min=0.0, from_graphs='', iter_epsilon=100, iter_max=1, learning_step=0.8, loss_func_name='square_loss', n_iter_algo=10, n_neighbors=5, n_samples_s=20, n_samples_t=20, name_algo='sampled_gromov_e_constant', name_dataset='gaussian_graph', nb_iter_batch=1, nb_iter_update_Y=400, noise_graph=0.1, p_in_s=0.5, p_in_t=0.5, param1='10', param2='100', pickle_name='2', pickle_path='pickle_compare', plot=False, ps_out_s=0.1, ps_out_t=0.1, rdm_seed=12345, repeat=True, same_space=False, save_pickle=True, sparse_graph=True, to_graphs='', value_graph=True, variance_s=5, variance_t=5, verbose=False)
Warning catched: Return last stable T
Warning catched: Return last stable T
Warning catched: Return last stable T
Warning catched: Return last stable T
Mean Wasserstein distance 1.0363034231896533
Mean Wasserstein distance approximated 1.0625844084826954
Mean computational time for finding T 0.4035216808319092
Mean computational time for the approximated Wasserstein distance 0.0017708063125610352
Mean computational time for the real Wasserstein distance 0.009748625755310058
Namespace(KL=1, alpha_experiment=False, barycenter=False, batch_size=[[10, None], [1, None]], clique_size_s=10, clique_size_t=10, constraint=True, cross_val=False, dimension=2, dimension_s=20, dimension_t=10, enough_space=True, entropy_experiment=False, epsilon=1.0, epsilon_min=0.0, from_graphs='', iter_epsilon=100, iter_max=1, learning_step=0.8, loss_func_name='square_loss', n_iter_algo=10, n_neighbors=5, n_samples_s=20, n_samples_t=20, name_algo='sampled_gromov_e_constant', name_dataset='gaussian_graph', nb_iter_batch=1, nb_iter_update_Y=400, noise_graph=0.1, p_in_s=0.5, p_in_t=0.5, param1='10', param2='100', pickle_name='2', pickle_path='pickle_compare', plot=False, ps_out_s=0.1, ps_out_t=0.1, rdm_seed=12345, repeat=True, same_space=False, save_pickle=True, sparse_graph=True, to_graphs='', value_graph=True, variance_s=5, variance_t=5, verbose=False)
Warning catched: Return last stable T
Warning catched: Return last stable T
Warning catched: Return last stable T
Warning catched: Return last stable T
Mean Wasserstein distance 1.0363034231896533
Mean Wasserstein distance approximated 1.0625844084826954
Mean computational time for finding T 0.403085732460022
Mean computational time for the approximated Wasserstein distance 0.0017716169357299804
Mean computational time for the real Wasserstein distance 0.00968918800354004
Namespace(KL=1, alpha_experiment=False, barycenter=False, batch_size=[[10, None], [1, None]], clique_size_s=10, clique_size_t=10, constraint=True, cross_val=False, dimension=2, dimension_s=20, dimension_t=10, enough_space=True, entropy_experiment=False, epsilon=1.0, epsilon_min=0.0, from_graphs='', iter_epsilon=100, iter_max=1, learning_step=0.8, loss_func_name='square_loss', n_iter_algo=10, n_neighbors=5, n_samples_s=20, n_samples_t=20, name_algo='sampled_gromov_e_constant', name_dataset='gaussian_graph', nb_iter_batch=1, nb_iter_update_Y=400, noise_graph=0.1, p_in_s=0.5, p_in_t=0.5, param1='10', param2='100', pickle_name='2', pickle_path='pickle_compare', plot=False, ps_out_s=0.1, ps_out_t=0.1, rdm_seed=12345, repeat=True, same_space=False, save_pickle=True, sparse_graph=True, to_graphs='', value_graph=True, variance_s=5, variance_t=5, verbose=False)
Warning catched: Return last stable T
Warning catched: Return last stable T
Warning catched: Return last stable T
Warning catched: Return last stable T
Mean Wasserstein distance 1.0363034231896533
Mean Wasserstein distance approximated 1.0625844084826954
Mean computational time for finding T 0.4024709701538086
Mean computational time for the approximated Wasserstein distance 0.0017874956130981446
Mean computational time for the real Wasserstein distance 0.009644508361816406
Namespace(KL=1, alpha_experiment=False, barycenter=False, batch_size=[[10, None], [1, None]], clique_size_s=10, clique_size_t=10, constraint=True, cross_val=False, dimension=2, dimension_s=20, dimension_t=10, enough_space=True, entropy_experiment=False, epsilon=1.0, epsilon_min=0.0, from_graphs='', iter_epsilon=100, iter_max=1, learning_step=0.8, loss_func_name='square_loss', n_iter_algo=10, n_neighbors=5, n_samples_s=20, n_samples_t=20, name_algo='sampled_gromov_e_constant', name_dataset='gaussian_graph', nb_iter_batch=1, nb_iter_update_Y=400, noise_graph=0.1, p_in_s=0.5, p_in_t=0.5, param1='10', param2='100', pickle_name='2', pickle_path='pickle_compare', plot=False, ps_out_s=0.1, ps_out_t=0.1, rdm_seed=12345, repeat=True, same_space=False, save_pickle=True, sparse_graph=True, to_graphs='', value_graph=True, variance_s=5, variance_t=5, verbose=False)
Warning catched: Return last stable T
Warning catched: Return last stable T
Warning catched: Return last stable T
Warning catched: Return last stable T
Mean Wasserstein distance 1.0363034231896533
Mean Wasserstein distance approximated 1.0625844084826954
Mean computational time for finding T 0.40293731689453127
Mean computational time for the approximated Wasserstein distance 0.0017977237701416015
Mean computational time for the real Wasserstein distance 0.009610676765441894
Namespace(KL=1, alpha_experiment=False, barycenter=False, batch_size=[[10, None], [1, None]], clique_size_s=10, clique_size_t=10, constraint=True, cross_val=False, dimension=2, dimension_s=20, dimension_t=10, enough_space=True, entropy_experiment=False, epsilon=1.0, epsilon_min=0.0, from_graphs='', iter_epsilon=100, iter_max=1, learning_step=0.8, loss_func_name='square_loss', n_iter_algo=10, n_neighbors=5, n_samples_s=20, n_samples_t=20, name_algo='sampled_gromov_e_constant', name_dataset='gaussian_graph', nb_iter_batch=1, nb_iter_update_Y=400, noise_graph=0.1, p_in_s=0.5, p_in_t=0.5, param1='10', param2='100', pickle_name='2', pickle_path='pickle_compare', plot=False, ps_out_s=0.1, ps_out_t=0.1, rdm_seed=12345, repeat=True, same_space=False, save_pickle=True, sparse_graph=True, to_graphs='', value_graph=True, variance_s=5, variance_t=5, verbose=False)
Warning catched: Return last stable T
Warning catched: Return last stable T
Warning catched: Return last stable T
Warning catched: Return last stable T
Mean Wasserstein distance 1.0363034231896533
Mean Wasserstein distance approximated 1.0625844084826954
Mean computational time for finding T 0.4035194873809814
Mean computational time for the approximated Wasserstein distance 0.0017871379852294922
Mean computational time for the real Wasserstein distance 0.010233378410339356
Namespace(KL=1, alpha_experiment=False, barycenter=False, batch_size=[[10, None], [1, None]], clique_size_s=10, clique_size_t=10, constraint=True, cross_val=False, dimension=2, dimension_s=20, dimension_t=10, enough_space=True, entropy_experiment=False, epsilon=1.0, epsilon_min=0.0, from_graphs='', iter_epsilon=100, iter_max=1, learning_step=0.8, loss_func_name='square_loss', n_iter_algo=10, n_neighbors=5, n_samples_s=20, n_samples_t=20, name_algo='sampled_gromov_e_constant', name_dataset='gaussian_graph', nb_iter_batch=1, nb_iter_update_Y=400, noise_graph=0.1, p_in_s=0.5, p_in_t=0.5, param1='10', param2='100', pickle_name='2', pickle_path='pickle_compare', plot=False, ps_out_s=0.1, ps_out_t=0.1, rdm_seed=12345, repeat=True, same_space=False, save_pickle=True, sparse_graph=True, to_graphs='', value_graph=True, variance_s=5, variance_t=5, verbose=False)
Warning catched: Return last stable T
Warning catched: Return last stable T
Warning catched: Return last stable T
Warning catched: Return last stable T
Mean Wasserstein distance 1.0363034231896533
Mean Wasserstein distance approximated 1.0625844084826954
Mean computational time for finding T 0.4051161050796509
Mean computational time for the approximated Wasserstein distance 0.001815056800842285
Mean computational time for the real Wasserstein distance 0.009674763679504395
Namespace(KL=1, alpha_experiment=False, barycenter=False, batch_size=[[10, None], [1, None]], clique_size_s=10, clique_size_t=10, constraint=True, cross_val=False, dimension=2, dimension_s=20, dimension_t=10, enough_space=True, entropy_experiment=False, epsilon=1.0, epsilon_min=0.0, from_graphs='', iter_epsilon=100, iter_max=1, learning_step=0.8, loss_func_name='square_loss', n_iter_algo=10, n_neighbors=5, n_samples_s=20, n_samples_t=20, name_algo='sampled_gromov_e_constant', name_dataset='gaussian_graph', nb_iter_batch=1, nb_iter_update_Y=400, noise_graph=0.1, p_in_s=0.5, p_in_t=0.5, param1='10', param2='100', pickle_name='2', pickle_path='pickle_compare', plot=False, ps_out_s=0.1, ps_out_t=0.1, rdm_seed=12345, repeat=True, same_space=False, save_pickle=True, sparse_graph=True, to_graphs='', value_graph=True, variance_s=5, variance_t=5, verbose=False)
Warning catched: Return last stable T
Warning catched: Return last stable T
Warning catched: Return last stable T
Warning catched: Return last stable T
Mean Wasserstein distance 1.0363034231896533
Mean Wasserstein distance approximated 1.0625844084826954
Mean computational time for finding T 0.4081780195236206
Mean computational time for the approximated Wasserstein distance 0.0018271446228027345
Mean computational time for the real Wasserstein distance 0.009807229042053223
Namespace(KL=1, alpha_experiment=False, barycenter=False, batch_size=[[10, None], [1, None]], clique_size_s=10, clique_size_t=10, constraint=True, cross_val=False, dimension=2, dimension_s=20, dimension_t=10, enough_space=True, entropy_experiment=False, epsilon=1.0, epsilon_min=0.0, from_graphs='', iter_epsilon=100, iter_max=1, learning_step=0.8, loss_func_name='square_loss', n_iter_algo=10, n_neighbors=5, n_samples_s=20, n_samples_t=20, name_algo='sampled_gromov_e_constant', name_dataset='gaussian_graph', nb_iter_batch=1, nb_iter_update_Y=400, noise_graph=0.1, p_in_s=0.5, p_in_t=0.5, param1='10', param2='100', pickle_name='2', pickle_path='pickle_compare', plot=False, ps_out_s=0.1, ps_out_t=0.1, rdm_seed=12345, repeat=True, same_space=False, save_pickle=True, sparse_graph=True, to_graphs='', value_graph=True, variance_s=5, variance_t=5, verbose=False)
Warning catched: Return last stable T
Warning catched: Return last stable T
Warning catched: Return last stable T
Warning catched: Return last stable T
Mean Wasserstein distance 1.0363034231896533
Mean Wasserstein distance approximated 1.0625844084826954
Mean computational time for finding T 0.4983612298965454
Mean computational time for the approximated Wasserstein distance 0.002132725715637207
Mean computational time for the real Wasserstein distance 0.011858892440795899
---------------------------------------
Begin Slurm Epilog: Jun-06-2023 09:04:31
Job ID:        2368301
Array Job ID:  _4294967294
User ID:       klapborisuth3
Account:       gts-saluru8-coda20
Job name:      sampled_gromov_e_constant_gaussian_graph_20_square_loss_10_100
Resources:     cpu=8,mem=128G,node=1
Rsrc Used:     cput=00:02:00,vmem=1732K,walltime=00:00:15,mem=0,energy_used=0
Partition:     cpu-medium
QOS:           inferno
Nodes:         atl1-1-03-004-16-1
---------------------------------------
