---------------------------------------
Begin Slurm Prolog: Jun-06-2023 16:18:52
Job ID:    2374349
User ID:   klapborisuth3
Account:   gts-saluru8-coda20
Job name:  sampled_gromov_e_constant_gaussian_graph_5000_1_loss_100_500
Partition: cpu-large
QOS:       inferno
---------------------------------------
---------------------------------------
Begin Slurm Epilog: Jun-07-2023 07:19:12
Job ID:        2374349
Array Job ID:  _4294967294
User ID:       klapborisuth3
Account:       gts-saluru8-coda20
Job name:      sampled_gromov_e_constant_gaussian_graph_5000_1_loss_100_500
Resources:     cpu=8,mem=256G,node=1
Rsrc Used:     cput=5-00:02:24,vmem=10252K,walltime=15:00:18,mem=8532K,energy_used=0
Partition:     cpu-large
QOS:           inferno
Nodes:         atl1-1-01-005-31-1
---------------------------------------
