---------------------------------------
Begin Slurm Prolog: Jun-06-2023 16:27:30
Job ID:    2374361
User ID:   klapborisuth3
Account:   gts-saluru8-coda20
Job name:  sampled_gromov_e_constant_gaussian_graph_5000_1_loss_1000_50
Partition: cpu-large
QOS:       inferno
---------------------------------------
---------------------------------------
Begin Slurm Epilog: Jun-07-2023 07:27:42
Job ID:        2374361
Array Job ID:  _4294967294
User ID:       klapborisuth3
Account:       gts-saluru8-coda20
Job name:      sampled_gromov_e_constant_gaussian_graph_5000_1_loss_1000_50
Resources:     cpu=8,mem=256G,node=1
Rsrc Used:     cput=5-00:01:20,vmem=10252K,walltime=15:00:10,mem=8532K,energy_used=0
Partition:     cpu-large
QOS:           inferno
Nodes:         atl1-1-02-003-30-1
---------------------------------------
