---------------------------------------
Begin Slurm Prolog: Jun-06-2023 09:05:13
Job ID:    2368622
User ID:   klapborisuth3
Account:   gts-saluru8-coda20
Job name:  sampled_gromov_e_constant_gaussian_graph_500_square_loss_10_50
Partition: cpu-medium
QOS:       inferno
---------------------------------------
Namespace(KL=1, alpha_experiment=False, barycenter=False, batch_size=[[10, None], [1, None]], clique_size_s=200, clique_size_t=200, constraint=True, cross_val=False, dimension=2, dimension_s=20, dimension_t=10, enough_space=True, entropy_experiment=False, epsilon=1.0, epsilon_min=0.0, from_graphs='', iter_epsilon=50, iter_max=1, learning_step=0.8, loss_func_name='square_loss', n_iter_algo=10, n_neighbors=5, n_samples_s=500, n_samples_t=500, name_algo='sampled_gromov_e_constant', name_dataset='gaussian_graph', nb_iter_batch=1, nb_iter_update_Y=400, noise_graph=0.1, p_in_s=0.5, p_in_t=0.5, param1='10', param2='50', pickle_name='2', pickle_path='pickle_compare', plot=False, ps_out_s=0.1, ps_out_t=0.1, rdm_seed=12345, repeat=True, same_space=False, save_pickle=True, sparse_graph=True, to_graphs='', value_graph=True, variance_s=5, variance_t=5, verbose=False)
Mean Wasserstein distance 1.6802599974322896
Mean Wasserstein distance approximated 1.6813352106090367
Mean computational time for finding T 2.1733005046844482
Mean computational time for the approximated Wasserstein distance 0.116459321975708
Mean computational time for the real Wasserstein distance 651.7102937936783
Namespace(KL=1, alpha_experiment=False, barycenter=False, batch_size=[[10, None], [1, None]], clique_size_s=200, clique_size_t=200, constraint=True, cross_val=False, dimension=2, dimension_s=20, dimension_t=10, enough_space=True, entropy_experiment=False, epsilon=1.0, epsilon_min=0.0, from_graphs='', iter_epsilon=50, iter_max=1, learning_step=0.8, loss_func_name='square_loss', n_iter_algo=10, n_neighbors=5, n_samples_s=500, n_samples_t=500, name_algo='sampled_gromov_e_constant', name_dataset='gaussian_graph', nb_iter_batch=1, nb_iter_update_Y=400, noise_graph=0.1, p_in_s=0.5, p_in_t=0.5, param1='10', param2='50', pickle_name='2', pickle_path='pickle_compare', plot=False, ps_out_s=0.1, ps_out_t=0.1, rdm_seed=12345, repeat=True, same_space=False, save_pickle=True, sparse_graph=True, to_graphs='', value_graph=True, variance_s=5, variance_t=5, verbose=False)
Mean Wasserstein distance 1.6802599974322896
Mean Wasserstein distance approximated 1.6813352106090367
Mean computational time for finding T 2.1329588413238527
Mean computational time for the approximated Wasserstein distance 0.11476585865020753
Mean computational time for the real Wasserstein distance 652.1223022460938
Namespace(KL=1, alpha_experiment=False, barycenter=False, batch_size=[[10, None], [1, None]], clique_size_s=200, clique_size_t=200, constraint=True, cross_val=False, dimension=2, dimension_s=20, dimension_t=10, enough_space=True, entropy_experiment=False, epsilon=1.0, epsilon_min=0.0, from_graphs='', iter_epsilon=50, iter_max=1, learning_step=0.8, loss_func_name='square_loss', n_iter_algo=10, n_neighbors=5, n_samples_s=500, n_samples_t=500, name_algo='sampled_gromov_e_constant', name_dataset='gaussian_graph', nb_iter_batch=1, nb_iter_update_Y=400, noise_graph=0.1, p_in_s=0.5, p_in_t=0.5, param1='10', param2='50', pickle_name='2', pickle_path='pickle_compare', plot=False, ps_out_s=0.1, ps_out_t=0.1, rdm_seed=12345, repeat=True, same_space=False, save_pickle=True, sparse_graph=True, to_graphs='', value_graph=True, variance_s=5, variance_t=5, verbose=False)
Mean Wasserstein distance 1.6802599974322896
Mean Wasserstein distance approximated 1.6813352106090367
Mean computational time for finding T 2.086396670341492
Mean computational time for the approximated Wasserstein distance 0.11428515911102295
Mean computational time for the real Wasserstein distance 653.8627405643463
Namespace(KL=1, alpha_experiment=False, barycenter=False, batch_size=[[10, None], [1, None]], clique_size_s=200, clique_size_t=200, constraint=True, cross_val=False, dimension=2, dimension_s=20, dimension_t=10, enough_space=True, entropy_experiment=False, epsilon=1.0, epsilon_min=0.0, from_graphs='', iter_epsilon=50, iter_max=1, learning_step=0.8, loss_func_name='square_loss', n_iter_algo=10, n_neighbors=5, n_samples_s=500, n_samples_t=500, name_algo='sampled_gromov_e_constant', name_dataset='gaussian_graph', nb_iter_batch=1, nb_iter_update_Y=400, noise_graph=0.1, p_in_s=0.5, p_in_t=0.5, param1='10', param2='50', pickle_name='2', pickle_path='pickle_compare', plot=False, ps_out_s=0.1, ps_out_t=0.1, rdm_seed=12345, repeat=True, same_space=False, save_pickle=True, sparse_graph=True, to_graphs='', value_graph=True, variance_s=5, variance_t=5, verbose=False)
Mean Wasserstein distance 1.6802599974322896
Mean Wasserstein distance approximated 1.6813352106090367
Mean computational time for finding T 2.103387546539307
Mean computational time for the approximated Wasserstein distance 0.11506519317626954
Mean computational time for the real Wasserstein distance 654.1425267457962
Namespace(KL=1, alpha_experiment=False, barycenter=False, batch_size=[[10, None], [1, None]], clique_size_s=200, clique_size_t=200, constraint=True, cross_val=False, dimension=2, dimension_s=20, dimension_t=10, enough_space=True, entropy_experiment=False, epsilon=1.0, epsilon_min=0.0, from_graphs='', iter_epsilon=50, iter_max=1, learning_step=0.8, loss_func_name='square_loss', n_iter_algo=10, n_neighbors=5, n_samples_s=500, n_samples_t=500, name_algo='sampled_gromov_e_constant', name_dataset='gaussian_graph', nb_iter_batch=1, nb_iter_update_Y=400, noise_graph=0.1, p_in_s=0.5, p_in_t=0.5, param1='10', param2='50', pickle_name='2', pickle_path='pickle_compare', plot=False, ps_out_s=0.1, ps_out_t=0.1, rdm_seed=12345, repeat=True, same_space=False, save_pickle=True, sparse_graph=True, to_graphs='', value_graph=True, variance_s=5, variance_t=5, verbose=False)
Mean Wasserstein distance 1.6802599974322896
Mean Wasserstein distance approximated 1.6813352106090367
Mean computational time for finding T 2.1141435384750364
Mean computational time for the approximated Wasserstein distance 0.11475989818572999
Mean computational time for the real Wasserstein distance 654.5134588003159
Namespace(KL=1, alpha_experiment=False, barycenter=False, batch_size=[[10, None], [1, None]], clique_size_s=200, clique_size_t=200, constraint=True, cross_val=False, dimension=2, dimension_s=20, dimension_t=10, enough_space=True, entropy_experiment=False, epsilon=1.0, epsilon_min=0.0, from_graphs='', iter_epsilon=50, iter_max=1, learning_step=0.8, loss_func_name='square_loss', n_iter_algo=10, n_neighbors=5, n_samples_s=500, n_samples_t=500, name_algo='sampled_gromov_e_constant', name_dataset='gaussian_graph', nb_iter_batch=1, nb_iter_update_Y=400, noise_graph=0.1, p_in_s=0.5, p_in_t=0.5, param1='10', param2='50', pickle_name='2', pickle_path='pickle_compare', plot=False, ps_out_s=0.1, ps_out_t=0.1, rdm_seed=12345, repeat=True, same_space=False, save_pickle=True, sparse_graph=True, to_graphs='', value_graph=True, variance_s=5, variance_t=5, verbose=False)
Mean Wasserstein distance 1.6802599974322896
Mean Wasserstein distance approximated 1.6813352106090367
Mean computational time for finding T 2.1087907552719116
Mean computational time for the approximated Wasserstein distance 0.11420872211456298
Mean computational time for the real Wasserstein distance 655.2114461183548
Namespace(KL=1, alpha_experiment=False, barycenter=False, batch_size=[[10, None], [1, None]], clique_size_s=200, clique_size_t=200, constraint=True, cross_val=False, dimension=2, dimension_s=20, dimension_t=10, enough_space=True, entropy_experiment=False, epsilon=1.0, epsilon_min=0.0, from_graphs='', iter_epsilon=50, iter_max=1, learning_step=0.8, loss_func_name='square_loss', n_iter_algo=10, n_neighbors=5, n_samples_s=500, n_samples_t=500, name_algo='sampled_gromov_e_constant', name_dataset='gaussian_graph', nb_iter_batch=1, nb_iter_update_Y=400, noise_graph=0.1, p_in_s=0.5, p_in_t=0.5, param1='10', param2='50', pickle_name='2', pickle_path='pickle_compare', plot=False, ps_out_s=0.1, ps_out_t=0.1, rdm_seed=12345, repeat=True, same_space=False, save_pickle=True, sparse_graph=True, to_graphs='', value_graph=True, variance_s=5, variance_t=5, verbose=False)
Mean Wasserstein distance 1.6802599974322896
Mean Wasserstein distance approximated 1.6813352106090367
Mean computational time for finding T 2.1237080574035643
Mean computational time for the approximated Wasserstein distance 0.11554408073425293
Mean computational time for the real Wasserstein distance 655.7462523221969
Namespace(KL=1, alpha_experiment=False, barycenter=False, batch_size=[[10, None], [1, None]], clique_size_s=200, clique_size_t=200, constraint=True, cross_val=False, dimension=2, dimension_s=20, dimension_t=10, enough_space=True, entropy_experiment=False, epsilon=1.0, epsilon_min=0.0, from_graphs='', iter_epsilon=50, iter_max=1, learning_step=0.8, loss_func_name='square_loss', n_iter_algo=10, n_neighbors=5, n_samples_s=500, n_samples_t=500, name_algo='sampled_gromov_e_constant', name_dataset='gaussian_graph', nb_iter_batch=1, nb_iter_update_Y=400, noise_graph=0.1, p_in_s=0.5, p_in_t=0.5, param1='10', param2='50', pickle_name='2', pickle_path='pickle_compare', plot=False, ps_out_s=0.1, ps_out_t=0.1, rdm_seed=12345, repeat=True, same_space=False, save_pickle=True, sparse_graph=True, to_graphs='', value_graph=True, variance_s=5, variance_t=5, verbose=False)
Mean Wasserstein distance 1.6802599974322896
Mean Wasserstein distance approximated 1.6813352106090367
Mean computational time for finding T 2.2861698865890503
Mean computational time for the approximated Wasserstein distance 0.11736714839935303
Mean computational time for the real Wasserstein distance 655.7801128864288
---------------------------------------
Begin Slurm Epilog: Jun-06-2023 10:55:04
Job ID:        2368622
Array Job ID:  _4294967294
User ID:       klapborisuth3
Account:       gts-saluru8-coda20
Job name:      sampled_gromov_e_constant_gaussian_graph_500_square_loss_10_50
Resources:     cpu=8,mem=128G,node=1
Rsrc Used:     cput=14:38:56,vmem=8540K,walltime=01:49:52,mem=8532K,energy_used=0
Partition:     cpu-medium
QOS:           inferno
Nodes:         atl1-1-02-003-24-1
---------------------------------------
