---------------------------------------
Begin Slurm Prolog: Jun-05-2023 15:29:44
Job ID:    2359824
User ID:   klapborisuth3
Account:   gts-saluru8-coda20
Job name:  gromov_gaussian_graph_20_1_loss
Partition: cpu-small
QOS:       inferno
---------------------------------------
Namespace(KL=1, alpha_experiment=False, barycenter=False, batch_size=None, clique_size_s=10, clique_size_t=10, constraint=True, cross_val=False, dimension=2, dimension_s=20, dimension_t=10, enough_space=True, entropy_experiment=False, epsilon=1.0, epsilon_min=0.0, from_graphs='', iter_epsilon=1000, iter_max=1, learning_step=0.8, loss_func_name='1_loss', n_iter_algo=10, n_neighbors=5, n_samples_s=20, n_samples_t=20, name_algo='gromov', name_dataset='gaussian_graph', nb_iter_batch=1, nb_iter_update_Y=400, noise_graph=0.1, p_in_s=0.5, p_in_t=0.5, param1='', param2='', pickle_name='2', pickle_path='pickle_compare', plot=False, ps_out_s=0.1, ps_out_t=0.1, rdm_seed=12345, repeat=True, same_space=False, save_pickle=True, sparse_graph=True, to_graphs='', value_graph=True, variance_s=5, variance_t=5, verbose=False)
Mean Wasserstein distance 0.8923030392122252
Mean Wasserstein distance approximated 0.8923030392122252
Mean computational time for finding T 1.0633127212524414
Mean computational time for the approximated Wasserstein distance 1.1682510375976563e-06
Mean computational time for the real Wasserstein distance 0.005919957160949707
Namespace(KL=1, alpha_experiment=False, barycenter=False, batch_size=None, clique_size_s=10, clique_size_t=10, constraint=True, cross_val=False, dimension=2, dimension_s=20, dimension_t=10, enough_space=True, entropy_experiment=False, epsilon=1.0, epsilon_min=0.0, from_graphs='', iter_epsilon=1000, iter_max=1, learning_step=0.8, loss_func_name='1_loss', n_iter_algo=10, n_neighbors=5, n_samples_s=20, n_samples_t=20, name_algo='gromov', name_dataset='gaussian_graph', nb_iter_batch=1, nb_iter_update_Y=400, noise_graph=0.1, p_in_s=0.5, p_in_t=0.5, param1='', param2='', pickle_name='2', pickle_path='pickle_compare', plot=False, ps_out_s=0.1, ps_out_t=0.1, rdm_seed=12345, repeat=True, same_space=False, save_pickle=True, sparse_graph=True, to_graphs='', value_graph=True, variance_s=5, variance_t=5, verbose=False)
Mean Wasserstein distance 0.8923030392122252
Mean Wasserstein distance approximated 0.8923030392122252
Mean computational time for finding T 1.0659977197647095
Mean computational time for the approximated Wasserstein distance 1.2874603271484376e-06
Mean computational time for the real Wasserstein distance 0.005926752090454101
Namespace(KL=1, alpha_experiment=False, barycenter=False, batch_size=None, clique_size_s=10, clique_size_t=10, constraint=True, cross_val=False, dimension=2, dimension_s=20, dimension_t=10, enough_space=True, entropy_experiment=False, epsilon=1.0, epsilon_min=0.0, from_graphs='', iter_epsilon=1000, iter_max=1, learning_step=0.8, loss_func_name='1_loss', n_iter_algo=10, n_neighbors=5, n_samples_s=20, n_samples_t=20, name_algo='gromov', name_dataset='gaussian_graph', nb_iter_batch=1, nb_iter_update_Y=400, noise_graph=0.1, p_in_s=0.5, p_in_t=0.5, param1='', param2='', pickle_name='2', pickle_path='pickle_compare', plot=False, ps_out_s=0.1, ps_out_t=0.1, rdm_seed=12345, repeat=True, same_space=False, save_pickle=True, sparse_graph=True, to_graphs='', value_graph=True, variance_s=5, variance_t=5, verbose=False)
Mean Wasserstein distance 0.8923030392122252
Mean Wasserstein distance approximated 0.8923030392122252
Mean computational time for finding T 1.0667688369750976
Mean computational time for the approximated Wasserstein distance 1.33514404296875e-06
Mean computational time for the real Wasserstein distance 0.00590219497680664
Namespace(KL=1, alpha_experiment=False, barycenter=False, batch_size=None, clique_size_s=10, clique_size_t=10, constraint=True, cross_val=False, dimension=2, dimension_s=20, dimension_t=10, enough_space=True, entropy_experiment=False, epsilon=1.0, epsilon_min=0.0, from_graphs='', iter_epsilon=1000, iter_max=1, learning_step=0.8, loss_func_name='1_loss', n_iter_algo=10, n_neighbors=5, n_samples_s=20, n_samples_t=20, name_algo='gromov', name_dataset='gaussian_graph', nb_iter_batch=1, nb_iter_update_Y=400, noise_graph=0.1, p_in_s=0.5, p_in_t=0.5, param1='', param2='', pickle_name='2', pickle_path='pickle_compare', plot=False, ps_out_s=0.1, ps_out_t=0.1, rdm_seed=12345, repeat=True, same_space=False, save_pickle=True, sparse_graph=True, to_graphs='', value_graph=True, variance_s=5, variance_t=5, verbose=False)
Mean Wasserstein distance 0.8923030392122252
Mean Wasserstein distance approximated 0.8923030392122252
Mean computational time for finding T 1.0668010473251344
Mean computational time for the approximated Wasserstein distance 1.4066696166992188e-06
Mean computational time for the real Wasserstein distance 0.005925750732421875
Namespace(KL=1, alpha_experiment=False, barycenter=False, batch_size=None, clique_size_s=10, clique_size_t=10, constraint=True, cross_val=False, dimension=2, dimension_s=20, dimension_t=10, enough_space=True, entropy_experiment=False, epsilon=1.0, epsilon_min=0.0, from_graphs='', iter_epsilon=1000, iter_max=1, learning_step=0.8, loss_func_name='1_loss', n_iter_algo=10, n_neighbors=5, n_samples_s=20, n_samples_t=20, name_algo='gromov', name_dataset='gaussian_graph', nb_iter_batch=1, nb_iter_update_Y=400, noise_graph=0.1, p_in_s=0.5, p_in_t=0.5, param1='', param2='', pickle_name='2', pickle_path='pickle_compare', plot=False, ps_out_s=0.1, ps_out_t=0.1, rdm_seed=12345, repeat=True, same_space=False, save_pickle=True, sparse_graph=True, to_graphs='', value_graph=True, variance_s=5, variance_t=5, verbose=False)
Mean Wasserstein distance 0.8923030392122252
Mean Wasserstein distance approximated 0.8923030392122252
Mean computational time for finding T 1.1070868492126464
Mean computational time for the approximated Wasserstein distance 2.1219253540039063e-06
Mean computational time for the real Wasserstein distance 0.005924773216247558
Namespace(KL=1, alpha_experiment=False, barycenter=False, batch_size=None, clique_size_s=10, clique_size_t=10, constraint=True, cross_val=False, dimension=2, dimension_s=20, dimension_t=10, enough_space=True, entropy_experiment=False, epsilon=1.0, epsilon_min=0.0, from_graphs='', iter_epsilon=1000, iter_max=1, learning_step=0.8, loss_func_name='1_loss', n_iter_algo=10, n_neighbors=5, n_samples_s=20, n_samples_t=20, name_algo='gromov', name_dataset='gaussian_graph', nb_iter_batch=1, nb_iter_update_Y=400, noise_graph=0.1, p_in_s=0.5, p_in_t=0.5, param1='', param2='', pickle_name='2', pickle_path='pickle_compare', plot=False, ps_out_s=0.1, ps_out_t=0.1, rdm_seed=12345, repeat=True, same_space=False, save_pickle=True, sparse_graph=True, to_graphs='', value_graph=True, variance_s=5, variance_t=5, verbose=False)
Mean Wasserstein distance 0.8923030392122252
Mean Wasserstein distance approximated 0.8923030392122252
Mean computational time for finding T 1.1073079347610473
Mean computational time for the approximated Wasserstein distance 1.8358230590820313e-06
Mean computational time for the real Wasserstein distance 0.005936288833618164
Namespace(KL=1, alpha_experiment=False, barycenter=False, batch_size=None, clique_size_s=10, clique_size_t=10, constraint=True, cross_val=False, dimension=2, dimension_s=20, dimension_t=10, enough_space=True, entropy_experiment=False, epsilon=1.0, epsilon_min=0.0, from_graphs='', iter_epsilon=1000, iter_max=1, learning_step=0.8, loss_func_name='1_loss', n_iter_algo=10, n_neighbors=5, n_samples_s=20, n_samples_t=20, name_algo='gromov', name_dataset='gaussian_graph', nb_iter_batch=1, nb_iter_update_Y=400, noise_graph=0.1, p_in_s=0.5, p_in_t=0.5, param1='', param2='', pickle_name='2', pickle_path='pickle_compare', plot=False, ps_out_s=0.1, ps_out_t=0.1, rdm_seed=12345, repeat=True, same_space=False, save_pickle=True, sparse_graph=True, to_graphs='', value_graph=True, variance_s=5, variance_t=5, verbose=False)
Mean Wasserstein distance 0.8923030392122252
Mean Wasserstein distance approximated 0.8923030392122252
Mean computational time for finding T 1.1091899633407594
Mean computational time for the approximated Wasserstein distance 1.8358230590820313e-06
Mean computational time for the real Wasserstein distance 0.0059270143508911135
Namespace(KL=1, alpha_experiment=False, barycenter=False, batch_size=None, clique_size_s=10, clique_size_t=10, constraint=True, cross_val=False, dimension=2, dimension_s=20, dimension_t=10, enough_space=True, entropy_experiment=False, epsilon=1.0, epsilon_min=0.0, from_graphs='', iter_epsilon=1000, iter_max=1, learning_step=0.8, loss_func_name='1_loss', n_iter_algo=10, n_neighbors=5, n_samples_s=20, n_samples_t=20, name_algo='gromov', name_dataset='gaussian_graph', nb_iter_batch=1, nb_iter_update_Y=400, noise_graph=0.1, p_in_s=0.5, p_in_t=0.5, param1='', param2='', pickle_name='2', pickle_path='pickle_compare', plot=False, ps_out_s=0.1, ps_out_t=0.1, rdm_seed=12345, repeat=True, same_space=False, save_pickle=True, sparse_graph=True, to_graphs='', value_graph=True, variance_s=5, variance_t=5, verbose=False)
Mean Wasserstein distance 0.8923030392122252
Mean Wasserstein distance approximated 0.8923030392122252
Mean computational time for finding T 1.1255767822265625
Mean computational time for the approximated Wasserstein distance 1.8358230590820313e-06
Mean computational time for the real Wasserstein distance 0.005931544303894043
---------------------------------------
Begin Slurm Epilog: Jun-05-2023 15:31:40
Job ID:        2359824
Array Job ID:  _4294967294
User ID:       klapborisuth3
Account:       gts-saluru8-coda20
Job name:      gromov_gaussian_graph_20_1_loss
Resources:     cpu=8,mem=64G,node=1
Rsrc Used:     cput=00:15:36,vmem=16576K,walltime=00:01:57,mem=8536K,energy_used=0
Partition:     cpu-small
QOS:           inferno
Nodes:         atl1-1-02-007-12-1
---------------------------------------
