---------------------------------------
Begin Slurm Prolog: Jun-05-2023 15:45:43
Job ID:    2360142
User ID:   klapborisuth3
Account:   gts-saluru8-coda20
Job name:  sliced_gromov_gaussian_point_graph_100_square_loss
Partition: cpu-medium
QOS:       inferno
---------------------------------------
Namespace(KL=1, alpha_experiment=False, barycenter=False, batch_size=None, clique_size_s=50, clique_size_t=50, constraint=True, cross_val=False, dimension=2, dimension_s=20, dimension_t=10, enough_space=True, entropy_experiment=False, epsilon=1.0, epsilon_min=0.0, from_graphs='', iter_epsilon=1000, iter_max=1, learning_step=0.8, loss_func_name='square_loss', n_iter_algo=10, n_neighbors=5, n_samples_s=100, n_samples_t=100, name_algo='sliced_gromov', name_dataset='gaussian_point_graph', nb_iter_batch=1, nb_iter_update_Y=400, noise_graph=0.1, p_in_s=0.5, p_in_t=0.5, param1='', param2='', pickle_name='2', pickle_path='pickle_compare', plot=False, ps_out_s=0.1, ps_out_t=0.1, rdm_seed=12345, repeat=True, same_space=False, save_pickle=True, sparse_graph=True, to_graphs='', value_graph=True, variance_s=5, variance_t=5, verbose=False)
Mean Wasserstein distance 92548.94585406105
Mean Wasserstein distance approximated 698.4616457853834
Mean computational time for finding T 0.05578732490539551
Mean computational time for the approximated Wasserstein distance 3.337860107421875e-07
Mean computational time for the real Wasserstein distance 0.42054364681243894
Namespace(KL=1, alpha_experiment=False, barycenter=False, batch_size=None, clique_size_s=50, clique_size_t=50, constraint=True, cross_val=False, dimension=2, dimension_s=20, dimension_t=10, enough_space=True, entropy_experiment=False, epsilon=1.0, epsilon_min=0.0, from_graphs='', iter_epsilon=1000, iter_max=1, learning_step=0.8, loss_func_name='square_loss', n_iter_algo=10, n_neighbors=5, n_samples_s=100, n_samples_t=100, name_algo='sliced_gromov', name_dataset='gaussian_point_graph', nb_iter_batch=1, nb_iter_update_Y=400, noise_graph=0.1, p_in_s=0.5, p_in_t=0.5, param1='', param2='', pickle_name='2', pickle_path='pickle_compare', plot=False, ps_out_s=0.1, ps_out_t=0.1, rdm_seed=12345, repeat=True, same_space=False, save_pickle=True, sparse_graph=True, to_graphs='', value_graph=True, variance_s=5, variance_t=5, verbose=False)
Mean Wasserstein distance 92548.94585406105
Mean Wasserstein distance approximated 698.4616457853834
Mean computational time for finding T 0.055910325050354
Mean computational time for the approximated Wasserstein distance 3.814697265625e-07
Mean computational time for the real Wasserstein distance 0.4210559368133545
Namespace(KL=1, alpha_experiment=False, barycenter=False, batch_size=None, clique_size_s=50, clique_size_t=50, constraint=True, cross_val=False, dimension=2, dimension_s=20, dimension_t=10, enough_space=True, entropy_experiment=False, epsilon=1.0, epsilon_min=0.0, from_graphs='', iter_epsilon=1000, iter_max=1, learning_step=0.8, loss_func_name='square_loss', n_iter_algo=10, n_neighbors=5, n_samples_s=100, n_samples_t=100, name_algo='sliced_gromov', name_dataset='gaussian_point_graph', nb_iter_batch=1, nb_iter_update_Y=400, noise_graph=0.1, p_in_s=0.5, p_in_t=0.5, param1='', param2='', pickle_name='2', pickle_path='pickle_compare', plot=False, ps_out_s=0.1, ps_out_t=0.1, rdm_seed=12345, repeat=True, same_space=False, save_pickle=True, sparse_graph=True, to_graphs='', value_graph=True, variance_s=5, variance_t=5, verbose=False)
Mean Wasserstein distance 92548.94585406105
Mean Wasserstein distance approximated 698.4616457853834
Mean computational time for finding T 0.05619211196899414
Mean computational time for the approximated Wasserstein distance 3.337860107421875e-07
Mean computational time for the real Wasserstein distance 0.42123000621795653
Namespace(KL=1, alpha_experiment=False, barycenter=False, batch_size=None, clique_size_s=50, clique_size_t=50, constraint=True, cross_val=False, dimension=2, dimension_s=20, dimension_t=10, enough_space=True, entropy_experiment=False, epsilon=1.0, epsilon_min=0.0, from_graphs='', iter_epsilon=1000, iter_max=1, learning_step=0.8, loss_func_name='square_loss', n_iter_algo=10, n_neighbors=5, n_samples_s=100, n_samples_t=100, name_algo='sliced_gromov', name_dataset='gaussian_point_graph', nb_iter_batch=1, nb_iter_update_Y=400, noise_graph=0.1, p_in_s=0.5, p_in_t=0.5, param1='', param2='', pickle_name='2', pickle_path='pickle_compare', plot=False, ps_out_s=0.1, ps_out_t=0.1, rdm_seed=12345, repeat=True, same_space=False, save_pickle=True, sparse_graph=True, to_graphs='', value_graph=True, variance_s=5, variance_t=5, verbose=False)
Mean Wasserstein distance 92548.94585406105
Mean Wasserstein distance approximated 698.4616457853834
Mean computational time for finding T 0.055978941917419436
Mean computational time for the approximated Wasserstein distance 4.76837158203125e-07
Mean computational time for the real Wasserstein distance 0.42166900634765625
Namespace(KL=1, alpha_experiment=False, barycenter=False, batch_size=None, clique_size_s=50, clique_size_t=50, constraint=True, cross_val=False, dimension=2, dimension_s=20, dimension_t=10, enough_space=True, entropy_experiment=False, epsilon=1.0, epsilon_min=0.0, from_graphs='', iter_epsilon=1000, iter_max=1, learning_step=0.8, loss_func_name='square_loss', n_iter_algo=10, n_neighbors=5, n_samples_s=100, n_samples_t=100, name_algo='sliced_gromov', name_dataset='gaussian_point_graph', nb_iter_batch=1, nb_iter_update_Y=400, noise_graph=0.1, p_in_s=0.5, p_in_t=0.5, param1='', param2='', pickle_name='2', pickle_path='pickle_compare', plot=False, ps_out_s=0.1, ps_out_t=0.1, rdm_seed=12345, repeat=True, same_space=False, save_pickle=True, sparse_graph=True, to_graphs='', value_graph=True, variance_s=5, variance_t=5, verbose=False)
Mean Wasserstein distance 92548.94585406105
Mean Wasserstein distance approximated 698.4616457853834
Mean computational time for finding T 0.056100082397460935
Mean computational time for the approximated Wasserstein distance 3.814697265625e-07
Mean computational time for the real Wasserstein distance 0.42159457206726075
Namespace(KL=1, alpha_experiment=False, barycenter=False, batch_size=None, clique_size_s=50, clique_size_t=50, constraint=True, cross_val=False, dimension=2, dimension_s=20, dimension_t=10, enough_space=True, entropy_experiment=False, epsilon=1.0, epsilon_min=0.0, from_graphs='', iter_epsilon=1000, iter_max=1, learning_step=0.8, loss_func_name='square_loss', n_iter_algo=10, n_neighbors=5, n_samples_s=100, n_samples_t=100, name_algo='sliced_gromov', name_dataset='gaussian_point_graph', nb_iter_batch=1, nb_iter_update_Y=400, noise_graph=0.1, p_in_s=0.5, p_in_t=0.5, param1='', param2='', pickle_name='2', pickle_path='pickle_compare', plot=False, ps_out_s=0.1, ps_out_t=0.1, rdm_seed=12345, repeat=True, same_space=False, save_pickle=True, sparse_graph=True, to_graphs='', value_graph=True, variance_s=5, variance_t=5, verbose=False)
Mean Wasserstein distance 92548.94585406105
Mean Wasserstein distance approximated 698.4616457853834
Mean computational time for finding T 0.05610103607177734
Mean computational time for the approximated Wasserstein distance 4.0531158447265624e-07
Mean computational time for the real Wasserstein distance 0.4216954469680786
Namespace(KL=1, alpha_experiment=False, barycenter=False, batch_size=None, clique_size_s=50, clique_size_t=50, constraint=True, cross_val=False, dimension=2, dimension_s=20, dimension_t=10, enough_space=True, entropy_experiment=False, epsilon=1.0, epsilon_min=0.0, from_graphs='', iter_epsilon=1000, iter_max=1, learning_step=0.8, loss_func_name='square_loss', n_iter_algo=10, n_neighbors=5, n_samples_s=100, n_samples_t=100, name_algo='sliced_gromov', name_dataset='gaussian_point_graph', nb_iter_batch=1, nb_iter_update_Y=400, noise_graph=0.1, p_in_s=0.5, p_in_t=0.5, param1='', param2='', pickle_name='2', pickle_path='pickle_compare', plot=False, ps_out_s=0.1, ps_out_t=0.1, rdm_seed=12345, repeat=True, same_space=False, save_pickle=True, sparse_graph=True, to_graphs='', value_graph=True, variance_s=5, variance_t=5, verbose=False)
Mean Wasserstein distance 92548.94585406105
Mean Wasserstein distance approximated 698.4616457853834
Mean computational time for finding T 0.056115365028381346
Mean computational time for the approximated Wasserstein distance 5.006790161132813e-07
Mean computational time for the real Wasserstein distance 0.42258319854736326
Namespace(KL=1, alpha_experiment=False, barycenter=False, batch_size=None, clique_size_s=50, clique_size_t=50, constraint=True, cross_val=False, dimension=2, dimension_s=20, dimension_t=10, enough_space=True, entropy_experiment=False, epsilon=1.0, epsilon_min=0.0, from_graphs='', iter_epsilon=1000, iter_max=1, learning_step=0.8, loss_func_name='square_loss', n_iter_algo=10, n_neighbors=5, n_samples_s=100, n_samples_t=100, name_algo='sliced_gromov', name_dataset='gaussian_point_graph', nb_iter_batch=1, nb_iter_update_Y=400, noise_graph=0.1, p_in_s=0.5, p_in_t=0.5, param1='', param2='', pickle_name='2', pickle_path='pickle_compare', plot=False, ps_out_s=0.1, ps_out_t=0.1, rdm_seed=12345, repeat=True, same_space=False, save_pickle=True, sparse_graph=True, to_graphs='', value_graph=True, variance_s=5, variance_t=5, verbose=False)
Mean Wasserstein distance 92548.94585406105
Mean Wasserstein distance approximated 698.4616457853834
Mean computational time for finding T 0.06396903991699218
Mean computational time for the approximated Wasserstein distance 4.291534423828125e-07
Mean computational time for the real Wasserstein distance 0.4607453107833862
---------------------------------------
Begin Slurm Epilog: Jun-05-2023 15:45:57
Job ID:        
Array Job ID:  
User ID:       
Account:       
Job name:      
Resources:     
Rsrc Used:     cput=,vmem=,walltime=,mem=,energy_used=0
Partition:     
QOS:           
Nodes:         
---------------------------------------
